fitting 1 exponentials + affine
seed: 6100855795 
   10.566363 
    0.864 
   10.532807 
    0.894 
   10.531863 
    0.922 
   10.527674 
    0.903 
   10.526745 
    0.907 
   10.526551 
    0.909 
   10.526540 
    0.910 
   10.526539 
    0.910 
   10.526539 
    0.910 
   10.526539 
    0.910 
    0.910 
nagopt ncall: 1  oldvalue:     10.526538930 newvalue:    10.526538930
   10.526539 
    0.909742047 
error sd:     0.003244
halflife:     7.328 
mean (generations):    94.594 
    0.020178795     0.000236763 
##end of run
