 ##Z-score and correlation:: ../../ancpop.list  binsize:     0.001000
    0.100    32.129641     0.169659     0.170540      5845721 
    0.200     8.747049     0.048984     0.048798      4349047 
    0.300     5.289469     0.028475     0.028556      4337738 
    0.400     3.962006     0.021085     0.021061      4282699 
    0.500     2.663136     0.014234     0.014184      4243582 
    0.600     2.370195     0.012607     0.012596      4225130 
    0.700     2.202380     0.011688     0.011638      4215047 
    0.800     0.871860     0.004642     0.004633      4191965 
    0.900     1.406726     0.007520     0.007478      4189362 
    1.000     1.013264     0.005352     0.005351      4189681 
    1.100     1.169152     0.006105     0.006089      4160954 
    1.200     2.077232     0.010837     0.010792      4179018 
    1.300     1.881653     0.009913     0.009866      4149021 
    1.400     0.427992     0.002278     0.002270      4111830 
    1.500     0.741404     0.003925     0.003896      4113453 
    1.600     1.114884     0.005969     0.005919      4117849 
    1.700     1.104309     0.005849     0.005835      4119602 
    1.800     1.358916     0.007235     0.007251      4109070 
    1.900     0.650586     0.003478     0.003479      4100449 
    2.000     0.243146     0.001311     0.001310      4082814 
    2.100     0.075366     0.000397     0.000399      4086704 
    2.200     0.296571     0.001570     0.001576      4090661 
    2.300     0.063331     0.000336     0.000337      4085597 
    2.400     0.210439     0.001111     0.001107      4073991 
    2.500     1.176844     0.006182     0.006198      4057447 
    2.600     0.569313     0.003046     0.003022      4049518 
    2.700     0.460880     0.002449     0.002444      4022477 
    2.800     0.839036     0.004498     0.004460      4037531 
    2.900     0.586541     0.003155     0.003128      4042025 
    3.000     0.208804     0.001111     0.001113      4036086 
    3.100     0.232930     0.001237     0.001239      4036852 
    3.200    -0.531007    -0.002839    -0.002834      4039899 
    3.300    -0.725355    -0.003921    -0.003891      4027770 
    3.400    -0.432704    -0.002321    -0.002320      4029939 
    3.500     0.279576     0.001492     0.001495      4031106 
    3.600     0.455343     0.002448     0.002432      4022493 
    3.700     0.384801     0.002057     0.002062      4013089 
    3.800    -0.124618    -0.000666    -0.000663      4009236 
    3.900     0.253847     0.001376     0.001364      3986507 
    4.000     0.640262     0.003468     0.003453      3985003 
    4.100     0.515941     0.002797     0.002776      3985777 
    4.200     1.143079     0.006154     0.006192      3980388 
    4.300     0.381212     0.002079     0.002063      3984376 
    4.400     0.730554     0.003975     0.003911      3961354 
    4.500     0.385154     0.002075     0.002071      3979899 
    4.600    -0.254652    -0.001380    -0.001384      3969251 
    4.700    -0.480368    -0.002581    -0.002583      3973878 
    4.800     0.045656     0.000248     0.000245      3980875 
    4.900    -0.024160    -0.000131    -0.000130      3966655 
    5.000    -0.809406    -0.004308    -0.004324      3976229 
    5.100     0.255793     0.001370     0.001374      3956205 
    5.200     0.680760     0.003670     0.003650      3977293 
    5.300     0.400864     0.002161     0.002151      3943555 
    5.400    -0.460797    -0.002490    -0.002463      3975384 
    5.500    -0.877591    -0.004768    -0.004707      3950498 
    5.600    -1.059528    -0.005674    -0.005645      3949675 
    5.700    -0.330500    -0.001770    -0.001769      3922765 
    5.800    -0.165986    -0.000887    -0.000890      3909530 
    5.900    -0.426412    -0.002285    -0.002277      3929087 
    6.000    -1.091283    -0.005895    -0.005888      3944350 
    6.100    -0.115082    -0.000620    -0.000621      3941015 
    6.200     0.241179     0.001299     0.001301      3947263 
    6.300     0.522098     0.002837     0.002804      3952632 
    6.400     0.751860     0.004039     0.004034      3948992 
    6.500     0.670893     0.003593     0.003589      3941074 
    6.600     0.828445     0.004356     0.004426      3939480 
    6.700     0.693513     0.003745     0.003747      3922397 
    6.800     0.416925     0.002254     0.002243      3916533 
    6.900     0.121773     0.000654     0.000652      3914731 
    7.000     0.748957     0.004036     0.004042      3949130 
    7.100     0.018922     0.000102     0.000102      3915023 
    7.200     0.295767     0.001577     0.001583      3962061 
    7.300    -0.133143    -0.000722    -0.000717      3932157 
    7.400     0.450979     0.002450     0.002431      3936374 
    7.500     0.756237     0.004095     0.004091      3939029 
    7.600     0.059754     0.000331     0.000325      3914073 
    7.700    -0.357241    -0.001940    -0.001927      3931378 
    7.800     0.093312     0.000511     0.000505      3922416 
    7.900    -0.165654    -0.000907    -0.000901      3897985 
    8.000    -0.688129    -0.003792    -0.003745      3928080 
    8.100    -0.643467    -0.003525    -0.003479      3907562 
    8.200    -0.133519    -0.000723    -0.000721      3924345 
    8.300     0.510223     0.002738     0.002733      3930981 
    8.400     0.138422     0.000754     0.000749      3946595 
    8.500    -0.545878    -0.002980    -0.002956      3937056 
    8.600    -0.523064    -0.002870    -0.002834      3903191 
    8.700     0.351089     0.001902     0.001881      3908980 
    8.800     0.350319     0.001881     0.001883      3911990 
    8.900     0.238765     0.001270     0.001267      3936557 
    9.000    -0.164298    -0.000896    -0.000886      3915492 
    9.100    -0.379783    -0.002100    -0.002067      3900237 
    9.200    -0.436669    -0.002376    -0.002347      3883142 
    9.300    -0.506469    -0.002710    -0.002730      3898718 
    9.400    -0.086889    -0.000468    -0.000465      3895985 
    9.500     0.865709     0.004665     0.004675      3878646 
    9.600     0.291156     0.001585     0.001581      3892444 
    9.700     0.324233     0.001749     0.001760      3874753 
    9.800    -0.300823    -0.001644    -0.001656      3864594 
    9.900    -0.674029    -0.003640    -0.003650      3886103 
   10.000    -0.451738    -0.002469    -0.002465      3876817 
   10.100    -0.117007    -0.000631    -0.000634      3882786 
   10.200     0.149877     0.000814     0.000811      3886957 
   10.300    -0.062869    -0.000338    -0.000338      3880871 
   10.400    -0.722107    -0.003928    -0.003908      3865468 
   10.500    -0.819406    -0.004489    -0.004481      3852100 
   10.600    -0.496937    -0.002683    -0.002690      3866673 
   10.700    -0.258739    -0.001429    -0.001426      3854747 
   10.800    -0.438969    -0.002417    -0.002412      3860965 
   10.900    -0.471668    -0.002636    -0.002613      3858252 
   11.000    -0.407252    -0.002214    -0.002224      3847733 
   11.100    -0.663770    -0.003612    -0.003610      3841627 
   11.200    -0.276278    -0.001519    -0.001512      3836654 
   11.300    -0.158179    -0.000877    -0.000865      3864090 
   11.400    -0.140540    -0.000773    -0.000761      3870214 
   11.500    -0.822396    -0.004494    -0.004457      3868269 
   11.600    -0.413052    -0.002265    -0.002252      3862688 
   11.700    -0.473191    -0.002595    -0.002574      3823752 
   11.800    -0.581924    -0.003234    -0.003213      3798839 
   11.900    -1.133437    -0.006218    -0.006202      3835870 
   12.000    -1.068580    -0.005914    -0.005851      3828812 
   12.100    -0.640101    -0.003514    -0.003517      3822093 
   12.200     0.189585     0.001035     0.001038      3844128 
   12.300     0.141023     0.000766     0.000767      3825121 
   12.400    -0.122175    -0.000670    -0.000667      3825019 
   12.500    -0.722801    -0.003966    -0.003958      3857925 
   12.600    -0.371115    -0.002005    -0.002027      3859857 
   12.700    -0.049282    -0.000270    -0.000271      3824640 
   12.800    -0.549328    -0.003013    -0.002999      3817200 
   12.900    -0.153239    -0.000833    -0.000833      3826151 
   13.000    -0.215907    -0.001179    -0.001181      3802404 
   13.100    -0.048557    -0.000265    -0.000267      3789036 
   13.200    -0.073719    -0.000408    -0.000406      3789723 
   13.300    -0.664189    -0.003629    -0.003651      3811332 
   13.400    -0.996421    -0.005482    -0.005463      3786374 
   13.500    -0.665518    -0.003638    -0.003660      3782000 
   13.600    -0.127233    -0.000705    -0.000705      3806899 
   13.700     0.268412     0.001477     0.001466      3796515 
   13.800    -0.265479    -0.001436    -0.001445      3808278 
   13.900    -0.210454    -0.001165    -0.001151      3764391 
   14.000    -0.039958    -0.000218    -0.000219      3811283 
   14.100     0.381142     0.002118     0.002109      3792048 
   14.200     1.262205     0.006899     0.006900      3781459 
   14.300     0.174379     0.000951     0.000948      3777982 
   14.400    -0.281680    -0.001551    -0.001548      3775848 
   14.500    -0.275345    -0.001525    -0.001511      3778782 
   14.600     0.327963     0.001804     0.001804      3775214 
   14.700    -0.546776    -0.003025    -0.003015      3756706 
   14.800    -0.881314    -0.004908    -0.004856      3760784 
   14.900    -0.055335    -0.000307    -0.000308      3776631 
   15.000     0.139156     0.000775     0.000774      3747762 
   15.100     0.137809     0.000761     0.000767      3776333 
   15.200     0.038687     0.000216     0.000216      3769458 
   15.300     0.244959     0.001360     0.001360      3769657 
   15.400     0.003900     0.000021     0.000021      3778044 
   15.500    -0.275355    -0.001504    -0.001513      3785486 
   15.600    -0.482276    -0.002675    -0.002651      3774903 
   15.700     0.570855     0.003119     0.003103      3726742 
   15.800    -0.188408    -0.001035    -0.001030      3748209 
   15.900     0.441028     0.002421     0.002424      3751226 
   16.000     0.536767     0.002994     0.002977      3743482 
   16.100     0.004933     0.000027     0.000027      3768607 
   16.200     0.777737     0.004323     0.004306      3753554 
   16.300     0.740410     0.004123     0.004117      3738926 
   16.400     0.485652     0.002678     0.002684      3759897 
   16.500    -0.380416    -0.002072    -0.002084      3751265 
   16.600     0.070322     0.000386     0.000386      3752180 
   16.700     0.874588     0.004836     0.004862      3718097 
   16.800    -0.045573    -0.000251    -0.000254      3741195 
   16.900     0.195431     0.001080     0.001075      3729999 
   17.000     0.419876     0.002300     0.002305      3736669 
   17.100     0.454996     0.002515     0.002508      3768674 
   17.200     0.672679     0.003713     0.003719      3749249 
   17.300    -0.180333    -0.000992    -0.001004      3734550 
   17.400     0.106789     0.000588     0.000589      3746216 
   17.500     0.290238     0.001603     0.001603      3729099 
   17.600     0.077132     0.000428     0.000429      3716393 
   17.700    -0.037642    -0.000211    -0.000211      3739768 
   17.800     0.354772     0.001964     0.001960      3738507 
   17.900     0.228363     0.001268     0.001267      3731721 
   18.000     0.565112     0.003149     0.003133      3728584 
   18.100     0.326496     0.001830     0.001825      3723973 
   18.200     0.498651     0.002769     0.002759      3729891 
   18.300    -0.138014    -0.000773    -0.000769      3736523 
   18.400    -0.220484    -0.001225    -0.001230      3732541 
   18.500     0.443093     0.002420     0.002443      3735366 
   18.600    -0.014112    -0.000079    -0.000078      3705691 
   18.700     0.261683     0.001445     0.001452      3701675 
   18.800     0.015740     0.000086     0.000087      3733961 
   18.900    -0.508482    -0.002784    -0.002808      3726164 
   19.000    -0.239835    -0.001317    -0.001334      3708210 
   19.100     0.040876     0.000225     0.000226      3686836 
   19.200    -0.233151    -0.001302    -0.001297      3687050 
   19.300    -0.064753    -0.000362    -0.000362      3690355 
   19.400     0.667112     0.003665     0.003703      3723163 
   19.500     0.627926     0.003440     0.003464      3722981 
   19.600     0.268910     0.001502     0.001500      3676654 
   19.700     0.246852     0.001387     0.001380      3700569 
   19.800     0.717659     0.003982     0.003987      3716795 
   19.900     0.140579     0.000779     0.000784      3693935 
   20.000    -0.498798    -0.002821    -0.002805      3676486 
   20.100    -0.816040    -0.004585    -0.004582      3673204 
   20.200    -1.129096    -0.006327    -0.006310      3666741 
   20.300    -0.745920    -0.004139    -0.004121      3715512 
   20.400    -0.347666    -0.001928    -0.001923      3701193 
   20.500     0.164004     0.000908     0.000910      3714590 
   20.600     0.005207     0.000029     0.000029      3703341 
   20.700     0.327296     0.001822     0.001822      3693414 
   20.800    -0.140253    -0.000782    -0.000781      3666982 
   20.900    -0.108088    -0.000607    -0.000604      3700381 
   21.000    -0.011087    -0.000061    -0.000061      3697630 
   21.100    -0.185598    -0.001035    -0.001040      3661344 
   21.200     0.014023     0.000078     0.000078      3677858 
   21.300    -0.095117    -0.000525    -0.000530      3652061 
   21.400     0.973238     0.005518     0.005462      3667787 
   21.500     0.469994     0.002677     0.002662      3677357 
   21.600     0.132721     0.000741     0.000737      3670490 
   21.700     0.699219     0.003932     0.003908      3675182 
   21.800     0.719392     0.003985     0.004012      3686538 
   21.900     0.857860     0.004804     0.004814      3677143 
   22.000     0.015001     0.000084     0.000084      3639512 
   22.100    -0.657305    -0.003696    -0.003682      3626018 
   22.200    -0.113466    -0.000627    -0.000631      3627488 
   22.300    -0.207571    -0.001152    -0.001155      3648805 
   22.400     0.030959     0.000175     0.000174      3650163 
   22.500    -0.264110    -0.001493    -0.001469      3667033 
   22.600    -0.781609    -0.004328    -0.004320      3655003 
   22.700    -0.718390    -0.004008    -0.004005      3655138 
   22.800     0.733295     0.004087     0.004103      3640559 
   22.900     0.625093     0.003516     0.003517      3607779 
   23.000     0.067864     0.000383     0.000381      3637443 
   23.100    -0.394136    -0.002220    -0.002211      3634831 
   23.200     0.131323     0.000738     0.000744      3644974 
   23.300     0.198384     0.001111     0.001112      3637883 
   23.400     0.265099     0.001490     0.001486      3643812 
   23.500     0.719288     0.004020     0.004029      3640221 
   23.600     0.424272     0.002396     0.002395      3635798 
   23.700     0.425560     0.002435     0.002429      3620662 
   23.800     0.120173     0.000673     0.000677      3638826 
   23.900     0.665395     0.003716     0.003741      3629575 
   24.000    -0.023514    -0.000132    -0.000133      3604874 
   24.100     0.257338     0.001445     0.001454      3635255 
   24.200     0.462926     0.002605     0.002604      3617646 
   24.300    -0.129346    -0.000734    -0.000734      3614805 
   24.400     0.316498     0.001760     0.001771      3640488 
   24.500     0.739945     0.004127     0.004180      3624823 
   24.600     0.254152     0.001450     0.001453      3629156 
   24.700     0.791985     0.004505     0.004481      3637999 
   24.800     0.280807     0.001583     0.001593      3609221 
   24.900     0.332145     0.001872     0.001872      3605145 
   25.000     0.030930     0.000176     0.000175      3607994 
   25.100    -0.042201    -0.000241    -0.000239      3614706 
   25.200    -0.465449    -0.002615    -0.002631      3604847 
   25.300    -0.295583    -0.001661    -0.001667      3632450 
   25.400    -0.039630    -0.000222    -0.000222      3636279 
   25.500     0.618401     0.003527     0.003501      3611175 
   25.600     0.466082     0.002634     0.002650      3600561 
   25.700     0.534279     0.003062     0.003017      3579832 
   25.800     0.129931     0.000735     0.000732      3582812 
   25.900     0.610516     0.003428     0.003450      3580169 
   26.000    -0.170807    -0.000966    -0.000968      3582431 
   26.100    -0.335970    -0.001891    -0.001906      3565199 
   26.200     0.075271     0.000424     0.000426      3578337 
   26.300    -0.258622    -0.001457    -0.001465      3560727 
   26.400    -0.662201    -0.003801    -0.003769      3574110 
   26.500    -0.103802    -0.000588    -0.000586      3568664 
   26.600     0.278862     0.001576     0.001586      3540031 
   26.700    -0.413767    -0.002338    -0.002339      3556435 
   26.800     0.031024     0.000175     0.000176      3538760 
   26.900     0.133155     0.000748     0.000756      3555314 
   27.000     0.516869     0.002951     0.002961      3538393 
   27.100     0.280298     0.001616     0.001612      3511698 
   27.200     0.572875     0.003253     0.003267      3537702 
   27.300    -0.740773    -0.004227    -0.004251      3501022 
   27.400    -0.496264    -0.002853    -0.002852      3531616 
   27.500     0.276077     0.001562     0.001575      3521347 
   27.600     1.473826     0.008288     0.008410      3515735 
   27.700     0.636511     0.003585     0.003635      3523400 
   27.800     0.024773     0.000140     0.000142      3532331 
   27.900    -0.109501    -0.000624    -0.000629      3543779 
   28.000     0.118895     0.000681     0.000680      3530765 
   28.100     0.426765     0.002438     0.002439      3517557 
   28.200     0.159704     0.000897     0.000906      3520481 
   28.300    -0.178319    -0.001018    -0.001018      3516753 
   28.400     0.308648     0.001761     0.001762      3510459 
   28.500     0.373211     0.002156     0.002156      3493082 
   28.600    -0.503480    -0.002913    -0.002908      3495671 
   28.700     0.445030     0.002551     0.002572      3497066 
   28.800    -0.119428    -0.000678    -0.000681      3532218 
   28.900     0.589936     0.003372     0.003388      3524686 
   29.000     0.324533     0.001846     0.001849      3516517 
   29.100     0.768864     0.004369     0.004376      3509249 
   29.200     0.828199     0.004684     0.004705      3496247 
   29.300     0.871726     0.004895     0.004934      3492510 
   29.400     0.783920     0.004414     0.004454      3511051 
   29.500    -0.005077    -0.000029    -0.000029      3481627 
   29.600    -0.090043    -0.000507    -0.000515      3490791 
   29.700     0.311859     0.001787     0.001796      3464800 
   29.800     0.331981     0.001865     0.001908      3443724 
   29.900    -0.255354    -0.001427    -0.001455      3456512 
   30.000     0.610685     0.003471     0.003486      3469990 
   30.100    -0.076542    -0.000436    -0.000442      3457147 
   30.200    -0.667080    -0.003748    -0.003818      3483510 
   30.300     0.105603     0.000599     0.000608      3509394 
   30.400    -0.223774    -0.001269    -0.001287      3472974 
   30.500    -0.714651    -0.004061    -0.004082      3472758 
   30.600     0.233684     0.001318     0.001331      3479903 
   30.700     0.057270     0.000320     0.000324      3478200 
   30.800    -0.234789    -0.001344    -0.001356      3469037 
   30.900    -0.460911    -0.002589    -0.002638      3444734 
   31.000    -0.685233    -0.003886    -0.003937      3459979 
   31.100    -0.103545    -0.000582    -0.000598      3453319 
   31.200    -0.179928    -0.001017    -0.001038      3469404 
   31.300    -0.583073    -0.003248    -0.003337      3451322 
   31.400    -0.723790    -0.004024    -0.004126      3448755 
   31.500    -0.594685    -0.003439    -0.003418      3422020 
   31.600     0.333233     0.001897     0.001908      3428586 
   31.700    -0.189103    -0.001070    -0.001081      3432554 
   31.800     0.034806     0.000197     0.000200      3411795 
   31.900     0.394981     0.002251     0.002265      3420047 
   32.000     0.085502     0.000485     0.000491      3441273 
   32.100     0.330472     0.001864     0.001886      3463574 
   32.200    -0.200905    -0.001140    -0.001155      3421262 
   32.300    -0.373870    -0.002159    -0.002173      3439008 
   32.400    -0.072101    -0.000408    -0.000417      3439719 
   32.500     0.184145     0.001034     0.001056      3449099 
   32.600     0.376957     0.002148     0.002174      3420028 
   32.700     0.066440     0.000373     0.000379      3414291 
   32.800    -0.496996    -0.002799    -0.002850      3434131 
   32.900     0.003016     0.000017     0.000017      3420352 
   33.000     0.218551     0.001244     0.001259      3414019 
   33.100     0.650364     0.003687     0.003742      3395417 
   33.200     1.019333     0.005732     0.005797      3395694 
   33.300     0.811477     0.004596     0.004678      3374399 
   33.400     0.209449     0.001197     0.001210      3370944 
   33.500    -0.216482    -0.001235    -0.001246      3382549 
   33.600     0.213760     0.001215     0.001224      3401005 
   33.700     0.828257     0.004739     0.004782      3399309 
   33.800     0.984485     0.005570     0.005650      3390825 
   33.900     0.293104     0.001668     0.001690      3391308 
   34.000     0.381259     0.002181     0.002217      3384049 
   34.100     0.778953     0.004514     0.004547      3363548 
   34.200     0.557690     0.003215     0.003233      3369154 
   34.300     0.287871     0.001654     0.001663      3374639 
   34.400     0.668185     0.003803     0.003845      3378310 
   34.500     0.250014     0.001442     0.001450      3354560 
   34.600    -0.164826    -0.000954    -0.000957      3344234 
   34.700    -0.157390    -0.000913    -0.000915      3356851 
   34.800     0.046582     0.000270     0.000267      3369564 
   34.900    -0.047908    -0.000277    -0.000279      3351658 
   35.000    -0.156412    -0.000913    -0.000919      3336664 
   35.100    -0.669597    -0.003872    -0.003899      3341786 
   35.200    -0.287114    -0.001688    -0.001687      3324927 
   35.300    -0.377619    -0.002209    -0.002216      3327994 
   35.400     0.553039     0.003242     0.003273      3327519 
   35.500     0.243850     0.001423     0.001436      3336711 
   35.600    -0.456039    -0.002650    -0.002654      3329153 
   35.700     0.034052     0.000198     0.000199      3307236 
   35.800    -0.246976    -0.001446    -0.001458      3297679 
   35.900    -0.282454    -0.001686    -0.001685      3317689 
   36.000     0.296347     0.001734     0.001739      3341551 
   36.100    -0.044169    -0.000262    -0.000260      3300456 
   36.200    -0.661094    -0.003892    -0.003900      3304839 
   36.300     0.003537     0.000020     0.000021      3309246 
   36.400     0.581419     0.003376     0.003419      3308438 
   36.500     0.349102     0.002034     0.002048      3296475 
   36.600     0.107973     0.000628     0.000635      3271818 
   36.700    -0.781982    -0.004562    -0.004592      3270714 
   36.800    -0.216153    -0.001253    -0.001264      3300504 
   36.900     0.148209     0.000866     0.000869      3293299 
   37.000    -0.173035    -0.001006    -0.001008      3297251 
   37.100     1.020782     0.005884     0.005929      3284746 
   37.200     1.193511     0.006960     0.006968      3269770 
   37.300     0.792686     0.004627     0.004644      3277516 
   37.400     0.746911     0.004345     0.004368      3289261 
   37.500    -0.212552    -0.001246    -0.001243      3261090 
   37.600    -0.284131    -0.001667    -0.001683      3248700 
   37.700    -0.465394    -0.002662    -0.002707      3290031 
   37.800     0.949582     0.005453     0.005550      3283321 
   37.900     1.196315     0.006999     0.007064      3311517 
   38.000     0.600958     0.003523     0.003535      3273290 
   38.100    -0.696347    -0.004104    -0.004101      3276291 
   38.200     0.159600     0.000939     0.000939      3296348 
   38.300    -0.145885    -0.000855    -0.000855      3271043 
   38.400    -0.385535    -0.002276    -0.002273      3260534 
   38.500     0.482580     0.002865     0.002873      3269400 
   38.600     0.483462     0.002880     0.002885      3268972 
   38.700     0.551677     0.003284     0.003259      3272151 
   38.800     0.171414     0.001006     0.001014      3269305 
   38.900     0.349682     0.002063     0.002077      3282735 
   39.000     0.378117     0.002233     0.002223      3280245 
   39.100     0.410067     0.002417     0.002414      3240761 
   39.200    -0.265541    -0.001585    -0.001571      3261572 
   39.300     0.024150     0.000143     0.000143      3258173 
   39.400     0.306886     0.001804     0.001809      3259726 
   39.500     0.939609     0.005474     0.005504      3251081 
   39.600     0.034812     0.000203     0.000204      3250286 
   39.700     0.416290     0.002446     0.002445      3248416 
   39.800     0.627954     0.003672     0.003667      3231775 
   39.900    -0.333733    -0.001970    -0.001976      3217280 
   40.000    -0.136485    -0.000806    -0.000813      3197417 
   40.100     0.549800     0.003269     0.003278      3203471 
   40.200    -0.247353    -0.001449    -0.001468      3213047 
   40.300    -0.223775    -0.001314    -0.001319      3229311 
   40.400    -0.268246    -0.001581    -0.001582      3233883 
   40.500     0.439128     0.002609     0.002615      3220578 
   40.600    -0.287382    -0.001724    -0.001721      3204112 
   40.700    -0.011284    -0.000067    -0.000068      3193792 
   40.800     0.048227     0.000287     0.000286      3219363 
   40.900    -0.600554    -0.003573    -0.003576      3177636 
   41.000    -0.480630    -0.002846    -0.002866      3165747 
   41.100     0.125877     0.000747     0.000759      3164874 
   41.200     0.290305     0.001729     0.001751      3195973 
   41.300     0.230466     0.001379     0.001385      3191546 
   41.400     0.466387     0.002795     0.002803      3190855 
   41.500    -0.377395    -0.002262    -0.002255      3186863 
   41.600     0.994801     0.005942     0.005956      3164210 
   41.700     0.447712     0.002683     0.002689      3168175 
   41.800     0.762444     0.004567     0.004585      3174551 
   41.900    -0.554306    -0.003303    -0.003328      3156800 
   42.000     0.374161     0.002235     0.002254      3140127 
   42.100     0.596643     0.003541     0.003544      3155242 
   42.200     0.226025     0.001359     0.001360      3116296 
   42.300     0.230467     0.001387     0.001388      3118662 
   42.400    -0.520356    -0.003133    -0.003143      3131543 
   42.500    -0.420699    -0.002522    -0.002509      3148623 
   42.600    -0.847864    -0.005009    -0.005045      3128028 
   42.700    -0.410728    -0.002454    -0.002457      3130607 
   42.800    -0.420149    -0.002500    -0.002508      3135199 
   42.900     0.793070     0.004685     0.004722      3129557 
   43.000     0.445831     0.002646     0.002658      3141326 
   43.100    -0.054850    -0.000329    -0.000329      3117374 
   43.200    -0.506250    -0.003035    -0.003036      3100312 
   43.300    -1.034767    -0.006211    -0.006254      3094000 
   43.400    -0.569815    -0.003425    -0.003441      3093978 
   43.500    -0.605669    -0.003618    -0.003631      3097944 
   43.600    -0.876015    -0.005378    -0.005323      3093457 
   43.700    -0.204237    -0.001232    -0.001228      3091323 
   43.800     0.241734     0.001476     0.001470      3083501 
   43.900     0.629186     0.003854     0.003837      3083600 
   44.000     0.042791     0.000256     0.000257      3084166 
   44.100    -0.261949    -0.001567    -0.001571      3074758 
   44.200     0.202881     0.001228     0.001228      3048754 
   44.300    -0.503068    -0.003086    -0.003042      3081920 
   44.400    -0.336668    -0.002048    -0.002039      3086165 
   44.500    -0.834095    -0.005121    -0.005091      3046706 
   44.600     0.023488     0.000143     0.000144      3038680 
   44.700     0.170678     0.001037     0.001041      3026125 
   44.800     0.437564     0.002666     0.002664      3044912 
   44.900     0.079448     0.000481     0.000480      3041054 
   45.000     0.356666     0.002170     0.002158      3029414 
   45.100     0.393144     0.002399     0.002387      3053319 
   45.200     0.838739     0.005231     0.005139      3048130 
   45.300     0.008401     0.000051     0.000052      3025852 
   45.400    -0.924522    -0.005564    -0.005609      3030490 
   45.500    -0.186491    -0.001134    -0.001138      3050175 
   45.600     0.159468     0.000975     0.000986      3016377 
   45.700    -0.131964    -0.000805    -0.000816      3016955 
   45.800    -0.035730    -0.000219    -0.000221      2999407 
   45.900     0.441443     0.002718     0.002719      3033717 
   46.000     0.203221     0.001236     0.001250      3014358 
   46.100     0.198946     0.001215     0.001227      3032010 
   46.200     0.090063     0.000554     0.000552      3015074 
   46.300    -0.496581    -0.003046    -0.003058      3015150 
   46.400     0.133218     0.000815     0.000821      3004207 
   46.500    -0.008560    -0.000053    -0.000053      3001829 
   46.600     0.059894     0.000365     0.000367      2992316 
   46.700    -0.727475    -0.004415    -0.004445      3005388 
   46.800     0.033024     0.000201     0.000202      3003162 
   46.900     0.336676     0.002053     0.002060      2994986 
   47.000    -0.745310    -0.004515    -0.004595      2973216 
   47.100    -0.475226    -0.002847    -0.002888      2994539 
   47.200    -0.683338    -0.004267    -0.004250      2965289 
   47.300    -0.495609    -0.003094    -0.003078      2945231 
   47.400    -0.040777    -0.000251    -0.000254      2968851 
   47.500    -0.071540    -0.000437    -0.000441      2982389 
   47.600    -0.343479    -0.002109    -0.002117      2973166 
   47.700     0.321496     0.001953     0.001950      2969545 
   47.800     0.252895     0.001546     0.001549      2973205 
   47.900     0.291376     0.001783     0.001807      2920406 
   48.000     0.384478     0.002375     0.002388      2940659 
   48.100     0.229815     0.001408     0.001429      2956865 
   48.200     0.306753     0.001889     0.001901      2929184 
   48.300     1.110660     0.006937     0.006897      2944288 
   48.400     0.680071     0.004245     0.004246      2925862 
   48.500     0.409927     0.002534     0.002559      2923251 
   48.600    -0.347569    -0.002197    -0.002180      2929842 
   48.700    -0.369076    -0.002331    -0.002324      2915364 
   48.800    -0.292888    -0.001855    -0.001837      2898595 
   48.900     0.432151     0.002715     0.002701      2916154 
   49.000     0.167151     0.001039     0.001041      2935382 
   49.100    -0.402360    -0.002493    -0.002516      2894057 
   49.200    -0.086156    -0.000534    -0.000538      2910953 
   49.300     0.198629     0.001236     0.001236      2900063 
   49.400    -0.519845    -0.003252    -0.003243      2905983 
   49.500    -0.146924    -0.000911    -0.000913      2915878 
   49.600    -0.156909    -0.000969    -0.000972      2934154 
   49.700    -0.100864    -0.000632    -0.000629      2942724 
   49.800     0.413296     0.002599     0.002605      2904929 
   49.900     0.027627     0.000172     0.000173      2898826 
   50.000     0.393448     0.002465     0.002485      2878245 
   50.100    -0.227366    -0.001430    -0.001436      2855949 
   50.200    -0.457346    -0.002897    -0.002879      2851914 
   50.300    -0.023878    -0.000152    -0.000150      2873801 
   50.400    -0.445339    -0.002841    -0.002852      2823164 
   50.500    -0.382518    -0.002423    -0.002413      2872203 
   50.600    -0.258997    -0.001623    -0.001631      2891804 
   50.700    -0.814842    -0.005173    -0.005177      2883632 
   50.800     0.046330     0.000289     0.000293      2861068 
   50.900     0.570917     0.003618     0.003617      2843687 
   51.000    -0.299351    -0.001879    -0.001884      2840712 
   51.100    -0.647131    -0.004137    -0.004172      2813900 
   51.200    -0.287585    -0.001816    -0.001826      2841632 
   51.300    -0.609148    -0.003824    -0.003826      2846713 
   51.400    -0.439311    -0.002788    -0.002795      2834400 
   51.500     0.183434     0.001136     0.001154      2845002 
   51.600    -0.444425    -0.002792    -0.002815      2838902 
   51.700    -0.355643    -0.002233    -0.002249      2823584 
   51.800    -0.335925    -0.002101    -0.002131      2839006 
   51.900    -1.234780    -0.007803    -0.007842      2826875 
   52.000     0.048575     0.000304     0.000309      2810688 
   52.100    -0.525174    -0.003301    -0.003335      2803569 
   52.200     0.481877     0.003001     0.003083      2798406 
   52.300     0.405714     0.002539     0.002595      2797962 
   52.400     0.181882     0.001146     0.001162      2775742 
   52.500     0.358078     0.002257     0.002287      2791142 
   52.600     0.053460     0.000341     0.000344      2787782 
   52.700    -0.456857    -0.002865    -0.002888      2807265 
   52.800    -0.622738    -0.003861    -0.003955      2793351 
   52.900    -0.891392    -0.005584    -0.005672      2781290 
   53.000    -0.150468    -0.000947    -0.000959      2775355 
   53.100    -0.179209    -0.001134    -0.001153      2797663 
   53.200    -0.091305    -0.000573    -0.000584      2795140 
   53.300    -0.494046    -0.003144    -0.003177      2776002 
   53.400    -0.314032    -0.002015    -0.002023      2778475 
   53.500     0.381779     0.002422     0.002426      2778238 
   53.600     0.030219     0.000189     0.000191      2762976 
   53.700     0.148684     0.000950     0.000959      2765817 
   53.800     0.561296     0.003557     0.003615      2753727 
   53.900     0.110940     0.000701     0.000707      2780763 
   54.000    -1.462366    -0.009318    -0.009467      2739532 
   54.100    -0.256076    -0.001642    -0.001654      2745099 
   54.200    -0.481705    -0.003075    -0.003121      2735788 
   54.300    -0.380719    -0.002418    -0.002470      2712713 
   54.400    -0.926519    -0.005908    -0.005988      2730439 
   54.500     0.668832     0.004257     0.004301      2729069 
   54.600     0.733048     0.004711     0.004754      2724614 
   54.700     0.362411     0.002332     0.002368      2742737 
   54.800     0.494765     0.003135     0.003211      2746355 
   54.900     0.941996     0.006039     0.006107      2722654 
   55.000    -0.053784    -0.000345    -0.000350      2723404 
   55.100     0.363218     0.002321     0.002365      2716512 
   55.200    -0.175242    -0.001127    -0.001133      2714359 
   55.300    -0.283291    -0.001852    -0.001847      2739169 
   55.400     0.161391     0.001037     0.001052      2714303 
   55.500    -0.091306    -0.000583    -0.000591      2717684 
   55.600    -0.367994    -0.002380    -0.002399      2722920 
   55.700    -0.375975    -0.002401    -0.002432      2714510 
   55.800    -0.352865    -0.002282    -0.002286      2690487 
   55.900     0.295679     0.001916     0.001935      2688647 
   56.000     0.038019     0.000244     0.000246      2711327 
   56.100    -0.075828    -0.000487    -0.000496      2687231 
   56.200    -0.338770    -0.002203    -0.002229      2679767 
   56.300    -0.335331    -0.002154    -0.002171      2686695 
   56.400    -0.837100    -0.005432    -0.005433      2689045 
   56.500    -0.734346    -0.004739    -0.004783      2711561 
   56.600     0.317508     0.002021     0.002040      2706099 
   56.700     0.076577     0.000492     0.000498      2694580 
   56.800    -0.412811    -0.002648    -0.002684      2692310 
   56.900    -0.060624    -0.000391    -0.000397      2684079 
   57.000    -0.578705    -0.003724    -0.003783      2661560 
   57.100     0.736748     0.004774     0.004782      2650057 
   57.200    -0.066722    -0.000435    -0.000439      2663570 
   57.300    -0.007192    -0.000046    -0.000047      2667248 
   57.400     0.127763     0.000846     0.000852      2639615 
   57.500    -0.339895    -0.002209    -0.002237      2651192 
   57.600    -0.394364    -0.002582    -0.002629      2638692 
   57.700    -0.341952    -0.002196    -0.002230      2651900 
   57.800    -0.154018    -0.000978    -0.000992      2650456 
   57.900     0.269425     0.001737     0.001776      2619914 
   58.000    -0.573563    -0.003680    -0.003754      2648231 
   58.100    -1.376828    -0.008846    -0.009049      2639321 
   58.200    -0.320489    -0.002088    -0.002118      2633082 
   58.300    -0.540288    -0.003521    -0.003587      2623915 
   58.400    -1.130467    -0.007404    -0.007432      2623237 
   58.500    -0.294058    -0.001912    -0.001927      2625394 
   58.600    -0.538757    -0.003530    -0.003569      2622795 
   58.700    -0.068124    -0.000446    -0.000449      2623644 
   58.800     0.378000     0.002463     0.002514      2632092 
   58.900     0.674320     0.004383     0.004475      2596008 
   59.000     0.209197     0.001361     0.001393      2593844 
   59.100     0.012697     0.000083     0.000085      2576615 
   59.200    -0.156586    -0.001036    -0.001042      2580676 
   59.300    -0.042731    -0.000280    -0.000284      2608652 
   59.400    -0.089506    -0.000591    -0.000598      2602141 
   59.500     0.684316     0.004500     0.004549      2608750 
   59.600     1.096293     0.007153     0.007251      2591458 
   59.700     0.368952     0.002442     0.002472      2572695 
   59.800     0.423878     0.002828     0.002857      2592992 
   59.900     0.601382     0.004041     0.004049      2587926 
   60.000     0.534622     0.003581     0.003600      2581124 
   60.100    -0.205602    -0.001325    -0.001358      2568052 
   60.200     0.449012     0.002942     0.002986      2595686 
   60.300    -0.150603    -0.000985    -0.001006      2555947 
   60.400     0.942940     0.006198     0.006275      2566814 
   60.500     1.022765     0.006805     0.006895      2555734 
   60.600     0.686776     0.004594     0.004651      2562425 
   60.700     0.662374     0.004369     0.004414      2588702 
   60.800    -0.169128    -0.001091    -0.001112      2582481 
   60.900     0.008190     0.000054     0.000054      2555934 
   61.000     0.174381     0.001159     0.001158      2550816 
   61.100    -0.479947    -0.003228    -0.003213      2532997 
   61.200    -0.231669    -0.001539    -0.001552      2521915 
   61.300     0.029877     0.000198     0.000199      2531468 
   61.400     0.094386     0.000627     0.000625      2527843 
   61.500     0.035491     0.000236     0.000237      2555859 
   61.600     0.214194     0.001446     0.001438      2529777 
   61.700    -0.035587    -0.000239    -0.000241      2516461 
   61.800    -0.469206    -0.003098    -0.003153      2511660 
   61.900    -0.372775    -0.002474    -0.002508      2512762 
   62.000    -0.199736    -0.001346    -0.001340      2502367 
   62.100    -0.412822    -0.002721    -0.002741      2500293 
   62.200    -1.170406    -0.007859    -0.007888      2524839 
   62.300    -0.225502    -0.001497    -0.001505      2514619 
   62.400     0.153026     0.001038     0.001050      2496278 
   62.500     0.073965     0.000501     0.000505      2477843 
   62.600     0.847082     0.005797     0.005784      2471404 
   62.700     0.648958     0.004360     0.004427      2499563 
   62.800     0.359067     0.002438     0.002476      2476814 
   62.900     0.456364     0.003055     0.003103      2480676 
   63.000     0.604105     0.004062     0.004096      2469750 
   63.100     0.305808     0.002065     0.002070      2478798 
   63.200     0.580306     0.003857     0.003919      2507414 
   63.300     0.167736     0.001122     0.001126      2496709 
   63.400     0.311880     0.002092     0.002116      2460287 
   63.500     0.574033     0.003807     0.003873      2473463 
   63.600     0.345857     0.002363     0.002359      2487766 
   63.700    -0.192443    -0.001303    -0.001311      2488338 
   63.800     0.397881     0.002662     0.002731      2479032 
   63.900    -0.381656    -0.002578    -0.002590      2468147 
   64.000    -0.391762    -0.002640    -0.002697      2430443 
   64.100     0.119794     0.000824     0.000826      2454188 
   64.200    -0.329824    -0.002249    -0.002270      2460279 
   64.300    -0.453497    -0.003068    -0.003129      2449461 
   64.400    -0.661825    -0.004464    -0.004567      2436824 
   64.500     0.485944     0.003334     0.003368      2431342 
   64.600     0.059019     0.000400     0.000405      2441825 
   64.700    -0.269796    -0.001817    -0.001843      2444858 
   64.800     0.157005     0.001067     0.001078      2427948 
   64.900    -0.712741    -0.004916    -0.004939      2415078 
   65.000     0.118788     0.000827     0.000831      2411025 
   65.100     0.937614     0.006371     0.006459      2431195 
   65.200     0.417249     0.002864     0.002886      2417661 
   65.300     0.026493     0.000182     0.000183      2427199 
   65.400    -0.400541    -0.002722    -0.002773      2416146 
   65.500     0.062806     0.000419     0.000427      2427799 
   65.600     0.012852     0.000087     0.000089      2417873 
   65.700     0.751095     0.005193     0.005206      2408549 
   65.800    -0.541747    -0.003715    -0.003748      2418109 
   65.900    -0.727574    -0.004881    -0.004990      2399673 
   66.000    -1.042847    -0.007057    -0.007181      2399800 
   66.100    -0.045318    -0.000308    -0.000312      2392391 
   66.200     0.243273     0.001676     0.001689      2389689 
   66.300    -0.605015    -0.004161    -0.004207      2384949 
   66.400    -0.121574    -0.000837    -0.000842      2395785 
   66.500     0.466724     0.003187     0.003242      2379243 
   66.600     0.265459     0.001814     0.001847      2380076 
   66.700     0.549038     0.003736     0.003804      2418012 
   66.800    -0.489512    -0.003351    -0.003417      2391373 
   66.900    -0.423339    -0.002888    -0.002947      2393341 
   67.000    -0.184979    -0.001256    -0.001280      2387087 
   67.100     0.682635     0.004638     0.004685      2382766 
   67.200    -0.399344    -0.002725    -0.002762      2375540 
   67.300    -0.295000    -0.002015    -0.002038      2387929 
   67.400     0.155347     0.001078     0.001076      2380140 
   67.500     0.159590     0.001125     0.001112      2385539 
   67.600     0.621801     0.004347     0.004350      2356229 
   67.700    -0.238269    -0.001654    -0.001663      2361463 
   67.800    -0.345023    -0.002412    -0.002418      2357242 
   67.900     0.013776     0.000095     0.000097      2370252 
   68.000     0.276728     0.001916     0.001935      2358031 
   68.100     0.058151     0.000400     0.000405      2354348 
   68.200    -0.242732    -0.001653    -0.001706      2361631 
   68.300    -0.311921    -0.002137    -0.002191      2347303 
   68.400     0.478788     0.003291     0.003332      2338872 
   68.500     0.880858     0.006064     0.006105      2345308 
   68.600    -0.171457    -0.001186    -0.001194      2319269 
   68.700    -0.151139    -0.001045    -0.001049      2338719 
   68.800    -1.212492    -0.008405    -0.008473      2353197 
   68.900    -0.195469    -0.001347    -0.001371      2337432 
   69.000     0.176656     0.001218     0.001232      2326455 
   69.100     0.693592     0.004771     0.004828      2345646 
   69.200     0.030726     0.000210     0.000214      2325014 
   69.300     0.556607     0.003855     0.003915      2312371 
   69.400    -0.025929    -0.000180    -0.000182      2318203 
   69.500    -0.309921    -0.002139    -0.002170      2320140 
   69.600    -0.460147    -0.003201    -0.003224      2310810 
   69.700    -0.153047    -0.001060    -0.001073      2320766 
   69.800    -0.475780    -0.003366    -0.003378      2291008 
   69.900    -0.785551    -0.005590    -0.005565      2289217 
   70.000    -0.372687    -0.002614    -0.002652      2277393 
   70.100    -0.437471    -0.003119    -0.003124      2309107 
   70.200    -1.438591    -0.010037    -0.010134      2301181 
   70.300     0.045884     0.000321     0.000326      2291708 
   70.400    -0.046962    -0.000327    -0.000333      2290700 
   70.500    -0.216264    -0.001500    -0.001526      2283809 
   70.600    -0.225456    -0.001552    -0.001587      2268295 
   70.700     0.206533     0.001455     0.001461      2283408 
   70.800     0.307103     0.002136     0.002154      2281128 
   70.900     0.719612     0.004933     0.005001      2285018 
   71.000     0.207899     0.001452     0.001450      2278711 
   71.100     0.287230     0.001988     0.002003      2279787 
   71.200     0.070718     0.000494     0.000498      2248556 
   71.300    -0.135232    -0.000934    -0.000953      2263379 
   71.400    -0.631442    -0.004253    -0.004410      2281393 
   71.500    -0.162208    -0.001121    -0.001157      2274674 
   71.600     0.672996     0.004600     0.004687      2280704 
   71.700     0.295495     0.002068     0.002079      2275406 
   71.800     1.070808     0.007468     0.007540      2249382 
   71.900     0.948282     0.006629     0.006703      2259157 
   72.000    -0.421036    -0.002952    -0.002953      2287219 
   72.100     0.132986     0.000930     0.000935      2255502 
   72.200     0.392957     0.002760     0.002804      2240526 
   72.300     0.029388     0.000203     0.000208      2253155 
   72.400     0.408844     0.002867     0.002894      2247451 
   72.500    -0.124666    -0.000892    -0.000893      2252687 
   72.600     0.389112     0.002721     0.002748      2256795 
   72.700     0.415466     0.002975     0.002988      2244376 
   72.800     0.648325     0.004638     0.004667      2225823 
   72.900     0.504688     0.003518     0.003570      2259443 
   73.000     0.846626     0.005915     0.006011      2238255 
   73.100    -0.741708    -0.005304    -0.005294      2239945 
   73.200    -0.720418    -0.005168    -0.005190      2210003 
   73.300    -0.630998    -0.004499    -0.004514      2221264 
   73.400    -0.306196    -0.002161    -0.002185      2232503 
   73.500    -0.006882    -0.000049    -0.000049      2206414 
   73.600     0.330929     0.002357     0.002370      2213455 
   73.700    -0.155574    -0.001113    -0.001121      2233600 
   73.800     0.052358     0.000376     0.000380      2227469 
   73.900     0.079337     0.000578     0.000578      2199968 
   74.000    -0.039265    -0.000288    -0.000287      2190883 
   74.100    -0.374954    -0.002731    -0.002721      2200597 
   74.200     0.049017     0.000352     0.000355      2214602 
   74.300     0.167324     0.001224     0.001214      2196958 
   74.400    -1.012855    -0.007338    -0.007358      2183237 
   74.500    -0.423939    -0.003082    -0.003101      2189879 
   74.600    -0.521890    -0.003770    -0.003777      2180168 
   74.700    -0.458655    -0.003368    -0.003360      2161644 
   74.800     0.318093     0.002335     0.002335      2147043 
   74.900    -0.401834    -0.002907    -0.002926      2162093 
   75.000    -0.180779    -0.001335    -0.001327      2143508 
   75.100    -0.519995    -0.003808    -0.003788      2155088 
   75.200     0.105606     0.000760     0.000759      2151179 
   75.300    -0.101760    -0.000730    -0.000729      2165595 
   75.400     0.360644     0.002621     0.002615      2145133 
   75.500     0.225170     0.001657     0.001642      2129214 
   75.600    -0.403656    -0.002976    -0.002947      2150970 
   75.700    -0.226383    -0.001661    -0.001664      2159453 
   75.800    -0.318288    -0.002304    -0.002339      2129239 
   75.900     0.199605     0.001442     0.001469      2124036 
   76.000    -0.010359    -0.000076    -0.000076      2106039 
   76.100    -0.638821    -0.004607    -0.004693      2116595 
   76.200    -1.126465    -0.008182    -0.008239      2131631 
   76.300    -1.033140    -0.007496    -0.007594      2136511 
   76.400     0.138191     0.001002     0.001002      2141411 
   76.500     0.288061     0.002076     0.002099      2112813 
   76.600     0.414811     0.003070     0.003061      2099539 
   76.700     0.087357     0.000641     0.000652      2102430 
   76.800    -0.340011    -0.002487    -0.002539      2093863 
   76.900     0.093260     0.000671     0.000684      2106599 
   77.000     0.530599     0.003880     0.003936      2103656 
   77.100    -0.042510    -0.000305    -0.000312      2100117 
   77.200     0.406459     0.002907     0.002948      2119468 
   77.300     0.542821     0.003971     0.004023      2107685 
   77.400     1.317886     0.009474     0.009633      2105851 
   77.500     0.804868     0.005830     0.005918      2093879 
   77.600     0.734795     0.005476     0.005480      2082941 
   77.700     0.998605     0.007514     0.007418      2088095 
   77.800     0.842296     0.006150     0.006203      2091893 
   77.900    -0.160556    -0.001166    -0.001174      2096505 
   78.000     1.500496     0.010912     0.011047      2094786 
   78.100     0.756984     0.005474     0.005574      2099562 
   78.200     1.035056     0.007571     0.007646      2086465 
   78.300    -0.053377    -0.000393    -0.000395      2062114 
   78.400     0.243493     0.001784     0.001822      2066383 
   78.500     0.133628     0.000975     0.000992      2088911 
   78.600    -0.163674    -0.001194    -0.001220      2076563 
   78.700     0.808622     0.005878     0.005937      2101504 
   78.800     1.231233     0.009034     0.009102      2078264 
   78.900    -0.276512    -0.002029    -0.002039      2076855 
   79.000     0.295287     0.002178     0.002193      2057959 
   79.100     0.410433     0.002986     0.003030      2077610 
   79.200     1.121130     0.008173     0.008296      2052080 
   79.300     0.476131     0.003424     0.003491      2058153 
   79.400     0.850158     0.006204     0.006275      2061669 
   79.500     0.039010     0.000286     0.000292      2038711 
   79.600    -0.067013    -0.000492    -0.000497      2031442 
   79.700    -0.011983    -0.000088    -0.000089      2040054 
   79.800    -0.413153    -0.003042    -0.003093      2041187 
   79.900    -0.068588    -0.000514    -0.000518      2034475 
   80.000    -0.141124    -0.001052    -0.001058      2064677 
   80.100     0.944446     0.007074     0.007064      2042148 
   80.200     0.608744     0.004491     0.004560      2046840 
   80.300     0.594797     0.004454     0.004449      2049007 
   80.400    -0.301066    -0.002255    -0.002253      2044781 
   80.500     0.648433     0.004862     0.004870      2040273 
   80.600     0.100489     0.000753     0.000756      2031323 
   80.700     0.004681     0.000035     0.000035      2010902 
   80.800     0.273659     0.002058     0.002054      2035740 
   80.900     0.472711     0.003557     0.003551      2037266 
   81.000    -0.042887    -0.000318    -0.000320      2023393 
   81.100     0.963689     0.007091     0.007257      2011964 
   81.200     0.634863     0.004811     0.004811      1989371 
   81.300     0.130037     0.000984     0.000980      2001661 
   81.400     0.434370     0.003269     0.003300      1994317 
   81.500    -0.121043    -0.000913    -0.000914      1998283 
   81.600     0.545952     0.004107     0.004177      1980389 
   81.700    -0.439984    -0.003318    -0.003357      1971723 
   81.800    -0.477711    -0.003603    -0.003671      1967839 
   81.900    -0.068904    -0.000513    -0.000528      1978510 
   82.000     0.124242     0.000937     0.000952      1972303 
   82.100     0.743909     0.005648     0.005752      1956996 
   82.200     0.704339     0.005442     0.005480      1948033 
   82.300     0.958400     0.007520     0.007496      1953494 
   82.400    -0.639701    -0.004899    -0.004912      1967352 
   82.500    -0.182237    -0.001396    -0.001407      1964166 
   82.600     0.136694     0.001050     0.001054      1959697 
   82.700    -0.736042    -0.005656    -0.005637      1956310 
   82.800    -1.078553    -0.008224    -0.008263      1941330 
   82.900    -0.239255    -0.001800    -0.001824      1940977 
   83.000     0.153199     0.001164     0.001173      1943893 
   83.100     0.073327     0.000562     0.000564      1940845 
   83.200    -0.015620    -0.000120    -0.000120      1949594 
   83.300     0.550749     0.004250     0.004253      1910854 
   83.400     0.618870     0.004818     0.004809      1936870 
   83.500     0.214758     0.001656     0.001664      1916743 
   83.600     0.553024     0.004237     0.004246      1928646 
   83.700     0.329113     0.002511     0.002536      1940131 
   83.800     0.610551     0.004741     0.004724      1917357 
   83.900     0.474407     0.003614     0.003661      1915976 
   84.000     0.308202     0.002345     0.002366      1916064 
   84.100     0.398677     0.003018     0.003042      1909563 
   84.200     0.783046     0.005954     0.005990      1917254 
   84.300     0.113888     0.000862     0.000866      1913734 
   84.400     0.380557     0.002876     0.002899      1901915 
   84.500     0.351886     0.002644     0.002690      1907382 
   84.600     0.384014     0.002921     0.002961      1899144 
   84.700     0.516650     0.003977     0.003990      1900726 
   84.800     1.565305     0.012020     0.012094      1919394 
   84.900     0.844729     0.006627     0.006652      1908452 
   85.000     0.890773     0.007025     0.007075      1894194 
   85.100     0.348835     0.002757     0.002748      1906754 
   85.200     0.278372     0.002148     0.002153      1915553 
   85.300     0.281753     0.002165     0.002197      1898064 
   85.400     0.588630     0.004549     0.004593      1899190 
   85.500    -0.452175    -0.003497    -0.003536      1897935 
   85.600    -0.478069    -0.003672    -0.003720      1906979 
   85.700    -0.039918    -0.000308    -0.000311      1891354 
   85.800     0.479180     0.003714     0.003748      1889556 
   85.900    -0.810470    -0.006132    -0.006243      1892854 
   86.000     0.433278     0.003355     0.003374      1890274 
   86.100     0.297526     0.002248     0.002271      1892707 
   86.200     0.499784     0.003804     0.003835      1890215 
   86.300     1.363157     0.010405     0.010554      1878526 
   86.400     0.979687     0.007431     0.007535      1892827 
   86.500     0.099787     0.000770     0.000779      1890555 
   86.600    -0.477922    -0.003742    -0.003726      1871524 
   86.700    -0.770916    -0.005810    -0.005876      1881592 
   86.800    -0.386767    -0.002949    -0.002962      1881078 
   86.900    -0.084783    -0.000654    -0.000654      1875035 
   87.000    -0.335069    -0.002599    -0.002634      1851512 
   87.100     0.068408     0.000525     0.000531      1864095 
   87.200    -0.250801    -0.001931    -0.001961      1860668 
   87.300    -0.230441    -0.001781    -0.001807      1855386 
   87.400     0.222101     0.001749     0.001743      1844733 
   87.500     0.424576     0.003314     0.003330      1847384 
   87.600     0.006454     0.000051     0.000051      1857087 
   87.700     0.264842     0.002098     0.002098      1844919 
   87.800    -0.005165    -0.000040    -0.000040      1845636 
   87.900     0.353344     0.002726     0.002718      1842764 
   88.000    -0.190951    -0.001506    -0.001516      1825296 
   88.100    -0.575693    -0.004477    -0.004515      1830711 
   88.200    -0.055881    -0.000444    -0.000446      1823925 
   88.300    -0.452068    -0.003649    -0.003640      1819847 
   88.400     0.193127     0.001557     0.001553      1810244 
   88.500    -0.536679    -0.004320    -0.004308      1813082 
   88.600    -0.481084    -0.003861    -0.003831      1825845 
   88.700     0.050441     0.000408     0.000409      1809930 
   88.800     0.118494     0.000925     0.000938      1817216 
   88.900    -0.709689    -0.005519    -0.005560      1815463 
   89.000     0.133226     0.001044     0.001050      1809918 
   89.100     0.116622     0.000920     0.000919      1786007 
   89.200    -0.143388    -0.001109    -0.001130      1802889 
   89.300    -0.856012    -0.006652    -0.006847      1791473 
   89.400     0.133173     0.001038     0.001051      1808044 
   89.500    -0.300860    -0.002407    -0.002399      1793727 
   89.600     0.245129     0.001943     0.001984      1795970 
   89.700     0.163458     0.001292     0.001306      1797689 
   89.800     0.863497     0.006759     0.006851      1791336 
   89.900     1.020702     0.008011     0.007985      1798251 
   90.000     1.149395     0.009182     0.009261      1789083 
   90.100     0.325555     0.002565     0.002590      1782604 
   90.200     0.884080     0.006987     0.007045      1768428 
   90.300     0.316063     0.002524     0.002528      1765498 
   90.400    -0.036402    -0.000288    -0.000293      1759481 
   90.500     0.079723     0.000633     0.000646      1760562 
   90.600    -0.657991    -0.005347    -0.005361      1755146 
   90.700    -0.691111    -0.005528    -0.005520      1762499 
   90.800    -0.079827    -0.000634    -0.000646      1758598 
   90.900    -0.125666    -0.000988    -0.001013      1766856 
   91.000     0.105813     0.000850     0.000856      1757396 
   91.100    -0.126686    -0.001030    -0.001033      1760939 
   91.200    -0.406169    -0.003278    -0.003305      1748028 
   91.300     0.224246     0.001795     0.001794      1737953 
   91.400     0.552171     0.004488     0.004505      1721849 
   91.500    -0.307541    -0.002474    -0.002485      1744128 
   91.600    -0.534547    -0.004388    -0.004382      1726943 
   91.700    -0.160052    -0.001336    -0.001318      1722002 
   91.800    -0.068778    -0.000567    -0.000567      1747781 
   91.900    -0.047116    -0.000387    -0.000385      1741187 
   92.000    -0.384259    -0.003126    -0.003126      1725249 
   92.100     0.371668     0.003039     0.003047      1742686 
   92.200     0.324488     0.002654     0.002629      1720546 
   92.300     0.014912     0.000121     0.000120      1708714 
   92.400     0.187507     0.001516     0.001510      1709564 
   92.500    -0.177910    -0.001419    -0.001426      1708624 
   92.600     0.108708     0.000878     0.000877      1695942 
   92.700     0.145119     0.001177     0.001196      1691318 
   92.800     0.518488     0.004284     0.004302      1691222 
   92.900     0.039248     0.000317     0.000320      1719197 
   93.000     0.333663     0.002712     0.002721      1702127 
   93.100    -0.345109    -0.002807    -0.002831      1682686 
   93.200     0.160837     0.001295     0.001303      1706804 
   93.300     0.336448     0.002697     0.002749      1696145 
   93.400     0.450266     0.003682     0.003709      1689652 
   93.500     0.890437     0.007234     0.007334      1695721 
   93.600    -0.168606    -0.001401    -0.001406      1687909 
   93.700    -0.797649    -0.006691    -0.006693      1674672 
   93.800    -0.828972    -0.006761    -0.006847      1652375 
   93.900    -0.276698    -0.002282    -0.002292      1675117 
   94.000    -0.262922    -0.002147    -0.002175      1660151 
   94.100    -0.610154    -0.005065    -0.005107      1659819 
   94.200    -0.683433    -0.005545    -0.005679      1658980 
   94.300    -0.501836    -0.004149    -0.004177      1670994 
   94.400    -0.113501    -0.000938    -0.000948      1650422 
   94.500    -0.357834    -0.002973    -0.002959      1655748 
   94.600     0.024933     0.000200     0.000203      1657498 
   94.700     0.216413     0.001735     0.001745      1644567 
   94.800    -0.181687    -0.001480    -0.001476      1643409 
   94.900    -0.372604    -0.003038    -0.003092      1637606 
   95.000     0.295076     0.002391     0.002433      1657141 
   95.100     0.092367     0.000742     0.000759      1648635 
   95.200    -0.231523    -0.001864    -0.001897      1657576 
   95.300    -0.658776    -0.005457    -0.005483      1630555 
   95.400    -0.757916    -0.006209    -0.006235      1652943 
   95.500    -0.976014    -0.008191    -0.008171      1641277 
   95.600    -0.890387    -0.007428    -0.007407      1636359 
   95.700    -0.488751    -0.004087    -0.004082      1646255 
   95.800    -0.119362    -0.001003    -0.000998      1624692 
   95.900    -0.335620    -0.002759    -0.002765      1642922 
   96.000    -0.453091    -0.003718    -0.003801      1640682 
   96.100     0.606847     0.005061     0.005050      1655676 
   96.200     0.627577     0.005219     0.005234      1637335 
   96.300     0.093337     0.000768     0.000771      1644290 
   96.400     0.119469     0.001010     0.001000      1615857 
   96.500     0.648400     0.005365     0.005414      1646202 
   96.600    -0.350961    -0.003004    -0.002964      1630545 
   96.700     0.117992     0.000990     0.000991      1612579 
   96.800     0.095171     0.000782     0.000790      1604424 
   96.900     0.180205     0.001490     0.001495      1613761 
   97.000     0.394476     0.003312     0.003328      1604983 
   97.100     0.411783     0.003394     0.003421      1613263 
   97.200     0.845469     0.007119     0.007058      1609104 
   97.300     0.986338     0.008090     0.008249      1610524 
   97.400     0.940737     0.007738     0.007880      1605030 
   97.500     0.231005     0.001954     0.001964      1595115 
   97.600    -0.044617    -0.000381    -0.000381      1588614 
   97.700    -0.213732    -0.001790    -0.001802      1592794 
   97.800    -0.345354    -0.002923    -0.002924      1598039 
   97.900    -0.193853    -0.001617    -0.001630      1586629 
   98.000     0.542278     0.004588     0.004564      1589639 
   98.100    -0.795299    -0.006758    -0.006729      1590690 
   98.200    -0.164605    -0.001388    -0.001372      1585592 
   98.300    -0.300598    -0.002470    -0.002511      1598881 
   98.400    -0.544879    -0.004555    -0.004583      1604135 
   98.500    -0.258388    -0.002193    -0.002200      1591591 
   98.600     0.101252     0.000865     0.000868      1553930 
   98.700     0.244770     0.002088     0.002078      1569112 
   98.800     0.407939     0.003479     0.003469      1567347 
   98.900    -0.172524    -0.001468    -0.001453      1548258 
   99.000     0.431693     0.003710     0.003705      1550462 
   99.100    -0.064453    -0.000549    -0.000550      1557674 
   99.200    -0.312931    -0.002675    -0.002693      1552033 
   99.300    -0.427793    -0.003662    -0.003683      1541072 
   99.400    -0.769233    -0.006491    -0.006483      1549605 
   99.500    -0.442421    -0.003711    -0.003736      1558044 
   99.600     0.829027     0.007033     0.007080      1544724 
   99.700    -0.342093    -0.002848    -0.002863      1541698 
   99.800    -0.284930    -0.002348    -0.002381      1549404 
   99.900     0.756597     0.006510     0.006476      1532736 
  100.000     0.802914     0.006926     0.006949      1520887 
