fitting 1 exponentials + affine
seed: 6095053469 
   12.081712 
    0.447 
   11.620967 
    0.828 
   11.620122 
    0.834 
   11.620107 
    0.836 
   11.620099 
    0.835 
   11.620098 
    0.836 
   11.620098 
    0.836 
   11.620098 
    0.836 
   11.620098 
    0.836 
   11.620098 
    0.836 
    0.836 
nagopt ncall: 1  oldvalue:     11.620097695 newvalue:    11.620097695
   11.620098 
    0.835531850 
error sd:     0.003409
halflife:     3.858 
mean (generations):   179.687 
    0.045697781     0.000315482 
##end of run
