 ##Z-score and correlation:: ../../ancpop.list  binsize:     0.001000
    0.100    30.752729     0.163745     0.164507      5845721 
    0.200     8.748544     0.048779     0.048985      4349047 
    0.300     5.719129     0.030730     0.031041      4337738 
    0.400     4.435297     0.023677     0.023781      4282699 
    0.500     3.613799     0.019584     0.019465      4243582 
    0.600     2.634610     0.014073     0.014104      4225130 
    0.700     2.486546     0.013224     0.013268      4215047 
    0.800     2.082697     0.011117     0.011121      4191965 
    0.900     2.232959     0.011750     0.011836      4189362 
    1.000     1.653835     0.008739     0.008770      4189681 
    1.100     1.494702     0.008031     0.008005      4160954 
    1.200     0.774262     0.004154     0.004114      4179018 
    1.300     0.965432     0.005199     0.005163      4149021 
    1.400     0.972530     0.005192     0.005204      4111830 
    1.500     0.674869     0.003603     0.003586      4113453 
    1.600     1.129355     0.006084     0.006031      4117849 
    1.700     0.738800     0.003988     0.003953      4119602 
    1.800     0.346338     0.001875     0.001861      4109070 
    1.900    -0.718165    -0.003898    -0.003839      4100449 
    2.000    -0.614772    -0.003347    -0.003307      4082814 
    2.100    -0.309660    -0.001665    -0.001651      4086704 
    2.200     0.845177     0.004519     0.004516      4090661 
    2.300     0.105085     0.000563     0.000562      4085597 
    2.400     0.890284     0.004755     0.004765      4073991 
    2.500    -0.222523    -0.001191    -0.001194      4057447 
    2.600    -0.532866    -0.002855    -0.002852      4049518 
    2.700    -0.311665    -0.001674    -0.001674      4022477 
    2.800     0.146553     0.000796     0.000793      4037531 
    2.900     0.233400     0.001276     0.001264      4042025 
    3.000    -0.044714    -0.000242    -0.000243      4036086 
    3.100     0.083504     0.000453     0.000451      4036852 
    3.200     0.120107     0.000655     0.000651      4039899 
    3.300    -0.415551    -0.002262    -0.002250      4027770 
    3.400    -0.115413    -0.000623    -0.000620      4029939 
    3.500     0.522446     0.002835     0.002815      4031106 
    3.600     0.187455     0.001018     0.001011      4022493 
    3.700     0.205852     0.001116     0.001108      4013089 
    3.800     0.644421     0.003447     0.003448      4009236 
    3.900     0.408755     0.002202     0.002198      3986507 
    4.000    -0.407887    -0.002185    -0.002180      3985003 
    4.100    -0.249609    -0.001357    -0.001344      3985777 
    4.200    -0.379693    -0.002068    -0.002064      3980388 
    4.300     0.570199     0.003120     0.003099      3984376 
    4.400     0.798917     0.004370     0.004322      3961354 
    4.500     0.249078     0.001343     0.001342      3979899 
    4.600    -0.147535    -0.000799    -0.000801      3969251 
    4.700     0.071486     0.000387     0.000386      3973878 
    4.800    -0.128633    -0.000701    -0.000693      3980875 
    4.900     0.087690     0.000476     0.000473      3966655 
    5.000     0.377461     0.002030     0.002036      3976229 
    5.100    -0.024396    -0.000134    -0.000132      3956205 
    5.200    -0.179770    -0.000978    -0.000964      3977293 
    5.300     0.167405     0.000908     0.000902      3943555 
    5.400     0.495056     0.002668     0.002661      3975384 
    5.500     0.385695     0.002109     0.002098      3950498 
    5.600    -0.024502    -0.000132    -0.000133      3949675 
    5.700     0.542384     0.002960     0.002956      3922765 
    5.800     0.648971     0.003519     0.003543      3909530 
    5.900     0.152999     0.000835     0.000829      3929087 
    6.000     0.053559     0.000294     0.000293      3944350 
    6.100     0.580425     0.003187     0.003181      3941015 
    6.200    -0.436541    -0.002359    -0.002352      3947263 
    6.300    -0.894399    -0.004830    -0.004818      3952632 
    6.400     0.565802     0.003041     0.003048      3948992 
    6.500     0.633918     0.003435     0.003425      3941074 
    6.600     0.558843     0.002999     0.003004      3939480 
    6.700     0.135800     0.000736     0.000734      3922397 
    6.800     0.125854     0.000684     0.000681      3916533 
    6.900     0.313822     0.001680     0.001688      3914731 
    7.000     0.143843     0.000780     0.000777      3949130 
    7.100    -0.705552    -0.003824    -0.003835      3915023 
    7.200    -0.319849    -0.001715    -0.001720      3962061 
    7.300     0.573385     0.003093     0.003073      3932157 
    7.400    -0.074409    -0.000403    -0.000401      3936374 
    7.500     0.102731     0.000553     0.000553      3939029 
    7.600     0.285113     0.001553     0.001533      3914073 
    7.700    -0.067243    -0.000366    -0.000365      3931378 
    7.800    -0.698367    -0.003799    -0.003775      3922416 
    7.900    -0.098323    -0.000536    -0.000537      3897985 
    8.000    -0.061029    -0.000335    -0.000330      3928080 
    8.100    -0.031279    -0.000170    -0.000169      3907562 
    8.200    -0.328591    -0.001800    -0.001793      3924345 
    8.300     0.521976     0.002869     0.002843      3930981 
    8.400     0.327989     0.001784     0.001781      3946595 
    8.500     0.689491     0.003787     0.003756      3937056 
    8.600    -0.062574    -0.000343    -0.000342      3903191 
    8.700     0.253671     0.001389     0.001382      3908980 
    8.800     0.201533     0.001099     0.001094      3911990 
    8.900     0.436647     0.002375     0.002378      3936557 
    9.000     0.085243     0.000471     0.000466      3915492 
    9.100     0.160771     0.000885     0.000877      3900237 
    9.200     0.328636     0.001789     0.001778      3883142 
    9.300     0.378928     0.002056     0.002063      3898718 
    9.400     0.371440     0.002049     0.002033      3895985 
    9.500     0.366933     0.001993     0.002002      3878646 
    9.600     0.606868     0.003307     0.003288      3892444 
    9.700     0.362977     0.001987     0.001978      3874753 
    9.800     0.183847     0.001014     0.001007      3864594 
    9.900     0.302968     0.001667     0.001654      3886103 
   10.000     0.902280     0.005025     0.004947      3876817 
   10.100     0.430424     0.002360     0.002351      3882786 
   10.200     0.498954     0.002730     0.002705      3886957 
   10.300    -0.587799    -0.003192    -0.003179      3880871 
   10.400    -0.438250    -0.002408    -0.002386      3865468 
   10.500    -0.057200    -0.000312    -0.000311      3852100 
   10.600     0.003927     0.000021     0.000021      3866673 
   10.700     0.403940     0.002221     0.002219      3854747 
   10.800     0.646262     0.003589     0.003567      3860965 
   10.900     0.838838     0.004652     0.004623      3858252 
   11.000     0.814208     0.004492     0.004474      3847733 
   11.100     0.894053     0.004904     0.004891      3841627 
   11.200     1.103288     0.006062     0.006017      3836654 
   11.300     0.715462     0.003928     0.003891      3864090 
   11.400     0.515159     0.002841     0.002806      3870214 
   11.500     0.247985     0.001366     0.001360      3868269 
   11.600    -0.311248    -0.001767    -0.001726      3862688 
   11.700    -0.203522    -0.001155    -0.001125      3823752 
   11.800    -0.808821    -0.004549    -0.004491      3798839 
   11.900    -0.804058    -0.004433    -0.004431      3835870 
   12.000    -0.161866    -0.000903    -0.000894      3828812 
   12.100    -0.304723    -0.001685    -0.001692      3822093 
   12.200     0.064127     0.000352     0.000352      3844128 
   12.300     0.101685     0.000559     0.000560      3825121 
   12.400    -0.465188    -0.002567    -0.002556      3825019 
   12.500    -0.266239    -0.001473    -0.001461      3857925 
   12.600    -0.592861    -0.003272    -0.003241      3859857 
   12.700    -0.671090    -0.003708    -0.003697      3824640 
   12.800    -0.186297    -0.001032    -0.001026      3817200 
   12.900    -0.374050    -0.002067    -0.002054      3826151 
   13.000     0.267469     0.001487     0.001470      3802404 
   13.100    -0.054404    -0.000301    -0.000301      3789036 
   13.200     0.014369     0.000079     0.000079      3789723 
   13.300     0.119304     0.000653     0.000658      3811332 
   13.400     0.825084     0.004639     0.004634      3786374 
   13.500     0.227414     0.001260     0.001263      3782000 
   13.600     1.368487     0.007636     0.007646      3806899 
   13.700     0.947607     0.005262     0.005257      3796515 
   13.800    -0.531511    -0.002934    -0.002928      3808278 
   13.900    -0.276625    -0.001546    -0.001530      3764391 
   14.000    -0.375831    -0.002074    -0.002070      3811283 
   14.100    -0.613226    -0.003402    -0.003390      3792048 
   14.200    -0.958261    -0.005307    -0.005290      3781459 
   14.300     0.244901     0.001353     0.001358      3777982 
   14.400     0.169295     0.000948     0.000944      3775848 
   14.500    -0.293591    -0.001643    -0.001633      3778782 
   14.600     0.381892     0.002131     0.002124      3775214 
   14.700     0.480477     0.002712     0.002684      3756706 
   14.800     0.636251     0.003553     0.003512      3760784 
   14.900     0.270915     0.001515     0.001518      3776631 
   15.000     0.206075     0.001157     0.001151      3747762 
   15.100     1.074496     0.006006     0.006011      3776333 
   15.200     1.304928     0.007397     0.007322      3769458 
   15.300     0.219665     0.001219     0.001217      3769657 
   15.400     0.572515     0.003164     0.003180      3778044 
   15.500     0.132595     0.000726     0.000729      3785486 
   15.600    -0.060074    -0.000335    -0.000330      3774903 
   15.700    -0.310623    -0.001742    -0.001740      3726742 
   15.800     0.299917     0.001684     0.001686      3748209 
   15.900     0.792298     0.004436     0.004425      3751226 
   16.000     0.916571     0.005209     0.005175      3743482 
   16.100     0.907056     0.005138     0.005077      3768607 
   16.200    -0.151354    -0.000842    -0.000835      3753554 
   16.300    -0.129003    -0.000721    -0.000719      3738926 
   16.400     0.362165     0.002014     0.002010      3759897 
   16.500    -0.600539    -0.003328    -0.003335      3751265 
   16.600    -0.630213    -0.003513    -0.003509      3752180 
   16.700    -0.402004    -0.002223    -0.002242      3718097 
   16.800     0.076039     0.000422     0.000423      3741195 
   16.900     0.123494     0.000691     0.000687      3729999 
   17.000    -0.343028    -0.001908    -0.001908      3736669 
   17.100     0.552103     0.003064     0.003056      3768674 
   17.200     0.121941     0.000675     0.000676      3749249 
   17.300    -0.035085    -0.000193    -0.000195      3734550 
   17.400     0.499273     0.002785     0.002786      3746216 
   17.500    -0.264639    -0.001470    -0.001470      3729099 
   17.600     0.306682     0.001708     0.001714      3716393 
   17.700    -0.040253    -0.000224    -0.000224      3739768 
   17.800    -0.272863    -0.001519    -0.001525      3738507 
   17.900    -0.842427    -0.004707    -0.004696      3731721 
   18.000     0.011060     0.000062     0.000062      3728584 
   18.100     0.190321     0.001069     0.001060      3723973 
   18.200    -0.287131    -0.001624    -0.001605      3729891 
   18.300     0.312104     0.001733     0.001730      3736523 
   18.400     0.517531     0.002854     0.002854      3732541 
   18.500     0.253626     0.001390     0.001394      3735366 
   18.600     0.472793     0.002622     0.002609      3705691 
   18.700     0.439825     0.002449     0.002456      3701675 
   18.800    -0.487133    -0.002711    -0.002711      3733961 
   18.900    -0.470382    -0.002588    -0.002594      3726164 
   19.000    -0.088143    -0.000491    -0.000492      3708210 
   19.100     0.069833     0.000389     0.000392      3686836 
   19.200    -0.002794    -0.000016    -0.000016      3687050 
   19.300    -0.596107    -0.003296    -0.003314      3690355 
   19.400    -0.286898    -0.001587    -0.001591      3723163 
   19.500    -0.227737    -0.001273    -0.001268      3722981 
   19.600    -0.482645    -0.002716    -0.002707      3676654 
   19.700    -0.810008    -0.004536    -0.004547      3700569 
   19.800    -0.771949    -0.004331    -0.004328      3716795 
   19.900    -1.181241    -0.006661    -0.006650      3693935 
   20.000    -0.487723    -0.002745    -0.002737      3676486 
   20.100    -1.026281    -0.005804    -0.005791      3673204 
   20.200    -0.145659    -0.000817    -0.000819      3666741 
   20.300    -0.203412    -0.001129    -0.001131      3715512 
   20.400    -0.615351    -0.003452    -0.003435      3701193 
   20.500    -0.519188    -0.002905    -0.002924      3714590 
   20.600    -0.551861    -0.003083    -0.003076      3703341 
   20.700    -0.410399    -0.002282    -0.002276      3693414 
   20.800    -0.202872    -0.001144    -0.001146      3666982 
   20.900    -0.549803    -0.003103    -0.003081      3700381 
   21.000     0.232141     0.001290     0.001284      3697630 
   21.100    -0.016333    -0.000091    -0.000092      3661344 
   21.200     0.000629     0.000004     0.000004      3677858 
   21.300    -0.153241    -0.000858    -0.000865      3652061 
   21.400     0.295155     0.001663     0.001659      3667787 
   21.500     0.207414     0.001159     0.001171      3677357 
   21.600     0.723162     0.004073     0.004065      3670490 
   21.700     0.446291     0.002562     0.002530      3675182 
   21.800     1.218254     0.006844     0.006817      3686538 
   21.900     0.331513     0.001880     0.001876      3677143 
   22.000     0.661570     0.003772     0.003741      3639512 
   22.100     0.429446     0.002490     0.002440      3626018 
   22.200     0.713849     0.004042     0.004034      3627488 
   22.300     0.085974     0.000487     0.000488      3648805 
   22.400    -0.495325    -0.002826    -0.002818      3650163 
   22.500    -0.225013    -0.001285    -0.001269      3667033 
   22.600     0.096299     0.000543     0.000543      3655003 
   22.700     0.334324     0.001883     0.001894      3655138 
   22.800     0.383576     0.002175     0.002192      3640559 
   22.900     0.698943     0.004022     0.004007      3607779 
   23.000    -0.038318    -0.000220    -0.000219      3637443 
   23.100     0.282564     0.001606     0.001600      3634831 
   23.200     0.327335     0.001854     0.001847      3644974 
   23.300     0.197934     0.001133     0.001120      3637883 
   23.400    -0.019771    -0.000113    -0.000112      3643812 
   23.500     0.656242     0.003734     0.003711      3640221 
   23.600    -0.203524    -0.001166    -0.001157      3635798 
   23.700     0.658899     0.003805     0.003766      3620662 
   23.800     1.215725     0.007036     0.006915      3638826 
   23.900     1.270496     0.007285     0.007233      3629575 
   24.000     0.324458     0.001860     0.001842      3604874 
   24.100     0.156353     0.000911     0.000899      3635255 
   24.200     0.490255     0.002809     0.002792      3617646 
   24.300     0.267112     0.001551     0.001527      3614805 
   24.400     0.634734     0.003641     0.003606      3640488 
   24.500     0.494432     0.002780     0.002791      3624823 
   24.600     1.441108     0.008218     0.008173      3629156 
   24.700     1.669243     0.009646     0.009520      3637999 
   24.800     1.323269     0.007484     0.007528      3609221 
   24.900     0.715122     0.004098     0.004048      3605145 
   25.000     0.307919     0.001749     0.001747      3607994 
   25.100     0.529147     0.003040     0.002991      3614706 
   25.200    -0.385386    -0.002238    -0.002201      3604847 
   25.300     0.803679     0.004580     0.004551      3632450 
   25.400     1.213759     0.006880     0.006867      3636279 
   25.500     1.258029     0.007152     0.007105      3611175 
   25.600     1.088899     0.006284     0.006238      3600561 
   25.700     0.583208     0.003358     0.003322      3579832 
   25.800    -0.041357    -0.000233    -0.000234      3582812 
   25.900     0.668055     0.003828     0.003813      3580169 
   26.000     0.235033     0.001346     0.001341      3582431 
   26.100     0.053394     0.000308     0.000305      3565199 
   26.200     0.625265     0.003589     0.003562      3578337 
   26.300     0.906682     0.005157     0.005156      3560727 
   26.400     0.750050     0.004281     0.004275      3574110 
   26.500     0.060688     0.000344     0.000344      3568664 
   26.600    -0.070236    -0.000401    -0.000403      3540031 
   26.700     0.276179     0.001575     0.001581      3556435 
   26.800     0.446026     0.002551     0.002554      3538760 
   26.900    -0.316738    -0.001824    -0.001822      3555314 
   27.000     0.662356     0.003829     0.003822      3538393 
   27.100     0.629784     0.003669     0.003627      3511698 
   27.200     0.159933     0.000918     0.000909      3537702 
   27.300    -0.157858    -0.000897    -0.000897      3501022 
   27.400     0.129038     0.000749     0.000740      3531616 
   27.500    -0.041902    -0.000239    -0.000239      3521347 
   27.600    -0.367369    -0.002112    -0.002113      3515735 
   27.700    -0.452720    -0.002599    -0.002598      3523400 
   27.800    -0.227599    -0.001306    -0.001312      3532331 
   27.900     0.238502     0.001377     0.001379      3543779 
   28.000    -0.466555    -0.002688    -0.002693      3530765 
   28.100     0.114307     0.000652     0.000652      3517557 
   28.200     0.119832     0.000691     0.000687      3520481 
   28.300    -0.277481    -0.001604    -0.001601      3516753 
   28.400     0.350415     0.002011     0.002004      3510459 
   28.500     0.836568     0.004858     0.004834      3493082 
   28.600    -0.532324    -0.003104    -0.003087      3495671 
   28.700     0.153560     0.000883     0.000882      3497066 
   28.800     0.481137     0.002737     0.002738      3532218 
   28.900     0.118423     0.000681     0.000683      3524686 
   29.000     0.278557     0.001615     0.001610      3516517 
   29.100     0.345860     0.001984     0.001983      3509249 
   29.200    -0.090824    -0.000528    -0.000519      3496247 
   29.300     0.337008     0.001940     0.001924      3492510 
   29.400    -0.112344    -0.000635    -0.000640      3511051 
   29.500    -0.266282    -0.001531    -0.001528      3481627 
   29.600     0.232819     0.001336     0.001340      3490791 
   29.700     0.245532     0.001414     0.001413      3464800 
   29.800    -0.214384    -0.001233    -0.001236      3443724 
   29.900    -0.256412    -0.001459    -0.001468      3456512 
   30.000    -0.147574    -0.000848    -0.000850      3469990 
   30.100    -0.393211    -0.002235    -0.002272      3457147 
   30.200     0.639510     0.003666     0.003682      3483510 
   30.300     0.858588     0.004915     0.004956      3509394 
   30.400     0.559807     0.003219     0.003227      3472974 
   30.500     0.750761     0.004312     0.004328      3472758 
   30.600    -0.229019    -0.001310    -0.001315      3479903 
   30.700     0.063898     0.000366     0.000366      3478200 
   30.800     0.019513     0.000113     0.000113      3469037 
   30.900     0.565846     0.003226     0.003282      3444734 
   31.000    -0.097717    -0.000554    -0.000560      3459979 
   31.100    -0.145423    -0.000829    -0.000841      3453319 
   31.200    -0.203755    -0.001175    -0.001183      3469404 
   31.300     0.568405     0.003223     0.003277      3451322 
   31.400     0.474650     0.002697     0.002742      3448755 
   31.500     0.651637     0.003769     0.003764      3422020 
   31.600    -0.400673    -0.002291    -0.002297      3428586 
   31.700     0.198841     0.001139     0.001138      3432554 
   31.800     0.601994     0.003507     0.003527      3411795 
   31.900     0.044012     0.000256     0.000255      3420047 
   32.000     0.310497     0.001810     0.001804      3441273 
   32.100     0.489594     0.002835     0.002820      3463574 
   32.200     0.174758     0.001004     0.001001      3421262 
   32.300     0.221391     0.001293     0.001292      3439008 
   32.400     1.458797     0.008521     0.008526      3439719 
   32.500     0.390215     0.002257     0.002264      3449099 
   32.600     0.461151     0.002664     0.002674      3420028 
   32.700     0.861524     0.004893     0.004961      3414291 
   32.800     0.762500     0.004351     0.004368      3434131 
   32.900    -0.346012    -0.001998    -0.002000      3420352 
   33.000    -0.257149    -0.001486    -0.001489      3414019 
   33.100     0.088398     0.000508     0.000515      3395417 
   33.200     0.267971     0.001537     0.001549      3395694 
   33.300     0.213635     0.001232     0.001234      3374399 
   33.400     0.685062     0.004013     0.003952      3370944 
   33.500    -0.180923    -0.001054    -0.001045      3382549 
   33.600    -0.413728    -0.002339    -0.002363      3401005 
   33.700     0.249011     0.001431     0.001443      3399309 
   33.800     0.161686     0.000951     0.000945      3390825 
   33.900     0.321649     0.001861     0.001873      3391308 
   34.000    -0.010254    -0.000060    -0.000060      3384049 
   34.100     0.065723     0.000385     0.000386      3363548 
   34.200    -0.006010    -0.000036    -0.000035      3369154 
   34.300     0.532805     0.003118     0.003088      3374639 
   34.400     0.598090     0.003445     0.003461      3378310 
   34.500     0.131544     0.000778     0.000768      3354560 
   34.600     0.325415     0.001909     0.001897      3344234 
   34.700     0.374619     0.002198     0.002208      3356851 
   34.800     1.160009     0.006885     0.006729      3369564 
   34.900     0.778038     0.004557     0.004548      3351658 
   35.000     0.786594     0.004668     0.004630      3336664 
   35.100     0.415378     0.002431     0.002430      3341786 
   35.200     0.057103     0.000339     0.000339      3324927 
   35.300     0.304397     0.001825     0.001816      3327994 
   35.400     0.526845     0.003125     0.003129      3327519 
   35.500     0.078354     0.000460     0.000462      3336711 
   35.600     0.000507     0.000003     0.000003      3329153 
   35.700    -0.005352    -0.000032    -0.000031      3307236 
   35.800     0.308697     0.001824     0.001810      3297679 
   35.900    -0.579036    -0.003446    -0.003406      3317689 
   36.000    -0.207607    -0.001229    -0.001219      3341551 
   36.100    -0.831484    -0.004977    -0.004934      3300456 
   36.200    -0.557713    -0.003373    -0.003333      3304839 
   36.300    -0.139788    -0.000824    -0.000830      3309246 
   36.400    -0.753070    -0.004420    -0.004436      3308438 
   36.500    -0.168946    -0.000989    -0.000996      3296475 
   36.600     0.022115     0.000132     0.000131      3271818 
   36.700    -0.110626    -0.000662    -0.000654      3270714 
   36.800     0.330031     0.001949     0.001941      3300504 
   36.900     0.244207     0.001448     0.001447      3293299 
   37.000     0.728977     0.004337     0.004307      3297251 
   37.100     0.415950     0.002502     0.002464      3284746 
   37.200     0.349187     0.002104     0.002075      3269770 
   37.300     0.216437     0.001285     0.001280      3277516 
   37.400     0.451958     0.002675     0.002661      3289261 
   37.500     0.734045     0.004368     0.004361      3261090 
   37.600     0.814612     0.004810     0.004832      3248700 
   37.700     0.866146     0.005064     0.005065      3290031 
   37.800     1.513508     0.008914     0.008890      3283321 
   37.900     0.247834     0.001453     0.001457      3311517 
   38.000     0.229315     0.001374     0.001378      3273290 
   38.100    -0.081772    -0.000487    -0.000488      3276291 
   38.200     0.566358     0.003410     0.003387      3296348 
   38.300     0.864961     0.005201     0.005117      3271043 
   38.400     0.484650     0.002890     0.002861      3260534 
   38.500     0.528973     0.003178     0.003159      3269400 
   38.600     0.748219     0.004447     0.004471      3268972 
   38.700     0.991315     0.006031     0.005913      3272151 
   38.800     1.259569     0.007664     0.007569      3269305 
   38.900     0.916370     0.005519     0.005470      3282735 
   39.000     0.557363     0.003384     0.003350      3280245 
   39.100     0.209688     0.001259     0.001254      3240761 
   39.200     0.425799     0.002579     0.002552      3261572 
   39.300     0.478594     0.002886     0.002846      3258173 
   39.400     0.157286     0.000933     0.000932      3259726 
   39.500    -0.458926    -0.002728    -0.002732      3251081 
   39.600     0.285421     0.001693     0.001698      3250286 
   39.700     0.178958     0.001058     0.001063      3248416 
   39.800     0.756629     0.004481     0.004465      3231775 
   39.900     0.493736     0.002990     0.002964      3217280 
   40.000     0.415377     0.002502     0.002499      3197417 
   40.100    -0.710541    -0.004306    -0.004275      3203471 
   40.200    -0.232572    -0.001411    -0.001410      3213047 
   40.300    -0.573775    -0.003471    -0.003450      3229311 
   40.400    -0.115072    -0.000692    -0.000684      3233883 
   40.500    -0.162533    -0.000993    -0.000976      3220578 
   40.600    -0.160830    -0.000988    -0.000973      3204112 
   40.700    -0.406780    -0.002470    -0.002446      3193792 
   40.800    -1.113422    -0.006760    -0.006704      3219363 
   40.900    -0.779710    -0.004717    -0.004685      3177636 
   41.000    -0.656571    -0.004018    -0.004000      3165747 
   41.100    -0.100997    -0.000623    -0.000618      3164874 
   41.200    -0.282593    -0.001714    -0.001698      3195973 
   41.300    -0.209037    -0.001278    -0.001255      3191546 
   41.400     0.569749     0.003481     0.003420      3190855 
   41.500    -0.087974    -0.000537    -0.000533      3186863 
   41.600     0.307343     0.001885     0.001867      3164210 
   41.700     0.220087     0.001365     0.001348      3168175 
   41.800     0.835620     0.005046     0.005062      3174551 
   41.900     0.075385     0.000458     0.000457      3156800 
   42.000     0.130908     0.000800     0.000801      3140127 
   42.100     0.186056     0.001131     0.001133      3155242 
   42.200    -0.208306    -0.001282    -0.001282      3116296 
   42.300    -0.731217    -0.004461    -0.004476      3118662 
   42.400     1.113081     0.006893     0.006833      3131543 
   42.500     0.527176     0.003240     0.003207      3148623 
   42.600     0.294220     0.001794     0.001787      3128028 
   42.700     0.772789     0.004749     0.004715      3130607 
   42.800    -0.442154    -0.002706    -0.002694      3135199 
   42.900    -0.795466    -0.004871    -0.004818      3129557 
   43.000    -0.067189    -0.000411    -0.000408      3141326 
   43.100     0.548688     0.003395     0.003341      3117374 
   43.200     0.430592     0.002682     0.002648      3100312 
   43.300     0.396213     0.002510     0.002460      3094000 
   43.400     0.769138     0.004765     0.004741      3093978 
   43.500     0.772849     0.004814     0.004746      3097944 
   43.600    -0.145107    -0.000900    -0.000889      3093457 
   43.700     0.282501     0.001740     0.001740      3091323 
   43.800     0.243710     0.001510     0.001509      3083501 
   43.900     0.445192     0.002759     0.002762      3083600 
   44.000    -0.013306    -0.000083    -0.000083      3084166 
   44.100     0.560786     0.003429     0.003463      3074758 
   44.200     0.398200     0.002435     0.002459      3048754 
   44.300    -0.738178    -0.004547    -0.004540      3081920 
   44.400    -0.490855    -0.002992    -0.003015      3086165 
   44.500    -0.006337    -0.000039    -0.000039      3046706 
   44.600    -1.063922    -0.006633    -0.006624      3038680 
   44.700    -0.165468    -0.001011    -0.001019      3026125 
   44.800    -0.245071    -0.001500    -0.001504      3044912 
   44.900    -0.961369    -0.005897    -0.005920      3041054 
   45.000    -0.548331    -0.003425    -0.003416      3029414 
   45.100    -0.110906    -0.000677    -0.000679      3053319 
   45.200     0.240087     0.001492     0.001475      3048130 
   45.300     0.661761     0.004087     0.004080      3025852 
   45.400     0.211699     0.001316     0.001310      3030490 
   45.500     0.803563     0.004941     0.004936      3050175 
   45.600    -0.015493    -0.000096    -0.000096      3016377 
   45.700     0.659477     0.004071     0.004075      3016955 
   45.800     1.460042     0.009045     0.009061      2999407 
   45.900     0.615611     0.003774     0.003794      3033717 
   46.000     0.473925     0.002897     0.002937      3014358 
   46.100     1.072005     0.006524     0.006576      3032010 
   46.200     0.423922     0.002648     0.002628      3015074 
   46.300    -0.156735    -0.000989    -0.000981      3015150 
   46.400     0.241593     0.001517     0.001513      3004207 
   46.500    -0.042941    -0.000271    -0.000268      3001829 
   46.600    -0.239312    -0.001509    -0.001495      2992316 
   46.700    -1.192360    -0.007383    -0.007376      3005388 
   46.800    -0.673518    -0.004197    -0.004160      3003162 
   46.900    -0.348777    -0.002177    -0.002155      2994986 
   47.000    -0.292774    -0.001810    -0.001813      2973216 
   47.100    -0.231055    -0.001444    -0.001441      2994539 
   47.200    -0.259395    -0.001631    -0.001611      2965289 
   47.300    -0.679069    -0.004301    -0.004262      2945231 
   47.400    -0.919185    -0.005777    -0.005743      2968851 
   47.500     1.167018     0.007274     0.007245      2982389 
   47.600     0.035771     0.000224     0.000222      2973166 
   47.700     0.056740     0.000354     0.000353      2969545 
   47.800     0.126530     0.000792     0.000787      2973205 
   47.900    -0.354905    -0.002233    -0.002233      2920406 
   48.000    -1.269972    -0.008109    -0.007984      2940659 
   48.100    -0.549237    -0.003482    -0.003449      2956865 
   48.200     0.555467     0.003502     0.003498      2929184 
   48.300     0.375466     0.002373     0.002351      2944288 
   48.400     0.295789     0.001875     0.001863      2925862 
   48.500     0.471940     0.002972     0.002970      2923251 
   48.600     0.100829     0.000650     0.000641      2929842 
   48.700     0.120650     0.000756     0.000759      2915364 
   48.800    -0.171002    -0.001095    -0.001087      2898595 
   48.900     0.371905     0.002372     0.002354      2916154 
   49.000    -0.597168    -0.003743    -0.003751      2935382 
   49.100     0.332732     0.002104     0.002096      2894057 
   49.200     0.019373     0.000122     0.000122      2910953 
   49.300     0.405689     0.002593     0.002567      2900063 
   49.400    -0.048487    -0.000310    -0.000310      2905983 
   49.500     0.220734     0.001403     0.001389      2915878 
   49.600    -0.166907    -0.001068    -0.001055      2934154 
   49.700     0.719464     0.004531     0.004513      2942724 
   49.800     0.180793     0.001138     0.001138      2904929 
   49.900     0.755470     0.004771     0.004760      2898826 
   50.000     0.696640     0.004425     0.004413      2878245 
   50.100     0.716819     0.004577     0.004537      2855949 
   50.200     0.868380     0.005551     0.005511      2851914 
   50.300    -0.683328    -0.004347    -0.004326      2873801 
   50.400    -0.809319    -0.005147    -0.005167      2823164 
   50.500    -1.617649    -0.010335    -0.010238      2872203 
   50.600    -0.242202    -0.001521    -0.001520      2891804 
   50.700    -0.089498    -0.000563    -0.000563      2883632 
   50.800    -0.282210    -0.001788    -0.001783      2861068 
   50.900     0.018580     0.000120     0.000119      2843687 
   51.000    -0.612246    -0.003959    -0.003862      2840712 
   51.100    -0.995554    -0.006506    -0.006407      2813900 
   51.200    -0.943284    -0.006094    -0.006007      2841632 
   51.300    -0.934745    -0.006013    -0.005932      2846713 
   51.400    -0.396708    -0.002584    -0.002539      2834400 
   51.500    -0.842158    -0.005377    -0.005373      2845002 
   51.600    -0.961793    -0.006100    -0.006057      2838902 
   51.700    -0.213481    -0.001366    -0.001366      2823584 
   51.800     0.764886     0.004928     0.004884      2839006 
   51.900    -0.217625    -0.001406    -0.001389      2826875 
   52.000     0.140075     0.000896     0.000895      2810688 
   52.100     0.007062     0.000045     0.000045      2803569 
   52.200    -0.094301    -0.000604    -0.000605      2798406 
   52.300    -0.047056    -0.000304    -0.000306      2797962 
   52.400    -0.341854    -0.002207    -0.002200      2775742 
   52.500     0.805723     0.005187     0.005151      2791142 
   52.600     0.660717     0.004292     0.004272      2787782 
   52.700     0.226545     0.001438     0.001441      2807265 
   52.800     0.035149     0.000225     0.000226      2793351 
   52.900    -0.734186    -0.004754    -0.004727      2781290 
   53.000    -0.299147    -0.001944    -0.001937      2775355 
   53.100     0.521853     0.003391     0.003372      2797663 
   53.200     0.264566     0.001668     0.001678      2795140 
   53.300    -0.165446    -0.001061    -0.001069      2776002 
   53.400    -0.158073    -0.001014    -0.001009      2778475 
   53.500    -0.891425    -0.005677    -0.005662      2778238 
   53.600    -0.299956    -0.001932    -0.001923      2762976 
   53.700    -1.085357    -0.006996    -0.006973      2765817 
   53.800     0.103316     0.000663     0.000664      2753727 
   53.900    -0.493719    -0.003151    -0.003148      2780763 
   54.000    -0.230738    -0.001504    -0.001504      2739532 
   54.100    -0.591699    -0.003822    -0.003806      2745099 
   54.200    -0.240979    -0.001564    -0.001559      2735788 
   54.300    -0.529965    -0.003395    -0.003404      2712713 
   54.400    -0.362708    -0.002334    -0.002345      2730439 
   54.500     0.541078     0.003515     0.003484      2729069 
   54.600     0.562231     0.003697     0.003651      2724614 
   54.700     0.332467     0.002146     0.002141      2742737 
   54.800     0.718650     0.004656     0.004671      2746355 
   54.900    -0.061440    -0.000399    -0.000402      2722654 
   55.000    -0.378571    -0.002461    -0.002476      2723404 
   55.100     0.195897     0.001252     0.001273      2716512 
   55.200    -0.321061    -0.002101    -0.002097      2714359 
   55.300     0.729345     0.004741     0.004739      2739169 
   55.400     0.118206     0.000776     0.000767      2714303 
   55.500    -0.772048    -0.004993    -0.004989      2717684 
   55.600    -0.221571    -0.001440    -0.001444      2722920 
   55.700    -0.544701    -0.003638    -0.003585      2714510 
   55.800    -0.701094    -0.004627    -0.004590      2690487 
   55.900     0.200189     0.001327     0.001313      2688647 
   56.000     0.057835     0.000374     0.000374      2711327 
   56.100     0.163494     0.001068     0.001069      2687231 
   56.200    -0.646382    -0.004341    -0.004294      2679767 
   56.300    -0.150918    -0.000997    -0.000998      2686695 
   56.400    -0.162439    -0.001077    -0.001071      2689045 
   56.500    -0.532963    -0.003502    -0.003494      2711561 
   56.600    -0.138162    -0.000898    -0.000899      2706099 
   56.700    -0.414933    -0.002676    -0.002705      2694580 
   56.800    -0.529107    -0.003426    -0.003442      2692310 
   56.900    -0.338757    -0.002226    -0.002217      2684079 
   57.000    -0.027048    -0.000177    -0.000177      2661560 
   57.100     0.662508     0.004420     0.004392      2650057 
   57.200     0.143161     0.000955     0.000952      2663570 
   57.300    -0.608731    -0.004007    -0.003994      2667248 
   57.400    -0.261154    -0.001701    -0.001717      2639615 
   57.500     0.209414     0.001394     0.001384      2651192 
   57.600    -0.326785    -0.002168    -0.002172      2638692 
   57.700     0.258297     0.001698     0.001685      2651900 
   57.800     0.348411     0.002258     0.002270      2650456 
   57.900     0.460254     0.003100     0.003085      2619914 
   58.000     0.100478     0.000666     0.000665      2648231 
   58.100     0.097621     0.000642     0.000645      2639321 
   58.200     0.570310     0.003837     0.003785      2633082 
   58.300     0.718060     0.004798     0.004776      2623915 
   58.400     0.070131     0.000468     0.000464      2623237 
   58.500     0.876867     0.005947     0.005868      2625394 
   58.600     0.842082     0.005666     0.005611      2622795 
   58.700    -0.018458    -0.000125    -0.000123      2623644 
   58.800     0.123468     0.000833     0.000817      2632092 
   58.900     0.323438     0.002147     0.002150      2596008 
   59.000     0.670356     0.004569     0.004503      2593844 
   59.100     0.103346     0.000693     0.000694      2576615 
   59.200     0.772177     0.005223     0.005203      2580676 
   59.300     0.616329     0.004102     0.004073      2608652 
   59.400     0.961224     0.006540     0.006437      2602141 
   59.500    -0.020327    -0.000137    -0.000136      2608750 
   59.600     0.028257     0.000191     0.000189      2591458 
   59.700     0.383893     0.002623     0.002600      2572695 
   59.800    -0.099770    -0.000680    -0.000679      2592992 
   59.900    -0.800751    -0.005550    -0.005443      2587926 
   60.000     0.109531     0.000745     0.000739      2581124 
   60.100     0.074699     0.000502     0.000501      2568052 
   60.200    -0.065327    -0.000437    -0.000436      2595686 
   60.300    -0.029377    -0.000198    -0.000199      2555947 
   60.400     0.136946     0.000911     0.000919      2566814 
   60.500     0.099710     0.000677     0.000676      2555734 
   60.600     0.732884     0.004990     0.004992      2562425 
   60.700     0.514987     0.003474     0.003497      2588702 
   60.800     0.059849     0.000401     0.000401      2582481 
   60.900    -0.413154    -0.002801    -0.002794      2555934 
   61.000    -0.170090    -0.001148    -0.001144      2550816 
   61.100     0.350857     0.002360     0.002352      2532997 
   61.200     0.326134     0.002205     0.002192      2521915 
   61.300     0.123885     0.000838     0.000837      2531468 
   61.400    -0.238747    -0.001614    -0.001596      2527843 
   61.500    -0.327952    -0.002208    -0.002186      2555859 
   61.600     0.121319     0.000834     0.000829      2529777 
   61.700     0.163253     0.001119     0.001118      2516461 
   61.800    -0.327475    -0.002222    -0.002237      2511660 
   61.900    -0.231259    -0.001585    -0.001583      2512762 
   62.000    -0.015639    -0.000108    -0.000106      2502367 
   62.100     0.100096     0.000677     0.000675      2500293 
   62.200     0.442397     0.003004     0.002971      2524839 
   62.300    -0.325299    -0.002237    -0.002208      2514619 
   62.400     0.105730     0.000729     0.000720      2496278 
   62.500    -0.345284    -0.002370    -0.002364      2477843 
   62.600    -0.789107    -0.005502    -0.005417      2471404 
   62.700    -0.644525    -0.004397    -0.004387      2499563 
   62.800    -0.672787    -0.004633    -0.004639      2476814 
   62.900    -0.721953    -0.005027    -0.005005      2480676 
   63.000    -0.290335    -0.002015    -0.002004      2469750 
   63.100     0.765459     0.005233     0.005210      2478798 
   63.200    -0.074497    -0.000511    -0.000507      2507414 
   63.300     0.249760     0.001714     0.001706      2496709 
   63.400     0.316966     0.002204     0.002180      2460287 
   63.500     0.100028     0.000687     0.000683      2473463 
   63.600     0.875417     0.006099     0.005982      2487766 
   63.700    -0.503387    -0.003501    -0.003468      2488338 
   63.800    -0.462697    -0.003201    -0.003178      2479032 
   63.900    -0.068555    -0.000476    -0.000473      2468147 
   64.000    -0.025948    -0.000181    -0.000180      2430443 
   64.100    -0.396528    -0.002752    -0.002733      2454188 
   64.200     0.191700     0.001330     0.001333      2460279 
   64.300     0.293129     0.002063     0.002051      2449461 
   64.400     0.271071     0.001877     0.001883      2436824 
   64.500     0.180336     0.001250     0.001247      2431342 
   64.600    -0.542247    -0.003748    -0.003767      2441825 
   64.700    -0.952781    -0.006628    -0.006630      2444858 
   64.800    -0.709397    -0.004919    -0.004895      2427948 
   64.900    -0.518728    -0.003701    -0.003623      2415078 
   65.000    -0.369870    -0.002639    -0.002599      2411025 
   65.100    -0.410972    -0.002905    -0.002886      2431195 
   65.200    -0.845526    -0.006002    -0.005952      2417661 
   65.300    -0.117758    -0.000843    -0.000829      2427199 
   65.400    -0.908249    -0.006374    -0.006348      2416146 
   65.500     0.345869     0.002426     0.002404      2427799 
   65.600    -0.613555    -0.004274    -0.004298      2417873 
   65.700    -0.893459    -0.006417    -0.006310      2408549 
   65.800     0.320497     0.002270     0.002242      2418109 
   65.900     0.488757     0.003462     0.003476      2399673 
   66.000     0.173966     0.001229     0.001224      2399800 
   66.100     1.140428     0.008101     0.008039      2392391 
   66.200     0.532776     0.003718     0.003703      2389689 
   66.300    -0.425651    -0.003006    -0.002976      2384949 
   66.400     0.117508     0.000827     0.000827      2395785 
   66.500     0.499258     0.003494     0.003478      2379243 
   66.600     0.458500     0.003254     0.003222      2380076 
   66.700     0.564831     0.003968     0.003925      2418012 
   66.800     0.085533     0.000599     0.000599      2391373 
   66.900     0.850564     0.005940     0.005918      2393341 
   67.000     0.675787     0.004754     0.004768      2387087 
   67.100    -0.247025    -0.001710    -0.001711      2382766 
   67.200    -0.081036    -0.000564    -0.000561      2375540 
   67.300    -0.108627    -0.000758    -0.000754      2387929 
   67.400     0.093577     0.000664     0.000658      2380140 
   67.500     0.244876     0.001736     0.001711      2385539 
   67.600     1.014179     0.007201     0.007134      2356229 
   67.700     0.344386     0.002418     0.002395      2361463 
   67.800     0.152097     0.001069     0.001065      2357242 
   67.900    -0.185642    -0.001293    -0.001303      2370252 
   68.000     0.414368     0.002920     0.002955      2358031 
   68.100     0.410936     0.002890     0.002888      2354348 
   68.200     0.367417     0.002619     0.002612      2361631 
   68.300     0.089653     0.000645     0.000644      2347303 
   68.400    -0.616747    -0.004439    -0.004362      2338872 
   68.500    -0.846576    -0.006022    -0.005976      2345308 
   68.600    -0.437545    -0.003089    -0.003074      2319269 
   68.700    -0.184040    -0.001299    -0.001294      2338719 
   68.800    -0.289398    -0.002044    -0.002053      2353197 
   68.900    -0.043639    -0.000304    -0.000307      2337432 
   69.000    -0.172756    -0.001217    -0.001214      2326455 
   69.100     0.099101     0.000698     0.000706      2345646 
   69.200    -0.330218    -0.002307    -0.002341      2325014 
   69.300    -0.166616    -0.001181    -0.001170      2312371 
   69.400     0.541653     0.003884     0.003841      2318203 
   69.500     0.469542     0.003325     0.003284      2320140 
   69.600    -0.092765    -0.000658    -0.000656      2310810 
   69.700    -0.206638    -0.001466    -0.001470      2320766 
   69.800    -0.955458    -0.006849    -0.006804      2291008 
   69.900    -0.778904    -0.005559    -0.005576      2289217 
   70.000    -0.029528    -0.000212    -0.000212      2277393 
   70.100    -0.337714    -0.002420    -0.002422      2309107 
   70.200     0.205261     0.001441     0.001457      2301181 
   70.300    -0.090190    -0.000637    -0.000639      2291708 
   70.400     0.547829     0.003946     0.003911      2290700 
   70.500     0.111828     0.000796     0.000794      2283809 
   70.600     0.689083     0.004921     0.004934      2268295 
   70.700    -0.013112    -0.000092    -0.000093      2283408 
   70.800     0.035281     0.000250     0.000249      2281128 
   70.900     0.401295     0.002848     0.002845      2285018 
   71.000     0.488263     0.003463     0.003448      2278711 
   71.100     0.198598     0.001409     0.001401      2279787 
   71.200     0.150134     0.001096     0.001079      2248556 
   71.300    -0.112673    -0.000820    -0.000816      2263379 
   71.400    -0.423610    -0.002997    -0.003039      2281393 
   71.500     0.393042     0.002841     0.002849      2274674 
   71.600     0.213559     0.001511     0.001514      2280704 
   71.700     0.482487     0.003508     0.003482      2275406 
   71.800     0.289170     0.002083     0.002079      2249382 
   71.900    -0.188056    -0.001324    -0.001338      2259157 
   72.000     0.369951     0.002652     0.002615      2287219 
   72.100     0.199996     0.001423     0.001431      2255502 
   72.200    -0.035157    -0.000252    -0.000254      2240526 
   72.300     0.667969     0.004860     0.004828      2253155 
   72.400     0.161399     0.001169     0.001158      2247451 
   72.500     0.825415     0.005929     0.005892      2252687 
   72.600     0.378388     0.002714     0.002715      2256795 
   72.700     0.194710     0.001411     0.001398      2244376 
   72.800     0.134631     0.000988     0.000984      2225823 
   72.900     0.209211     0.001488     0.001491      2259443 
   73.000     0.595646     0.004275     0.004269      2238255 
   73.100     0.986259     0.007106     0.007097      2239945 
   73.200     0.361540     0.002685     0.002641      2210003 
   73.300     0.009062     0.000066     0.000066      2221264 
   73.400     0.406785     0.002936     0.002943      2232503 
   73.500     0.885904     0.006333     0.006370      2206414 
   73.600     0.608008     0.004414     0.004405      2213455 
   73.700     0.318910     0.002321     0.002306      2233600 
   73.800     0.096616     0.000707     0.000703      2227469 
   73.900     0.326490     0.002422     0.002394      2199968 
   74.000     0.350543     0.002628     0.002589      2190883 
   74.100    -0.506600    -0.003736    -0.003727      2200597 
   74.200    -0.504501    -0.003735    -0.003705      2214602 
   74.300    -0.639234    -0.004741    -0.004728      2196958 
   74.400    -0.096195    -0.000714    -0.000712      2183237 
   74.500     0.358141     0.002636     0.002625      2189879 
   74.600     0.500462     0.003641     0.003666      2180168 
   74.700     0.784392     0.005801     0.005756      2161644 
   74.800     0.504437     0.003734     0.003693      2147043 
   74.900    -0.365133    -0.002701    -0.002667      2162093 
   75.000    -0.030089    -0.000223    -0.000220      2143508 
   75.100    -0.773707    -0.005677    -0.005632      2155088 
   75.200    -0.641354    -0.004645    -0.004645      2151179 
   75.300    -1.155180    -0.008292    -0.008352      2165595 
   75.400     0.109547     0.000799     0.000801      2145133 
   75.500     0.789449     0.005828     0.005793      2129214 
   75.600     0.019509     0.000142     0.000142      2150970 
   75.700    -0.319171    -0.002299    -0.002317      2159453 
   75.800    -0.341424    -0.002523    -0.002537      2129239 
   75.900    -0.468169    -0.003465    -0.003459      2124036 
   76.000     0.149985     0.001138     0.001115      2106039 
   76.100     0.745625     0.005527     0.005442      2116595 
   76.200     0.740940     0.005500     0.005406      2131631 
   76.300     0.727751     0.005411     0.005341      2136511 
   76.400     0.977834     0.007245     0.007172      2141411 
   76.500     1.176311     0.008868     0.008798      2112813 
   76.600     0.757498     0.005655     0.005632      2099539 
   76.700     0.302725     0.002230     0.002232      2102430 
   76.800     0.793550     0.005860     0.005895      2093863 
   76.900    -0.107880    -0.000794    -0.000795      2106599 
   77.000     0.622520     0.004639     0.004621      2103656 
   77.100    -0.079428    -0.000588    -0.000585      2100117 
   77.200    -0.665550    -0.004899    -0.004876      2119468 
   77.300     0.281799     0.002091     0.002092      2107685 
   77.400     0.113768     0.000842     0.000843      2105851 
   77.500    -0.363145    -0.002759    -0.002729      2093879 
   77.600    -0.420078    -0.003149    -0.003119      2082941 
   77.700     0.221084     0.001666     0.001651      2088095 
   77.800     0.574319     0.004302     0.004266      2091893 
   77.900    -0.088537    -0.000673    -0.000659      2096505 
   78.000    -0.046842    -0.000353    -0.000350      2094786 
   78.100     0.075376     0.000554     0.000558      2099562 
   78.200    -0.815711    -0.006104    -0.006017      2086465 
   78.300    -0.500186    -0.003799    -0.003742      2062114 
   78.400     0.508851     0.003848     0.003809      2066383 
   78.500     0.169217     0.001285     0.001268      2088911 
   78.600     0.525086     0.004008     0.003949      2076563 
   78.700     0.554729     0.004194     0.004141      2101504 
   78.800     0.049537     0.000376     0.000369      2078264 
   78.900    -0.046783    -0.000360    -0.000350      2076855 
   79.000    -0.596309    -0.004468    -0.004474      2057959 
   79.100    -0.039553    -0.000294    -0.000296      2077610 
   79.200    -0.197301    -0.001489    -0.001479      2052080 
   79.300    -0.285080    -0.002137    -0.002124      2058153 
   79.400    -0.935422    -0.007016    -0.006962      2061669 
   79.500     0.254986     0.001912     0.001911      2038711 
   79.600    -0.404540    -0.003050    -0.003033      2031442 
   79.700    -0.298580    -0.002304    -0.002277      2040054 
   79.800     0.543605     0.004098     0.004115      2041187 
   79.900    -0.305880    -0.002338    -0.002323      2034475 
   80.000    -0.513817    -0.003883    -0.003858      2064677 
   80.100    -0.370756    -0.002824    -0.002802      2042148 
   80.200    -0.174700    -0.001326    -0.001320      2046840 
   80.300    -0.106425    -0.000817    -0.000804      2049007 
   80.400    -0.421129    -0.003331    -0.003251      2044781 
   80.500    -0.597727    -0.004700    -0.004562      2040273 
   80.600    -0.361497    -0.002830    -0.002768      2031323 
   80.700     0.215208     0.001663     0.001640      2010902 
   80.800     0.469442     0.003624     0.003561      2035740 
   80.900     0.279533     0.002173     0.002130      2037266 
   81.000     0.028181     0.000217     0.000214      2023393 
   81.100    -0.050429    -0.000381    -0.000383      2011964 
   81.200    -0.409884    -0.003170    -0.003147      1989371 
   81.300     0.438127     0.003380     0.003331      2001661 
   81.400     0.373112     0.002928     0.002890      1994317 
   81.500    -0.228680    -0.001758    -0.001753      1998283 
   81.600    -0.626653    -0.004850    -0.004784      1980389 
   81.700    -0.850364    -0.006595    -0.006527      1971723 
   81.800    -0.190897    -0.001491    -0.001478      1967839 
   81.900     0.398152     0.003057     0.003082      1978510 
   82.000     0.376188     0.002954     0.002903      1972303 
   82.100     0.934208     0.007368     0.007237      1956996 
   82.200     0.360470     0.002858     0.002797      1948033 
   82.300     0.479593     0.003873     0.003757      1953494 
   82.400     0.703537     0.005601     0.005481      1967352 
   82.500     0.318964     0.002539     0.002480      1964166 
   82.600    -0.195548    -0.001552    -0.001519      1959697 
   82.700    -0.171532    -0.001359    -0.001338      1956310 
   82.800    -0.026071    -0.000203    -0.000201      1941330 
   82.900    -0.025654    -0.000204    -0.000199      1940977 
   83.000     0.684831     0.005389     0.005349      1943893 
   83.100    -0.078103    -0.000633    -0.000617      1940845 
   83.200    -0.169245    -0.001353    -0.001325      1949594 
   83.300    -0.636394    -0.005117    -0.005014      1910854 
   83.400    -0.534290    -0.004261    -0.004184      1936870 
   83.500    -0.322093    -0.002566    -0.002534      1916743 
   83.600    -0.991238    -0.007760    -0.007685      1928646 
   83.700    -0.460957    -0.003646    -0.003590      1940131 
   83.800    -0.067067    -0.000535    -0.000528      1917357 
   83.900    -0.240294    -0.001894    -0.001875      1915976 
   84.000     0.063159     0.000491     0.000490      1916064 
   84.100    -0.102788    -0.000809    -0.000800      1909563 
   84.200     0.315975     0.002533     0.002473      1917254 
   84.300     0.406771     0.003233     0.003162      1913734 
   84.400    -0.350027    -0.002726    -0.002749      1901915 
   84.500    -0.811696    -0.006342    -0.006222      1907382 
   84.600     0.124290     0.000978     0.000952      1899144 
   84.700    -0.173424    -0.001369    -0.001353      1900726 
   84.800    -0.014425    -0.000114    -0.000113      1919394 
   84.900    -0.515412    -0.004129    -0.004059      1908452 
   85.000     0.087766     0.000695     0.000690      1894194 
   85.100     0.340414     0.002679     0.002644      1906754 
   85.200     0.056547     0.000447     0.000441      1915553 
   85.300    -0.036516    -0.000292    -0.000289      1898064 
   85.400     0.374186     0.002974     0.002936      1899190 
   85.500     0.490610     0.003923     0.003891      1897935 
   85.600     0.262870     0.002088     0.002071      1906979 
   85.700    -0.155955    -0.001230    -0.001225      1891354 
   85.800    -0.200977    -0.001601    -0.001601      1889556 
   85.900     0.242970     0.001905     0.001900      1892854 
   86.000    -0.055752    -0.000440    -0.000432      1890274 
   86.100     0.246075     0.001959     0.001920      1892707 
   86.200     0.715945     0.005641     0.005567      1890215 
   86.300     0.005454     0.000043     0.000043      1878526 
   86.400     0.407957     0.003245     0.003193      1892827 
   86.500     0.233248     0.001843     0.001835      1890555 
   86.600     0.430142     0.003497     0.003421      1871524 
   86.700     0.192676     0.001520     0.001502      1881592 
   86.800     0.601095     0.004715     0.004674      1881078 
   86.900    -0.149806    -0.001201    -0.001174      1875035 
   87.000    -0.817913    -0.006492    -0.006443      1851512 
   87.100    -0.095612    -0.000750    -0.000752      1864095 
   87.200     0.120809     0.000949     0.000947      1860668 
   87.300    -0.732562    -0.005732    -0.005787      1855386 
   87.400    -0.479405    -0.003885    -0.003814      1844733 
   87.500    -0.209634    -0.001711    -0.001692      1847384 
   87.600    -0.944679    -0.007719    -0.007638      1857087 
   87.700    -0.367383    -0.002988    -0.002965      1844919 
   87.800    -0.789673    -0.006277    -0.006276      1845636 
   87.900    -0.721799    -0.005833    -0.005754      1842764 
   88.000    -0.674416    -0.005392    -0.005404      1825296 
   88.100    -0.606054    -0.004793    -0.004803      1830711 
   88.200    -0.373469    -0.002969    -0.002970      1823925 
   88.300    -0.494468    -0.003957    -0.003954      1819847 
   88.400     0.119259     0.000969     0.000960      1810244 
   88.500    -0.326005    -0.002656    -0.002654      1813082 
   88.600    -0.779491    -0.006324    -0.006295      1825845 
   88.700    -0.907091    -0.007274    -0.007247      1809930 
   88.800    -0.598233    -0.004812    -0.004794      1817216 
   88.900    -1.390935    -0.011187    -0.011038      1815463 
   89.000    -1.475736    -0.011809    -0.011640      1809918 
   89.100    -0.631096    -0.005089    -0.005099      1786007 
   89.200    -0.267194    -0.002138    -0.002157      1802889 
   89.300     0.345953     0.002754     0.002797      1791473 
   89.400    -0.783274    -0.006350    -0.006365      1808044 
   89.500    -1.105932    -0.009133    -0.009060      1793727 
   89.600    -0.476877    -0.003870    -0.003878      1795970 
   89.700     0.276673     0.002258     0.002257      1797689 
   89.800     0.667957     0.005504     0.005348      1791336 
   89.900    -0.672689    -0.005506    -0.005384      1798251 
   90.000    -1.070472    -0.008758    -0.008604      1789083 
   90.100    -0.599510    -0.004919    -0.004892      1782604 
   90.200    -0.440049    -0.003635    -0.003578      1768428 
   90.300    -0.011249    -0.000091    -0.000090      1765498 
   90.400    -0.908344    -0.007323    -0.007262      1759481 
   90.500    -0.780114    -0.006315    -0.006267      1760562 
   90.600    -0.991016    -0.008214    -0.008118      1755146 
   90.700    -0.517804    -0.004285    -0.004202      1762499 
   90.800    -0.559435    -0.004645    -0.004586      1758598 
   90.900    -0.358795    -0.002965    -0.002958      1766856 
   91.000    -0.981601    -0.008106    -0.007973      1757396 
   91.100    -0.315852    -0.002606    -0.002600      1760939 
   91.200    -0.947181    -0.007746    -0.007728      1748028 
   91.300    -0.180752    -0.001503    -0.001469      1737953 
   91.400    -0.938242    -0.007900    -0.007743      1721849 
   91.500    -0.067175    -0.000550    -0.000555      1744128 
   91.600     0.137653     0.001154     0.001149      1726943 
   91.700    -0.397594    -0.003333    -0.003324      1722002 
   91.800    -0.772514    -0.006420    -0.006373      1747781 
   91.900    -0.438275    -0.003595    -0.003579      1741187 
   92.000    -0.318818    -0.002617    -0.002599      1725249 
   92.100     0.106285     0.000880     0.000876      1742686 
   92.200     0.088300     0.000733     0.000731      1720546 
   92.300    -0.059552    -0.000492    -0.000489      1708714 
   92.400     0.035061     0.000293     0.000291      1709564 
   92.500    -0.030885    -0.000258    -0.000257      1708624 
   92.600    -0.133272    -0.001102    -0.001098      1695942 
   92.700    -0.279505    -0.002351    -0.002304      1691318 
   92.800    -0.630253    -0.005294    -0.005217      1691222 
   92.900    -1.036784    -0.008562    -0.008511      1719197 
   93.000     0.110754     0.000928     0.000925      1702127 
   93.100     1.729868     0.014670     0.014448      1682686 
   93.200     0.208896     0.001791     0.001761      1706804 
   93.300     0.365344     0.003083     0.003044      1696145 
   93.400    -0.743816    -0.006215    -0.006125      1689652 
   93.500    -0.092837    -0.000786    -0.000776      1695721 
   93.600     0.535944     0.004593     0.004515      1687909 
   93.700    -0.315493    -0.002673    -0.002631      1674672 
   93.800    -0.042825    -0.000365    -0.000361      1652375 
   93.900     0.289398     0.002441     0.002438      1675117 
   94.000    -0.161545    -0.001378    -0.001376      1660151 
   94.100     0.478559     0.004110     0.004086      1659819 
   94.200     0.051180     0.000433     0.000434      1658980 
   94.300     0.586972     0.004886     0.004897      1670994 
   94.400     0.177109     0.001525     0.001490      1650422 
   94.500     0.689370     0.005716     0.005664      1655748 
   94.600    -0.064729    -0.000538    -0.000540      1657498 
   94.700     0.349692     0.002928     0.002920      1644567 
   94.800     0.369166     0.003175     0.003111      1643409 
   94.900     0.175325     0.001498     0.001500      1637606 
   95.000     1.302108     0.010850     0.010854      1657141 
   95.100    -0.111073    -0.000931    -0.000928      1648635 
   95.200     0.478287     0.004025     0.003989      1657576 
   95.300     0.657719     0.005622     0.005514      1630555 
   95.400     0.425950     0.003658     0.003597      1652943 
   95.500     0.398535     0.003466     0.003394      1641277 
   95.600     1.069020     0.009212     0.009056      1636359 
   95.700     1.534384     0.013200     0.012963      1646255 
   95.800     0.663654     0.005837     0.005712      1624692 
   95.900     0.672310     0.005705     0.005637      1642922 
   96.000     0.512493     0.004348     0.004339      1640682 
   96.100    -0.500157    -0.004225    -0.004181      1655676 
   96.200     0.252999     0.002135     0.002127      1637335 
   96.300     0.184490     0.001587     0.001544      1644290 
   96.400    -0.138148    -0.001193    -0.001174      1615857 
   96.500    -0.118109    -0.001001    -0.000988      1646202 
   96.600    -0.617105    -0.005323    -0.005187      1630545 
   96.700    -0.637828    -0.005517    -0.005359      1612579 
   96.800    -0.516744    -0.004476    -0.004342      1604424 
   96.900    -0.458357    -0.003989    -0.003865      1613761 
   97.000     0.021871     0.000193     0.000185      1604983 
   97.100     0.253071     0.002178     0.002125      1613263 
   97.200    -0.140529    -0.001211    -0.001184      1609104 
   97.300    -0.763662    -0.006469    -0.006419      1610524 
   97.400     0.291464     0.002513     0.002450      1605030 
   97.500     0.105767     0.000914     0.000896      1595115 
   97.600    -0.401528    -0.003528    -0.003424      1588614 
   97.700     0.142511     0.001246     0.001227      1592794 
   97.800     0.312317     0.002723     0.002660      1598039 
   97.900    -0.172757    -0.001483    -0.001467      1586629 
   98.000    -0.503927    -0.004369    -0.004254      1589639 
   98.100    -0.135081    -0.001170    -0.001144      1590690 
   98.200     0.082289     0.000712     0.000692      1585592 
   98.300     0.381785     0.003272     0.003221      1598881 
   98.400     0.384791     0.003315     0.003266      1604135 
   98.500    -0.556491    -0.004787    -0.004735      1591591 
   98.600    -0.262675    -0.002296    -0.002275      1553930 
   98.700    -0.029362    -0.000258    -0.000253      1569112 
   98.800    -0.509951    -0.004549    -0.004399      1567347 
   98.900     0.156919     0.001425     0.001372      1548258 
   99.000     0.379312     0.003405     0.003287      1550462 
   99.100     0.078119     0.000683     0.000668      1557674 
   99.200     0.479604     0.004252     0.004141      1552033 
   99.300     0.579868     0.005137     0.005030      1541072 
   99.400     0.111544     0.000987     0.000963      1549605 
   99.500     0.223551     0.001984     0.001944      1558044 
   99.600    -0.231656    -0.002127    -0.002046      1544724 
   99.700     0.324150     0.002862     0.002810      1541698 
   99.800    -0.403938    -0.003565    -0.003534      1549404 
   99.900     0.574072     0.005093     0.004972      1532736 
  100.000     0.407117     0.003619     0.003582      1520887 
