fitting 1 exponentials + affine
seed: 6073257466 
   13.435244 
    0.677 
   13.057872 
    0.745 
   12.797383 
    0.789 
   12.559478 
    0.831 
   12.416014 
    0.863 
   12.372819 
    0.882 
   12.370766 
    0.884 
   12.369018 
    0.890 
   12.368941 
    0.888 
   12.368919 
    0.890 
   12.368894 
    0.889 
   12.368891 
    0.889 
   12.368891 
    0.889 
   12.368891 
    0.889 
   12.368891 
    0.889 
    0.889 
nagopt ncall: 1  oldvalue:     12.368890545 newvalue:    12.368890545
   12.368891 
    0.888999732 
error sd:     0.003517
halflife:     5.891 
mean (generations):   117.658 
    0.049379911    -0.000040657 
##end of run
