 ##Z-score and correlation:: ../../ancpop.list  binsize:     0.001000
    0.100    32.465329     0.170794     0.171454      5845721 
    0.200     9.735242     0.053362     0.053779      4349047 
    0.300     7.044917     0.037385     0.037765      4337738 
    0.400     6.007836     0.031452     0.031680      4282699 
    0.500     5.121239     0.027023     0.026975      4243582 
    0.600     4.485912     0.023483     0.023580      4225130 
    0.700     4.240240     0.022172     0.022335      4215047 
    0.800     3.491144     0.018358     0.018501      4191965 
    0.900     3.108872     0.016212     0.016348      4189362 
    1.000     3.594440     0.018686     0.018848      4189681 
    1.100     2.793302     0.014789     0.014711      4160954 
    1.200     2.189531     0.011304     0.011417      4179018 
    1.300     2.385748     0.012611     0.012642      4149021 
    1.400     1.870964     0.009927     0.009945      4111830 
    1.500     0.804543     0.004286     0.004271      4113453 
    1.600     1.002222     0.005324     0.005315      4117849 
    1.700     2.465996     0.013013     0.012937      4119602 
    1.800     1.267543     0.006667     0.006672      4109070 
    1.900     0.948064     0.004992     0.005024      4100449 
    2.000     0.853463     0.004542     0.004532      4082814 
    2.100     1.247947     0.006601     0.006570      4086704 
    2.200     1.082861     0.005662     0.005684      4090661 
    2.300     0.681321     0.003587     0.003579      4085597 
    2.400    -0.323646    -0.001702    -0.001704      4073991 
    2.500     0.097783     0.000512     0.000516      4057447 
    2.600     0.777991     0.004059     0.004107      4049518 
    2.700     0.488462     0.002552     0.002575      4022477 
    2.800     0.332949     0.001775     0.001761      4037531 
    2.900     0.094148     0.000501     0.000500      4042025 
    3.000    -0.836002    -0.004451    -0.004507      4036086 
    3.100    -0.646983    -0.003432    -0.003453      4036852 
    3.200    -0.117645    -0.000633    -0.000632      4039899 
    3.300     0.422677     0.002281     0.002260      4027770 
    3.400     0.004287     0.000023     0.000023      4029939 
    3.500     0.111845     0.000597     0.000596      4031106 
    3.600    -0.871575    -0.004659    -0.004649      4022493 
    3.700     0.269941     0.001442     0.001438      4013089 
    3.800    -0.067242    -0.000361    -0.000360      4009236 
    3.900     0.305726     0.001650     0.001650      3986507 
    4.000     0.054191     0.000292     0.000292      3985003 
    4.100     0.371805     0.002030     0.002011      3985777 
    4.200     0.502364     0.002711     0.002720      3980388 
    4.300     0.080134     0.000433     0.000433      3984376 
    4.400     0.147354     0.000793     0.000787      3961354 
    4.500     0.540213     0.002907     0.002893      3979899 
    4.600    -0.157439    -0.000846    -0.000845      3969251 
    4.700     0.087940     0.000474     0.000473      3973878 
    4.800     0.675726     0.003627     0.003612      3980875 
    4.900     0.373121     0.002017     0.001998      3966655 
    5.000     0.260289     0.001386     0.001381      3976229 
    5.100     0.379476     0.002044     0.002031      3956205 
    5.200    -0.000261    -0.000001    -0.000001      3977293 
    5.300    -0.029538    -0.000162    -0.000159      3943555 
    5.400     0.050745     0.000274     0.000271      3975384 
    5.500    -0.079164    -0.000429    -0.000426      3950498 
    5.600     0.525307     0.002808     0.002805      3949675 
    5.700     0.421970     0.002285     0.002280      3922765 
    5.800     0.551803     0.002954     0.002969      3909530 
    5.900    -0.139769    -0.000754    -0.000753      3929087 
    6.000     0.290084     0.001559     0.001568      3944350 
    6.100     0.186923     0.001020     0.001018      3941015 
    6.200    -0.005147    -0.000028    -0.000028      3947263 
    6.300     0.196422     0.001051     0.001046      3952632 
    6.400    -0.028384    -0.000153    -0.000152      3948992 
    6.500    -0.186420    -0.001008    -0.000998      3941074 
    6.600     0.058130     0.000308     0.000309      3939480 
    6.700    -0.011829    -0.000063    -0.000063      3922397 
    6.800    -0.944021    -0.005095    -0.005087      3916533 
    6.900    -0.831631    -0.004482    -0.004463      3914731 
    7.000    -1.132314    -0.006058    -0.006045      3949130 
    7.100    -1.899738    -0.010126    -0.010180      3915023 
    7.200    -0.436778    -0.002318    -0.002317      3962061 
    7.300    -0.527606    -0.002845    -0.002826      3932157 
    7.400    -0.519124    -0.002763    -0.002758      3936374 
    7.500    -0.376320    -0.002007    -0.002010      3939029 
    7.600    -1.009460    -0.005404    -0.005389      3914073 
    7.700    -0.223828    -0.001204    -0.001196      3931378 
    7.800     0.125718     0.000666     0.000664      3922416 
    7.900     0.045308     0.000245     0.000243      3897985 
    8.000    -0.533218    -0.002859    -0.002845      3928080 
    8.100     0.478436     0.002583     0.002567      3907562 
    8.200    -0.273354    -0.001486    -0.001479      3924345 
    8.300    -0.503278    -0.002720    -0.002707      3930981 
    8.400     0.157114     0.000860     0.000849      3946595 
    8.500    -0.439064    -0.002372    -0.002351      3937056 
    8.600     0.353687     0.001903     0.001899      3903191 
    8.700     0.214016     0.001166     0.001161      3908980 
    8.800    -0.143285    -0.000763    -0.000764      3911990 
    8.900     0.501616     0.002692     0.002676      3936557 
    9.000     0.369579     0.001991     0.001981      3915492 
    9.100     0.554614     0.003006     0.002987      3900237 
    9.200     0.241867     0.001317     0.001304      3883142 
    9.300    -0.296261    -0.001578    -0.001591      3898718 
    9.400     0.701277     0.003806     0.003792      3895985 
    9.500     0.639792     0.003425     0.003423      3878646 
    9.600     0.556654     0.002999     0.002981      3892444 
    9.700     0.760584     0.004071     0.004073      3874753 
    9.800     0.212005     0.001140     0.001143      3864594 
    9.900    -0.312026    -0.001673    -0.001676      3886103 
   10.000     0.717537     0.003883     0.003868      3876817 
   10.100     0.716292     0.003818     0.003831      3882786 
   10.200     0.639223     0.003416     0.003436      3886957 
   10.300     0.781421     0.004191     0.004205      3880871 
   10.400     0.654063     0.003506     0.003486      3865468 
   10.500    -0.152575    -0.000822    -0.000823      3852100 
   10.600    -0.172765    -0.000930    -0.000930      3866673 
   10.700    -0.627060    -0.003460    -0.003465      3854747 
   10.800    -1.144563    -0.006285    -0.006286      3860965 
   10.900     0.050409     0.000275     0.000274      3858252 
   11.000     0.206234     0.001110     0.001119      3847733 
   11.100     0.510531     0.002778     0.002764      3841627 
   11.200    -0.299417    -0.001631    -0.001622      3836654 
   11.300    -0.132938    -0.000717    -0.000716      3864090 
   11.400    -0.672999    -0.003672    -0.003648      3870214 
   11.500    -0.757116    -0.004131    -0.004106      3868269 
   11.600     0.043825     0.000240     0.000238      3862688 
   11.700    -0.077224    -0.000425    -0.000421      3823752 
   11.800    -0.444261    -0.002455    -0.002448      3798839 
   11.900    -0.796065    -0.004353    -0.004362      3835870 
   12.000     0.279977     0.001531     0.001539      3828812 
   12.100     0.004733     0.000025     0.000026      3822093 
   12.200     0.059923     0.000325     0.000326      3844128 
   12.300    -0.374290    -0.002028    -0.002036      3825121 
   12.400    -0.181176    -0.000975    -0.000984      3825019 
   12.500    -0.581890    -0.003175    -0.003183      3857925 
   12.600    -0.633852    -0.003423    -0.003444      3859857 
   12.700    -0.139386    -0.000752    -0.000759      3824640 
   12.800     0.364499     0.001995     0.001985      3817200 
   12.900    -0.028184    -0.000153    -0.000153      3826151 
   13.000    -0.377110    -0.002047    -0.002054      3802404 
   13.100     0.601769     0.003231     0.003247      3789036 
   13.200     0.697831     0.003780     0.003767      3789723 
   13.300    -0.021828    -0.000117    -0.000118      3811332 
   13.400    -0.663040    -0.003643    -0.003625      3786374 
   13.500     0.634210     0.003495     0.003490      3782000 
   13.600     0.079088     0.000436     0.000434      3806899 
   13.700    -0.134248    -0.000732    -0.000728      3796515 
   13.800     0.111776     0.000613     0.000611      3808278 
   13.900     0.086415     0.000474     0.000473      3764391 
   14.000    -0.324748    -0.001746    -0.001765      3811283 
   14.100     0.073439     0.000404     0.000405      3792048 
   14.200     0.075623     0.000408     0.000414      3781459 
   14.300    -0.409149    -0.002224    -0.002224      3777982 
   14.400     0.008512     0.000047     0.000047      3775848 
   14.500    -0.628926    -0.003453    -0.003457      3778782 
   14.600    -0.379752    -0.002094    -0.002089      3775214 
   14.700     0.129352     0.000718     0.000711      3756706 
   14.800     0.387386     0.002121     0.002121      3760784 
   14.900    -0.150498    -0.000836    -0.000829      3776631 
   15.000    -0.089990    -0.000495    -0.000495      3747762 
   15.100    -0.053857    -0.000297    -0.000298      3776333 
   15.200     0.173803     0.000966     0.000960      3769458 
   15.300     0.057825     0.000319     0.000319      3769657 
   15.400    -0.518759    -0.002836    -0.002853      3778044 
   15.500    -0.301187    -0.001655    -0.001651      3785486 
   15.600     0.341654     0.001880     0.001858      3774903 
   15.700     0.040633     0.000224     0.000223      3726742 
   15.800    -0.737291    -0.004077    -0.004076      3748209 
   15.900    -0.429249    -0.002359    -0.002359      3751226 
   16.000     0.174228     0.000959     0.000960      3743482 
   16.100    -0.721643    -0.003934    -0.003944      3768607 
   16.200    -0.353659    -0.001939    -0.001939      3753554 
   16.300    -0.577871    -0.003198    -0.003212      3738926 
   16.400    -0.278960    -0.001526    -0.001535      3759897 
   16.500    -0.028999    -0.000157    -0.000158      3751265 
   16.600     0.201028     0.001096     0.001102      3752180 
   16.700    -0.533468    -0.002911    -0.002928      3718097 
   16.800     0.087507     0.000476     0.000480      3741195 
   16.900     0.386111     0.002117     0.002125      3729999 
   17.000    -0.756497    -0.004151    -0.004165      3736669 
   17.100    -0.012251    -0.000067    -0.000067      3768674 
   17.200    -0.693131    -0.003800    -0.003808      3749249 
   17.300     0.252120     0.001372     0.001400      3734550 
   17.400     0.656367     0.003606     0.003641      3746216 
   17.500    -0.306948    -0.001684    -0.001698      3729099 
   17.600     0.280192     0.001563     0.001557      3716393 
   17.700    -0.396972    -0.002207    -0.002202      3739768 
   17.800    -1.042815    -0.005739    -0.005762      3738507 
   17.900    -0.796285    -0.004429    -0.004408      3731721 
   18.000    -1.153810    -0.006396    -0.006383      3728584 
   18.100    -0.485725    -0.002680    -0.002672      3723973 
   18.200    -0.100488    -0.000556    -0.000554      3729891 
   18.300     0.282756     0.001558     0.001551      3736523 
   18.400    -0.198315    -0.001096    -0.001096      3732541 
   18.500    -0.767302    -0.004205    -0.004231      3735366 
   18.600    -0.897604    -0.004971    -0.004986      3705691 
   18.700    -0.739375    -0.004096    -0.004107      3701675 
   18.800    -0.647196    -0.003590    -0.003590      3733961 
   18.900    -0.718771    -0.003966    -0.003977      3726164 
   19.000     0.337948     0.001884     0.001893      3708210 
   19.100    -0.461431    -0.002557    -0.002562      3686836 
   19.200    -0.436209    -0.002393    -0.002423      3687050 
   19.300     0.182733     0.001001     0.001017      3690355 
   19.400     0.509992     0.002831     0.002839      3723163 
   19.500     0.063054     0.000346     0.000349      3722981 
   19.600    -0.111280    -0.000623    -0.000623      3676654 
   19.700     0.247265     0.001372     0.001378      3700569 
   19.800     0.158589     0.000885     0.000884      3716795 
   19.900    -0.693764    -0.003852    -0.003870      3693935 
   20.000    -0.522290    -0.002919    -0.002924      3676486 
   20.100    -0.450573    -0.002519    -0.002534      3673204 
   20.200     0.235073     0.001314     0.001318      3666741 
   20.300    -0.497680    -0.002751    -0.002735      3715512 
   20.400    -0.120048    -0.000673    -0.000669      3701193 
   20.500    -0.134811    -0.000745    -0.000750      3714590 
   20.600     0.132887     0.000740     0.000740      3703341 
   20.700     0.449157     0.002512     0.002512      3693414 
   20.800     0.181231     0.001009     0.001017      3666982 
   20.900     0.290553     0.001636     0.001633      3700381 
   21.000    -0.200875    -0.001115    -0.001121      3697630 
   21.100    -0.336334    -0.001871    -0.001884      3661344 
   21.200    -0.955946    -0.005173    -0.005262      3677858 
   21.300    -0.221293    -0.001218    -0.001237      3652061 
   21.400    -0.251917    -0.001389    -0.001399      3667787 
   21.500     0.847276     0.004711     0.004748      3677357 
   21.600     0.200179     0.001127     0.001124      3670490 
   21.700    -0.041360    -0.000232    -0.000233      3675182 
   21.800     0.478483     0.002658     0.002676      3686538 
   21.900     0.438471     0.002449     0.002458      3677143 
   22.000     0.079019     0.000447     0.000442      3639512 
   22.100    -0.126742    -0.000720    -0.000712      3626018 
   22.200    -0.275517    -0.001550    -0.001554      3627488 
   22.300    -0.291895    -0.001640    -0.001642      3648805 
   22.400    -0.611449    -0.003401    -0.003458      3650163 
   22.500    -0.225376    -0.001271    -0.001270      3667033 
   22.600    -0.454333    -0.002554    -0.002549      3655003 
   22.700    -0.299724    -0.001674    -0.001681      3655138 
   22.800     0.222599     0.001243     0.001245      3640559 
   22.900    -0.521884    -0.002961    -0.002951      3607779 
   23.000    -0.876244    -0.004886    -0.004920      3637443 
   23.100    -0.709776    -0.003948    -0.003963      3634831 
   23.200    -0.185229    -0.001033    -0.001045      3644974 
   23.300    -0.570291    -0.003177    -0.003184      3637883 
   23.400     0.414384     0.002309     0.002326      3643812 
   23.500     0.416156     0.002332     0.002338      3640221 
   23.600     0.059077     0.000333     0.000333      3635798 
   23.700    -0.359787    -0.002025    -0.002030      3620662 
   23.800     0.551439     0.003113     0.003109      3638826 
   23.900     0.475632     0.002677     0.002684      3629575 
   24.000     0.605077     0.003432     0.003427      3604874 
   24.100     0.000976     0.000006     0.000005      3635255 
   24.200     0.655130     0.003670     0.003674      3617646 
   24.300     1.025215     0.005804     0.005765      3614805 
   24.400     0.362219     0.002038     0.002038      3640488 
   24.500     1.200337     0.006606     0.006708      3624823 
   24.600     0.943098     0.005199     0.005258      3629156 
   24.700     0.982050     0.005500     0.005501      3637999 
   24.800     1.169581     0.006555     0.006585      3609221 
   24.900     0.136969     0.000773     0.000773      3605145 
   25.000    -0.192007    -0.001085    -0.001081      3607994 
   25.100     0.756655     0.004295     0.004260      3614706 
   25.200     0.798544     0.004531     0.004510      3604847 
   25.300    -0.133228    -0.000747    -0.000745      3632450 
   25.400    -0.223034    -0.001243    -0.001239      3636279 
   25.500     0.516587     0.002899     0.002897      3611175 
   25.600    -0.298791    -0.001664    -0.001676      3600561 
   25.700    -0.196785    -0.001109    -0.001108      3579832 
   25.800     0.029422     0.000163     0.000165      3582812 
   25.900    -0.106650    -0.000593    -0.000600      3580169 
   26.000     0.189515     0.001060     0.001068      3582431 
   26.100     0.171729     0.000971     0.000978      3565199 
   26.200     0.733519     0.004146     0.004136      3578337 
   26.300    -0.409378    -0.002304    -0.002306      3560727 
   26.400    -0.071574    -0.000403    -0.000404      3574110 
   26.500     0.137978     0.000776     0.000774      3568664 
   26.600    -0.721462    -0.004052    -0.004085      3540031 
   26.700    -0.162406    -0.000904    -0.000913      3556435 
   26.800    -0.264996    -0.001494    -0.001496      3538760 
   26.900    -0.519744    -0.002894    -0.002942      3555314 
   27.000    -0.357737    -0.002037    -0.002044      3538393 
   27.100    -0.390280    -0.002220    -0.002233      3511698 
   27.200     0.313522     0.001760     0.001771      3537702 
   27.300     0.219595     0.001235     0.001253      3501022 
   27.400     0.753205     0.004295     0.004269      3531616 
   27.500     1.052871     0.005949     0.005961      3521347 
   27.600    -0.209783    -0.001185    -0.001191      3515735 
   27.700     0.914959     0.005182     0.005204      3523400 
   27.800     0.281391     0.001582     0.001590      3532331 
   27.900    -0.448882    -0.002523    -0.002549      3543779 
   28.000     0.516702     0.002972     0.002948      3530765 
   28.100     0.525367     0.003002     0.003000      3517557 
   28.200     0.308484     0.001733     0.001745      3520481 
   28.300     0.074138     0.000422     0.000420      3516753 
   28.400     0.547754     0.003104     0.003090      3510459 
   28.500    -0.125998    -0.000713    -0.000710      3493082 
   28.600     0.150209     0.000855     0.000858      3495671 
   28.700     0.310967     0.001791     0.001790      3497066 
   28.800     0.253106     0.001422     0.001435      3532218 
   28.900    -0.243157    -0.001368    -0.001380      3524686 
   29.000    -0.341065    -0.001920    -0.001936      3516517 
   29.100    -0.791865    -0.004440    -0.004486      3509249 
   29.200    -0.177323    -0.000999    -0.001008      3496247 
   29.300     0.174657     0.000988     0.000990      3492510 
   29.400    -0.653224    -0.003601    -0.003660      3511051 
   29.500    -0.303141    -0.001706    -0.001715      3481627 
   29.600    -0.114208    -0.000643    -0.000651      3490791 
   29.700     0.089804     0.000511     0.000516      3464800 
   29.800    -0.466966    -0.002643    -0.002686      3443724 
   29.900    -0.633418    -0.003548    -0.003611      3456512 
   30.000    -0.269632    -0.001515    -0.001538      3469990 
   30.100    -0.560100    -0.003143    -0.003214      3457147 
   30.200    -0.339676    -0.001923    -0.001941      3483510 
   30.300     0.477574     0.002689     0.002711      3509394 
   30.400    -0.325711    -0.001839    -0.001860      3472974 
   30.500    -1.086420    -0.006155    -0.006195      3472758 
   30.600    -0.640439    -0.003636    -0.003675      3479903 
   30.700    -1.308082    -0.007314    -0.007427      3478200 
   30.800    -0.838617    -0.004739    -0.004796      3469037 
   30.900    -0.680974    -0.003850    -0.003915      3444734 
   31.000    -1.044214    -0.005920    -0.006001      3459979 
   31.100    -0.633440    -0.003581    -0.003632      3453319 
   31.200     0.019456     0.000111     0.000112      3469404 
   31.300     0.269540     0.001508     0.001544      3451322 
   31.400    -0.610217    -0.003450    -0.003523      3448755 
   31.500    -1.152378    -0.006564    -0.006658      3422020 
   31.600    -0.719266    -0.004108    -0.004151      3428586 
   31.700    -0.016711    -0.000096    -0.000097      3432554 
   31.800    -0.728678    -0.004226    -0.004233      3411795 
   31.900    -0.296342    -0.001711    -0.001714      3420047 
   32.000    -0.274241    -0.001553    -0.001577      3441273 
   32.100    -0.009464    -0.000054    -0.000055      3463574 
   32.200    -0.469282    -0.002688    -0.002701      3421262 
   32.300    -0.015864    -0.000091    -0.000092      3439008 
   32.400     0.510802     0.002922     0.002957      3439719 
   32.500    -0.036612    -0.000207    -0.000209      3449099 
   32.600    -0.212189    -0.001206    -0.001221      3420028 
   32.700    -0.307366    -0.001726    -0.001741      3414291 
   32.800     1.384645     0.007758     0.007840      3434131 
   32.900     0.526464     0.002949     0.002992      3420352 
   33.000     1.013024     0.005801     0.005845      3414019 
   33.100     0.715551     0.004087     0.004137      3395417 
   33.200     0.133100     0.000748     0.000762      3395694 
   33.300     0.158930     0.000909     0.000921      3374399 
   33.400     0.149798     0.000860     0.000866      3370944 
   33.500     0.394805     0.002255     0.002265      3382549 
   33.600     0.032617     0.000185     0.000187      3401005 
   33.700     0.080170     0.000456     0.000463      3399309 
   33.800    -0.384086    -0.002220    -0.002234      3390825 
   33.900     0.192564     0.001103     0.001117      3391308 
   34.000    -0.129312    -0.000746    -0.000748      3384049 
   34.100    -0.020209    -0.000117    -0.000119      3363548 
   34.200     0.402169     0.002345     0.002329      3369154 
   34.300     0.287063     0.001669     0.001669      3374639 
   34.400    -0.103304    -0.000590    -0.000595      3378310 
   34.500    -0.219225    -0.001265    -0.001277      3354560 
   34.600    -0.713921    -0.004104    -0.004165      3344234 
   34.700    -0.901096    -0.005209    -0.005287      3356851 
   34.800     0.035386     0.000202     0.000203      3369564 
   34.900     0.191734     0.001092     0.001107      3351658 
   35.000     0.119535     0.000694     0.000697      3336664 
   35.100    -0.388825    -0.002254    -0.002274      3341786 
   35.200    -0.488635    -0.002866    -0.002892      3324927 
   35.300     0.019143     0.000112     0.000113      3327994 
   35.400     0.367055     0.002133     0.002173      3327519 
   35.500     1.015847     0.005878     0.005984      3336711 
   35.600     0.886099     0.005111     0.005163      3329153 
   35.700     0.643420     0.003704     0.003753      3307236 
   35.800    -0.513455    -0.002988    -0.003000      3297679 
   35.900    -0.734044    -0.004331    -0.004329      3317689 
   36.000     0.032256     0.000190     0.000190      3341551 
   36.100    -0.738706    -0.004345    -0.004358      3300456 
   36.200     0.322861     0.001884     0.001886      3304839 
   36.300     0.063108     0.000364     0.000366      3309246 
   36.400    -0.057896    -0.000338    -0.000340      3308438 
   36.500    -0.005243    -0.000030    -0.000031      3296475 
   36.600     0.089221     0.000520     0.000522      3271818 
   36.700     0.265444     0.001541     0.001549      3270714 
   36.800     0.141726     0.000816     0.000825      3300504 
   36.900    -0.702941    -0.004090    -0.004108      3293299 
   37.000    -0.720940    -0.004177    -0.004203      3297251 
   37.100    -0.699788    -0.004089    -0.004099      3284746 
   37.200    -1.057921    -0.006240    -0.006223      3269770 
   37.300    -0.723217    -0.004220    -0.004258      3277516 
   37.400    -0.778184    -0.004479    -0.004542      3289261 
   37.500    -0.404443    -0.002368    -0.002375      3261090 
   37.600     0.081830     0.000479     0.000485      3248700 
   37.700    -0.231311    -0.001333    -0.001350      3290031 
   37.800     0.118255     0.000697     0.000699      3283321 
   37.900     0.475992     0.002740     0.002790      3311517 
   38.000    -0.385022    -0.002241    -0.002267      3273290 
   38.100    -0.225416    -0.001329    -0.001335      3276291 
   38.200     0.240452     0.001420     0.001421      3296348 
   38.300    -0.875123    -0.005151    -0.005165      3271043 
   38.400    -0.919532    -0.005445    -0.005455      3260534 
   38.500    -0.239708    -0.001400    -0.001415      3269400 
   38.600     0.475011     0.002795     0.002832      3268972 
   38.700    -0.033051    -0.000193    -0.000194      3272151 
   38.800    -0.070778    -0.000416    -0.000415      3269305 
   38.900    -0.220248    -0.001299    -0.001304      3282735 
   39.000    -0.134762    -0.000794    -0.000799      3280245 
   39.100     0.208667     0.001231     0.001243      3240761 
   39.200     0.955450     0.005663     0.005675      3261572 
   39.300    -0.156278    -0.000908    -0.000924      3258173 
   39.400     0.043904     0.000256     0.000258      3259726 
   39.500    -0.276559    -0.001599    -0.001632      3251081 
   39.600     0.330174     0.001941     0.001959      3250286 
   39.700    -0.551881    -0.003211    -0.003266      3248416 
   39.800     0.262484     0.001536     0.001548      3231775 
   39.900     0.419129     0.002455     0.002495      3217280 
   40.000     0.367941     0.002177     0.002208      3197417 
   40.100     0.598900     0.003590     0.003622      3203471 
   40.200    -0.043599    -0.000256    -0.000260      3213047 
   40.300     0.284917     0.001653     0.001681      3229311 
   40.400     0.043670     0.000254     0.000256      3233883 
   40.500     0.930581     0.005466     0.005500      3220578 
   40.600     0.255355     0.001532     0.001528      3204112 
   40.700     0.065817     0.000388     0.000393      3193792 
   40.800     0.037354     0.000221     0.000223      3219363 
   40.900     0.550225     0.003291     0.003292      3177636 
   41.000     0.802522     0.004762     0.004827      3165747 
   41.100    -0.689338    -0.004116    -0.004161      3164874 
   41.200    -0.256143    -0.001530    -0.001528      3195973 
   41.300     0.047272     0.000283     0.000285      3191546 
   41.400    -0.309137    -0.001861    -0.001861      3190855 
   41.500    -0.093719    -0.000575    -0.000569      3186863 
   41.600     0.042011     0.000254     0.000254      3164210 
   41.700     0.013507     0.000081     0.000082      3168175 
   41.800     0.312430     0.001871     0.001882      3174551 
   41.900    -0.298030    -0.001754    -0.001794      3156800 
   42.000     0.787163     0.004705     0.004768      3140127 
   42.100     0.146131     0.000871     0.000884      3155242 
   42.200    -0.106775    -0.000648    -0.000651      3116296 
   42.300    -0.320078    -0.001956    -0.001965      3118662 
   42.400     0.268588     0.001610     0.001623      3131543 
   42.500     0.367839     0.002203     0.002200      3148623 
   42.600     0.589498     0.003527     0.003553      3128028 
   42.700     0.666267     0.004009     0.004034      3130607 
   42.800     0.337412     0.002025     0.002041      3135199 
   42.900    -0.252457    -0.001540    -0.001537      3129557 
   43.000    -0.590606    -0.003587    -0.003573      3141326 
   43.100    -0.409045    -0.002520    -0.002488      3117374 
   43.200    -0.740587    -0.004475    -0.004476      3100312 
   43.300    -0.560825    -0.003384    -0.003404      3094000 
   43.400    -0.156538    -0.000952    -0.000955      3093978 
   43.500    -1.063738    -0.006417    -0.006452      3097944 
   43.600    -0.383072    -0.002341    -0.002332      3093457 
   43.700     0.136723     0.000835     0.000834      3091323 
   43.800    -0.443409    -0.002689    -0.002712      3083501 
   43.900     0.029997     0.000181     0.000183      3083600 
   44.000     0.289859     0.001756     0.001781      3084166 
   44.100     0.583503     0.003548     0.003566      3074758 
   44.200     0.454496     0.002722     0.002776      3048754 
   44.300     0.524052     0.003157     0.003197      3081920 
   44.400     0.622259     0.003748     0.003780      3086165 
   44.500     0.169907     0.001046     0.001050      3046706 
   44.600    -0.346497    -0.002122    -0.002150      3038680 
   44.700    -0.316185    -0.001953    -0.001964      3026125 
   44.800    -0.002664    -0.000016    -0.000016      3044912 
   44.900     0.379965     0.002307     0.002318      3041054 
   45.000     0.501631     0.003035     0.003083      3029414 
   45.100    -0.293772    -0.001780    -0.001787      3053319 
   45.200    -0.003403    -0.000021    -0.000021      3048130 
   45.300     0.563300     0.003414     0.003439      3025852 
   45.400     0.355245     0.002164     0.002169      3030490 
   45.500     0.292939     0.001783     0.001786      3050175 
   45.600     0.342201     0.002073     0.002088      3016377 
   45.700     0.588512     0.003595     0.003612      3016955 
   45.800    -0.096002    -0.000584    -0.000586      2999407 
   45.900    -0.396021    -0.002408    -0.002422      3033717 
   46.000    -0.323979    -0.001972    -0.001993      3014358 
   46.100    -0.175723    -0.001079    -0.001080      3032010 
   46.200    -0.344639    -0.002110    -0.002110      3015074 
   46.300    -0.739948    -0.004517    -0.004557      3015150 
   46.400     0.067015     0.000411     0.000415      3004207 
   46.500     0.452741     0.002810     0.002822      3001829 
   46.600     0.274382     0.001714     0.001720      2992316 
   46.700     0.815183     0.005051     0.005083      3005388 
   46.800     0.838068     0.005119     0.005181      3003162 
   46.900     0.739887     0.004583     0.004596      2994986 
   47.000     0.162778     0.001007     0.001014      2973216 
   47.100    -0.326524    -0.001986    -0.002004      2994539 
   47.200    -0.159706    -0.000978    -0.000984      2965289 
   47.300     0.181971     0.001133     0.001139      2945231 
   47.400     0.376655     0.002334     0.002340      2968851 
   47.500    -0.368901    -0.002281    -0.002287      2982389 
   47.600    -0.005142    -0.000032    -0.000032      2973166 
   47.700     0.284511     0.001743     0.001766      2969545 
   47.800     0.002773     0.000017     0.000017      2973205 
   47.900    -0.157973    -0.000976    -0.000990      2920406 
   48.000    -0.526464    -0.003292    -0.003298      2940659 
   48.100    -0.133767    -0.000844    -0.000843      2956865 
   48.200     0.418421     0.002599     0.002619      2929184 
   48.300    -0.015988    -0.000098    -0.000099      2944288 
   48.400     0.505219     0.003136     0.003145      2925862 
   48.500     0.614574     0.003775     0.003847      2923251 
   48.600     0.223703     0.001393     0.001404      2929842 
   48.700    -0.579432    -0.003637    -0.003681      2915364 
   48.800    -0.621831    -0.003924    -0.003913      2898595 
   48.900    -0.248964    -0.001544    -0.001553      2916154 
   49.000    -0.027692    -0.000172    -0.000173      2935382 
   49.100    -0.482878    -0.002988    -0.003027      2894057 
   49.200     0.033409     0.000209     0.000211      2910953 
   49.300    -0.458740    -0.002942    -0.002926      2900063 
   49.400    -0.372838    -0.002342    -0.002368      2905983 
   49.500    -0.622096    -0.003899    -0.003925      2915878 
   49.600    -0.780913    -0.004893    -0.004903      2934154 
   49.700    -0.475819    -0.002984    -0.002994      2942724 
   49.800    -0.607281    -0.003800    -0.003832      2904929 
   49.900    -0.479367    -0.003003    -0.003035      2898826 
   50.000    -0.537546    -0.003365    -0.003398      2878245 
   50.100    -0.361442    -0.002282    -0.002285      2855949 
   50.200    -1.109866    -0.007090    -0.007074      2851914 
   50.300    -1.854306    -0.011666    -0.011675      2873801 
   50.400    -0.633715    -0.004005    -0.004034      2823164 
   50.500     0.092545     0.000584     0.000586      2872203 
   50.600    -0.331009    -0.002070    -0.002083      2891804 
   50.700    -0.202264    -0.001280    -0.001283      2883632 
   50.800     0.099544     0.000623     0.000628      2861068 
   50.900     0.506110     0.003204     0.003187      2843687 
   51.000    -0.096043    -0.000602    -0.000601      2840712 
   51.100    -0.476321    -0.003039    -0.003034      2813900 
   51.200    -0.754280    -0.004768    -0.004780      2841632 
   51.300    -0.452999    -0.002859    -0.002879      2846713 
   51.400    -0.523862    -0.003330    -0.003330      2834400 
   51.500     0.540172     0.003395     0.003402      2845002 
   51.600     0.311924     0.001949     0.001977      2838902 
   51.700     0.473355     0.002922     0.002988      2823584 
   51.800     0.439621     0.002791     0.002792      2839006 
   51.900     0.599339     0.003812     0.003829      2826875 
   52.000     0.512376     0.003268     0.003304      2810688 
   52.100     0.146489     0.000929     0.000940      2803569 
   52.200     0.698644     0.004397     0.004495      2798406 
   52.300     0.880151     0.005497     0.005629      2797962 
   52.400     0.708575     0.004498     0.004575      2775742 
   52.500    -0.388535    -0.002465    -0.002495      2791142 
   52.600    -0.108770    -0.000696    -0.000706      2787782 
   52.700    -0.040520    -0.000260    -0.000261      2807265 
   52.800     0.655129     0.004154     0.004204      2793351 
   52.900    -0.241982    -0.001544    -0.001555      2781290 
   53.000    -0.440082    -0.002793    -0.002821      2775355 
   53.100    -0.518295    -0.003316    -0.003345      2797663 
   53.200     0.113729     0.000723     0.000729      2795140 
   53.300     0.840738     0.005325     0.005391      2776002 
   53.400     0.404325     0.002529     0.002579      2778475 
   53.500    -0.462233    -0.002908    -0.002961      2778238 
   53.600    -0.181682    -0.001158    -0.001178      2762976 
   53.700     0.062739     0.000400     0.000405      2765817 
   53.800     0.155107     0.000983     0.001004      2753727 
   53.900    -0.237728    -0.001504    -0.001530      2780763 
   54.000    -0.276065    -0.001778    -0.001794      2739532 
   54.100    -0.492257    -0.003102    -0.003169      2745099 
   54.200    -1.109134    -0.007047    -0.007150      2735788 
   54.300    -0.104676    -0.000664    -0.000670      2712713 
   54.400     0.130631     0.000830     0.000840      2730439 
   54.500     0.025165     0.000160     0.000162      2729069 
   54.600     0.057804     0.000373     0.000374      2724614 
   54.700    -0.537756    -0.003452    -0.003498      2742737 
   54.800    -0.694937    -0.004461    -0.004531      2746355 
   54.900    -0.201121    -0.001292    -0.001310      2722654 
   55.000    -0.878872    -0.005656    -0.005723      2723404 
   55.100     0.282291     0.001800     0.001841      2716512 
   55.200     0.008280     0.000054     0.000054      2714359 
   55.300    -0.303897    -0.001971    -0.001982      2739169 
   55.400    -0.287627    -0.001892    -0.001883      2714303 
   55.500     0.166326     0.001070     0.001081      2717684 
   55.600     0.173751     0.001106     0.001123      2722920 
   55.700    -0.307068    -0.001950    -0.001966      2714510 
   55.800    -0.162972    -0.001040    -0.001048      2690487 
   55.900    -0.114830    -0.000736    -0.000742      2688647 
   56.000    -0.027662    -0.000178    -0.000179      2711327 
   56.100    -0.239049    -0.001531    -0.001551      2687231 
   56.200    -0.358393    -0.002359    -0.002357      2679767 
   56.300    -0.744694    -0.004809    -0.004836      2686695 
   56.400    -0.047934    -0.000311    -0.000311      2689045 
   56.500     0.389937     0.002525     0.002537      2711561 
   56.600     0.283673     0.001824     0.001833      2706099 
   56.700    -0.837029    -0.005319    -0.005384      2694580 
   56.800    -0.010751    -0.000068    -0.000070      2692310 
   56.900    -0.497208    -0.003216    -0.003225      2684079 
   57.000    -0.583812    -0.003791    -0.003808      2661560 
   57.100    -0.579833    -0.003762    -0.003777      2650057 
   57.200     1.187052     0.007759     0.007793      2663570 
   57.300     0.340612     0.002196     0.002212      2667248 
   57.400     0.230888     0.001506     0.001519      2639615 
   57.500     0.665776     0.004351     0.004335      2651192 
   57.600    -0.269419    -0.001756    -0.001771      2638692 
   57.700    -0.671814    -0.004303    -0.004337      2651900 
   57.800    -0.757563    -0.004892    -0.004944      2650456 
   57.900    -0.289934    -0.001896    -0.001919      2619914 
   58.000     0.206978     0.001346     0.001361      2648231 
   58.100     0.724379     0.004772     0.004788      2639321 
   58.200    -0.199449    -0.001301    -0.001315      2633082 
   58.300    -0.247864    -0.001615    -0.001631      2623915 
   58.400    -0.854079    -0.005579    -0.005606      2623237 
   58.500    -0.208475    -0.001357    -0.001368      2625394 
   58.600    -0.660718    -0.004320    -0.004374      2622795 
   58.700    -0.902574    -0.005981    -0.005953      2623644 
   58.800     0.231566     0.001496     0.001514      2632092 
   58.900     0.641651     0.004139     0.004250      2596008 
   59.000    -0.115306    -0.000755    -0.000766      2593844 
   59.100    -0.682495    -0.004510    -0.004569      2576615 
   59.200    -0.434401    -0.002873    -0.002934      2580676 
   59.300    -0.226800    -0.001484    -0.001512      2608652 
   59.400    -0.684768    -0.004554    -0.004625      2602141 
   59.500    -0.298735    -0.001981    -0.002008      2608750 
   59.600    -0.714157    -0.004689    -0.004768      2591458 
   59.700    -0.636961    -0.004230    -0.004287      2572695 
   59.800    -0.523655    -0.003494    -0.003540      2592992 
   59.900    -0.787904    -0.005261    -0.005295      2587926 
   60.000    -0.197498    -0.001310    -0.001322      2581124 
   60.100     0.245770     0.001618     0.001645      2568052 
   60.200    -0.003139    -0.000021    -0.000021      2595686 
   60.300    -0.291381    -0.001928    -0.001947      2555947 
   60.400    -0.742524    -0.004868    -0.004946      2566814 
   60.500     0.147741     0.000957     0.000981      2555734 
   60.600     0.732535     0.004840     0.004918      2562425 
   60.700     0.731939     0.004801     0.004877      2588702 
   60.800     0.065854     0.000435     0.000440      2582481 
   60.900    -0.187474    -0.001236    -0.001256      2555934 
   61.000     1.001063     0.006618     0.006746      2550816 
   61.100     1.014256     0.006742     0.006816      2532997 
   61.200     1.014188     0.006701     0.006815      2521915 
   61.300     0.513710     0.003358     0.003421      2531468 
   61.400     0.141430     0.000943     0.000949      2527843 
   61.500     0.427116     0.002857     0.002877      2555859 
   61.600     0.426409     0.002843     0.002890      2529777 
   61.700     0.467785     0.003147     0.003194      2516461 
   61.800     0.056562     0.000369     0.000379      2511660 
   61.900     0.253472     0.001671     0.001717      2512762 
   62.000    -0.318303    -0.002105    -0.002148      2502367 
   62.100     0.356172     0.002328     0.002380      2500293 
   62.200     0.672234     0.004482     0.004526      2524839 
   62.300     1.105678     0.007443     0.007493      2514619 
   62.400     0.369592     0.002487     0.002512      2496278 
   62.500    -0.813277    -0.005435    -0.005530      2477843 
   62.600    -0.114043    -0.000763    -0.000769      2471404 
   62.700    -0.873098    -0.005741    -0.005938      2499563 
   62.800    -0.549650    -0.003671    -0.003749      2476814 
   62.900    -0.593692    -0.003985    -0.004035      2480676 
   63.000    -0.126624    -0.000863    -0.000870      2469750 
   63.100    -0.318370    -0.002157    -0.002175      2478798 
   63.200    -0.507139    -0.003406    -0.003432      2507414 
   63.300    -0.614212    -0.004168    -0.004194      2496709 
   63.400    -0.236122    -0.001623    -0.001625      2460287 
   63.500    -0.623932    -0.004238    -0.004267      2473463 
   63.600     0.114159     0.000777     0.000778      2487766 
   63.700     0.181417     0.001232     0.001243      2488338 
   63.800     0.571344     0.003859     0.003915      2479032 
   63.900    -0.672514    -0.004541    -0.004579      2468147 
   64.000    -0.424342    -0.002914    -0.002952      2430443 
   64.100     0.221490     0.001525     0.001529      2454188 
   64.200    -0.478106    -0.003281    -0.003287      2460279 
   64.300     0.275183     0.001889     0.001909      2449461 
   64.400     0.520768     0.003551     0.003622      2436824 
   64.500     0.790039     0.005370     0.005468      2431342 
   64.600     1.146570     0.007896     0.007930      2441825 
   64.700     0.486061     0.003293     0.003354      2444858 
   64.800     0.321305     0.002173     0.002196      2427948 
   64.900     0.348070     0.002371     0.002386      2415078 
   65.000     0.156255     0.001073     0.001086      2411025 
   65.100     0.339735     0.002276     0.002310      2431195 
   65.200     0.130208     0.000878     0.000890      2417661 
   65.300    -0.386023    -0.002644    -0.002641      2427199 
   65.400     1.190735     0.008139     0.008205      2416146 
   65.500     0.469065     0.003179     0.003231      2427799 
   65.600     0.883783     0.005983     0.006149      2417873 
   65.700     0.544066     0.003767     0.003782      2408549 
   65.800    -0.103836    -0.000706    -0.000716      2418109 
   65.900     1.002728     0.006729     0.006950      2399673 
   66.000     0.823365     0.005502     0.005678      2399800 
   66.100     0.118682     0.000812     0.000827      2392391 
   66.200     0.134886     0.000933     0.000947      2389689 
   66.300     0.491412     0.003409     0.003446      2384949 
   66.400    -0.035256    -0.000244    -0.000246      2395785 
   66.500    -0.253750    -0.001736    -0.001753      2379243 
   66.600     0.278897     0.001904     0.001935      2380076 
   66.700     0.735201     0.004945     0.005022      2418012 
   66.800     0.483341     0.003308     0.003356      2391373 
   66.900     0.290801     0.001958     0.001984      2393341 
   67.000    -0.188825    -0.001275    -0.001302      2387087 
   67.100    -0.422473    -0.002910    -0.002913      2382766 
   67.200     0.451370     0.003084     0.003122      2375540 
   67.300     0.509288     0.003503     0.003534      2387929 
   67.400     0.318348     0.002197     0.002227      2380140 
   67.500     0.245526     0.001697     0.001709      2385539 
   67.600    -0.125944    -0.000858    -0.000873      2356229 
   67.700     0.282917     0.001935     0.001987      2361463 
   67.800     0.452841     0.003126     0.003193      2357242 
   67.900    -0.058199    -0.000399    -0.000411      2370252 
   68.000    -0.177902    -0.001226    -0.001258      2358031 
   68.100    -0.374632    -0.002564    -0.002613      2354348 
   68.200    -1.215412    -0.008280    -0.008531      2361631 
   68.300    -0.569636    -0.003954    -0.004032      2347303 
   68.400    -0.172125    -0.001222    -0.001219      2338872 
   68.500    -0.481463    -0.003331    -0.003360      2345308 
   68.600    -1.079403    -0.007496    -0.007557      2319269 
   68.700    -0.449287    -0.003067    -0.003125      2338719 
   68.800     0.214163     0.001444     0.001479      2353197 
   68.900    -0.214287    -0.001471    -0.001502      2337432 
   69.000    -0.616084    -0.004285    -0.004306      2326455 
   69.100    -0.806332    -0.005530    -0.005604      2345646 
   69.200    -0.056638    -0.000387    -0.000396      2325014 
   69.300    -0.523739    -0.003616    -0.003660      2312371 
   69.400    -0.222111    -0.001532    -0.001547      2318203 
   69.500    -0.302502    -0.002071    -0.002107      2320140 
   69.600     0.825737     0.005701     0.005782      2310810 
   69.700    -0.032549    -0.000225    -0.000229      2320766 
   69.800    -0.398726    -0.002808    -0.002827      2291008 
   69.900    -0.366132    -0.002574    -0.002599      2289217 
   70.000    -0.173213    -0.001205    -0.001225      2277393 
   70.100     0.172826     0.001216     0.001222      2309107 
   70.200    -0.008375    -0.000058    -0.000059      2301181 
   70.300     0.097355     0.000676     0.000688      2291708 
   70.400     0.488331     0.003362     0.003436      2290700 
   70.500     0.169453     0.001178     0.001198      2283809 
   70.600    -0.143602    -0.000996    -0.001015      2268295 
   70.700    -0.439476    -0.003027    -0.003088      2283408 
   70.800    -1.023618    -0.007109    -0.007169      2281128 
   70.900    -0.266213    -0.001843    -0.001859      2285018 
   71.000     0.214390     0.001478     0.001502      2278711 
   71.100     0.290998     0.002030     0.002056      2279787 
   71.200     0.743148     0.005260     0.005285      2248556 
   71.300    -0.018480    -0.000128    -0.000130      2263379 
   71.400     0.107762     0.000735     0.000754      2281393 
   71.500     0.050866     0.000346     0.000359      2274674 
   71.600     0.350821     0.002424     0.002467      2280704 
   71.700    -0.128647    -0.000907    -0.000912      2275406 
   71.800    -0.208825    -0.001466    -0.001492      2249382 
   71.900    -0.111391    -0.000778    -0.000791      2259157 
   72.000     0.544524     0.003815     0.003818      2287219 
   72.100     0.378416     0.002607     0.002677      2255502 
   72.200    -0.040981    -0.000283    -0.000292      2240526 
   72.300    -0.112370    -0.000795    -0.000803      2253155 
   72.400     0.626671     0.004402     0.004485      2247451 
   72.500     0.060373     0.000423     0.000428      2252687 
   72.600     0.156451     0.001100     0.001104      2256795 
   72.700    -0.686335    -0.004844    -0.004895      2244376 
   72.800    -0.313084    -0.002210    -0.002238      2225823 
   72.900    -0.125174    -0.000867    -0.000889      2259443 
   73.000     0.053196     0.000371     0.000382      2238255 
   73.100    -0.421855    -0.002993    -0.003036      2239945 
   73.200    -0.024403    -0.000174    -0.000177      2210003 
   73.300    -0.044497    -0.000316    -0.000319      2221264 
   73.400     0.411555     0.002926     0.002981      2232503 
   73.500     0.520236     0.003694     0.003741      2206414 
   73.600     0.126603     0.000893     0.000903      2213455 
   73.700    -0.493687    -0.003474    -0.003549      2233600 
   73.800     0.115094     0.000810     0.000827      2227469 
   73.900     0.680483     0.004920     0.004997      2199968 
   74.000     0.321536     0.002296     0.002353      2190883 
   74.100     0.243694     0.001740     0.001776      2200597 
   74.200     0.484999     0.003438     0.003538      2214602 
   74.300     0.526284     0.003784     0.003842      2196958 
   74.400     0.994976     0.007192     0.007297      2183237 
   74.500     0.457211     0.003294     0.003313      2189879 
   74.600    -0.374265    -0.002686    -0.002723      2180168 
   74.700     0.553256     0.003955     0.004030      2161644 
   74.800     0.651373     0.004727     0.004764      2147043 
   74.900    -0.337456    -0.002408    -0.002456      2162093 
   75.000    -0.409266    -0.002957    -0.002998      2143508 
   75.100     0.849654     0.006077     0.006090      2155088 
   75.200     0.867516     0.006154     0.006246      2151179 
   75.300     0.639401     0.004446     0.004593      2165595 
   75.400     0.656187     0.004603     0.004714      2145133 
   75.500     0.992028     0.007078     0.007211      2129214 
   75.600     0.375070     0.002700     0.002719      2150970 
   75.700     0.361571     0.002567     0.002610      2159453 
   75.800     0.502521     0.003618     0.003679      2129239 
   75.900     0.239695     0.001715     0.001740      2124036 
   76.000     0.909308     0.006516     0.006638      2106039 
   76.100     1.112854     0.007927     0.008096      2116595 
   76.200     1.073537     0.007795     0.007818      2131631 
   76.300     0.930034     0.006660     0.006728      2136511 
   76.400     0.574740     0.004234     0.004242      2141411 
   76.500     0.768272     0.005672     0.005710      2112813 
   76.600     0.891821     0.006598     0.006628      2099539 
   76.700     0.441763     0.003219     0.003285      2102430 
   76.800     0.969515     0.007152     0.007243      2093863 
   76.900     0.644032     0.004692     0.004778      2106599 
   77.000    -0.098954    -0.000718    -0.000729      2103656 
   77.100     0.208657     0.001502     0.001534      2100117 
   77.200     0.368227     0.002705     0.002742      2119468 
   77.300     0.624969     0.004640     0.004697      2107685 
   77.400    -0.604431    -0.004401    -0.004448      2105851 
   77.500    -0.966482    -0.007069    -0.007229      2093879 
   77.600    -0.451457    -0.003399    -0.003419      2082941 
   77.700    -0.745049    -0.005576    -0.005554      2088095 
   77.800    -0.215205    -0.001590    -0.001607      2091893 
   77.900     0.041353     0.000300     0.000305      2096505 
   78.000     0.676589     0.004812     0.004921      2094786 
   78.100     0.017826     0.000127     0.000131      2099562 
   78.200     0.634664     0.004572     0.004639      2086465 
   78.300    -0.656332    -0.004826    -0.004857      2062114 
   78.400    -0.341350    -0.002492    -0.002543      2066383 
   78.500    -0.025360    -0.000186    -0.000189      2088911 
   78.600    -0.272370    -0.001986    -0.002023      2076563 
   78.700    -0.176572    -0.001294    -0.001300      2101504 
   78.800    -0.028766    -0.000215    -0.000213      2078264 
   78.900    -0.034754    -0.000254    -0.000257      2076855 
   79.000    -0.409537    -0.002979    -0.003041      2057959 
   79.100    -0.009805    -0.000071    -0.000073      2077610 
   79.200    -0.617411    -0.004496    -0.004560      2052080 
   79.300    -0.265322    -0.001924    -0.001962      2058153 
   79.400    -0.010629    -0.000077    -0.000079      2061669 
   79.500     0.227643     0.001645     0.001699      2038711 
   79.600     0.849755     0.006226     0.006374      2031442 
   79.700     0.655268     0.004737     0.004915      2040054 
   79.800    -0.464441    -0.003328    -0.003422      2041187 
   79.900    -0.844161    -0.006227    -0.006368      2034475 
   80.000    -0.223876    -0.001632    -0.001658      2064677 
   80.100     0.257576     0.001912     0.001920      2042148 
   80.200     0.250043     0.001841     0.001887      2046840 
   80.300    -0.267875    -0.001981    -0.001991      2049007 
   80.400    -0.292833    -0.002168    -0.002204      2044781 
   80.500    -0.535333    -0.003934    -0.004020      2040273 
   80.600    -0.549915    -0.004030    -0.004095      2031323 
   80.700    -0.319752    -0.002385    -0.002404      2010902 
   80.800     0.121556     0.000914     0.000922      2035740 
   80.900    -0.566582    -0.004242    -0.004268      2037266 
   81.000    -0.620328    -0.004634    -0.004681      2023393 
   81.100    -0.340239    -0.002504    -0.002580      2011964 
   81.200    -0.608153    -0.004549    -0.004628      1989371 
   81.300    -0.478077    -0.003579    -0.003596      2001661 
   81.400     0.374528     0.002761     0.002842      1994317 
   81.500    -0.331951    -0.002439    -0.002502      1998283 
   81.600     0.034707     0.000259     0.000267      1980389 
   81.700     0.357113     0.002691     0.002735      1971723 
   81.800    -0.348076    -0.002620    -0.002674      1967839 
   81.900    -0.080673    -0.000589    -0.000612      1978510 
   82.000    -0.041814    -0.000313    -0.000322      1972303 
   82.100     0.246921     0.001849     0.001887      1956996 
   82.200     0.639465     0.004923     0.004941      1948033 
   82.300     0.327870     0.002514     0.002534      1953494 
   82.400     0.058984     0.000455     0.000458      1967352 
   82.500    -0.486265    -0.003712    -0.003762      1964166 
   82.600    -0.677464    -0.005137    -0.005205      1959697 
   82.700     0.176950     0.001342     0.001371      1956310 
   82.800    -0.294447    -0.002168    -0.002230      1941330 
   82.900     0.468929     0.003534     0.003629      1940977 
   83.000    -0.401537    -0.003026    -0.003101      1943893 
   83.100    -0.380103    -0.002867    -0.002924      1940845 
   83.200    -0.136280    -0.001040    -0.001051      1949594 
   83.300    -0.496813    -0.003825    -0.003820      1910854 
   83.400    -0.184586    -0.001432    -0.001431      1936870 
   83.500    -0.277661    -0.002111    -0.002137      1916743 
   83.600    -0.708017    -0.005379    -0.005456      1928646 
   83.700    -0.656500    -0.004995    -0.005067      1940131 
   83.800    -1.321099    -0.010131    -0.010190      1917357 
   83.900    -1.079353    -0.008078    -0.008225      1915976 
   84.000    -0.093266    -0.000714    -0.000724      1916064 
   84.100    -0.246996    -0.001872    -0.001905      1909563 
   84.200    -0.514516    -0.003905    -0.003957      1917254 
   84.300     0.114029     0.000870     0.000875      1913734 
   84.400     1.159070     0.008781     0.008901      1901915 
   84.500    -0.245922    -0.001860    -0.001871      1907382 
   84.600    -0.089516    -0.000684    -0.000686      1899144 
   84.700    -0.168693    -0.001315    -0.001312      1900726 
   84.800     0.265566     0.002072     0.002073      1919394 
   84.900     0.522965     0.004127     0.004124      1908452 
   85.000     0.437342     0.003442     0.003474      1894194 
   85.100     0.344645     0.002653     0.002665      1906754 
   85.200    -0.125940    -0.000956    -0.000960      1915553 
   85.300     0.479245     0.003591     0.003698      1898064 
   85.400    -0.188401    -0.001442    -0.001468      1899190 
   85.500     0.545059     0.004198     0.004244      1897935 
   85.600     0.223715     0.001722     0.001743      1906979 
   85.700     0.063098     0.000487     0.000495      1891354 
   85.800     0.563997     0.004362     0.004412      1889556 
   85.900    -0.285616    -0.002164    -0.002219      1892854 
   86.000     0.817512     0.006282     0.006388      1890274 
   86.100     0.096579     0.000728     0.000743      1892707 
   86.200     0.206079     0.001574     0.001594      1890215 
   86.300     0.594066     0.004561     0.004608      1878526 
   86.400     0.880526     0.006755     0.006751      1892827 
   86.500     0.500482     0.003809     0.003911      1890555 
   86.600     0.481465     0.003706     0.003767      1871524 
   86.700    -0.108415    -0.000836    -0.000847      1881592 
   86.800    -0.416916    -0.003205    -0.003247      1881078 
   86.900     0.512274     0.003891     0.003938      1875035 
   87.000     0.381370     0.002874     0.002943      1851512 
   87.100    -0.045070    -0.000338    -0.000347      1864095 
   87.200     0.037056     0.000283     0.000289      1860668 
   87.300     0.289832     0.002215     0.002276      1855386 
   87.400     0.897199     0.006967     0.007107      1844733 
   87.500     0.683796     0.005373     0.005438      1847384 
   87.600     0.748995     0.005954     0.005969      1857087 
   87.700     0.540542     0.004302     0.004304      1844919 
   87.800     0.213432     0.001657     0.001684      1845636 
   87.900    -0.484563    -0.003786    -0.003816      1842764 
   88.000    -0.275128    -0.002140    -0.002165      1825296 
   88.100    -0.574337    -0.004358    -0.004492      1830711 
   88.200    -0.100021    -0.000777    -0.000787      1823925 
   88.300     0.643240     0.005106     0.005134      1819847 
   88.400     0.412160     0.003295     0.003295      1810244 
   88.500     0.800836     0.006321     0.006394      1813082 
   88.600     0.108492     0.000855     0.000864      1825845 
   88.700     0.219917     0.001736     0.001756      1809930 
   88.800     0.148130     0.001148     0.001172      1817216 
   88.900    -0.099797    -0.000778    -0.000784      1815463 
   89.000    -0.217046    -0.001715    -0.001718      1809918 
   89.100     0.550784     0.004419     0.004410      1786007 
   89.200     0.088945     0.000688     0.000707      1802889 
   89.300     1.391460     0.010942     0.011185      1791473 
   89.400     0.258073     0.002069     0.002102      1808044 
   89.500    -0.241257    -0.001946    -0.001967      1793727 
   89.600     0.231841     0.001844     0.001879      1795970 
   89.700    -0.490383    -0.003917    -0.003956      1797689 
   89.800     0.061149     0.000489     0.000493      1791336 
   89.900     0.516601     0.004097     0.004138      1798251 
   90.000     0.115107     0.000919     0.000925      1789083 
   90.100     0.296036     0.002360     0.002368      1782604 
   90.200    -0.360394    -0.002831    -0.002879      1768428 
   90.300    -0.039404    -0.000308    -0.000314      1765498 
   90.400     0.033666     0.000265     0.000270      1759481 
   90.500     1.451444     0.011373     0.011649      1760562 
   90.600     1.557869     0.012519     0.012592      1755146 
   90.700     0.629762     0.005005     0.005038      1762499 
   90.800     0.930558     0.007597     0.007642      1758598 
   90.900     1.439478     0.011490     0.011659      1766856 
   91.000     1.043938     0.008454     0.008503      1757396 
   91.100     0.722662     0.005899     0.005962      1760939 
   91.200     0.808582     0.006502     0.006595      1748028 
   91.300     0.704139     0.005700     0.005702      1737953 
   91.400     0.422444     0.003416     0.003436      1721849 
   91.500    -0.361451    -0.002866    -0.002936      1744128 
   91.600     0.016122     0.000133     0.000134      1726943 
   91.700     0.976844     0.007983     0.008060      1722002 
   91.800     1.034303     0.008536     0.008602      1747781 
   91.900     0.544738     0.004412     0.004461      1741187 
   92.000     0.157303     0.001277     0.001280      1725249 
   92.100    -0.422975    -0.003392    -0.003463      1742686 
   92.200     0.085426     0.000697     0.000706      1720546 
   92.300    -0.364362    -0.002919    -0.002962      1708714 
   92.400     0.051584     0.000422     0.000425      1709564 
   92.500    -0.260293    -0.002116    -0.002155      1708624 
   92.600    -1.181134    -0.009505    -0.009698      1695942 
   92.700    -0.770544    -0.006231    -0.006339      1691318 
   92.800    -0.420278    -0.003458    -0.003465      1691222 
   92.900    -0.133135    -0.001085    -0.001097      1719197 
   93.000     1.156141     0.009510     0.009670      1702127 
   93.100     0.676586     0.005601     0.005643      1682686 
   93.200     0.326734     0.002668     0.002689      1706804 
   93.300    -0.233628    -0.001908    -0.001965      1696145 
   93.400    -0.501050    -0.004067    -0.004118      1689652 
   93.500     0.152253     0.001250     0.001267      1695721 
   93.600    -0.752971    -0.006357    -0.006374      1687909 
   93.700    -0.567017    -0.004739    -0.004770      1674672 
   93.800    -0.321549    -0.002617    -0.002689      1652375 
   93.900    -1.016725    -0.008524    -0.008634      1675117 
   94.000    -0.386643    -0.003209    -0.003248      1660151 
   94.100    -0.608948    -0.005032    -0.005089      1659819 
   94.200    -0.284045    -0.002323    -0.002372      1658980 
   94.300    -0.422588    -0.003406    -0.003487      1670994 
   94.400    -0.716098    -0.005837    -0.006008      1650422 
   94.500    -0.388297    -0.003149    -0.003213      1655748 
   94.600    -0.952052    -0.007728    -0.007956      1657498 
   94.700    -0.978778    -0.007989    -0.008143      1644567 
   94.800    -1.096450    -0.008866    -0.008965      1643409 
   94.900    -1.387513    -0.011069    -0.011459      1637606 
   95.000    -0.629032    -0.005086    -0.005232      1657141 
   95.100    -0.940532    -0.007647    -0.007840      1648635 
   95.200    -0.499035    -0.004040    -0.004147      1657576 
   95.300    -0.753578    -0.006105    -0.006300      1630555 
   95.400    -1.225658    -0.009808    -0.010142      1652943 
   95.500    -0.194481    -0.001594    -0.001638      1641277 
   95.600    -0.244792    -0.002011    -0.002055      1636359 
   95.700    -0.613861    -0.005068    -0.005141      1646255 
   95.800    -0.485118    -0.004030    -0.004077      1624692 
   95.900    -0.765454    -0.006358    -0.006432      1642922 
   96.000    -0.600055    -0.004992    -0.005044      1640682 
   96.100    -0.660652    -0.005512    -0.005533      1655676 
   96.200    -0.320508    -0.002616    -0.002673      1637335 
   96.300    -0.812784    -0.006695    -0.006794      1644290 
   96.400    -0.830594    -0.006933    -0.006980      1615857 
   96.500     0.227872     0.001846     0.001869      1646202 
   96.600    -0.352844    -0.002980    -0.002979      1630545 
   96.700    -0.788792    -0.006727    -0.006795      1612579 
   96.800     0.121371     0.001013     0.001029      1604424 
   96.900    -0.601883    -0.004914    -0.005004      1613761 
   97.000    -0.714226    -0.006002    -0.005967      1604983 
   97.100     0.157521     0.001310     0.001319      1613263 
   97.200     0.247680     0.002059     0.002080      1609104 
   97.300    -0.251944    -0.002057    -0.002095      1610524 
   97.400    -0.078549    -0.000638    -0.000651      1605030 
   97.500    -0.155218    -0.001292    -0.001310      1595115 
   97.600    -0.383723    -0.003231    -0.003259      1588614 
   97.700     0.287559     0.002388     0.002423      1592794 
   97.800     0.532112     0.004383     0.004474      1598039 
   97.900     0.833370     0.006907     0.007009      1586629 
   98.000    -0.080162    -0.000671    -0.000672      1589639 
   98.100    -0.077598    -0.000645    -0.000652      1590690 
   98.200    -0.478978    -0.004047    -0.004069      1585592 
   98.300     0.318297     0.002634     0.002677      1598881 
   98.400     0.288060     0.002445     0.002462      1604135 
   98.500     0.493300     0.004077     0.004197      1591591 
   98.600     0.725026     0.006032     0.006168      1553930 
   98.700    -0.371536    -0.003171    -0.003199      1569112 
   98.800    -0.307541    -0.002627    -0.002646      1567347 
   98.900     0.504839     0.004336     0.004401      1548258 
   99.000     0.261802     0.002278     0.002284      1550462 
   99.100     0.060035     0.000509     0.000517      1557674 
   99.200     0.099999     0.000846     0.000858      1552033 
   99.300     1.101841     0.009335     0.009446      1541072 
   99.400     0.837181     0.007002     0.007123      1549605 
   99.500     0.807590     0.006759     0.006962      1558044 
   99.600     0.466907     0.003972     0.004081      1544724 
   99.700     0.902255     0.007378     0.007659      1541698 
   99.800     0.030927     0.000251     0.000262      1549404 
   99.900     1.084882     0.009151     0.009326      1532736 
  100.000     1.542545     0.013246     0.013527      1520887 
