fitting 1 exponentials + affine
seed: 6078279338 
   11.500689 
    0.219 
   11.104346 
    0.720 
   11.036902 
    0.812 
   11.036388 
    0.837 
   11.035047 
    0.827 
   11.035046 
    0.825 
   11.035037 
    0.826 
   11.035037 
    0.826 
   11.035036 
    0.826 
   11.035036 
    0.826 
   11.035036 
    0.826 
   11.035036 
    0.826 
   11.035036 
    0.826 
   11.035036 
    0.826 
   11.035036 
    0.826 
   11.035036 
    0.826 
    0.826 
nagopt ncall: 1  oldvalue:     11.035036169 newvalue:    11.035036169
   11.035036 
    0.825667782 
error sd:     0.003322
halflife:     3.618 
mean (generations):   191.563 
    0.038962877    -0.000106965 
##end of run
