 ##Z-score and correlation:: ../../ancpop.list  binsize:     0.001000
    0.100    31.096475     0.165535     0.165693      5845721 
    0.200     8.200835     0.045658     0.045683      4349047 
    0.300     4.665075     0.025268     0.025293      4337738 
    0.400     2.780192     0.014966     0.014903      4282699 
    0.500     2.406019     0.012864     0.012697      4243582 
    0.600     1.622572     0.008613     0.008625      4225130 
    0.700     2.554673     0.013592     0.013554      4215047 
    0.800     2.367448     0.012532     0.012496      4191965 
    0.900     1.525677     0.008136     0.008103      4189362 
    1.000     1.346237     0.007079     0.007121      4189681 
    1.100     0.373145     0.001965     0.001970      4160954 
    1.200     0.483590     0.002534     0.002547      4179018 
    1.300     0.606736     0.003234     0.003220      4149021 
    1.400    -0.548116    -0.002903    -0.002919      4111830 
    1.500     0.094964     0.000501     0.000503      4113453 
    1.600     0.662129     0.003559     0.003534      4117849 
    1.700     0.829437     0.004415     0.004400      4119602 
    1.800     0.492611     0.002598     0.002617      4109070 
    1.900     0.267290     0.001420     0.001421      4100449 
    2.000    -0.100742    -0.000537    -0.000533      4082814 
    2.100     0.177348     0.000939     0.000942      4086704 
    2.200     0.157920     0.000831     0.000840      4090661 
    2.300    -0.177644    -0.000930    -0.000939      4085597 
    2.400     0.351425     0.001837     0.001851      4073991 
    2.500    -0.636433    -0.003320    -0.003337      4057447 
    2.600    -0.678873    -0.003579    -0.003594      4049518 
    2.700    -0.954477    -0.005010    -0.005054      4022477 
    2.800    -0.348911    -0.001855    -0.001860      4037531 
    2.900    -0.870054    -0.004665    -0.004645      4042025 
    3.000    -0.231628    -0.001247    -0.001249      4036086 
    3.100    -0.630379    -0.003400    -0.003405      4036852 
    3.200    -0.562127    -0.002995    -0.003017      4039899 
    3.300     0.220864     0.001176     0.001180      4027770 
    3.400     0.355481     0.001883     0.001890      4029939 
    3.500    -0.294288    -0.001576    -0.001572      4031106 
    3.600    -0.048183    -0.000256    -0.000257      4022493 
    3.700    -0.320409    -0.001723    -0.001723      4013089 
    3.800    -0.255430    -0.001374    -0.001369      4009236 
    3.900    -0.834876    -0.004461    -0.004502      3986507 
    4.000    -1.122184    -0.005971    -0.006011      3985003 
    4.100    -0.793804    -0.004317    -0.004290      3985777 
    4.200    -0.465677    -0.002499    -0.002523      3980388 
    4.300     0.538965     0.002911     0.002903      3984376 
    4.400     0.057664     0.000315     0.000310      3961354 
    4.500    -1.088484    -0.005867    -0.005840      3979899 
    4.600    -0.404565    -0.002186    -0.002179      3969251 
    4.700    -0.352287    -0.001906    -0.001908      3973878 
    4.800    -0.524549    -0.002818    -0.002815      3980875 
    4.900    -0.422111    -0.002289    -0.002260      3966655 
    5.000    -1.076182    -0.005675    -0.005736      3976229 
    5.100    -0.017645    -0.000094    -0.000094      3956205 
    5.200    -0.845146    -0.004519    -0.004509      3977293 
    5.300     0.037623     0.000203     0.000202      3943555 
    5.400    -0.024619    -0.000133    -0.000132      3975384 
    5.500    -0.720994    -0.003941    -0.003882      3950498 
    5.600    -0.384635    -0.002101    -0.002072      3949675 
    5.700     0.557241     0.003011     0.003009      3922765 
    5.800    -0.118464    -0.000643    -0.000644      3909530 
    5.900    -0.179714    -0.000979    -0.000970      3929087 
    6.000     0.569212     0.003054     0.003073      3944350 
    6.100    -0.022318    -0.000120    -0.000121      3941015 
    6.200    -0.560689    -0.003053    -0.003032      3947263 
    6.300     0.309445     0.001683     0.001666      3952632 
    6.400    -0.224716    -0.001231    -0.001210      3948992 
    6.500    -0.487996    -0.002656    -0.002632      3941074 
    6.600     0.467287     0.002533     0.002527      3939480 
    6.700     0.068991     0.000369     0.000369      3922397 
    6.800     0.494966     0.002694     0.002657      3916533 
    6.900    -0.521549    -0.002798    -0.002802      3914731 
    7.000     0.230327     0.001235     0.001242      3949130 
    7.100     0.094810     0.000511     0.000514      3915023 
    7.200    -0.445024    -0.002395    -0.002388      3962061 
    7.300     0.198947     0.001082     0.001073      3932157 
    7.400    -0.277021    -0.001485    -0.001480      3936374 
    7.500    -0.319979    -0.001725    -0.001717      3939029 
    7.600     0.790231     0.004289     0.004212      3914073 
    7.700     0.595513     0.003197     0.003183      3931378 
    7.800     0.349996     0.001898     0.001876      3922416 
    7.900     0.380320     0.002087     0.002069      3897985 
    8.000    -0.154591    -0.000845    -0.000839      3928080 
    8.100     0.203130     0.001110     0.001105      3907562 
    8.200     0.146508     0.000794     0.000792      3924345 
    8.300     0.041185     0.000223     0.000224      3930981 
    8.400    -0.017805    -0.000097    -0.000097      3946595 
    8.500    -0.300020    -0.001641    -0.001639      3937056 
    8.600    -0.967830    -0.005325    -0.005287      3903191 
    8.700    -0.422749    -0.002306    -0.002291      3908980 
    8.800    -1.277986    -0.006877    -0.006906      3911990 
    8.900    -0.253712    -0.001350    -0.001365      3936557 
    9.000     0.499509     0.002707     0.002700      3915492 
    9.100     0.723947     0.003954     0.003944      3900237 
    9.200     0.088527     0.000484     0.000483      3883142 
    9.300    -0.052888    -0.000283    -0.000287      3898718 
    9.400    -0.403453    -0.002174    -0.002164      3895985 
    9.500    -0.820989    -0.004411    -0.004433      3878646 
    9.600    -0.621891    -0.003384    -0.003346      3892444 
    9.700    -0.977276    -0.005302    -0.005315      3874753 
    9.800    -0.990382    -0.005415    -0.005397      3864594 
    9.900    -0.663119    -0.003610    -0.003594      3886103 
   10.000    -0.108499    -0.000596    -0.000591      3876817 
   10.100     0.678648     0.003711     0.003691      3882786 
   10.200     0.827532     0.004540     0.004506      3886957 
   10.300    -0.033583    -0.000183    -0.000180      3880871 
   10.400    -0.521662    -0.002859    -0.002824      3865468 
   10.500     0.658101     0.003609     0.003588      3852100 
   10.600     0.830729     0.004525     0.004528      3866673 
   10.700     0.539851     0.002956     0.002967      3854747 
   10.800     0.736136     0.004012     0.004021      3860965 
   10.900     0.241759     0.001313     0.001321      3858252 
   11.000     0.879992     0.004777     0.004795      3847733 
   11.100     0.878427     0.004788     0.004755      3841627 
   11.200     0.153913     0.000847     0.000840      3836654 
   11.300     0.737016     0.004042     0.004004      3864090 
   11.400     0.651196     0.003599     0.003554      3870214 
   11.500     0.559577     0.003088     0.003059      3868269 
   11.600     0.784987     0.004297     0.004272      3862688 
   11.700     0.267100     0.001459     0.001451      3823752 
   11.800     0.885994     0.004901     0.004897      3798839 
   11.900     0.741620     0.004105     0.004122      3835870 
   12.000    -0.260902    -0.001430    -0.001427      3828812 
   12.100    -0.238745    -0.001307    -0.001318      3822093 
   12.200    -0.724090    -0.003997    -0.003982      3844128 
   12.300     0.063778     0.000346     0.000349      3825121 
   12.400     0.276062     0.001505     0.001512      3825019 
   12.500     0.428661     0.002379     0.002369      3857925 
   12.600    -0.326137    -0.001776    -0.001790      3859857 
   12.700    -0.711648    -0.003955    -0.003972      3824640 
   12.800    -0.087065    -0.000477    -0.000477      3817200 
   12.900    -0.623267    -0.003474    -0.003457      3826151 
   13.000    -0.275336    -0.001534    -0.001530      3802404 
   13.100    -0.343991    -0.001897    -0.001902      3789036 
   13.200    -0.098014    -0.000547    -0.000542      3789723 
   13.300    -0.224512    -0.001219    -0.001235      3811332 
   13.400    -0.335040    -0.001860    -0.001865      3786374 
   13.500    -0.227732    -0.001257    -0.001261      3782000 
   13.600    -0.756548    -0.004188    -0.004214      3806899 
   13.700    -0.445459    -0.002456    -0.002456      3796515 
   13.800    -0.984859    -0.005397    -0.005380      3808278 
   13.900    -0.443548    -0.002455    -0.002428      3764391 
   14.000    -0.883814    -0.004969    -0.004895      3811283 
   14.100    -0.516827    -0.002904    -0.002886      3792048 
   14.200    -1.499552    -0.008288    -0.008291      3781459 
   14.300    -0.576758    -0.003189    -0.003189      3777982 
   14.400     0.040753     0.000226     0.000224      3775848 
   14.500    -0.146502    -0.000809    -0.000803      3778782 
   14.600    -0.411808    -0.002287    -0.002284      3775214 
   14.700    -1.183208    -0.006664    -0.006594      3756706 
   14.800    -0.799295    -0.004460    -0.004471      3760784 
   14.900    -0.453258    -0.002534    -0.002524      3776631 
   15.000    -0.197653    -0.001113    -0.001105      3747762 
   15.100     0.129650     0.000719     0.000721      3776333 
   15.200     0.551300     0.003087     0.003091      3769458 
   15.300    -0.149759    -0.000837    -0.000832      3769657 
   15.400    -0.343251    -0.001887    -0.001889      3778044 
   15.500    -0.389008    -0.002119    -0.002122      3785486 
   15.600     0.602089     0.003353     0.003304      3774903 
   15.700     0.970339     0.005459     0.005400      3726742 
   15.800     0.759193     0.004261     0.004228      3748209 
   15.900    -0.270000    -0.001493    -0.001490      3751226 
   16.000    -0.171370    -0.000961    -0.000952      3743482 
   16.100     0.219234     0.001230     0.001222      3768607 
   16.200     0.105128     0.000590     0.000586      3753554 
   16.300     0.014890     0.000084     0.000083      3738926 
   16.400     0.922488     0.005185     0.005159      3759897 
   16.500     0.033024     0.000184     0.000184      3751265 
   16.600     0.244465     0.001359     0.001357      3752180 
   16.700     0.497319     0.002735     0.002762      3718097 
   16.800     0.218901     0.001209     0.001214      3741195 
   16.900     0.429953     0.002376     0.002379      3729999 
   17.000     0.488992     0.002708     0.002730      3736669 
   17.100    -0.292414    -0.001617    -0.001619      3768674 
   17.200    -0.098582    -0.000543    -0.000547      3749249 
   17.300     1.393299     0.007780     0.007758      3734550 
   17.400     0.435600     0.002444     0.002421      3746216 
   17.500    -0.261912    -0.001432    -0.001451      3729099 
   17.600    -0.460959    -0.002546    -0.002563      3716393 
   17.700     0.120531     0.000676     0.000678      3739768 
   17.800     0.208070     0.001149     0.001157      3738507 
   17.900     0.418432     0.002340     0.002340      3731721 
   18.000    -0.201477    -0.001125    -0.001121      3728584 
   18.100     0.200558     0.001116     0.001121      3723973 
   18.200    -0.371832    -0.002057    -0.002062      3729891 
   18.300    -0.352621    -0.001950    -0.001953      3736523 
   18.400    -0.577722    -0.003216    -0.003203      3732541 
   18.500    -0.264157    -0.001441    -0.001451      3735366 
   18.600     0.041513     0.000232     0.000230      3705691 
   18.700     0.004261     0.000024     0.000024      3701675 
   18.800    -0.024929    -0.000136    -0.000138      3733961 
   18.900     0.216933     0.001183     0.001195      3726164 
   19.000     0.059757     0.000334     0.000336      3708210 
   19.100     0.098506     0.000550     0.000551      3686836 
   19.200     0.365450     0.002050     0.002044      3687050 
   19.300    -0.176533    -0.000981    -0.000987      3690355 
   19.400    -0.158217    -0.000871    -0.000881      3723163 
   19.500    -0.367075    -0.002058    -0.002051      3722981 
   19.600     0.058367     0.000329     0.000328      3676654 
   19.700    -0.329452    -0.001869    -0.001855      3700569 
   19.800    -0.014887    -0.000083    -0.000084      3716795 
   19.900     0.508776     0.002849     0.002850      3693935 
   20.000     0.429849     0.002428     0.002417      3676486 
   20.100     0.711732     0.004014     0.004007      3673204 
   20.200     0.458697     0.002589     0.002582      3666741 
   20.300    -0.157803    -0.000888    -0.000881      3715512 
   20.400    -0.500057    -0.002857    -0.002795      3701193 
   20.500    -0.615602    -0.003449    -0.003431      3714590 
   20.600    -0.097472    -0.000551    -0.000551      3703341 
   20.700     0.267148     0.001504     0.001500      3693414 
   20.800    -0.070519    -0.000398    -0.000399      3666982 
   20.900    -0.638319    -0.003572    -0.003580      3700381 
   21.000    -0.897584    -0.005091    -0.005045      3697630 
   21.100    -0.229612    -0.001298    -0.001290      3661344 
   21.200     0.537634     0.002983     0.003006      3677858 
   21.300     0.733121     0.004037     0.004101      3652061 
   21.400    -0.569444    -0.003229    -0.003207      3667787 
   21.500    -0.224141    -0.001270    -0.001268      3677357 
   21.600    -0.417878    -0.002349    -0.002343      3670490 
   21.700    -0.597615    -0.003378    -0.003380      3675182 
   21.800    -0.511070    -0.002856    -0.002866      3686538 
   21.900    -0.073472    -0.000413    -0.000413      3677143 
   22.000     0.012511     0.000070     0.000071      3639512 
   22.100     0.126699     0.000716     0.000712      3626018 
   22.200    -0.108193    -0.000602    -0.000604      3627488 
   22.300    -0.213078    -0.001191    -0.001197      3648805 
   22.400    -0.116739    -0.000661    -0.000660      3650163 
   22.500     0.290094     0.001639     0.001635      3667033 
   22.600    -0.612502    -0.003442    -0.003433      3655003 
   22.700    -0.610494    -0.003417    -0.003411      3655138 
   22.800    -0.246675    -0.001395    -0.001392      3640559 
   22.900     0.042435     0.000246     0.000241      3607779 
   23.000    -0.269402    -0.001544    -0.001532      3637443 
   23.100     0.013516     0.000077     0.000077      3634831 
   23.200     0.286019     0.001618     0.001627      3644974 
   23.300     0.561706     0.003169     0.003186      3637883 
   23.400     0.131110     0.000742     0.000737      3643812 
   23.500     0.037739     0.000213     0.000212      3640221 
   23.600     0.005319     0.000030     0.000030      3635798 
   23.700     0.414143     0.002372     0.002358      3620662 
   23.800     0.163107     0.000929     0.000923      3638826 
   23.900    -0.458629    -0.002570    -0.002600      3629575 
   24.000    -0.625319    -0.003565    -0.003566      3604874 
   24.100     0.207145     0.001174     0.001178      3635255 
   24.200    -0.066720    -0.000377    -0.000379      3617646 
   24.300     0.237959     0.001365     0.001351      3614805 
   24.400     0.519171     0.002949     0.002937      3640488 
   24.500     0.449645     0.002532     0.002555      3624823 
   24.600     0.260324     0.001467     0.001483      3629156 
   24.700    -0.360840    -0.002074    -0.002063      3637999 
   24.800    -0.303125    -0.001723    -0.001738      3609221 
   24.900    -0.581780    -0.003300    -0.003290      3605145 
   25.000    -0.794443    -0.004493    -0.004479      3607994 
   25.100    -0.043846    -0.000250    -0.000249      3614706 
   25.200    -0.351406    -0.001978    -0.001988      3604847 
   25.300    -0.550855    -0.003120    -0.003100      3632450 
   25.400    -0.123608    -0.000705    -0.000697      3636279 
   25.500     0.481511     0.002718     0.002697      3611175 
   25.600    -0.093614    -0.000528    -0.000531      3600561 
   25.700    -0.715309    -0.004055    -0.004076      3579832 
   25.800    -0.611484    -0.003400    -0.003455      3582812 
   25.900    -0.354039    -0.001995    -0.002007      3580169 
   26.000    -0.453280    -0.002565    -0.002570      3582431 
   26.100    -0.534787    -0.003036    -0.003037      3565199 
   26.200     0.187213     0.001059     0.001061      3578337 
   26.300    -0.533385    -0.003031    -0.003022      3560727 
   26.400     0.550989     0.003110     0.003141      3574110 
   26.500    -0.098874    -0.000561    -0.000563      3568664 
   26.600     0.093212     0.000533     0.000536      3540031 
   26.700     0.369651     0.002113     0.002113      3556435 
   26.800     0.232099     0.001322     0.001325      3538760 
   26.900     0.505662     0.002859     0.002871      3555314 
   27.000     0.601027     0.003409     0.003414      3538393 
   27.100    -0.046621    -0.000272    -0.000269      3511698 
   27.200    -0.280759    -0.001598    -0.001598      3537702 
   27.300     0.127486     0.000725     0.000731      3501022 
   27.400     0.198943     0.001155     0.001144      3531616 
   27.500    -0.368307    -0.002105    -0.002110      3521347 
   27.600    -0.565672    -0.003277    -0.003265      3515735 
   27.700    -0.647115    -0.003717    -0.003727      3523400 
   27.800    -0.058228    -0.000333    -0.000332      3532331 
   27.900    -0.095912    -0.000550    -0.000550      3543779 
   28.000    -0.194048    -0.001095    -0.001095      3530765 
   28.100     0.506119     0.002890     0.002879      3517557 
   28.200     0.112336     0.000641     0.000644      3520481 
   28.300     0.672822     0.003884     0.003846      3516753 
   28.400     0.614430     0.003517     0.003501      3510459 
   28.500    -0.131516    -0.000757    -0.000751      3493082 
   28.600    -0.517064    -0.002972    -0.002976      3495671 
   28.700    -0.622999    -0.003549    -0.003565      3497066 
   28.800     0.528972     0.003031     0.003024      3532218 
   28.900     0.762815     0.004381     0.004386      3524686 
   29.000     0.977253     0.005573     0.005583      3516517 
   29.100     0.587809     0.003314     0.003355      3509249 
   29.200    -0.099646    -0.000566    -0.000573      3496247 
   29.300    -0.275846    -0.001577    -0.001583      3492510 
   29.400     0.003045     0.000017     0.000017      3511051 
   29.500     0.811131     0.004643     0.004671      3481627 
   29.600     0.536111     0.003056     0.003067      3490791 
   29.700    -0.201901    -0.001155    -0.001156      3464800 
   29.800    -0.872371    -0.004932    -0.005007      3443724 
   29.900    -0.387675    -0.002184    -0.002213      3456512 
   30.000     0.151545     0.000865     0.000871      3469990 
   30.100     0.156486     0.000883     0.000902      3457147 
   30.200     1.118919     0.006367     0.006491      3483510 
   30.300     0.661480     0.003750     0.003810      3509394 
   30.400     0.226448     0.001288     0.001307      3472974 
   30.500     0.391450     0.002231     0.002249      3472758 
   30.600     0.926375     0.005290     0.005315      3479903 
   30.700     1.458349     0.008321     0.008341      3478200 
   30.800     0.604221     0.003408     0.003451      3469037 
   30.900     0.211853     0.001194     0.001216      3444734 
   31.000     0.375412     0.002121     0.002153      3459979 
   31.100     0.776671     0.004381     0.004441      3453319 
   31.200     0.392724     0.002235     0.002262      3469404 
   31.300     0.379664     0.002149     0.002188      3451322 
   31.400     0.361314     0.002048     0.002076      3448755 
   31.500    -0.325144    -0.001880    -0.001878      3422020 
   31.600     0.361510     0.002086     0.002083      3428586 
   31.700     0.629640     0.003553     0.003597      3432554 
   31.800     0.692274     0.004014     0.004047      3411795 
   31.900    -0.163538    -0.000941    -0.000946      3420047 
   32.000    -1.183125    -0.006829    -0.006856      3441273 
   32.100     0.210031     0.001205     0.001218      3463574 
   32.200     0.845590     0.004760     0.004832      3421262 
   32.300     0.275126     0.001583     0.001591      3439008 
   32.400    -0.444879    -0.002566    -0.002590      3439719 
   32.500    -0.343456    -0.001958    -0.001978      3449099 
   32.600    -0.587524    -0.003332    -0.003391      3420028 
   32.700    -0.778304    -0.004394    -0.004470      3414291 
   32.800    -0.528535    -0.003028    -0.003038      3434131 
   32.900    -0.121570    -0.000695    -0.000704      3420352 
   33.000     0.308860     0.001757     0.001781      3414019 
   33.100     0.098665     0.000561     0.000572      3395417 
   33.200    -0.530271    -0.002997    -0.003052      3395694 
   33.300    -0.421240    -0.002431    -0.002438      3374399 
   33.400     0.187000     0.001090     0.001090      3370944 
   33.500     0.029400     0.000171     0.000172      3382549 
   33.600    -0.668321    -0.003866    -0.003884      3401005 
   33.700     0.634821     0.003660     0.003687      3399309 
   33.800     0.180897     0.001045     0.001047      3390825 
   33.900     0.297687     0.001688     0.001718      3391308 
   34.000    -0.079454    -0.000458    -0.000463      3384049 
   34.100    -0.432904    -0.002515    -0.002541      3363548 
   34.200    -0.646045    -0.003809    -0.003794      3369154 
   34.300    -0.451437    -0.002636    -0.002614      3374639 
   34.400     0.446670     0.002580     0.002595      3378310 
   34.500     0.244841     0.001432     0.001428      3354560 
   34.600     0.901582     0.005354     0.005326      3344234 
   34.700     0.492270     0.002897     0.002903      3356851 
   34.800     0.580053     0.003400     0.003388      3369564 
   34.900     0.611069     0.003566     0.003590      3351658 
   35.000     0.504708     0.002999     0.002979      3336664 
   35.100     1.340105     0.007840     0.007886      3341786 
   35.200     0.449477     0.002610     0.002633      3324927 
   35.300    -0.542207    -0.003196    -0.003190      3327994 
   35.400    -0.562295    -0.003334    -0.003347      3327519 
   35.500     0.301647     0.001768     0.001779      3336711 
   35.600     0.210608     0.001246     0.001239      3329153 
   35.700     0.165077     0.000971     0.000974      3307236 
   35.800     0.135150     0.000792     0.000796      3297679 
   35.900     0.565537     0.003331     0.003329      3317689 
   36.000     0.111436     0.000653     0.000655      3341551 
   36.100     0.019098     0.000113     0.000113      3300456 
   36.200     0.282268     0.001687     0.001676      3304839 
   36.300    -0.427636    -0.002536    -0.002526      3309246 
   36.400     0.330122     0.001937     0.001942      3308438 
   36.500     0.162907     0.000974     0.000969      3296475 
   36.600     0.079706     0.000475     0.000473      3271818 
   36.700     0.915439     0.005359     0.005384      3270714 
   36.800     0.654153     0.003828     0.003848      3300504 
   36.900     0.050614     0.000295     0.000296      3293299 
   37.000    -0.169302    -0.001005    -0.000989      3297251 
   37.100     0.757018     0.004508     0.004450      3284746 
   37.200     0.839705     0.004994     0.004989      3269770 
   37.300     0.552981     0.003321     0.003299      3277516 
   37.400    -0.202611    -0.001205    -0.001193      3289261 
   37.500     0.021075     0.000126     0.000125      3261090 
   37.600    -0.006009    -0.000035    -0.000036      3248700 
   37.700     0.017126     0.000099     0.000100      3290031 
   37.800     0.660856     0.003884     0.003914      3283321 
   37.900     0.167241     0.000968     0.000983      3311517 
   38.000     0.727322     0.004324     0.004322      3273290 
   38.100    -0.042196    -0.000252    -0.000251      3276291 
   38.200     0.711944     0.004211     0.004221      3296348 
   38.300    -0.498568    -0.002964    -0.002962      3271043 
   38.400     0.495470     0.002943     0.002943      3260534 
   38.500     0.353045     0.002086     0.002098      3269400 
   38.600    -0.144352    -0.000861    -0.000864      3268972 
   38.700     0.058383     0.000348     0.000347      3272151 
   38.800    -0.239737    -0.001403    -0.001416      3269305 
   38.900     0.465249     0.002754     0.002764      3282735 
   39.000     0.356832     0.002109     0.002122      3280245 
   39.100    -0.284992    -0.001706    -0.001704      3240761 
   39.200    -0.219576    -0.001323    -0.001306      3261572 
   39.300    -0.023340    -0.000140    -0.000140      3258173 
   39.400     0.076381     0.000455     0.000452      3259726 
   39.500     0.484236     0.002851     0.002870      3251081 
   39.600     0.023004     0.000136     0.000136      3250286 
   39.700     0.133676     0.000794     0.000796      3248416 
   39.800    -0.720601    -0.004214    -0.004268      3231775 
   39.900    -0.129494    -0.000768    -0.000775      3217280 
   40.000     0.110513     0.000668     0.000665      3197417 
   40.100    -0.012715    -0.000077    -0.000077      3203471 
   40.200     0.148229     0.000886     0.000888      3213047 
   40.300    -0.393483    -0.002344    -0.002345      3229311 
   40.400    -0.041233    -0.000244    -0.000243      3233883 
   40.500    -0.483584    -0.002873    -0.002859      3220578 
   40.600    -0.081959    -0.000498    -0.000493      3204112 
   40.700     0.663083     0.003999     0.003994      3193792 
   40.800     0.200623     0.001210     0.001205      3219363 
   40.900    -0.359277    -0.002196    -0.002171      3177636 
   41.000     0.239214     0.001463     0.001452      3165747 
   41.100     0.782672     0.004809     0.004749      3164874 
   41.200     0.228059     0.001362     0.001355      3195973 
   41.300    -0.161800    -0.000978    -0.000975      3191546 
   41.400     0.134581     0.000815     0.000815      3190855 
   41.500    -0.193464    -0.001175    -0.001175      3186863 
   41.600     0.087112     0.000526     0.000527      3164210 
   41.700     0.522201     0.003188     0.003178      3168175 
   41.800     0.949533     0.005813     0.005808      3174551 
   41.900     0.371263     0.002248     0.002255      3156800 
   42.000     0.103136     0.000625     0.000629      3140127 
   42.100     0.394161     0.002363     0.002376      3155242 
   42.200     0.499559     0.003058     0.003069      3116296 
   42.300     0.413699     0.002516     0.002525      3118662 
   42.400    -0.086384    -0.000527    -0.000529      3131543 
   42.500     0.443368     0.002694     0.002689      3148623 
   42.600    -0.175755    -0.001065    -0.001065      3128028 
   42.700    -0.324592    -0.001954    -0.001962      3130607 
   42.800    -0.151587    -0.000907    -0.000918      3135199 
   42.900    -0.407062    -0.002467    -0.002461      3129557 
   43.000    -0.198773    -0.001214    -0.001200      3141326 
   43.100    -1.744358    -0.010661    -0.010617      3117374 
   43.200    -1.455662    -0.008881    -0.008836      3100312 
   43.300    -0.527381    -0.003238    -0.003230      3094000 
   43.400    -0.258570    -0.001590    -0.001589      3093978 
   43.500    -0.173801    -0.001055    -0.001062      3097944 
   43.600     0.067572     0.000416     0.000413      3093457 
   43.700     0.002308     0.000014     0.000014      3091323 
   43.800    -0.073408    -0.000451    -0.000452      3083501 
   43.900    -0.789530    -0.004861    -0.004846      3083600 
   44.000    -0.379836    -0.002314    -0.002324      3084166 
   44.100    -0.979562    -0.006025    -0.006033      3074758 
   44.200    -0.078531    -0.000487    -0.000486      3048754 
   44.300    -0.275377    -0.001683    -0.001684      3081920 
   44.400    -0.648268    -0.003960    -0.003956      3086165 
   44.500     0.178236     0.001106     0.001107      3046706 
   44.600    -0.534211    -0.003280    -0.003297      3038680 
   44.700    -1.391492    -0.008698    -0.008717      3026125 
   44.800    -0.641483    -0.003950    -0.003954      3044912 
   44.900    -0.140050    -0.000866    -0.000864      3041054 
   45.000     0.589244     0.003667     0.003662      3029414 
   45.100     0.395497     0.002404     0.002405      3053319 
   45.200     0.528172     0.003257     0.003238      3048130 
   45.300     0.997664     0.006110     0.006194      3025852 
   45.400    -0.060899    -0.000376    -0.000379      3030490 
   45.500    -0.097371    -0.000600    -0.000605      3050175 
   45.600    -0.288654    -0.001776    -0.001783      3016377 
   45.700     0.238919     0.001462     0.001471      3016955 
   45.800     0.214929     0.001332     0.001329      2999407 
   45.900    -0.371691    -0.002299    -0.002305      3033717 
   46.000    -0.273238    -0.001686    -0.001697      3014358 
   46.100    -0.060936    -0.000377    -0.000378      3032010 
   46.200    -0.313165    -0.001922    -0.001937      3015074 
   46.300    -0.198604    -0.001238    -0.001236      3015150 
   46.400     0.261215     0.001602     0.001623      3004207 
   46.500     0.200496     0.001250     0.001246      3001829 
   46.600     0.578111     0.003642     0.003621      2992316 
   46.700    -0.568964    -0.003510    -0.003540      3005388 
   46.800    -0.759045    -0.004668    -0.004680      3003162 
   46.900     0.049892     0.000312     0.000311      2994986 
   47.000     0.289248     0.001792     0.001791      2973216 
   47.100     1.044879     0.006402     0.006461      2994539 
   47.200     0.064451     0.000402     0.000402      2965289 
   47.300     0.078419     0.000494     0.000492      2945231 
   47.400    -0.090310    -0.000559    -0.000564      2968851 
   47.500    -0.359351    -0.002230    -0.002249      2982389 
   47.600    -0.536714    -0.003389    -0.003369      2973166 
   47.700    -0.674793    -0.004208    -0.004202      2969545 
   47.800     0.571958     0.003528     0.003557      2973205 
   47.900     0.361832     0.002274     0.002280      2920406 
   48.000     0.603630     0.003877     0.003793      2940659 
   48.100     0.416148     0.002651     0.002626      2956865 
   48.200     0.107320     0.000675     0.000674      2929184 
   48.300    -0.064973    -0.000405    -0.000405      2944288 
   48.400    -0.256969    -0.001627    -0.001613      2925862 
   48.500    -0.335211    -0.002098    -0.002094      2923251 
   48.600     0.096970     0.000617     0.000612      2929842 
   48.700    -0.147423    -0.000922    -0.000932      2915364 
   48.800    -0.253776    -0.001606    -0.001598      2898595 
   48.900     0.686680     0.004379     0.004316      2916154 
   49.000     0.679057     0.004244     0.004269      2935382 
   49.100     0.592842     0.003684     0.003717      2894057 
   49.200    -0.136241    -0.000864    -0.000858      2910953 
   49.300     0.239635     0.001535     0.001515      2900063 
   49.400     0.246937     0.001585     0.001567      2905983 
   49.500     0.185538     0.001173     0.001176      2915878 
   49.600    -0.444199    -0.002828    -0.002820      2934154 
   49.700    -0.393044    -0.002489    -0.002480      2942724 
   49.800    -0.250264    -0.001574    -0.001578      2904929 
   49.900    -0.229186    -0.001451    -0.001445      2898826 
   50.000    -0.447644    -0.002838    -0.002834      2878245 
   50.100    -0.258293    -0.001635    -0.001641      2855949 
   50.200     0.520073     0.003332     0.003305      2851914 
   50.300    -0.035207    -0.000223    -0.000223      2873801 
   50.400    -0.301321    -0.001924    -0.001928      2823164 
   50.500    -0.514959    -0.003285    -0.003276      2872203 
   50.600    -0.613473    -0.003945    -0.003916      2891804 
   50.700    -0.581542    -0.003729    -0.003714      2883632 
   50.800    -0.065060    -0.000410    -0.000411      2861068 
   50.900    -0.560701    -0.003583    -0.003557      2843687 
   51.000    -0.377086    -0.002404    -0.002387      2840712 
   51.100    -0.257486    -0.001671    -0.001665      2813900 
   51.200    -0.160975    -0.001023    -0.001028      2841632 
   51.300     0.240192     0.001543     0.001531      2846713 
   51.400     0.781257     0.005050     0.005032      2834400 
   51.500    -0.173665    -0.001104    -0.001104      2845002 
   51.600    -0.095430    -0.000613    -0.000612      2838902 
   51.700    -0.233681    -0.001508    -0.001505      2823584 
   51.800     0.048529     0.000311     0.000312      2839006 
   51.900    -0.162398    -0.001046    -0.001041      2826875 
   52.000     0.636955     0.004084     0.004124      2810688 
   52.100     0.316848     0.002032     0.002026      2803569 
   52.200    -0.840166    -0.005333    -0.005431      2798406 
   52.300    -0.667735    -0.004251    -0.004297      2797962 
   52.400    -0.510383    -0.003288    -0.003320      2775742 
   52.500    -0.180262    -0.001155    -0.001156      2791142 
   52.600    -0.136128    -0.000875    -0.000874      2787782 
   52.700     0.484545     0.003061     0.003068      2807265 
   52.800     0.425948     0.002724     0.002721      2793351 
   52.900     0.352603     0.002284     0.002273      2781290 
   53.000    -0.445158    -0.002861    -0.002872      2775355 
   53.100    -0.764833    -0.004946    -0.004954      2797663 
   53.200    -0.442949    -0.002852    -0.002859      2795140 
   53.300    -0.598203    -0.003886    -0.003867      2776002 
   53.400     0.204910     0.001323     0.001325      2778475 
   53.500     0.573755     0.003713     0.003685      2778238 
   53.600    -0.232589    -0.001513    -0.001511      2762976 
   53.700     0.080830     0.000522     0.000525      2765817 
   53.800     0.165406     0.001063     0.001070      2753727 
   53.900     0.347865     0.002226     0.002229      2780763 
   54.000     0.078915     0.000515     0.000514      2739532 
   54.100     0.321689     0.002088     0.002078      2745099 
   54.200     0.019713     0.000127     0.000127      2735788 
   54.300    -0.521447    -0.003332    -0.003366      2712713 
   54.400     0.322873     0.002079     0.002076      2730439 
   54.500    -0.605042    -0.003907    -0.003934      2729069 
   54.600    -0.432398    -0.002826    -0.002842      2724614 
   54.700     0.450561     0.002952     0.002943      2742737 
   54.800     0.094811     0.000615     0.000618      2746355 
   54.900     0.144655     0.000950     0.000950      2722654 
   55.000    -0.343681    -0.002235    -0.002231      2723404 
   55.100    -0.610870    -0.004012    -0.004024      2716512 
   55.200     0.180977     0.001189     0.001184      2714359 
   55.300     0.149662     0.000975     0.000977      2739169 
   55.400    -0.023580    -0.000153    -0.000154      2714303 
   55.500    -0.135761    -0.000887    -0.000886      2717684 
   55.600    -0.256482    -0.001680    -0.001683      2722920 
   55.700     0.252283     0.001637     0.001646      2714510 
   55.800     0.300895     0.001941     0.001953      2690487 
   55.900    -0.102864    -0.000663    -0.000674      2688647 
   56.000     0.654282     0.004220     0.004256      2711327 
   56.100    -0.604029    -0.003926    -0.003941      2687231 
   56.200     0.505949     0.003313     0.003334      2679767 
   56.300    -0.364316    -0.002375    -0.002383      2686695 
   56.400     0.437007     0.002881     0.002864      2689045 
   56.500     0.089909     0.000590     0.000591      2711561 
   56.600     0.414743     0.002677     0.002699      2706099 
   56.700    -0.303025    -0.001963    -0.001993      2694580 
   56.800    -0.495552    -0.003242    -0.003245      2692310 
   56.900    -0.561510    -0.003720    -0.003688      2684079 
   57.000     0.282629     0.001850     0.001856      2661560 
   57.100     0.102809     0.000675     0.000674      2650057 
   57.200     0.766794     0.005108     0.005096      2663570 
   57.300     0.220776     0.001453     0.001459      2667248 
   57.400     0.443553     0.002908     0.002918      2639615 
   57.500     0.400356     0.002659     0.002653      2651192 
   57.600     0.243536     0.001615     0.001615      2638692 
   57.700     1.167363     0.007598     0.007634      2651900 
   57.800    -0.089435    -0.000594    -0.000593      2650456 
   57.900    -0.358876    -0.002363    -0.002386      2619914 
   58.000    -0.419253    -0.002746    -0.002737      2648231 
   58.100     0.259399     0.001701     0.001704      2639321 
   58.200     0.301232     0.002013     0.002014      2633082 
   58.300    -0.175907    -0.001175    -0.001173      2623915 
   58.400     0.261854     0.001724     0.001743      2623237 
   58.500    -0.161862    -0.001068    -0.001072      2625394 
   58.600    -0.404746    -0.002674    -0.002701      2622795 
   58.700    -0.981975    -0.006575    -0.006538      2623644 
   58.800    -1.003065    -0.006652    -0.006639      2632092 
   58.900    -0.939826    -0.006283    -0.006306      2596008 
   59.000    -0.527035    -0.003528    -0.003527      2593844 
   59.100    -0.388169    -0.002629    -0.002636      2576615 
   59.200    -0.607498    -0.004156    -0.004144      2580676 
   59.300    -0.313609    -0.002088    -0.002082      2608652 
   59.400    -0.201159    -0.001359    -0.001364      2602141 
   59.500    -0.766503    -0.005152    -0.005145      2608750 
   59.600     0.385046     0.002562     0.002588      2591458 
   59.700    -0.267669    -0.001793    -0.001807      2572695 
   59.800    -0.985818    -0.006687    -0.006700      2592992 
   59.900    -0.691765    -0.004758    -0.004768      2587926 
   60.000    -0.770516    -0.005283    -0.005224      2581124 
   60.100    -0.604438    -0.003978    -0.004042      2568052 
   60.200    -0.807035    -0.005397    -0.005420      2595686 
   60.300     0.652502     0.004380     0.004417      2555947 
   60.400     0.095895     0.000652     0.000654      2566814 
   60.500     0.261131     0.001733     0.001766      2555734 
   60.600     0.712369     0.004880     0.004873      2562425 
   60.700     0.077137     0.000518     0.000518      2588702 
   60.800     0.433164     0.002896     0.002935      2582481 
   60.900     0.522683     0.003501     0.003517      2555934 
   61.000     0.189906     0.001267     0.001271      2550816 
   61.100    -0.302392    -0.002082    -0.002052      2532997 
   61.200    -0.278639    -0.001920    -0.001898      2521915 
   61.300    -0.744676    -0.005032    -0.005066      2531468 
   61.400    -0.134326    -0.000906    -0.000902      2527843 
   61.500     0.585452     0.003965     0.003963      2555859 
   61.600     0.477060     0.003283     0.003289      2529777 
   61.700     0.355146     0.002399     0.002411      2516461 
   61.800    -0.112344    -0.000759    -0.000762      2511660 
   61.900    -0.246064    -0.001655    -0.001671      2512762 
   62.000    -0.412771    -0.002827    -0.002796      2502367 
   62.100    -0.290473    -0.001990    -0.001984      2500293 
   62.200    -0.169914    -0.001153    -0.001152      2524839 
   62.300     0.046620     0.000320     0.000315      2514619 
   62.400    -0.019343    -0.000133    -0.000132      2496278 
   62.500    -0.913917    -0.006246    -0.006225      2477843 
   62.600    -0.428804    -0.002979    -0.002925      2471404 
   62.700     0.544519     0.003705     0.003702      2499563 
   62.800     0.309257     0.002103     0.002126      2476814 
   62.900    -0.203348    -0.001376    -0.001386      2480676 
   63.000    -0.193054    -0.001333    -0.001331      2469750 
   63.100    -0.485903    -0.003368    -0.003354      2478798 
   63.200    -0.988781    -0.006798    -0.006799      2507414 
   63.300     0.200929     0.001375     0.001366      2496709 
   63.400    -0.133703    -0.000931    -0.000925      2460287 
   63.500     0.157049     0.001075     0.001069      2473463 
   63.600    -0.007124    -0.000050    -0.000049      2487766 
   63.700    -0.007826    -0.000054    -0.000054      2488338 
   63.800    -0.299604    -0.002034    -0.002048      2479032 
   63.900     0.548954     0.003756     0.003779      2468147 
   64.000    -0.033465    -0.000229    -0.000231      2430443 
   64.100    -0.520016    -0.003561    -0.003570      2454188 
   64.200    -0.543194    -0.003766    -0.003738      2460279 
   64.300     0.309397     0.002146     0.002140      2449461 
   64.400     0.654232     0.004555     0.004549      2436824 
   64.500    -0.250589    -0.001749    -0.001741      2431342 
   64.600    -0.293602    -0.002022    -0.002011      2441825 
   64.700     0.014453     0.000101     0.000101      2444858 
   64.800    -0.303539    -0.002146    -0.002128      2427948 
   64.900    -0.227636    -0.001619    -0.001596      2415078 
   65.000     0.017679     0.000125     0.000124      2411025 
   65.100    -0.619950    -0.004249    -0.004289      2431195 
   65.200    -0.643955    -0.004495    -0.004474      2417661 
   65.300    -1.127028    -0.007796    -0.007751      2427199 
   65.400    -0.456504    -0.003166    -0.003152      2416146 
   65.500    -0.711566    -0.004867    -0.004927      2427799 
   65.600     0.212987     0.001496     0.001503      2417873 
   65.700     0.187384     0.001330     0.001326      2408549 
   65.800     0.615082     0.004258     0.004279      2418109 
   65.900     0.169428     0.001168     0.001188      2399673 
   66.000    -0.107754    -0.000771    -0.000766      2399800 
   66.100     0.535908     0.003863     0.003831      2392391 
   66.200     0.958889     0.006764     0.006774      2389689 
   66.300     0.817622     0.005718     0.005732      2384949 
   66.400    -0.200157    -0.001409    -0.001413      2395785 
   66.500    -0.369356    -0.002590    -0.002591      2379243 
   66.600     0.498343     0.003500     0.003495      2380076 
   66.700    -0.025465    -0.000178    -0.000178      2418012 
   66.800     0.644380     0.004467     0.004515      2391373 
   66.900    -0.061267    -0.000430    -0.000429      2393341 
   67.000    -0.489331    -0.003433    -0.003438      2387087 
   67.100     0.066628     0.000466     0.000464      2382766 
   67.200     0.070631     0.000493     0.000495      2375540 
   67.300     0.286408     0.001973     0.001989      2387929 
   67.400     0.450602     0.003173     0.003181      2380140 
   67.500    -0.512264    -0.003625    -0.003592      2385539 
   67.600    -0.262744    -0.001877    -0.001864      2356229 
   67.700     0.343985     0.002397     0.002413      2361463 
   67.800    -0.199791    -0.001397    -0.001401      2357242 
   67.900    -0.917498    -0.006280    -0.006427      2370252 
   68.000     0.095083     0.000665     0.000671      2358031 
   68.100     0.542592     0.003796     0.003823      2354348 
   68.200     0.858470     0.005928     0.006042      2361631 
   68.300     0.802426     0.005698     0.005707      2347303 
   68.400     0.232664     0.001641     0.001645      2338872 
   68.500    -0.165057    -0.001164    -0.001163      2345308 
   68.600    -1.100211    -0.007799    -0.007735      2319269 
   68.700    -0.477693    -0.003415    -0.003386      2338719 
   68.800    -0.369971    -0.002585    -0.002596      2353197 
   68.900    -0.426655    -0.002934    -0.002975      2337432 
   69.000    -0.045988    -0.000323    -0.000323      2326455 
   69.100    -0.241208    -0.001686    -0.001691      2345646 
   69.200     0.125960     0.000878     0.000893      2325014 
   69.300    -0.201620    -0.001424    -0.001430      2312371 
   69.400    -0.094692    -0.000675    -0.000677      2318203 
   69.500    -0.575589    -0.004069    -0.004103      2320140 
   69.600     0.070497     0.000493     0.000500      2310810 
   69.700     0.117317     0.000834     0.000839      2320766 
   69.800    -0.531486    -0.003822    -0.003820      2291008 
   69.900    -1.118773    -0.008072    -0.008138      2289217 
   70.000     0.131881     0.000957     0.000959      2277393 
   70.100     0.017239     0.000122     0.000123      2309107 
   70.200     0.276880     0.001982     0.001985      2301181 
   70.300    -0.104463    -0.000733    -0.000741      2291708 
   70.400    -0.343503    -0.002414    -0.002426      2290700 
   70.500    -0.285309    -0.002032    -0.002049      2283809 
   70.600     1.055328     0.007553     0.007584      2268295 
   70.700     0.926067     0.006430     0.006533      2283408 
   70.800     0.843674     0.005932     0.005990      2281128 
   70.900     0.431755     0.003003     0.003035      2285018 
   71.000     0.012688     0.000089     0.000090      2278711 
   71.100    -0.807517    -0.005685    -0.005715      2279787 
   71.200    -0.290800    -0.002107    -0.002092      2248556 
   71.300    -0.032076    -0.000231    -0.000230      2263379 
   71.400    -0.624928    -0.004330    -0.004413      2281393 
   71.500    -0.215094    -0.001512    -0.001531      2274674 
   71.600    -0.307791    -0.002173    -0.002187      2280704 
   71.700     0.616467     0.004476     0.004421      2275406 
   71.800     0.424076     0.003043     0.003051      2249382 
   71.900     0.101142     0.000722     0.000723      2259157 
   72.000     0.134071     0.000949     0.000947      2287219 
   72.100    -0.985047    -0.006958    -0.006996      2255502 
   72.200    -0.841982    -0.006092    -0.006060      2240526 
   72.300    -0.651691    -0.004675    -0.004683      2253155 
   72.400    -0.548390    -0.003889    -0.003884      2247451 
   72.500    -0.882618    -0.006237    -0.006236      2252687 
   72.600    -0.019178    -0.000135    -0.000135      2256795 
   72.700    -0.387908    -0.002796    -0.002779      2244376 
   72.800    -0.297187    -0.002145    -0.002138      2225823 
   72.900     0.017939     0.000125     0.000126      2259443 
   73.000    -0.271061    -0.001930    -0.001931      2238255 
   73.100    -0.554099    -0.004025    -0.004003      2239945 
   73.200    -0.043693    -0.000317    -0.000317      2210003 
   73.300    -0.897059    -0.006403    -0.006375      2221264 
   73.400    -0.177111    -0.001275    -0.001283      2232503 
   73.500    -0.349386    -0.002522    -0.002526      2206414 
   73.600     0.139979     0.001020     0.001016      2213455 
   73.700     1.541035     0.011197     0.011065      2233600 
   73.800     0.384923     0.002799     0.002798      2227469 
   73.900     1.174848     0.008595     0.008510      2199968 
   74.000     1.138843     0.008359     0.008309      2190883 
   74.100    -0.160024    -0.001159    -0.001164      2200597 
   74.200    -1.098369    -0.007911    -0.007995      2214602 
   74.300    -1.248336    -0.009147    -0.009107      2196958 
   74.400     0.555198     0.004035     0.004047      2183237 
   74.500     0.205048     0.001495     0.001508      2189879 
   74.600    -0.225697    -0.001668    -0.001665      2180168 
   74.700    -0.078955    -0.000588    -0.000581      2161644 
   74.800     0.229395     0.001728     0.001698      2147043 
   74.900     0.345830     0.002597     0.002561      2162093 
   75.000     0.544961     0.004023     0.003993      2143508 
   75.100     0.324724     0.002389     0.002377      2155088 
   75.200     0.319460     0.002329     0.002335      2151179 
   75.300     0.073052     0.000528     0.000535      2165595 
   75.400     0.325737     0.002359     0.002375      2145133 
   75.500    -0.699353    -0.005087    -0.005104      2129214 
   75.600    -0.804167    -0.005858    -0.005913      2150970 
   75.700    -0.085660    -0.000618    -0.000626      2159453 
   75.800     1.234143     0.009002     0.009040      2129239 
   75.900     0.855189     0.006348     0.006334      2124036 
   76.000     0.446720     0.003369     0.003357      2106039 
   76.100    -0.526161    -0.003892    -0.003879      2116595 
   76.200    -0.348509    -0.002582    -0.002540      2131631 
   76.300    -0.306192    -0.002278    -0.002272      2136511 
   76.400    -0.539347    -0.004011    -0.003965      2141411 
   76.500     0.161124     0.001203     0.001198      2112813 
   76.600     0.200461     0.001496     0.001496      2099539 
   76.700     0.318961     0.002349     0.002366      2102430 
   76.800    -0.077952    -0.000576    -0.000579      2093863 
   76.900    -0.425129    -0.003106    -0.003154      2106599 
   77.000    -0.567269    -0.004218    -0.004218      2103656 
   77.100    -0.630635    -0.004700    -0.004681      2100117 
   77.200    -0.750449    -0.005495    -0.005456      2119468 
   77.300     0.072708     0.000547     0.000540      2107685 
   77.400    -0.228446    -0.001719    -0.001712      2105851 
   77.500    -0.577840    -0.004316    -0.004305      2093879 
   77.600    -0.876163    -0.006636    -0.006582      2082941 
   77.700    -0.969747    -0.007254    -0.007180      2088095 
   77.800    -0.216464    -0.001628    -0.001628      2091893 
   77.900    -0.930844    -0.007021    -0.006954      2096505 
   78.000    -0.058512    -0.000439    -0.000437      2094786 
   78.100    -0.337492    -0.002500    -0.002508      2099562 
   78.200    -0.026854    -0.000205    -0.000202      2086465 
   78.300     0.357531     0.002754     0.002708      2062114 
   78.400     0.200153     0.001508     0.001514      2066383 
   78.500     0.111684     0.000854     0.000841      2088911 
   78.600     0.128548     0.000964     0.000966      2076563 
   78.700     0.573054     0.004310     0.004274      2101504 
   78.800    -0.110594    -0.000842    -0.000832      2078264 
   78.900     0.026165     0.000198     0.000196      2076855 
   79.000     0.027422     0.000206     0.000206      2057959 
   79.100     0.159285     0.001160     0.001171      2077610 
   79.200     0.826312     0.006289     0.006132      2052080 
   79.300     0.608194     0.004598     0.004546      2058153 
   79.400     0.612280     0.004632     0.004589      2061669 
   79.500     0.284159     0.002147     0.002145      2038711 
   79.600     0.030193     0.000230     0.000229      2031442 
   79.700    -0.184328    -0.001408    -0.001402      2040054 
   79.800     0.423357     0.003195     0.003174      2041187 
   79.900     0.181942     0.001371     0.001378      2034475 
   80.000    -0.389824    -0.002937    -0.002934      2064677 
   80.100     0.117960     0.000897     0.000889      2042148 
   80.200    -0.290749    -0.002140    -0.002156      2046840 
   80.300    -0.062759    -0.000470    -0.000471      2049007 
   80.400     0.335963     0.002577     0.002537      2044781 
   80.500     0.243369     0.001866     0.001838      2040273 
   80.600     0.564012     0.004415     0.004294      2031323 
   80.700     0.573285     0.004469     0.004391      2010902 
   80.800     0.222145     0.001687     0.001671      2035740 
   80.900     0.445799     0.003410     0.003363      2037266 
   81.000     0.594749     0.004615     0.004552      2023393 
   81.100    -0.158675    -0.001202    -0.001208      2011964 
   81.200    -0.200349    -0.001529    -0.001518      1989371 
   81.300    -0.117401    -0.000885    -0.000881      2001661 
   81.400    -0.489953    -0.003758    -0.003749      1994317 
   81.500    -0.662638    -0.005097    -0.005048      1998283 
   81.600    -0.340612    -0.002618    -0.002614      1980389 
   81.700     0.109718     0.000853     0.000848      1971723 
   81.800     0.353367     0.002723     0.002729      1967839 
   81.900     0.183784     0.001408     0.001424      1978510 
   82.000    -0.362984    -0.002825    -0.002814      1972303 
   82.100    -0.434777    -0.003358    -0.003349      1956996 
   82.200    -0.659030    -0.005146    -0.005070      1948033 
   82.300    -0.425781    -0.003397    -0.003313      1953494 
   82.400    -1.076022    -0.008573    -0.008380      1967352 
   82.500    -1.281600    -0.010020    -0.009929      1964166 
   82.600    -0.212083    -0.001657    -0.001642      1959697 
   82.700    -0.090367    -0.000713    -0.000698      1956310 
   82.800     0.395306     0.003110     0.003072      1941330 
   82.900    -0.393226    -0.003124    -0.003063      1940977 
   83.000    -0.425457    -0.003371    -0.003340      1943893 
   83.100    -0.614938    -0.004850    -0.004816      1940845 
   83.200    -0.406698    -0.003199    -0.003163      1949594 
   83.300    -0.006065    -0.000048    -0.000047      1910854 
   83.400    -0.291389    -0.002311    -0.002293      1936870 
   83.500    -0.175213    -0.001378    -0.001380      1916743 
   83.600    -0.179610    -0.001416    -0.001402      1928646 
   83.700    -0.660009    -0.005242    -0.005165      1940131 
   83.800    -0.625606    -0.004921    -0.004891      1917357 
   83.900     0.169521     0.001333     0.001320      1915976 
   84.000     0.195297     0.001514     0.001521      1916064 
   84.100     0.320354     0.002495     0.002514      1909563 
   84.200    -0.121794    -0.000971    -0.000958      1917254 
   84.300     0.147563     0.001172     0.001159      1913734 
   84.400     0.001554     0.000012     0.000012      1901915 
   84.500    -0.042077    -0.000329    -0.000328      1907382 
   84.600    -0.346925    -0.002720    -0.002716      1899144 
   84.700    -0.140811    -0.001124    -0.001117      1900726 
   84.800    -0.190427    -0.001501    -0.001498      1919394 
   84.900    -0.002591    -0.000021    -0.000020      1908452 
   85.000    -0.106205    -0.000855    -0.000847      1894194 
   85.100    -0.166798    -0.001360    -0.001334      1906754 
   85.200     0.026912     0.000216     0.000212      1915553 
   85.300    -0.596505    -0.004770    -0.004746      1898064 
   85.400     0.162980     0.001301     0.001290      1899190 
   85.500     0.035422     0.000285     0.000282      1897935 
   85.600    -0.211999    -0.001698    -0.001690      1906979 
   85.700     0.167996     0.001324     0.001326      1891354 
   85.800     0.393852     0.003205     0.003173      1889556 
   85.900     0.256029     0.002035     0.002030      1892854 
   86.000     0.169387     0.001382     0.001367      1890274 
   86.100    -0.297522    -0.002403    -0.002378      1892707 
   86.200     0.215518     0.001703     0.001689      1890215 
   86.300     0.088046     0.000707     0.000702      1878526 
   86.400     1.298242     0.010149     0.010097      1892827 
   86.500    -0.555940    -0.004479    -0.004432      1890555 
   86.600     0.178259     0.001461     0.001431      1871524 
   86.700     0.247076     0.001934     0.001931      1881592 
   86.800     0.349960     0.002756     0.002746      1881078 
   86.900    -0.081892    -0.000655    -0.000646      1875035 
   87.000     0.016344     0.000131     0.000131      1851512 
   87.100     0.444307     0.003515     0.003509      1864095 
   87.200     0.164515     0.001306     0.001301      1860668 
   87.300     0.445105     0.003563     0.003592      1855386 
   87.400    -0.463214    -0.003756    -0.003718      1844733 
   87.500    -0.361652    -0.002951    -0.002904      1847384 
   87.600    -0.261261    -0.002100    -0.002098      1857087 
   87.700    -0.204510    -0.001673    -0.001651      1844919 
   87.800    -0.411236    -0.003283    -0.003250      1845636 
   87.900    -0.803800    -0.006505    -0.006390      1842764 
   88.000     0.144863     0.001154     0.001151      1825296 
   88.100    -0.589336    -0.004680    -0.004649      1830711 
   88.200    -0.765090    -0.006142    -0.006043      1823925 
   88.300    -0.344096    -0.002811    -0.002760      1819847 
   88.400    -0.423446    -0.003420    -0.003417      1810244 
   88.500    -0.300803    -0.002430    -0.002415      1813082 
   88.600     0.600647     0.004711     0.004760      1825845 
   88.700     0.290072     0.002324     0.002305      1809930 
   88.800    -0.409402    -0.003310    -0.003267      1817216 
   88.900    -0.431436    -0.003449    -0.003418      1815463 
   89.000     0.436923     0.003463     0.003454      1809918 
   89.100     0.056445     0.000452     0.000449      1786007 
   89.200    -0.406705    -0.003274    -0.003284      1802889 
   89.300    -0.008002    -0.000064    -0.000065      1791473 
   89.400    -0.873604    -0.007012    -0.007113      1808044 
   89.500    -0.155105    -0.001255    -0.001251      1793727 
   89.600    -0.179395    -0.001403    -0.001428      1795970 
   89.700     0.212038     0.001725     0.001725      1797689 
   89.800     0.266396     0.002177     0.002141      1791336 
   89.900    -0.510335    -0.004073    -0.004075      1798251 
   90.000    -0.473907    -0.003879    -0.003833      1789083 
   90.100    -0.957266    -0.007725    -0.007673      1782604 
   90.200    -0.187095    -0.001524    -0.001517      1768428 
   90.300    -0.327105    -0.002669    -0.002642      1765498 
   90.400     0.430910     0.003478     0.003472      1759481 
   90.500     0.182949     0.001478     0.001476      1760562 
   90.600     0.490724     0.003986     0.003965      1755146 
   90.700     0.207708     0.001690     0.001691      1762499 
   90.800    -0.264595    -0.002148    -0.002156      1758598 
   90.900     0.207443     0.001665     0.001692      1766856 
   91.000     0.185069     0.001510     0.001501      1757396 
   91.100     0.408165     0.003335     0.003326      1760939 
   91.200     0.229408     0.001892     0.001878      1748028 
   91.300     0.786026     0.006480     0.006377      1737953 
   91.400     1.150560     0.009658     0.009512      1721849 
   91.500     0.982171     0.008082     0.008056      1744128 
   91.600     1.335656     0.011264     0.011082      1726943 
   91.700     0.647761     0.005288     0.005340      1722002 
   91.800     0.003699     0.000031     0.000031      1747781 
   91.900     0.970741     0.008032     0.007947      1741187 
   92.000     0.088091     0.000726     0.000718      1725249 
   92.100    -0.218206    -0.001793    -0.001783      1742686 
   92.200    -0.756438    -0.006232    -0.006174      1720546 
   92.300    -0.161019    -0.001348    -0.001323      1708714 
   92.400     0.210051     0.001753     0.001738      1709564 
   92.500     0.422494     0.003490     0.003450      1708624 
   92.600     0.092136     0.000772     0.000766      1695942 
   92.700    -0.131183    -0.001082    -0.001085      1691318 
   92.800    -0.226876    -0.001896    -0.001872      1691222 
   92.900    -1.185780    -0.009754    -0.009736      1719197 
   93.000    -0.428180    -0.003598    -0.003563      1702127 
   93.100    -0.416768    -0.003498    -0.003462      1682686 
   93.200    -0.165202    -0.001369    -0.001367      1706804 
   93.300     0.018879     0.000159     0.000158      1696145 
   93.400     0.153173     0.001301     0.001283      1689652 
   93.500    -0.026293    -0.000226    -0.000223      1695721 
   93.600     0.631694     0.005397     0.005312      1687909 
   93.700     1.104054     0.009569     0.009294      1674672 
   93.800     0.727216     0.006205     0.006136      1652375 
   93.900     0.434713     0.003680     0.003660      1675117 
   94.000     0.032781     0.000282     0.000279      1660151 
   94.100    -0.896165    -0.007696    -0.007576      1659819 
   94.200    -0.566302    -0.004950    -0.004830      1658980 
   94.300     0.426350     0.003549     0.003553      1670994 
   94.400     0.206944     0.001755     0.001753      1650422 
   94.500    -0.380012    -0.003157    -0.003151      1655748 
   94.600     0.326150     0.002638     0.002702      1657498 
   94.700    -0.230410    -0.001953    -0.001940      1644567 
   94.800    -0.436260    -0.003766    -0.003724      1643409 
   94.900     0.201348     0.001742     0.001741      1637606 
   95.000    -0.008659    -0.000073    -0.000073      1657141 
   95.100    -0.775333    -0.006384    -0.006426      1648635 
   95.200    -0.734146    -0.006171    -0.006171      1657576 
   95.300     0.039885     0.000338     0.000341      1630555 
   95.400     0.195470     0.001656     0.001652      1652943 
   95.500     0.082596     0.000687     0.000692      1641277 
   95.600    -0.270702    -0.002324    -0.002292      1636359 
   95.700     0.309054     0.002612     0.002593      1646255 
   95.800    -0.182198    -0.001540    -0.001534      1624692 
   95.900    -0.036620    -0.000305    -0.000307      1642922 
   96.000    -0.444884    -0.003746    -0.003761      1640682 
   96.100    -0.787181    -0.006491    -0.006501      1655676 
   96.200    -0.486100    -0.004174    -0.004137      1637335 
   96.300     0.238050     0.002023     0.001995      1644290 
   96.400     1.036583     0.008727     0.008678      1615857 
   96.500     0.743680     0.006247     0.006261      1646202 
   96.600     0.882835     0.007721     0.007552      1630545 
   96.700     0.427291     0.003704     0.003647      1612579 
   96.800     0.461063     0.003911     0.003845      1604424 
   96.900     0.399426     0.003398     0.003356      1613761 
   97.000     1.313792     0.011346     0.011057      1604983 
   97.100     1.042524     0.008846     0.008833      1613263 
   97.200     1.048372     0.008813     0.008833      1609104 
   97.300     1.038602     0.008652     0.008729      1610524 
   97.400     0.685543     0.005830     0.005741      1605030 
   97.500    -0.032711    -0.000278    -0.000276      1595115 
   97.600     0.344855     0.003021     0.002965      1588614 
   97.700    -0.422719    -0.003586    -0.003553      1592794 
   97.800    -0.323286    -0.002768    -0.002747      1598039 
   97.900     0.343110     0.002902     0.002876      1586629 
   98.000     0.857148     0.007283     0.007155      1589639 
   98.100     0.390168     0.003338     0.003310      1590690 
   98.200     0.614502     0.005192     0.005175      1585592 
   98.300     0.254150     0.002108     0.002130      1598881 
   98.400     0.648452     0.005507     0.005494      1604135 
   98.500     0.128526     0.001087     0.001090      1591591 
   98.600     0.094887     0.000804     0.000817      1553930 
   98.700     0.275082     0.002340     0.002356      1569112 
   98.800     0.272896     0.002419     0.002361      1567347 
   98.900     0.399971     0.003555     0.003525      1548258 
   99.000     0.635874     0.005642     0.005519      1550462 
   99.100     0.617523     0.005432     0.005360      1557674 
   99.200     0.428289     0.003731     0.003715      1552033 
   99.300     0.717047     0.006269     0.006257      1541072 
   99.400     0.762009     0.006592     0.006587      1549605 
   99.500    -0.312824    -0.002746    -0.002731      1558044 
   99.600    -0.991096    -0.008682    -0.008647      1544724 
   99.700    -0.182332    -0.001558    -0.001573      1541698 
   99.800     0.129683     0.001099     0.001109      1549404 
   99.900     0.292382     0.002579     0.002561      1532736 
  100.000    -0.217939    -0.001966    -0.001927      1520887 
