fitting 1 exponentials + affine
seed: 6090044611 
   11.525651 
    0.860 
   11.525615 
    0.860 
   11.518707 
    0.843 
   11.517891 
    0.840 
   11.517188 
    0.822 
   11.517108 
    0.833 
   11.516947 
    0.830 
   11.516938 
    0.829 
   11.516937 
    0.828 
   11.516937 
    0.828 
   11.516937 
    0.828 
   11.516937 
    0.828 
   11.516937 
    0.828 
    0.828 
nagopt ncall: 1  oldvalue:     11.516936757 newvalue:    11.516936757
   11.516937 
    0.828389575 
error sd:     0.003394
halflife:     3.682 
mean (generations):   188.272 
    0.038255590    -0.000152890 
##end of run
