 ##Z-score and correlation:: ../../ancpop.list  binsize:     0.001000
    0.100    32.379228     0.169296     0.169818      5845721 
    0.200     8.627942     0.047457     0.047205      4349047 
    0.300     5.594471     0.029824     0.029775      4337738 
    0.400     3.970501     0.020859     0.020950      4282699 
    0.500     2.484250     0.013168     0.013147      4243582 
    0.600     2.496394     0.013273     0.013128      4225130 
    0.700     2.540450     0.013360     0.013332      4215047 
    0.800     1.999169     0.010478     0.010533      4191965 
    0.900     1.149110     0.006023     0.006046      4189362 
    1.000     0.359332     0.001883     0.001888      4189681 
    1.100     0.445216     0.002360     0.002350      4160954 
    1.200     0.193998     0.001021     0.001019      4179018 
    1.300     0.690093     0.003675     0.003649      4149021 
    1.400     0.875260     0.004628     0.004663      4111830 
    1.500     1.572564     0.008291     0.008302      4113453 
    1.600     0.351949     0.001859     0.001853      4117849 
    1.700     0.017170     0.000091     0.000090      4119602 
    1.800     0.223768     0.001180     0.001173      4109070 
    1.900     0.462965     0.002442     0.002441      4100449 
    2.000     0.279022     0.001500     0.001485      4082814 
    2.100     0.380606     0.002015     0.002012      4086704 
    2.200    -0.408188    -0.002150    -0.002150      4090661 
    2.300     0.062116     0.000324     0.000327      4085597 
    2.400    -0.096382    -0.000504    -0.000506      4073991 
    2.500     0.050911     0.000267     0.000268      4057447 
    2.600    -0.212527    -0.001127    -0.001129      4049518 
    2.700    -0.323133    -0.001681    -0.001709      4022477 
    2.800    -0.917635    -0.004774    -0.004832      4037531 
    2.900    -0.642896    -0.003411    -0.003421      4042025 
    3.000    -0.438468    -0.002328    -0.002333      4036086 
    3.100     0.070876     0.000376     0.000377      4036852 
    3.200     0.256893     0.001371     0.001367      4039899 
    3.300     0.726956     0.003839     0.003848      4027770 
    3.400     1.293825     0.006942     0.006910      4029939 
    3.500     0.104595     0.000553     0.000554      4031106 
    3.600    -0.300787    -0.001604    -0.001592      4022493 
    3.700     0.371305     0.002002     0.001991      4013089 
    3.800     0.139226     0.000759     0.000748      4009236 
    3.900    -0.630853    -0.003388    -0.003381      3986507 
    4.000    -0.167453    -0.000886    -0.000890      3985003 
    4.100     0.168700     0.000913     0.000900      3985777 
    4.200     0.185895     0.000999     0.000997      3980388 
    4.300     0.437717     0.002331     0.002330      3984376 
    4.400     0.515738     0.002793     0.002759      3961354 
    4.500     0.351195     0.001862     0.001858      3979899 
    4.600     0.835520     0.004456     0.004471      3969251 
    4.700     0.112674     0.000603     0.000599      3973878 
    4.800    -0.015298    -0.000082    -0.000082      3980875 
    4.900    -0.816433    -0.004417    -0.004391      3966655 
    5.000    -0.313285    -0.001664    -0.001667      3976229 
    5.100    -0.416239    -0.002230    -0.002215      3956205 
    5.200     0.018599     0.000100     0.000099      3977293 
    5.300    -0.231409    -0.001238    -0.001238      3943555 
    5.400     0.886989     0.004770     0.004703      3975384 
    5.500     0.012497     0.000067     0.000067      3950498 
    5.600     1.242058     0.006611     0.006639      3949675 
    5.700     0.381890     0.002017     0.002033      3922765 
    5.800     0.520771     0.002755     0.002787      3909530 
    5.900     0.151629     0.000808     0.000807      3929087 
    6.000    -0.349719    -0.001864    -0.001860      3944350 
    6.100    -0.159737    -0.000852    -0.000854      3941015 
    6.200    -0.017537    -0.000094    -0.000094      3947263 
    6.300    -0.594719    -0.003177    -0.003156      3952632 
    6.400    -0.087189    -0.000463    -0.000462      3948992 
    6.500    -0.713897    -0.003842    -0.003825      3941074 
    6.600    -0.795628    -0.004247    -0.004211      3939480 
    6.700    -0.133677    -0.000718    -0.000714      3922397 
    6.800    -0.772875    -0.004171    -0.004127      3916533 
    6.900    -0.092886    -0.000493    -0.000492      3914731 
    7.000     0.683050     0.003637     0.003625      3949130 
    7.100     0.030433     0.000161     0.000163      3915023 
    7.200    -1.007748    -0.005379    -0.005356      3962061 
    7.300    -1.194734    -0.006492    -0.006442      3932157 
    7.400    -0.217241    -0.001175    -0.001170      3936374 
    7.500    -0.819952    -0.004382    -0.004385      3939029 
    7.600    -0.922225    -0.004939    -0.004871      3914073 
    7.700     0.090843     0.000485     0.000484      3931378 
    7.800     0.118023     0.000643     0.000632      3922416 
    7.900     0.214750     0.001163     0.001153      3897985 
    8.000     0.404753     0.002202     0.002184      3928080 
    8.100     0.550168     0.003007     0.002965      3907562 
    8.200     0.041871     0.000228     0.000226      3924345 
    8.300    -0.083741    -0.000452    -0.000449      3930981 
    8.400     0.251277     0.001369     0.001355      3946595 
    8.500     0.255785     0.001381     0.001379      3937056 
    8.600    -0.429474    -0.002329    -0.002316      3903191 
    8.700    -1.113314    -0.006045    -0.006012      3908980 
    8.800    -0.319561    -0.001725    -0.001719      3911990 
    8.900    -0.256791    -0.001378    -0.001370      3936557 
    9.000    -0.009019    -0.000049    -0.000049      3915492 
    9.100    -0.249522    -0.001350    -0.001353      3900237 
    9.200    -0.201769    -0.001094    -0.001092      3883142 
    9.300    -0.073687    -0.000399    -0.000399      3898718 
    9.400     1.292181     0.006912     0.006904      3895985 
    9.500     0.688145     0.003691     0.003691      3878646 
    9.600     0.906056     0.004909     0.004897      3892444 
    9.700     0.151215     0.000817     0.000816      3874753 
    9.800    -0.570875    -0.003092    -0.003097      3864594 
    9.900    -0.658724    -0.003610    -0.003583      3886103 
   10.000     0.589017     0.003231     0.003170      3876817 
   10.100     1.126193     0.006050     0.006050      3882786 
   10.200     0.692352     0.003781     0.003716      3886957 
   10.300     0.198864     0.001069     0.001067      3880871 
   10.400     0.265955     0.001443     0.001428      3865468 
   10.500     0.347580     0.001869     0.001876      3852100 
   10.600    -0.081184    -0.000439    -0.000439      3866673 
   10.700     0.426318     0.002328     0.002333      3854747 
   10.800     0.464376     0.002539     0.002538      3860965 
   10.900    -0.412233    -0.002235    -0.002235      3858252 
   11.000     0.217905     0.001185     0.001181      3847733 
   11.100    -1.468866    -0.008062    -0.007960      3841627 
   11.200    -0.397958    -0.002195    -0.002156      3836654 
   11.300     0.177978     0.000968     0.000958      3864090 
   11.400    -0.204339    -0.001116    -0.001099      3870214 
   11.500    -0.241269    -0.001321    -0.001306      3868269 
   11.600     0.591774     0.003228     0.003204      3862688 
   11.700     0.060843     0.000334     0.000328      3823752 
   11.800     0.580194     0.003173     0.003167      3798839 
   11.900    -0.928286    -0.005036    -0.005054      3835870 
   12.000    -0.603464    -0.003278    -0.003275      3828812 
   12.100     0.388235     0.002091     0.002100      3822093 
   12.200     0.209281     0.001138     0.001138      3844128 
   12.300    -0.721852    -0.003953    -0.003964      3825121 
   12.400     0.639792     0.003489     0.003479      3825019 
   12.500    -0.032450    -0.000177    -0.000177      3857925 
   12.600     0.315030     0.001708     0.001699      3859857 
   12.700     0.262789     0.001438     0.001425      3824640 
   12.800    -0.981545    -0.005346    -0.005297      3817200 
   12.900    -0.290060    -0.001589    -0.001579      3826151 
   13.000     0.697526     0.003817     0.003788      3802404 
   13.100    -0.652654    -0.003577    -0.003558      3789036 
   13.200    -0.783778    -0.004328    -0.004274      3789723 
   13.300    -1.058260    -0.005783    -0.005742      3811332 
   13.400    -0.802215    -0.004440    -0.004385      3786374 
   13.500    -0.025203    -0.000139    -0.000138      3782000 
   13.600     0.014013     0.000078     0.000077      3806899 
   13.700     0.704346     0.003837     0.003812      3796515 
   13.800     0.052092     0.000283     0.000282      3808278 
   13.900    -0.791212    -0.004368    -0.004340      3764391 
   14.000    -0.285667    -0.001566    -0.001569      3811283 
   14.100    -0.039384    -0.000218    -0.000216      3792048 
   14.200     0.055944     0.000308     0.000308      3781459 
   14.300    -0.637832    -0.003512    -0.003482      3777982 
   14.400    -0.182672    -0.001001    -0.001000      3775848 
   14.500    -0.220517    -0.001214    -0.001208      3778782 
   14.600    -0.975995    -0.005416    -0.005379      3775214 
   14.700    -0.599365    -0.003347    -0.003315      3756706 
   14.800    -0.791483    -0.004354    -0.004355      3760784 
   14.900    -0.113557    -0.000630    -0.000633      3776631 
   15.000    -0.012029    -0.000067    -0.000067      3747762 
   15.100    -0.707906    -0.003944    -0.003944      3776333 
   15.200    -1.047653    -0.005886    -0.005821      3769458 
   15.300    -0.599667    -0.003282    -0.003281      3769657 
   15.400    -1.476736    -0.008115    -0.008126      3778044 
   15.500    -0.475048    -0.002584    -0.002601      3785486 
   15.600     0.603922     0.003296     0.003274      3774903 
   15.700     0.188493     0.001045     0.001043      3726742 
   15.800     0.069900     0.000393     0.000389      3748209 
   15.900    -0.439149    -0.002403    -0.002418      3751226 
   16.000     0.006027     0.000034     0.000033      3743482 
   16.100     1.345241     0.007559     0.007538      3768607 
   16.200    -0.006840    -0.000038    -0.000038      3753554 
   16.300    -0.414803    -0.002280    -0.002305      3738926 
   16.400     0.508032     0.002780     0.002802      3759897 
   16.500     0.169223     0.000930     0.000928      3751265 
   16.600    -0.405547    -0.002235    -0.002234      3752180 
   16.700     0.062041     0.000340     0.000344      3718097 
   16.800     0.092376     0.000504     0.000508      3741195 
   16.900     0.208997     0.001133     0.001139      3729999 
   17.000     0.395888     0.002188     0.002201      3736669 
   17.100    -0.128202    -0.000702    -0.000707      3768674 
   17.200     0.329970     0.001798     0.001817      3749249 
   17.300     1.018189     0.005572     0.005642      3734550 
   17.400     0.821148     0.004551     0.004531      3746216 
   17.500     0.491223     0.002694     0.002700      3729099 
   17.600     0.304527     0.001691     0.001690      3716393 
   17.700    -0.017561    -0.000097    -0.000097      3739768 
   17.800    -0.035561    -0.000195    -0.000196      3738507 
   17.900     0.232133     0.001273     0.001281      3731721 
   18.000     0.059057     0.000330     0.000328      3728584 
   18.100     0.281253     0.001555     0.001561      3723973 
   18.200     0.225126     0.001245     0.001243      3729891 
   18.300    -0.029847    -0.000166    -0.000164      3736523 
   18.400     0.019246     0.000107     0.000106      3732541 
   18.500     0.552185     0.003025     0.003026      3735366 
   18.600    -0.122531    -0.000667    -0.000669      3705691 
   18.700     0.734013     0.003971     0.004013      3701675 
   18.800    -0.408235    -0.002237    -0.002258      3733961 
   18.900    -0.467923    -0.002595    -0.002595      3726164 
   19.000    -0.199990    -0.001100    -0.001102      3708210 
   19.100    -1.073917    -0.005897    -0.005923      3686836 
   19.200    -0.651680    -0.003601    -0.003606      3687050 
   19.300     0.151839     0.000841     0.000846      3690355 
   19.400    -0.158246    -0.000861    -0.000868      3723163 
   19.500    -0.896454    -0.004907    -0.004944      3722981 
   19.600    -0.163478    -0.000902    -0.000906      3676654 
   19.700     0.039132     0.000217     0.000216      3700569 
   19.800     0.002322     0.000013     0.000013      3716795 
   19.900    -0.283448    -0.001581    -0.001575      3693935 
   20.000    -0.090617    -0.000507    -0.000501      3676486 
   20.100    -0.176159    -0.000988    -0.000982      3673204 
   20.200    -1.239542    -0.006949    -0.006961      3666741 
   20.300    -1.143704    -0.006331    -0.006331      3715512 
   20.400     0.540748     0.002983     0.002987      3701193 
   20.500     0.469839     0.002581     0.002602      3714590 
   20.600     0.212668     0.001181     0.001186      3703341 
   20.700     0.674727     0.003748     0.003755      3693414 
   20.800     0.466851     0.002623     0.002616      3666982 
   20.900     0.208985     0.001167     0.001166      3700381 
   21.000     0.917541     0.005125     0.005126      3697630 
   21.100    -0.589956    -0.003301    -0.003298      3661344 
   21.200    -0.668212    -0.003653    -0.003680      3677858 
   21.300    -0.154431    -0.000850    -0.000859      3652061 
   21.400    -0.668068    -0.003722    -0.003724      3667787 
   21.500    -1.043536    -0.005880    -0.005859      3677357 
   21.600    -0.880283    -0.004954    -0.004916      3670490 
   21.700    -0.497767    -0.002793    -0.002785      3675182 
   21.800    -0.108255    -0.000594    -0.000597      3686538 
   21.900     0.473971     0.002668     0.002652      3677143 
   22.000     0.608134     0.003419     0.003411      3639512 
   22.100    -0.035801    -0.000204    -0.000202      3626018 
   22.200     0.175215     0.000978     0.000977      3627488 
   22.300    -0.372451    -0.002085    -0.002077      3648805 
   22.400    -0.767743    -0.004283    -0.004317      3650163 
   22.500    -0.580678    -0.003302    -0.003253      3667033 
   22.600    -0.188749    -0.001055    -0.001054      3655003 
   22.700     0.160547     0.000912     0.000902      3655138 
   22.800    -0.865977    -0.004874    -0.004879      3640559 
   22.900    -0.514911    -0.002939    -0.002930      3607779 
   23.000    -0.535198    -0.003006    -0.003016      3637443 
   23.100    -0.476616    -0.002671    -0.002678      3634831 
   23.200    -0.863061    -0.004826    -0.004852      3644974 
   23.300    -0.618851    -0.003460    -0.003461      3637883 
   23.400    -0.993751    -0.005594    -0.005563      3643812 
   23.500    -1.100768    -0.006173    -0.006186      3640221 
   23.600     0.153568     0.000865     0.000867      3635798 
   23.700     0.142392     0.000817     0.000811      3620662 
   23.800     0.239048     0.001369     0.001357      3638826 
   23.900    -0.222385    -0.001264    -0.001265      3629575 
   24.000    -0.130573    -0.000742    -0.000741      3604874 
   24.100     0.133277     0.000754     0.000750      3635255 
   24.200    -0.270160    -0.001527    -0.001515      3617646 
   24.300    -0.324645    -0.001825    -0.001815      3614805 
   24.400     0.599628     0.003417     0.003386      3640488 
   24.500     0.752911     0.004249     0.004241      3624823 
   24.600     0.030501     0.000171     0.000172      3629156 
   24.700    -0.132491    -0.000749    -0.000748      3637999 
   24.800     0.464205     0.002602     0.002618      3609221 
   24.900     0.372202     0.002078     0.002091      3605145 
   25.000     1.081523     0.006025     0.006032      3607994 
   25.100     1.071417     0.006084     0.006014      3614706 
   25.200     0.901351     0.005053     0.005058      3604847 
   25.300     0.544849     0.003044     0.003026      3632450 
   25.400    -0.046146    -0.000258    -0.000256      3636279 
   25.500     0.451754     0.002565     0.002536      3611175 
   25.600    -0.051786    -0.000293    -0.000292      3600561 
   25.700     0.386253     0.002199     0.002187      3579832 
   25.800     0.577495     0.003247     0.003227      3582812 
   25.900     0.547153     0.003108     0.003073      3580169 
   26.000     0.511072     0.002854     0.002846      3582431 
   26.100     0.610128     0.003470     0.003432      3565199 
   26.200     0.793936     0.004433     0.004445      3578337 
   26.300     0.638857     0.003606     0.003614      3560727 
   26.400     0.174351     0.000992     0.000990      3574110 
   26.500     0.091521     0.000523     0.000522      3568664 
   26.600    -0.398848    -0.002274    -0.002284      3540031 
   26.700    -0.003135    -0.000018    -0.000018      3556435 
   26.800     0.687175     0.003897     0.003893      3538760 
   26.900    -0.269266    -0.001525    -0.001529      3555314 
   27.000     0.957214     0.005438     0.005469      3538393 
   27.100     0.369434     0.002106     0.002089      3511698 
   27.200     0.171561     0.000965     0.000962      3537702 
   27.300    -0.297642    -0.001689    -0.001692      3501022 
   27.400     0.039675     0.000224     0.000223      3531616 
   27.500     0.445710     0.002540     0.002520      3521347 
   27.600     0.098402     0.000551     0.000553      3515735 
   27.700     0.915458     0.005191     0.005174      3523400 
   27.800     0.375607     0.002114     0.002130      3532331 
   27.900     0.437774     0.002526     0.002520      3543779 
   28.000     0.300099     0.001710     0.001698      3530765 
   28.100     1.050654     0.006044     0.006013      3517557 
   28.200     0.940402     0.005322     0.005367      3520481 
   28.300     0.712677     0.004044     0.004035      3516753 
   28.400    -0.447245    -0.002537    -0.002525      3510459 
   28.500    -0.594116    -0.003368    -0.003377      3493082 
   28.600    -0.454434    -0.002597    -0.002594      3495671 
   28.700     0.222939     0.001274     0.001273      3497066 
   28.800    -0.225250    -0.001273    -0.001275      3532218 
   28.900    -0.717826    -0.004030    -0.004063      3524686 
   29.000    -0.563310    -0.003140    -0.003169      3516517 
   29.100     0.187110     0.001055     0.001061      3509249 
   29.200    -0.390759    -0.002187    -0.002199      3496247 
   29.300     0.477863     0.002673     0.002680      3492510 
   29.400     0.379760     0.002148     0.002155      3511051 
   29.500    -0.165348    -0.000927    -0.000939      3481627 
   29.600    -0.337194    -0.001902    -0.001931      3490791 
   29.700    -0.334517    -0.001865    -0.001886      3464800 
   29.800    -0.494470    -0.002751    -0.002796      3443724 
   29.900    -0.342158    -0.001919    -0.001930      3456512 
   30.000     0.140166     0.000787     0.000798      3469990 
   30.100    -0.556461    -0.003083    -0.003159      3457147 
   30.200     0.084918     0.000473     0.000483      3483510 
   30.300     0.191289     0.001079     0.001083      3509394 
   30.400    -0.242660    -0.001372    -0.001382      3472974 
   30.500    -0.200430    -0.001145    -0.001148      3472758 
   30.600     0.507831     0.002865     0.002878      3479903 
   30.700     0.433216     0.002445     0.002469      3478200 
   30.800     0.293220     0.001645     0.001668      3469037 
   30.900    -0.303701    -0.001693    -0.001724      3444734 
   31.000    -0.290713    -0.001637    -0.001660      3459979 
   31.100     0.242439     0.001367     0.001386      3453319 
   31.200     0.275769     0.001562     0.001571      3469404 
   31.300    -0.880025    -0.005003    -0.005022      3451322 
   31.400    -0.994986    -0.005644    -0.005707      3448755 
   31.500    -0.371325    -0.002136    -0.002130      3422020 
   31.600    -1.159592    -0.006560    -0.006627      3428586 
   31.700    -0.673366    -0.003791    -0.003836      3432554 
   31.800     0.093987     0.000531     0.000542      3411795 
   31.900     0.417386     0.002375     0.002386      3420047 
   32.000    -0.298959    -0.001725    -0.001729      3441273 
   32.100     0.446724     0.002537     0.002564      3463574 
   32.200     0.781356     0.004436     0.004487      3421262 
   32.300     0.236181     0.001350     0.001365      3439008 
   32.400     0.408316     0.002339     0.002366      3439719 
   32.500     0.665084     0.003744     0.003799      3449099 
   32.600     0.510723     0.002886     0.002937      3420028 
   32.700    -0.189319    -0.001083    -0.001089      3414291 
   32.800    -0.376582    -0.002161    -0.002169      3434131 
   32.900    -0.444885    -0.002547    -0.002569      3420352 
   33.000    -0.042756    -0.000242    -0.000245      3414019 
   33.100    -0.033629    -0.000189    -0.000193      3395417 
   33.200     0.487275     0.002753     0.002795      3395694 
   33.300     0.255637     0.001464     0.001475      3374399 
   33.400     0.338310     0.001940     0.001953      3370944 
   33.500     0.275658     0.001584     0.001589      3382549 
   33.600     0.782371     0.004516     0.004519      3401005 
   33.700     0.192215     0.001109     0.001116      3399309 
   33.800    -0.409718    -0.002361    -0.002369      3390825 
   33.900     0.383643     0.002218     0.002234      3391308 
   34.000     0.378655     0.002174     0.002188      3384049 
   34.100     0.326346     0.001895     0.001902      3363548 
   34.200     0.074021     0.000436     0.000434      3369154 
   34.300    -0.689599    -0.003998    -0.003986      3374639 
   34.400    -0.143647    -0.000824    -0.000823      3378310 
   34.500    -0.324172    -0.001896    -0.001879      3354560 
   34.600     0.494617     0.002896     0.002896      3344234 
   34.700    -0.114445    -0.000662    -0.000666      3356851 
   34.800    -0.002652    -0.000015    -0.000015      3369564 
   34.900     0.225340     0.001320     0.001313      3351658 
   35.000     0.270207     0.001595     0.001587      3336664 
   35.100    -0.158761    -0.000932    -0.000932      3341786 
   35.200    -0.351538    -0.002055    -0.002068      3324927 
   35.300    -0.834376    -0.004917    -0.004905      3327994 
   35.400    -0.222804    -0.001312    -0.001312      3327519 
   35.500    -0.603182    -0.003473    -0.003505      3336711 
   35.600    -0.095838    -0.000559    -0.000554      3329153 
   35.700    -0.190715    -0.001118    -0.001114      3307236 
   35.800    -0.106266    -0.000630    -0.000629      3297679 
   35.900    -1.112266    -0.006577    -0.006562      3317689 
   36.000     0.016871     0.000099     0.000099      3341551 
   36.100     0.277957     0.001637     0.001639      3300456 
   36.200     0.513115     0.003045     0.003010      3304839 
   36.300     0.301499     0.001759     0.001762      3309246 
   36.400    -0.011968    -0.000070    -0.000070      3308438 
   36.500    -0.133756    -0.000791    -0.000788      3296475 
   36.600    -0.042303    -0.000247    -0.000250      3271818 
   36.700    -0.721695    -0.004202    -0.004242      3270714 
   36.800    -0.311072    -0.001821    -0.001824      3300504 
   36.900    -0.147514    -0.000866    -0.000873      3293299 
   37.000    -0.385537    -0.002277    -0.002276      3297251 
   37.100     0.595770     0.003498     0.003518      3284746 
   37.200     0.967041     0.005693     0.005695      3269770 
   37.300     0.951458     0.005628     0.005624      3277516 
   37.400     0.420981     0.002479     0.002483      3289261 
   37.500     0.541554     0.003183     0.003197      3261090 
   37.600     0.622794     0.003584     0.003647      3248700 
   37.700     0.600138     0.003423     0.003489      3290031 
   37.800     0.009672     0.000056     0.000056      3283321 
   37.900     0.013808     0.000079     0.000081      3311517 
   38.000     0.715609     0.004184     0.004202      3273290 
   38.100     0.757003     0.004426     0.004443      3276291 
   38.200     0.652449     0.003832     0.003823      3296348 
   38.300    -0.269594    -0.001577    -0.001585      3271043 
   38.400     0.319983     0.001873     0.001872      3260534 
   38.500    -0.593084    -0.003429    -0.003461      3269400 
   38.600    -0.224828    -0.001323    -0.001318      3268972 
   38.700    -0.238695    -0.001413    -0.001400      3272151 
   38.800    -0.095307    -0.000562    -0.000561      3269305 
   38.900    -0.779331    -0.004563    -0.004572      3282735 
   39.000    -0.345021    -0.002046    -0.002046      3280245 
   39.100    -0.300238    -0.001771    -0.001773      3240761 
   39.200    -0.276310    -0.001628    -0.001633      3261572 
   39.300     0.447376     0.002657     0.002643      3258173 
   39.400     0.993694     0.005856     0.005835      3259726 
   39.500     0.345163     0.002040     0.002034      3251081 
   39.600     0.599299     0.003519     0.003512      3250286 
   39.700    -0.497622    -0.002928    -0.002965      3248416 
   39.800    -0.164990    -0.000972    -0.000977      3231775 
   39.900    -0.658734    -0.003866    -0.003894      3217280 
   40.000    -0.961326    -0.005686    -0.005729      3197417 
   40.100    -1.053647    -0.006330    -0.006322      3203471 
   40.200    -0.119845    -0.000712    -0.000715      3213047 
   40.300     0.426960     0.002509     0.002525      3229311 
   40.400    -0.285067    -0.001691    -0.001694      3233883 
   40.500     0.021600     0.000129     0.000129      3220578 
   40.600     0.641551     0.003886     0.003852      3204112 
   40.700     0.647614     0.003849     0.003856      3193792 
   40.800     0.153438     0.000900     0.000906      3219363 
   40.900     0.337478     0.002019     0.002011      3177636 
   41.000    -0.170480    -0.001025    -0.001027      3165747 
   41.100    -0.112226    -0.000682    -0.000681      3164874 
   41.200     0.344316     0.002059     0.002055      3195973 
   41.300    -0.588616    -0.003569    -0.003535      3191546 
   41.400     0.020605     0.000124     0.000125      3190855 
   41.500    -0.232828    -0.001388    -0.001396      3186863 
   41.600    -0.925408    -0.005535    -0.005529      3164210 
   41.700     0.106094     0.000645     0.000647      3168175 
   41.800     0.408092     0.002444     0.002447      3174551 
   41.900    -0.010597    -0.000063    -0.000064      3156800 
   42.000     0.198056     0.001194     0.001203      3140127 
   42.100     0.030035     0.000178     0.000180      3155242 
   42.200     0.252540     0.001524     0.001532      3116296 
   42.300    -0.332798    -0.002030    -0.002024      3118662 
   42.400     0.877775     0.005357     0.005342      3131543 
   42.500    -0.111530    -0.000679    -0.000675      3148623 
   42.600    -0.549366    -0.003277    -0.003287      3128028 
   42.700     0.154671     0.000922     0.000930      3130607 
   42.800     0.115316     0.000701     0.000703      3135199 
   42.900     0.117866     0.000715     0.000712      3129557 
   43.000    -0.399933    -0.002415    -0.002415      3141326 
   43.100     0.629756     0.003820     0.003814      3117374 
   43.200     0.692403     0.004226     0.004208      3100312 
   43.300     0.598157     0.003675     0.003643      3094000 
   43.400     0.549566     0.003377     0.003361      3093978 
   43.500     0.547478     0.003397     0.003363      3097944 
   43.600     0.045558     0.000280     0.000276      3093457 
   43.700     0.038475     0.000232     0.000234      3091323 
   43.800    -0.041892    -0.000257    -0.000257      3083501 
   43.900    -0.340599    -0.002068    -0.002083      3083600 
   44.000    -0.161353    -0.000967    -0.000986      3084166 
   44.100    -0.489644    -0.002964    -0.002995      3074758 
   44.200    -0.145343    -0.000876    -0.000887      3048754 
   44.300    -0.240957    -0.001462    -0.001466      3081920 
   44.400    -0.342693    -0.002076    -0.002081      3086165 
   44.500    -0.631396    -0.003902    -0.003899      3046706 
   44.600     0.181962     0.001120     0.001118      3038680 
   44.700     0.211124     0.001312     0.001310      3026125 
   44.800     0.708752     0.004323     0.004334      3044912 
   44.900     0.315324     0.001911     0.001923      3041054 
   45.000     0.473051     0.002888     0.002941      3029414 
   45.100     0.502546     0.003073     0.003090      3053319 
   45.200    -0.900957    -0.005519    -0.005489      3048130 
   45.300    -1.135918    -0.006940    -0.006979      3025852 
   45.400    -0.608317    -0.003718    -0.003767      3030490 
   45.500    -0.454162    -0.002757    -0.002781      3050175 
   45.600    -0.004607    -0.000028    -0.000028      3016377 
   45.700     0.060557     0.000368     0.000372      3016955 
   45.800    -0.078242    -0.000481    -0.000483      2999407 
   45.900    -0.471942    -0.002857    -0.002904      3033717 
   46.000     0.008910     0.000054     0.000055      3014358 
   46.100     0.284141     0.001714     0.001740      3032010 
   46.200    -0.136910    -0.000842    -0.000847      3015074 
   46.300    -0.137985    -0.000873    -0.000864      3015150 
   46.400    -0.494181    -0.003081    -0.003080      3004207 
   46.500    -0.256442    -0.001573    -0.001575      3001829 
   46.600     0.358186     0.002231     0.002218      2992316 
   46.700    -0.566220    -0.003480    -0.003496      3005388 
   46.800    -0.400133    -0.002444    -0.002440      3003162 
   46.900    -0.382407    -0.002354    -0.002345      2994986 
   47.000    -0.016407    -0.000101    -0.000101      2973216 
   47.100     0.022716     0.000138     0.000139      2994539 
   47.200    -0.416541    -0.002554    -0.002535      2965289 
   47.300    -0.774235    -0.004823    -0.004771      2945231 
   47.400    -0.521147    -0.003250    -0.003224      2968851 
   47.500    -0.491920    -0.003089    -0.003048      2982389 
   47.600    -0.126134    -0.000783    -0.000778      2973166 
   47.700     1.082952     0.006727     0.006685      2969545 
   47.800     0.056892     0.000352     0.000353      2973205 
   47.900     0.059611     0.000372     0.000375      2920406 
   48.000    -0.023384    -0.000146    -0.000145      2940659 
   48.100    -0.256700    -0.001605    -0.001599      2956865 
   48.200    -0.090187    -0.000566    -0.000561      2929184 
   48.300    -1.101348    -0.006883    -0.006888      2944288 
   48.400     0.120006     0.000746     0.000749      2925862 
   48.500    -0.770506    -0.004812    -0.004834      2923251 
   48.600    -0.140297    -0.000883    -0.000875      2929842 
   48.700    -0.175128    -0.001086    -0.001096      2915364 
   48.800     0.299882     0.001884     0.001873      2898595 
   48.900     0.157246     0.000992     0.000984      2916154 
   49.000    -0.185478    -0.001155    -0.001157      2935382 
   49.100    -0.112867    -0.000706    -0.000707      2894057 
   49.200    -0.741263    -0.004567    -0.004613      2910953 
   49.300    -0.758393    -0.004773    -0.004774      2900063 
   49.400    -1.132002    -0.007081    -0.007118      2905983 
   49.500     0.342626     0.002141     0.002153      2915878 
   49.600    -0.368490    -0.002307    -0.002296      2934154 
   49.700     0.371766     0.002294     0.002305      2942724 
   49.800    -0.620171    -0.003866    -0.003863      2904929 
   49.900    -0.789975    -0.004996    -0.004973      2898826 
   50.000    -0.393517    -0.002489    -0.002480      2878245 
   50.100    -0.120645    -0.000769    -0.000763      2855949 
   50.200     0.015435     0.000098     0.000097      2851914 
   50.300    -0.332982    -0.002116    -0.002108      2873801 
   50.400    -0.093460    -0.000591    -0.000593      2823164 
   50.500    -0.587605    -0.003735    -0.003700      2872203 
   50.600    -0.765004    -0.004821    -0.004822      2891804 
   50.700    -1.196458    -0.007572    -0.007544      2883632 
   50.800    -0.848401    -0.005376    -0.005383      2861068 
   50.900    -0.803551    -0.005074    -0.005054      2843687 
   51.000    -0.359013    -0.002301    -0.002269      2840712 
   51.100    -0.513898    -0.003337    -0.003313      2813900 
   51.200    -0.538881    -0.003443    -0.003437      2841632 
   51.300    -0.569154    -0.003599    -0.003603      2846713 
   51.400    -0.041305    -0.000267    -0.000263      2834400 
   51.500     0.254151     0.001625     0.001621      2845002 
   51.600    -0.459842    -0.002911    -0.002912      2838902 
   51.700    -0.665412    -0.004226    -0.004261      2823584 
   51.800    -0.803158    -0.005227    -0.005178      2839006 
   51.900     0.105715     0.000687     0.000679      2826875 
   52.000     0.864154     0.005526     0.005515      2810688 
   52.100    -0.091394    -0.000580    -0.000583      2803569 
   52.200    -0.097169    -0.000614    -0.000621      2798406 
   52.300    -0.531860    -0.003343    -0.003390      2797962 
   52.400    -0.452304    -0.002888    -0.002921      2775742 
   52.500     0.468360     0.002989     0.002996      2791142 
   52.600    -0.035897    -0.000227    -0.000230      2787782 
   52.700     0.801146     0.005123     0.005113      2807265 
   52.800    -0.074200    -0.000473    -0.000477      2793351 
   52.900    -0.013871    -0.000089    -0.000089      2781290 
   53.000    -0.425083    -0.002767    -0.002745      2775355 
   53.100    -0.386458    -0.002489    -0.002485      2797663 
   53.200    -0.118926    -0.000752    -0.000762      2795140 
   53.300    -0.140913    -0.000896    -0.000905      2776002 
   53.400    -0.116477    -0.000739    -0.000742      2778475 
   53.500    -0.170635    -0.001084    -0.001091      2778238 
   53.600    -0.145537    -0.000934    -0.000934      2762976 
   53.700    -0.257343    -0.001672    -0.001660      2765817 
   53.800     0.292741     0.001868     0.001880      2753727 
   53.900    -0.568567    -0.003603    -0.003608      2780763 
   54.000     0.160752     0.001033     0.001033      2739532 
   54.100    -0.729759    -0.004621    -0.004633      2745099 
   54.200    -0.637962    -0.004077    -0.004094      2735788 
   54.300     0.371671     0.002364     0.002385      2712713 
   54.400     0.495261     0.003192     0.003200      2730439 
   54.500    -0.053394    -0.000344    -0.000342      2729069 
   54.600     0.014943     0.000098     0.000098      2724614 
   54.700    -0.139384    -0.000907    -0.000904      2742737 
   54.800    -0.572363    -0.003675    -0.003692      2746355 
   54.900    -0.346104    -0.002215    -0.002220      2722654 
   55.000    -0.157222    -0.001010    -0.001012      2723404 
   55.100    -0.134536    -0.000861    -0.000860      2716512 
   55.200    -0.612067    -0.003999    -0.003967      2714359 
   55.300    -0.021330    -0.000137    -0.000137      2739169 
   55.400    -0.503911    -0.003276    -0.003267      2714303 
   55.500    -0.548970    -0.003544    -0.003566      2717684 
   55.600    -0.243967    -0.001566    -0.001583      2722920 
   55.700     0.365057     0.002343     0.002341      2714510 
   55.800     0.161691     0.001055     0.001053      2690487 
   55.900     0.562932     0.003634     0.003646      2688647 
   56.000    -0.389981    -0.002497    -0.002516      2711327 
   56.100     0.327377     0.002148     0.002135      2687231 
   56.200     0.066006     0.000431     0.000429      2679767 
   56.300    -0.489678    -0.003144    -0.003155      2686695 
   56.400    -0.475867    -0.003117    -0.003097      2689045 
   56.500    -0.984447    -0.006398    -0.006375      2711561 
   56.600     0.401476     0.002600     0.002597      2706099 
   56.700     0.881242     0.005694     0.005695      2694580 
   56.800     0.009582     0.000061     0.000061      2692310 
   56.900     0.952682     0.006267     0.006225      2684079 
   57.000     1.197182     0.007781     0.007811      2661560 
   57.100     1.276608     0.008261     0.008302      2650057 
   57.200     0.706121     0.004637     0.004666      2663570 
   57.300     0.445711     0.002880     0.002900      2667248 
   57.400     0.335073     0.002167     0.002178      2639615 
   57.500    -0.017036    -0.000111    -0.000111      2651192 
   57.600    -0.201999    -0.001313    -0.001324      2638692 
   57.700     0.160379     0.001035     0.001037      2651900 
   57.800     0.064283     0.000413     0.000418      2650456 
   57.900     0.290775     0.001896     0.001918      2619914 
   58.000    -0.184598    -0.001185    -0.001195      2648231 
   58.100     0.367546     0.002384     0.002391      2639321 
   58.200     0.225805     0.001494     0.001491      2633082 
   58.300     0.929427     0.006168     0.006166      2623915 
   58.400     0.838546     0.005543     0.005503      2623237 
   58.500     0.085542     0.000563     0.000559      2625394 
   58.600    -0.030803    -0.000205    -0.000205      2622795 
   58.700    -0.253700    -0.001690    -0.001668      2623644 
   58.800     0.648287     0.004245     0.004228      2632092 
   58.900     1.143728     0.007437     0.007529      2596008 
   59.000     1.029532     0.006733     0.006844      2593844 
   59.100     0.491858     0.003215     0.003265      2576615 
   59.200     0.260974     0.001722     0.001736      2580676 
   59.300     0.173830     0.001144     0.001141      2608652 
   59.400     0.253375     0.001679     0.001673      2602141 
   59.500    -0.171875    -0.001153    -0.001148      2608750 
   59.600     0.079652     0.000526     0.000525      2591458 
   59.700    -0.140383    -0.000941    -0.000929      2572695 
   59.800     0.463050     0.003101     0.003092      2592992 
   59.900    -0.100708    -0.000687    -0.000675      2587926 
   60.000     0.675065     0.004519     0.004502      2581124 
   60.100     0.273513     0.001839     0.001820      2568052 
   60.200     0.503934     0.003353     0.003343      2595686 
   60.300     0.227565     0.001498     0.001508      2555947 
   60.400     0.623504     0.004098     0.004147      2566814 
   60.500    -0.038045    -0.000252    -0.000252      2555734 
   60.600     0.577313     0.003847     0.003836      2562425 
   60.700     0.550065     0.003594     0.003610      2588702 
   60.800    -0.262938    -0.001733    -0.001730      2582481 
   60.900    -0.596942    -0.003987    -0.003968      2555934 
   61.000    -0.122927    -0.000823    -0.000816      2550816 
   61.100     0.220736     0.001480     0.001475      2532997 
   61.200     0.533444     0.003559     0.003563      2521915 
   61.300     0.556234     0.003703     0.003727      2531468 
   61.400     0.668053     0.004513     0.004472      2527843 
   61.500     1.238872     0.008221     0.008184      2555859 
   61.600     0.960012     0.006463     0.006446      2529777 
   61.700     0.584420     0.004020     0.004010      2516461 
   61.800    -0.444752    -0.003047    -0.003042      2511660 
   61.900    -0.857578    -0.005870    -0.005870      2512762 
   62.000    -0.719894    -0.004839    -0.004873      2502367 
   62.100     0.260342     0.001748     0.001753      2500293 
   62.200    -0.445280    -0.002976    -0.002997      2524839 
   62.300    -0.137740    -0.000927    -0.000924      2514619 
   62.400    -0.798302    -0.005438    -0.005417      2496278 
   62.500    -0.792002    -0.005523    -0.005503      2477843 
   62.600    -0.033359    -0.000230    -0.000230      2471404 
   62.700     0.696032     0.004734     0.004736      2499563 
   62.800     0.350008     0.002391     0.002403      2476814 
   62.900     0.374421     0.002552     0.002582      2480676 
   63.000     0.399930     0.002778     0.002773      2469750 
   63.100    -0.148287    -0.001027    -0.001026      2478798 
   63.200    -0.100099    -0.000675    -0.000679      2507414 
   63.300     0.769552     0.005213     0.005216      2496709 
   63.400     0.086687     0.000586     0.000592      2460287 
   63.500     0.261786     0.001769     0.001788      2473463 
   63.600    -0.001745    -0.000012    -0.000012      2487766 
   63.700    -0.300021    -0.002057    -0.002049      2488338 
   63.800    -0.601704    -0.004074    -0.004114      2479032 
   63.900    -0.235407    -0.001588    -0.001600      2468147 
   64.000    -0.141105    -0.000958    -0.000966      2430443 
   64.100    -0.121515    -0.000840    -0.000836      2454188 
   64.200     0.304223     0.002083     0.002091      2460279 
   64.300    -0.331014    -0.002286    -0.002292      2449461 
   64.400    -0.719281    -0.004897    -0.004943      2436824 
   64.500    -0.693067    -0.004700    -0.004784      2431342 
   64.600    -0.624840    -0.004212    -0.004300      2441825 
   64.700    -0.119925    -0.000817    -0.000827      2444858 
   64.800     0.449092     0.003052     0.003061      2427948 
   64.900     0.662700     0.004606     0.004576      2415078 
   65.000     0.316702     0.002217     0.002218      2411025 
   65.100     0.569414     0.003872     0.003889      2431195 
   65.200     0.574256     0.003980     0.003982      2417661 
   65.300     0.290532     0.002012     0.002019      2427199 
   65.400     0.622201     0.004279     0.004307      2416146 
   65.500     0.856798     0.005944     0.005956      2427799 
   65.600     0.260445     0.001794     0.001806      2417873 
   65.700     0.037462     0.000260     0.000262      2408549 
   65.800     0.346833     0.002404     0.002423      2418109 
   65.900     0.744578     0.005210     0.005271      2399673 
   66.000     0.002199     0.000015     0.000015      2399800 
   66.100    -0.134308    -0.000919    -0.000931      2392391 
   66.200     0.312199     0.002166     0.002179      2389689 
   66.300    -0.104580    -0.000725    -0.000729      2384949 
   66.400    -0.455833    -0.003146    -0.003174      2395785 
   66.500    -0.196271    -0.001363    -0.001368      2379243 
   66.600     0.161290     0.001117     0.001120      2380076 
   66.700     0.456402     0.003113     0.003140      2418012 
   66.800     0.518956     0.003545     0.003601      2391373 
   66.900     0.078584     0.000542     0.000544      2393341 
   67.000    -0.042080    -0.000293    -0.000294      2387087 
   67.100     0.283521     0.001952     0.001952      2382766 
   67.200    -0.318377    -0.002200    -0.002208      2375540 
   67.300     0.630216     0.004288     0.004306      2387929 
   67.400     0.469433     0.003209     0.003232      2380140 
   67.500     0.390787     0.002684     0.002683      2385539 
   67.600    -0.181011    -0.001263    -0.001255      2356229 
   67.700    -0.200393    -0.001398    -0.001403      2361463 
   67.800     0.069243     0.000480     0.000483      2357242 
   67.900    -0.893601    -0.006110    -0.006192      2370252 
   68.000    -0.269575    -0.001878    -0.001901      2358031 
   68.100    -0.580227    -0.004051    -0.004071      2354348 
   68.200     0.485934     0.003346     0.003391      2361631 
   68.300     0.202830     0.001420     0.001431      2347303 
   68.400     0.166680     0.001159     0.001167      2338872 
   68.500    -0.072434    -0.000503    -0.000501      2345308 
   68.600     0.802460     0.005570     0.005545      2319269 
   68.700     0.054221     0.000378     0.000376      2338719 
   68.800    -0.356499    -0.002441    -0.002462      2353197 
   68.900     0.404636     0.002782     0.002815      2337432 
   69.000     0.520899     0.003612     0.003644      2326455 
   69.100     0.570214     0.004030     0.004009      2345646 
   69.200     0.404858     0.002792     0.002815      2325014 
   69.300     0.533652     0.003709     0.003720      2312371 
   69.400     0.082408     0.000586     0.000582      2318203 
   69.500    -0.064839    -0.000457    -0.000461      2320140 
   69.600     0.436044     0.003066     0.003066      2310810 
   69.700     0.335194     0.002369     0.002383      2320766 
   69.800     0.281414     0.001990     0.001995      2291008 
   69.900     0.084608     0.000608     0.000603      2289217 
   70.000    -0.210047    -0.001504    -0.001513      2277393 
   70.100    -0.043559    -0.000309    -0.000310      2309107 
   70.200     0.007796     0.000054     0.000055      2301181 
   70.300    -0.400452    -0.002814    -0.002854      2291708 
   70.400    -0.823742    -0.005743    -0.005794      2290700 
   70.500    -0.244626    -0.001737    -0.001746      2283809 
   70.600    -0.249290    -0.001791    -0.001782      2268295 
   70.700    -0.606114    -0.004273    -0.004287      2283408 
   70.800    -0.131763    -0.000929    -0.000934      2281128 
   70.900    -0.324004    -0.002259    -0.002272      2285018 
   71.000    -0.218147    -0.001542    -0.001539      2278711 
   71.100    -0.302091    -0.002128    -0.002117      2279787 
   71.200     0.357923     0.002595     0.002558      2248556 
   71.300     0.927384     0.006641     0.006645      2263379 
   71.400     0.423147     0.002954     0.002992      2281393 
   71.500     0.385232     0.002635     0.002697      2274674 
   71.600     0.491473     0.003370     0.003442      2280704 
   71.700     1.039919     0.007268     0.007337      2275406 
   71.800     0.392370     0.002714     0.002761      2249382 
   71.900     0.623955     0.004333     0.004403      2259157 
   72.000     0.578673     0.004084     0.004111      2287219 
   72.100    -0.434111    -0.003040    -0.003069      2255502 
   72.200    -0.403310    -0.002832    -0.002858      2240526 
   72.300     0.179648     0.001281     0.001286      2253155 
   72.400     0.241363     0.001732     0.001731      2247451 
   72.500     0.335536     0.002399     0.002391      2252687 
   72.600    -0.239206    -0.001722    -0.001707      2256795 
   72.700    -0.259909    -0.001868    -0.001866      2244376 
   72.800    -0.682020    -0.004838    -0.004864      2225823 
   72.900     0.186496     0.001302     0.001314      2259443 
   73.000     0.063683     0.000454     0.000455      2238255 
   73.100     0.786076     0.005736     0.005675      2239945 
   73.200     0.032963     0.000243     0.000239      2210003 
   73.300    -0.325226    -0.002354    -0.002318      2221264 
   73.400    -0.299684    -0.002172    -0.002160      2232503 
   73.500     0.181414     0.001285     0.001285      2206414 
   73.600     0.656279     0.004728     0.004655      2213455 
   73.700    -0.335029    -0.002397    -0.002405      2233600 
   73.800    -0.689623    -0.004920    -0.004947      2227469 
   73.900    -0.454451    -0.003355    -0.003313      2199968 
   74.000    -1.100899    -0.008019    -0.008002      2190883 
   74.100    -0.267271    -0.001955    -0.001954      2200597 
   74.200    -0.224159    -0.001623    -0.001630      2214602 
   74.300     0.217235     0.001576     0.001570      2196958 
   74.400    -0.246247    -0.001796    -0.001793      2183237 
   74.500    -0.484968    -0.003537    -0.003529      2189879 
   74.600    -0.533512    -0.003896    -0.003893      2180168 
   74.700    -0.411901    -0.003009    -0.002997      2161644 
   74.800     0.097276     0.000717     0.000709      2147043 
   74.900    -0.227570    -0.001683    -0.001670      2162093 
   75.000    -0.130999    -0.000965    -0.000953      2143508 
   75.100    -0.105854    -0.000778    -0.000762      2155088 
   75.200    -0.286441    -0.002064    -0.002058      2151179 
   75.300    -0.301575    -0.002221    -0.002190      2165595 
   75.400    -1.270993    -0.009189    -0.009194      2145133 
   75.500    -0.612429    -0.004479    -0.004432      2129214 
   75.600    -0.259725    -0.001934    -0.001907      2150970 
   75.700     0.107518     0.000803     0.000791      2159453 
   75.800    -0.493422    -0.003622    -0.003605      2129239 
   75.900    -0.882416    -0.006454    -0.006446      2124036 
   76.000    -0.322063    -0.002378    -0.002380      2106039 
   76.100     0.506450     0.003699     0.003708      2116595 
   76.200    -0.131196    -0.000979    -0.000966      2131631 
   76.300     0.367823     0.002757     0.002718      2136511 
   76.400     0.616555     0.004577     0.004567      2141411 
   76.500     0.557319     0.004156     0.004113      2112813 
   76.600     0.410165     0.003045     0.003043      2099539 
   76.700     0.410828     0.003023     0.003026      2102430 
   76.800    -0.481557    -0.003567    -0.003583      2093863 
   76.900    -0.669056    -0.004911    -0.004921      2106599 
   77.000    -0.028784    -0.000211    -0.000212      2103656 
   77.100    -0.600335    -0.004336    -0.004360      2100117 
   77.200    -0.576303    -0.004118    -0.004180      2119468 
   77.300    -1.152583    -0.008454    -0.008504      2107685 
   77.400    -1.050150    -0.007741    -0.007752      2105851 
   77.500    -0.473618    -0.003561    -0.003577      2093879 
   77.600    -0.461917    -0.003491    -0.003465      2082941 
   77.700    -0.734750    -0.005576    -0.005497      2088095 
   77.800    -1.003775    -0.007423    -0.007458      2091893 
   77.900    -0.168453    -0.001257    -0.001243      2096505 
   78.000     0.142956     0.001061     0.001052      2094786 
   78.100    -0.523951    -0.003868    -0.003893      2099562 
   78.200    -0.612605    -0.004605    -0.004547      2086465 
   78.300    -0.712611    -0.005410    -0.005351      2062114 
   78.400    -0.548189    -0.004105    -0.004120      2066383 
   78.500    -0.709700    -0.005319    -0.005302      2088911 
   78.600     0.039928     0.000295     0.000296      2076563 
   78.700     0.098421     0.000727     0.000723      2101504 
   78.800    -0.498986    -0.003738    -0.003683      2078264 
   78.900     0.196093     0.001433     0.001430      2076855 
   79.000     0.422329     0.003083     0.003112      2057959 
   79.100     0.777435     0.005629     0.005724      2077610 
   79.200     0.667316     0.004937     0.004909      2052080 
   79.300     0.135157     0.000988     0.000995      2058153 
   79.400     0.317615     0.002330     0.002337      2061669 
   79.500    -0.104128    -0.000769    -0.000772      2038711 
   79.600     0.112922     0.000841     0.000843      2031442 
   79.700     0.441665     0.003239     0.003265      2040054 
   79.800    -0.211734    -0.001522    -0.001559      2041187 
   79.900     0.366492     0.002705     0.002728      2034475 
   80.000     0.353163     0.002587     0.002600      2064677 
   80.100     0.235646     0.001772     0.001766      2042148 
   80.200    -0.364875    -0.002690    -0.002721      2046840 
   80.300     0.082792     0.000608     0.000610      2049007 
   80.400     0.126225     0.000947     0.000945      2044781 
   80.500    -0.154327    -0.001180    -0.001165      2040273 
   80.600    -0.574217    -0.004387    -0.004341      2031323 
   80.700    -0.406358    -0.003107    -0.003090      2010902 
   80.800    -0.926147    -0.006925    -0.006884      2035740 
   80.900    -0.436121    -0.003348    -0.003306      2037266 
   81.000    -0.027365    -0.000205    -0.000204      2023393 
   81.100    -0.449766    -0.003371    -0.003395      2011964 
   81.200    -0.722300    -0.005586    -0.005510      1989371 
   81.300    -0.839998    -0.006301    -0.006274      2001661 
   81.400    -0.102181    -0.000779    -0.000772      1994317 
   81.500     0.366068     0.002718     0.002729      1998283 
   81.600    -0.287459    -0.002153    -0.002198      1980389 
   81.700     0.792456     0.006014     0.006062      1971723 
   81.800     0.173475     0.001295     0.001321      1967839 
   81.900     0.318969     0.002411     0.002415      1978510 
   82.000     0.674164     0.005166     0.005136      1972303 
   82.100     0.605422     0.004682     0.004640      1956996 
   82.200     0.351872     0.002755     0.002723      1948033 
   82.300     0.340725     0.002652     0.002622      1953494 
   82.400    -0.435408    -0.003367    -0.003347      1967352 
   82.500    -0.658861    -0.005147    -0.005051      1964166 
   82.600    -0.281735    -0.002195    -0.002168      1959697 
   82.700     0.396604     0.003085     0.003068      1956310 
   82.800    -0.654693    -0.005000    -0.004989      1941330 
   82.900    -0.893225    -0.006762    -0.006797      1940977 
   83.000    -0.541090    -0.004140    -0.004120      1943893 
   83.100    -0.248734    -0.001933    -0.001921      1940845 
   83.200     0.378244     0.002882     0.002867      1949594 
   83.300     0.231845     0.001811     0.001790      1910854 
   83.400    -0.157485    -0.001233    -0.001220      1936870 
   83.500    -0.156606    -0.001228    -0.001216      1916743 
   83.600    -0.948576    -0.007371    -0.007335      1928646 
   83.700    -0.253521    -0.001954    -0.001949      1940131 
   83.800    -0.485321    -0.003699    -0.003731      1917357 
   83.900     0.208167     0.001581     0.001583      1915976 
   84.000    -0.484751    -0.003652    -0.003707      1916064 
   84.100    -1.428732    -0.011031    -0.011089      1909563 
   84.200    -1.203470    -0.009391    -0.009281      1917254 
   84.300    -0.449997    -0.003413    -0.003413      1913734 
   84.400     0.540858     0.004127     0.004165      1901915 
   84.500     0.419781     0.003180     0.003194      1907382 
   84.600     0.453620     0.003520     0.003491      1899144 
   84.700    -0.543900    -0.004216    -0.004194      1900726 
   84.800     0.858711     0.006719     0.006670      1919394 
   84.900     0.902707     0.007145     0.007108      1908452 
   85.000    -0.187575    -0.001487    -0.001471      1894194 
   85.100     0.307745     0.002462     0.002406      1906754 
   85.200     0.072122     0.000559     0.000558      1915553 
   85.300     0.601102     0.004668     0.004650      1898064 
   85.400     0.710587     0.005538     0.005488      1899190 
   85.500     0.695504     0.005447     0.005421      1897935 
   85.600     0.283546     0.002165     0.002190      1906979 
   85.700    -0.193044    -0.001480    -0.001482      1891354 
   85.800     1.159050     0.008954     0.008999      1889556 
   85.900     0.445260     0.003399     0.003401      1892854 
   86.000     0.285211     0.002234     0.002213      1890274 
   86.100     0.186909     0.001452     0.001442      1892707 
   86.200     0.870092     0.006621     0.006674      1890215 
   86.300    -0.126844    -0.000990    -0.000986      1878526 
   86.400     0.401610     0.003058     0.003065      1892827 
   86.500     0.338578     0.002624     0.002634      1890555 
   86.600    -0.558524    -0.004428    -0.004395      1871524 
   86.700    -0.200822    -0.001559    -0.001553      1881592 
   86.800    -0.161232    -0.001245    -0.001251      1881078 
   86.900    -0.262564    -0.002064    -0.002029      1875035 
   87.000     0.144196     0.001125     0.001128      1851512 
   87.100     0.248101     0.001948     0.001958      1864095 
   87.200     0.163938     0.001278     0.001291      1860668 
   87.300    -0.382093    -0.002950    -0.002990      1855386 
   87.400     0.010444     0.000082     0.000081      1844733 
   87.500     0.034941     0.000277     0.000275      1847384 
   87.600    -0.280009    -0.002207    -0.002199      1857087 
   87.700    -0.465100    -0.003737    -0.003721      1844919 
   87.800    -0.778355    -0.006133    -0.006177      1845636 
   87.900     0.249681     0.001970     0.001957      1842764 
   88.000     0.874701     0.006857     0.006925      1825296 
   88.100     0.642339     0.004984     0.005011      1830711 
   88.200    -0.032822    -0.000264    -0.000259      1823925 
   88.300     0.435121     0.003549     0.003480      1819847 
   88.400    -0.172385    -0.001358    -0.001364      1810244 
   88.500     0.266151     0.002114     0.002127      1813082 
   88.600     0.657473     0.005234     0.005230      1825845 
   88.700     0.611586     0.004840     0.004858      1809930 
   88.800    -0.718567    -0.005713    -0.005712      1817216 
   88.900    -0.019660    -0.000156    -0.000155      1815463 
   89.000    -0.479919    -0.003822    -0.003798      1809918 
   89.100    -0.789684    -0.006331    -0.006282      1786007 
   89.200     0.187311     0.001471     0.001484      1802889 
   89.300     0.467435     0.003665     0.003715      1791473 
   89.400     0.694598     0.005408     0.005510      1808044 
   89.500     0.709646     0.005688     0.005703      1793727 
   89.600    -0.494985    -0.003955    -0.003969      1795970 
   89.700    -0.430480    -0.003461    -0.003482      1797689 
   89.800    -0.212721    -0.001697    -0.001698      1791336 
   89.900     0.802232     0.006429     0.006488      1798251 
   90.000    -0.137617    -0.001110    -0.001110      1789083 
   90.100     0.048916     0.000389     0.000390      1782604 
   90.200    -0.148232    -0.001192    -0.001192      1768428 
   90.300    -0.450848    -0.003631    -0.003648      1765498 
   90.400    -0.276865    -0.002233    -0.002240      1759481 
   90.500    -0.613522    -0.004888    -0.004924      1760562 
   90.600    -0.666223    -0.005452    -0.005434      1755146 
   90.700    -0.434946    -0.003524    -0.003550      1762499 
   90.800    -0.375090    -0.003047    -0.003041      1758598 
   90.900     0.080624     0.000643     0.000651      1766856 
   91.000    -1.194553    -0.009440    -0.009466      1757396 
   91.100    -0.518394    -0.004163    -0.004148      1760939 
   91.200     0.232141     0.001856     0.001863      1748028 
   91.300     0.650387     0.005225     0.005178      1737953 
   91.400     0.949706     0.007637     0.007684      1721849 
   91.500    -0.033095    -0.000263    -0.000268      1744128 
   91.600    -0.015461    -0.000128    -0.000128      1726943 
   91.700    -0.216680    -0.001776    -0.001810      1722002 
   91.800     0.207283     0.001690     0.001691      1747781 
   91.900    -0.061727    -0.000501    -0.000502      1741187 
   92.000     0.630464     0.005162     0.005148      1725249 
   92.100     0.435050     0.003520     0.003544      1742686 
   92.200     0.575668     0.004672     0.004701      1720546 
   92.300    -0.197091    -0.001592    -0.001604      1708714 
   92.400    -0.214915    -0.001743    -0.001764      1709564 
   92.500    -0.010504    -0.000086    -0.000087      1708624 
   92.600     0.737995     0.006091     0.006097      1695942 
   92.700     0.572703     0.004696     0.004701      1691318 
   92.800     0.086191     0.000689     0.000695      1691222 
   92.900     0.191623     0.001556     0.001556      1719197 
   93.000    -0.237837    -0.001930    -0.001946      1702127 
   93.100     0.222465     0.001814     0.001808      1682686 
   93.200     0.008032     0.000066     0.000066      1706804 
   93.300     0.032528     0.000271     0.000272      1696145 
   93.400     0.188514     0.001567     0.001566      1689652 
   93.500     0.137196     0.001140     0.001137      1695721 
   93.600    -0.329421    -0.002807    -0.002758      1687909 
   93.700    -0.500656    -0.004220    -0.004154      1674672 
   93.800    -1.204027    -0.009823    -0.010021      1652375 
   93.900    -0.059389    -0.000489    -0.000495      1675117 
   94.000    -0.619494    -0.005162    -0.005202      1660151 
   94.100    -0.612931    -0.005133    -0.005114      1659819 
   94.200    -0.428389    -0.003561    -0.003587      1658980 
   94.300    -0.667577    -0.005398    -0.005500      1670994 
   94.400    -0.616940    -0.005175    -0.005156      1650422 
   94.500     0.489140     0.004040     0.004009      1655748 
   94.600    -0.084760    -0.000690    -0.000706      1657498 
   94.700    -0.654038    -0.005313    -0.005377      1644567 
   94.800    -0.419684    -0.003443    -0.003492      1643409 
   94.900    -0.609400    -0.005028    -0.005098      1637606 
   95.000     0.372829     0.003056     0.003090      1657141 
   95.100     0.113982     0.000941     0.000952      1648635 
   95.200     0.656907     0.005221     0.005391      1657576 
   95.300     0.698190     0.005681     0.005802      1630555 
   95.400     0.032860     0.000267     0.000275      1652943 
   95.500    -0.567612    -0.004680    -0.004759      1641277 
   95.600    -0.540254    -0.004466    -0.004535      1636359 
   95.700    -0.862881    -0.007030    -0.007139      1646255 
   95.800    -0.352366    -0.002969    -0.002954      1624692 
   95.900     0.232528     0.001884     0.001912      1642922 
   96.000    -0.513523    -0.004225    -0.004295      1640682 
   96.100    -0.734127    -0.006080    -0.006079      1655676 
   96.200    -1.358077    -0.011382    -0.011310      1637335 
   96.300     0.165806     0.001372     0.001372      1644290 
   96.400    -0.110744    -0.000907    -0.000919      1615857 
   96.500     0.914522     0.007548     0.007599      1646202 
   96.600     0.589192     0.005022     0.004940      1630545 
   96.700     0.859403     0.007206     0.007236      1612579 
   96.800    -0.524148    -0.004332    -0.004388      1604424 
   96.900     0.331247     0.002768     0.002769      1613761 
   97.000     0.899845     0.007623     0.007559      1604983 
   97.100     0.518986     0.004327     0.004344      1613263 
   97.200    -0.050774    -0.000420    -0.000422      1609104 
   97.300     0.318276     0.002634     0.002657      1610524 
   97.400     0.863939     0.007273     0.007229      1605030 
   97.500    -0.218302    -0.001848    -0.001855      1595115 
   97.600     0.284210     0.002390     0.002399      1588614 
   97.700    -0.472170    -0.003975    -0.003984      1592794 
   97.800     0.414547     0.003512     0.003523      1598039 
   97.900    -0.279194    -0.002383    -0.002380      1586629 
   98.000    -0.657148    -0.005595    -0.005546      1589639 
   98.100    -1.551574    -0.013096    -0.013133      1590690 
   98.200    -0.852687    -0.007211    -0.007168      1585592 
   98.300    -0.190867    -0.001588    -0.001589      1598881 
   98.400     0.569261     0.004815     0.004852      1604135 
   98.500    -0.005413    -0.000046    -0.000046      1591591 
   98.600     0.741136     0.006293     0.006390      1553930 
   98.700    -0.355259    -0.003036    -0.003022      1569112 
   98.800    -0.256967    -0.002251    -0.002205      1567347 
   98.900    -0.605752    -0.005162    -0.005119      1548258 
   99.000     0.096292     0.000824     0.000823      1550462 
   99.100     0.173916     0.001479     0.001483      1557674 
   99.200    -0.059368    -0.000509    -0.000507      1552033 
   99.300     0.166815     0.001415     0.001423      1541072 
   99.400    -0.318843    -0.002739    -0.002714      1549605 
   99.500     0.278450     0.002408     0.002389      1558044 
   99.600     0.562723     0.004857     0.004864      1544724 
   99.700     1.089231     0.009083     0.009155      1541698 
   99.800     0.572568     0.004869     0.004894      1549404 
   99.900     0.081179     0.000695     0.000692      1532736 
  100.000     0.350126     0.003038     0.003038      1520887 
