fitting 1 exponentials + affine
seed: 6061884593 
   51.868573 
    0.237 
   51.682792 
    0.306 
   50.610537 
    0.543 
   47.959655 
    0.749 
   47.244674 
    0.776 
   43.601420 
    0.859 
   32.600774 
    0.943 
   27.828123 
    0.959 
   20.990432 
    0.975 
   18.844475 
    0.979 
   16.218909 
    0.987 
   16.217336 
    0.988 
   16.217335 
    0.988 
   16.217334 
    0.988 
   16.217334 
    0.988 
    0.988 
nagopt ncall: 1  oldvalue:     16.217333547 newvalue:    16.217333545
   16.217334 
    0.987590404 
error sd:     0.004027
halflife:    55.508 
mean (generations):    12.487 
    0.035002173     0.003579964 
##end of run
