 ##Z-score and correlation:: ../../ancpop.list  binsize:     0.001000
    0.100    35.454415     0.182855     0.183218      5845721 
    0.200    11.198603     0.061278     0.061181      4349047 
    0.300     8.570828     0.045390     0.045251      4337738 
    0.400     7.401705     0.038809     0.038742      4282699 
    0.500     6.704191     0.035113     0.035125      4243582 
    0.600     6.099369     0.031976     0.031790      4225130 
    0.700     6.252144     0.032634     0.032519      4215047 
    0.800     6.176182     0.032083     0.032110      4191965 
    0.900     6.575356     0.034176     0.034084      4189362 
    1.000     6.233651     0.032005     0.032158      4189681 
    1.100     6.981450     0.036218     0.036078      4160954 
    1.200     7.619373     0.039620     0.039478      4179018 
    1.300     6.704853     0.034627     0.034752      4149021 
    1.400     5.835299     0.030618     0.030779      4111830 
    1.500     6.195368     0.032373     0.032395      4113453 
    1.600     5.494759     0.028823     0.028811      4117849 
    1.700     6.132371     0.032013     0.031973      4119602 
    1.800     6.069059     0.031449     0.031542      4109070 
    1.900     5.970973     0.031300     0.031314      4100449 
    2.000     6.511504     0.034388     0.034171      4082814 
    2.100     6.074739     0.031483     0.031692      4086704 
    2.200     5.172549     0.027011     0.027118      4090661 
    2.300     5.557252     0.029010     0.029130      4085597 
    2.400     5.339892     0.027978     0.028088      4073991 
    2.500     5.650376     0.029186     0.029405      4057447 
    2.600     5.257361     0.027880     0.027687      4049518 
    2.700     5.706590     0.029765     0.029953      4022477 
    2.800     5.494245     0.028666     0.028738      4037531 
    2.900     5.364234     0.028327     0.028387      4042025 
    3.000     5.103780     0.026707     0.026869      4036086 
    3.100     5.347426     0.028044     0.028064      4036852 
    3.200     5.569670     0.029375     0.029378      4039899 
    3.300     3.992642     0.021042     0.021040      4027770 
    3.400     4.376113     0.022941     0.022953      4029939 
    3.500     4.885799     0.025676     0.025510      4031106 
    3.600     4.816625     0.025360     0.025255      4022493 
    3.700     3.975522     0.021183     0.021139      4013089 
    3.800     4.833648     0.025661     0.025474      4009236 
    3.900     4.560421     0.024353     0.024161      3986507 
    4.000     5.162566     0.027201     0.027106      3985003 
    4.100     4.525835     0.024083     0.024009      3985777 
    4.200     5.076720     0.026703     0.026825      3980388 
    4.300     4.020578     0.021152     0.021206      3984376 
    4.400     5.276727     0.028094     0.027811      3961354 
    4.500     4.280843     0.022739     0.022496      3979899 
    4.600     3.915468     0.021050     0.020845      3969251 
    4.700     3.796900     0.020059     0.019952      3973878 
    4.800     4.347396     0.023016     0.022840      3980875 
    4.900     4.458817     0.023419     0.023329      3966655 
    5.000     4.646445     0.024397     0.024268      3976229 
    5.100     3.851327     0.020360     0.020326      3956205 
    5.200     3.912310     0.020789     0.020464      3977293 
    5.300     4.037460     0.021262     0.021270      3943555 
    5.400     4.039135     0.021431     0.021389      3975384 
    5.500     3.956362     0.021085     0.020815      3950498 
    5.600     4.190896     0.022373     0.022287      3949675 
    5.700     3.987846     0.021177     0.021187      3922765 
    5.800     4.234225     0.022208     0.022314      3909530 
    5.900     3.450015     0.018560     0.018220      3929087 
    6.000     3.961261     0.021350     0.020976      3944350 
    6.100     3.783822     0.020583     0.020281      3941015 
    6.200     4.573368     0.024389     0.024236      3947263 
    6.300     5.450241     0.029347     0.028748      3952632 
    6.400     4.720460     0.024900     0.024836      3948992 
    6.500     4.413512     0.023535     0.023427      3941074 
    6.600     3.331509     0.017614     0.017603      3939480 
    6.700     4.075198     0.021502     0.021492      3922397 
    6.800     4.287033     0.023006     0.022795      3916533 
    6.900     3.991684     0.021231     0.021145      3914731 
    7.000     3.295006     0.017470     0.017426      3949130 
    7.100     3.345765     0.017607     0.017700      3915023 
    7.200     3.412721     0.017861     0.017948      3962061 
    7.300     3.290917     0.017446     0.017414      3932157 
    7.400     2.728565     0.014436     0.014357      3936374 
    7.500     3.975000     0.020846     0.020983      3939029 
    7.600     3.875416     0.020797     0.020505      3914073 
    7.700     3.471297     0.018280     0.018407      3931378 
    7.800     3.110475     0.016466     0.016441      3922416 
    7.900     3.155079     0.016754     0.016816      3897985 
    8.000     3.071850     0.016328     0.016326      3928080 
    8.100     2.896523     0.015418     0.015372      3907562 
    8.200     3.263828     0.017251     0.017248      3924345 
    8.300     2.778824     0.014565     0.014683      3930981 
    8.400     3.863591     0.020295     0.020382      3946595 
    8.500     3.122396     0.016546     0.016646      3937056 
    8.600     3.172153     0.017040     0.017055      3903191 
    8.700     3.543655     0.018871     0.018849      3908980 
    8.800     3.529122     0.018935     0.018849      3911990 
    8.900     3.410437     0.017889     0.018010      3936557 
    9.000     4.376248     0.023066     0.023173      3915492 
    9.100     3.908779     0.020786     0.020857      3900237 
    9.200     3.236902     0.017053     0.017170      3883142 
    9.300     3.125627     0.016350     0.016581      3898718 
    9.400     2.558769     0.013499     0.013438      3895985 
    9.500     2.114727     0.011164     0.011225      3878646 
    9.600     2.341529     0.012416     0.012340      3892444 
    9.700     2.274058     0.011935     0.011985      3874753 
    9.800     2.216147     0.011740     0.011761      3864594 
    9.900     2.869612     0.015124     0.015189      3886103 
   10.000     3.066400     0.016300     0.016270      3876817 
   10.100     3.364267     0.017640     0.017754      3882786 
   10.200     2.922708     0.015502     0.015491      3886957 
   10.300     3.004433     0.016027     0.016017      3880871 
   10.400     2.922095     0.015528     0.015551      3865468 
   10.500     3.294547     0.017452     0.017514      3852100 
   10.600     2.489618     0.013293     0.013272      3866673 
   10.700     2.220142     0.011933     0.011994      3854747 
   10.800     2.433826     0.013194     0.013125      3860965 
   10.900     3.051436     0.016471     0.016399      3858252 
   11.000     2.517879     0.013417     0.013484      3847733 
   11.100     2.070869     0.011020     0.011018      3841627 
   11.200     2.778332     0.015025     0.014847      3836654 
   11.300     1.702883     0.009286     0.009101      3864090 
   11.400     1.759597     0.009542     0.009422      3870214 
   11.500     1.691443     0.009174     0.009096      3868269 
   11.600     2.439596     0.013314     0.013194      3862688 
   11.700     2.018377     0.010979     0.010827      3823752 
   11.800     1.945387     0.010563     0.010523      3798839 
   11.900     1.789664     0.009620     0.009609      3835870 
   12.000     2.439638     0.013032     0.013098      3828812 
   12.100     2.974788     0.015849     0.015908      3822093 
   12.200     2.158419     0.011460     0.011618      3844128 
   12.300     1.644277     0.008798     0.008872      3825121 
   12.400     2.061599     0.010994     0.011058      3825019 
   12.500     2.303490     0.012214     0.012371      3857925 
   12.600     2.588881     0.013576     0.013723      3859857 
   12.700     2.354859     0.012620     0.012613      3824640 
   12.800     1.723719     0.009167     0.009165      3817200 
   12.900     1.708091     0.009208     0.009189      3826151 
   13.000     2.292687     0.012321     0.012362      3802404 
   13.100     1.881010     0.010223     0.010186      3789036 
   13.200     1.447580     0.007790     0.007800      3789723 
   13.300     1.923578     0.010364     0.010450      3811332 
   13.400     1.256354     0.006813     0.006796      3786374 
   13.500     1.338236     0.007289     0.007286      3782000 
   13.600     1.582648     0.008509     0.008556      3806899 
   13.700     1.414828     0.007649     0.007651      3796515 
   13.800     1.317085     0.006973     0.007063      3808278 
   13.900     2.152011     0.011738     0.011646      3764391 
   14.000     1.087067     0.005886     0.005910      3811283 
   14.100     1.073290     0.005836     0.005819      3792048 
   14.200     1.532869     0.008360     0.008322      3781459 
   14.300     1.022843     0.005515     0.005516      3777982 
   14.400     0.656215     0.003529     0.003540      3775848 
   14.500     1.312444     0.007141     0.007090      3778782 
   14.600     1.354182     0.007328     0.007362      3775214 
   14.700     1.878330     0.010260     0.010211      3756706 
   14.800     1.992262     0.010775     0.010830      3760784 
   14.900     0.813089     0.004381     0.004400      3776631 
   15.000     1.465020     0.008015     0.008038      3747762 
   15.100     1.759770     0.009436     0.009549      3776333 
   15.200     1.853158     0.010057     0.010179      3769458 
   15.300     2.603871     0.014042     0.014147      3769657 
   15.400     1.425179     0.007743     0.007804      3778044 
   15.500     1.776881     0.009482     0.009588      3785486 
   15.600     0.375717     0.002013     0.002007      3774903 
   15.700     1.066288     0.005830     0.005773      3726742 
   15.800     1.815589     0.009922     0.009913      3748209 
   15.900     1.435478     0.007800     0.007788      3751226 
   16.000     1.316081     0.007242     0.007223      3743482 
   16.100     1.596329     0.008814     0.008752      3768607 
   16.200     1.516277     0.008330     0.008296      3753554 
   16.300     1.213482     0.006617     0.006633      3738926 
   16.400     1.025495     0.005584     0.005579      3759897 
   16.500     0.968100     0.005264     0.005261      3751265 
   16.600     0.429107     0.002313     0.002320      3752180 
   16.700     0.714818     0.003811     0.003868      3718097 
   16.800     0.855805     0.004566     0.004629      3741195 
   16.900     1.473361     0.007953     0.008010      3729999 
   17.000     1.868208     0.010100     0.010103      3736669 
   17.100     1.620969     0.008708     0.008719      3768674 
   17.200     1.565660     0.008442     0.008491      3749249 
   17.300     1.263888     0.006797     0.006896      3734550 
   17.400    -0.045715    -0.000250    -0.000249      3746216 
   17.500     0.557901     0.003014     0.003023      3729099 
   17.600     0.670561     0.003648     0.003668      3716393 
   17.700     0.350074     0.001913     0.001909      3739768 
   17.800     1.030786     0.005641     0.005626      3738507 
   17.900     0.516573     0.002798     0.002808      3731721 
   18.000     1.527607     0.008266     0.008262      3728584 
   18.100     0.733820     0.003934     0.003982      3723973 
   18.200     0.799381     0.004354     0.004357      3729891 
   18.300     1.235193     0.006715     0.006709      3736523 
   18.400     1.764284     0.009675     0.009692      3732541 
   18.500     1.437705     0.007805     0.007833      3735366 
   18.600     0.704904     0.003872     0.003858      3705691 
   18.700     1.232606     0.006749     0.006757      3701675 
   18.800     1.891618     0.010271     0.010265      3733961 
   18.900     0.574122     0.003125     0.003114      3726164 
   19.000     0.188249     0.001020     0.001022      3708210 
   19.100     0.975687     0.005296     0.005292      3686836 
   19.200     1.164344     0.006256     0.006289      3687050 
   19.300     0.166627     0.000900     0.000908      3690355 
   19.400     0.155131     0.000847     0.000854      3723163 
   19.500     1.415399     0.007732     0.007749      3722981 
   19.600     1.889116     0.010340     0.010408      3676654 
   19.700     0.972118     0.005384     0.005386      3700569 
   19.800     1.158466     0.006361     0.006315      3716795 
   19.900     1.368698     0.007511     0.007520      3693935 
   20.000     0.622350     0.003447     0.003428      3676486 
   20.100    -0.199794    -0.001099    -0.001094      3673204 
   20.200     0.001936     0.000011     0.000011      3666741 
   20.300     0.450379     0.002458     0.002455      3715512 
   20.400     1.109273     0.006084     0.006051      3701193 
   20.500     0.241793     0.001313     0.001315      3714590 
   20.600     0.965408     0.005339     0.005306      3703341 
   20.700     1.581623     0.008778     0.008721      3693414 
   20.800     1.116628     0.006185     0.006154      3666982 
   20.900     1.313831     0.007282     0.007291      3700381 
   21.000     1.482981     0.008073     0.008093      3697630 
   21.100     0.941915     0.005143     0.005206      3661344 
   21.200    -0.038150    -0.000208    -0.000211      3677858 
   21.300     0.781694     0.004281     0.004330      3652061 
   21.400     0.722356     0.004014     0.003996      3667787 
   21.500     1.117404     0.006187     0.006193      3677357 
   21.600     1.534627     0.008552     0.008549      3670490 
   21.700     0.501715     0.002812     0.002776      3675182 
   21.800     0.843077     0.004655     0.004677      3686538 
   21.900     0.261522     0.001471     0.001460      3677143 
   22.000     0.307473     0.001735     0.001722      3639512 
   22.100     0.546170     0.003078     0.003043      3626018 
   22.200     1.600835     0.008839     0.008869      3627488 
   22.300     1.654655     0.009164     0.009135      3648805 
   22.400     0.963080     0.005361     0.005370      3650163 
   22.500     1.519837     0.008450     0.008378      3667033 
   22.600     1.317737     0.007370     0.007292      3655003 
   22.700     1.516209     0.008510     0.008438      3655138 
   22.800     1.058521     0.005915     0.005865      3640559 
   22.900     1.267431     0.007153     0.007015      3607779 
   23.000     0.381272     0.002160     0.002136      3637443 
   23.100     1.494388     0.008323     0.008300      3634831 
   23.200     0.620286     0.003445     0.003448      3644974 
   23.300     0.938387     0.005273     0.005208      3637883 
   23.400    -0.104671    -0.000585    -0.000577      3643812 
   23.500     0.505092     0.002778     0.002793      3640221 
   23.600     0.468170     0.002622     0.002623      3635798 
   23.700    -0.436247    -0.002440    -0.002429      3620662 
   23.800     0.673324     0.003820     0.003784      3638826 
   23.900     0.560974     0.003133     0.003125      3629575 
   24.000     0.412623     0.002347     0.002319      3604874 
   24.100     0.714161     0.004055     0.004018      3635255 
   24.200     1.209818     0.006805     0.006784      3617646 
   24.300     0.729532     0.004094     0.004110      3614805 
   24.400     0.347050     0.001937     0.001927      3640488 
   24.500    -0.022555    -0.000125    -0.000126      3624823 
   24.600    -0.617206    -0.003467    -0.003457      3629156 
   24.700     1.362822     0.007696     0.007662      3637999 
   24.800     0.820698     0.004590     0.004595      3609221 
   24.900    -0.060662    -0.000340    -0.000338      3605145 
   25.000     0.150272     0.000843     0.000840      3607994 
   25.100     0.002206     0.000013     0.000012      3614706 
   25.200     0.001590     0.000009     0.000009      3604847 
   25.300     0.220280     0.001237     0.001232      3632450 
   25.400     0.651050     0.003650     0.003614      3636279 
   25.500     0.556123     0.003123     0.003105      3611175 
   25.600     0.180033     0.001015     0.001019      3600561 
   25.700     0.637925     0.003613     0.003572      3579832 
   25.800     0.032963     0.000183     0.000184      3582812 
   25.900     0.040358     0.000226     0.000227      3580169 
   26.000    -0.106787    -0.000591    -0.000594      3582431 
   26.100     0.590108     0.003324     0.003303      3565199 
   26.200     0.813274     0.004499     0.004527      3578337 
   26.300    -0.014675    -0.000082    -0.000082      3560727 
   26.400    -0.349813    -0.001974    -0.001962      3574110 
   26.500    -0.176754    -0.001005    -0.000995      3568664 
   26.600     0.469084     0.002668     0.002652      3540031 
   26.700     0.926456     0.005303     0.005254      3556435 
   26.800     0.418390     0.002381     0.002353      3538760 
   26.900     0.430216     0.002425     0.002425      3555314 
   27.000     0.865158     0.004929     0.004887      3538393 
   27.100    -0.374225    -0.002150    -0.002136      3511698 
   27.200     0.540228     0.003050     0.003041      3537702 
   27.300     0.672748     0.003769     0.003770      3501022 
   27.400     0.317797     0.001797     0.001790      3531616 
   27.500    -0.182441    -0.001017    -0.001027      3521347 
   27.600    -0.292220    -0.001641    -0.001652      3515735 
   27.700     0.196976     0.001110     0.001108      3523400 
   27.800     0.602916     0.003441     0.003423      3532331 
   27.900     0.386100     0.002202     0.002187      3543779 
   28.000     0.495196     0.002824     0.002794      3530765 
   28.100     0.807338     0.004601     0.004606      3517557 
   28.200     1.646338     0.009376     0.009400      3520481 
   28.300     0.750301     0.004283     0.004252      3516753 
   28.400     0.764744     0.004301     0.004308      3510459 
   28.500     1.570167     0.008865     0.008845      3493082 
   28.600     1.147495     0.006605     0.006592      3495671 
   28.700     0.529628     0.003043     0.003033      3497066 
   28.800     0.375690     0.002136     0.002131      3532218 
   28.900    -0.184440    -0.001047    -0.001046      3524686 
   29.000    -0.369384    -0.002105    -0.002100      3516517 
   29.100     0.297042     0.001678     0.001681      3509249 
   29.200     0.012381     0.000070     0.000071      3496247 
   29.300     0.992159     0.005530     0.005567      3492510 
   29.400     0.746611     0.004157     0.004192      3511051 
   29.500     1.274733     0.007156     0.007188      3481627 
   29.600     1.734065     0.009725     0.009814      3490791 
   29.700     1.337756     0.007616     0.007569      3464800 
   29.800     1.218195     0.006892     0.006918      3443724 
   29.900     1.252780     0.006959     0.007034      3456512 
   30.000     0.445222     0.002469     0.002495      3469990 
   30.100     0.219476     0.001234     0.001247      3457147 
   30.200     0.151547     0.000848     0.000853      3483510 
   30.300     0.613102     0.003453     0.003479      3509394 
   30.400     1.384791     0.007817     0.007873      3472974 
   30.500     2.142087     0.012188     0.012175      3472758 
   30.600     1.045090     0.005966     0.005964      3479903 
   30.700     1.121935     0.006277     0.006327      3478200 
   30.800     0.854078     0.004825     0.004866      3469037 
   30.900     0.954497     0.005357     0.005433      3444734 
   31.000     0.888522     0.005012     0.005055      3459979 
   31.100     1.599753     0.008984     0.009081      3453319 
   31.200     0.315700     0.001794     0.001808      3469404 
   31.300     1.531497     0.008652     0.008694      3451322 
   31.400     0.614640     0.003434     0.003473      3448755 
   31.500     0.951268     0.005405     0.005422      3422020 
   31.600     0.824544     0.004718     0.004724      3428586 
   31.700     1.535918     0.008805     0.008823      3432554 
   31.800     1.526710     0.008795     0.008777      3411795 
   31.900     0.504281     0.002842     0.002851      3420047 
   32.000     0.790296     0.004515     0.004489      3441273 
   32.100     0.558399     0.003121     0.003150      3463574 
   32.200    -0.047680    -0.000266    -0.000270      3421262 
   32.300     0.451213     0.002571     0.002588      3439008 
   32.400     1.038210     0.005905     0.005957      3439719 
   32.500     0.721081     0.004094     0.004135      3449099 
   32.600    -0.003835    -0.000022    -0.000022      3420028 
   32.700     0.576538     0.003223     0.003264      3414291 
   32.800     0.703041     0.003952     0.003980      3434131 
   32.900     1.007135     0.005680     0.005718      3420352 
   33.000     1.013068     0.005731     0.005769      3414019 
   33.100     0.144272     0.000811     0.000823      3395417 
   33.200     0.027407     0.000154     0.000155      3395694 
   33.300     0.572765     0.003272     0.003295      3374399 
   33.400     0.597971     0.003437     0.003422      3370944 
   33.500     0.428458     0.002474     0.002447      3382549 
   33.600     0.855240     0.004811     0.004855      3401005 
   33.700     0.494382     0.002771     0.002812      3399309 
   33.800     0.608004     0.003470     0.003485      3390825 
   33.900     1.017460     0.005780     0.005827      3391308 
   34.000     1.083360     0.006207     0.006222      3384049 
   34.100     0.930015     0.005410     0.005375      3363548 
   34.200     1.748545     0.010198     0.010055      3369154 
   34.300     0.855730     0.004910     0.004869      3374639 
   34.400     0.871139     0.005022     0.005008      3378310 
   34.500     0.665394     0.003862     0.003834      3354560 
   34.600     0.918227     0.005233     0.005255      3344234 
   34.700     1.290519     0.007389     0.007412      3356851 
   34.800     1.840247     0.010680     0.010549      3369564 
   34.900     0.654834     0.003758     0.003778      3351658 
   35.000    -0.340358    -0.001976    -0.001969      3336664 
   35.100     0.749946     0.004306     0.004322      3341786 
   35.200     0.231367     0.001339     0.001337      3324927 
   35.300     0.367216     0.002136     0.002135      3327994 
   35.400    -0.085491    -0.000495    -0.000499      3327519 
   35.500     0.346060     0.001989     0.002003      3336711 
   35.600     0.931781     0.005433     0.005417      3329153 
   35.700     0.408666     0.002387     0.002366      3307236 
   35.800     1.156209     0.006709     0.006712      3297679 
   35.900     0.699298     0.004072     0.004053      3317689 
   36.000     0.987800     0.005785     0.005740      3341551 
   36.100     0.182222     0.001067     0.001064      3300456 
   36.200     0.657597     0.003870     0.003817      3304839 
   36.300     0.476637     0.002748     0.002756      3309246 
   36.400     0.627890     0.003627     0.003628      3308438 
   36.500     0.937170     0.005406     0.005436      3296475 
   36.600     0.692398     0.004033     0.004031      3271818 
   36.700     1.192777     0.006924     0.006916      3270714 
   36.800     1.291410     0.007422     0.007458      3300504 
   36.900     1.865690     0.010717     0.010794      3293299 
   37.000     1.285038     0.007440     0.007442      3297251 
   37.100     1.072088     0.006169     0.006194      3284746 
   37.200     1.169695     0.006763     0.006784      3269770 
   37.300     0.044094     0.000256     0.000257      3277516 
   37.400     0.535911     0.003056     0.003077      3289261 
   37.500     1.772822     0.010121     0.010259      3261090 
   37.600     1.469964     0.008368     0.008527      3248700 
   37.700     1.203575     0.006835     0.006913      3290031 
   37.800     1.212774     0.006927     0.007009      3283321 
   37.900     0.316587     0.001788     0.001819      3311517 
   38.000     0.574329     0.003309     0.003353      3273290 
   38.100     0.130090     0.000757     0.000762      3276291 
   38.200     0.600304     0.003504     0.003527      3296348 
   38.300     1.587739     0.009247     0.009277      3271043 
   38.400     0.951072     0.005528     0.005556      3260534 
   38.500     0.950788     0.005516     0.005544      3269400 
   38.600     1.480184     0.008559     0.008573      3268972 
   38.700     1.814303     0.010555     0.010566      3272151 
   38.800     1.043983     0.006042     0.006087      3269305 
   38.900     0.544305     0.003157     0.003169      3282735 
   39.000     1.491319     0.008581     0.008669      3280245 
   39.100     0.541638     0.003151     0.003189      3240761 
   39.200     0.457587     0.002655     0.002679      3261572 
   39.300     0.547813     0.003190     0.003195      3258173 
   39.400     1.400831     0.008213     0.008195      3259726 
   39.500     1.631465     0.009345     0.009460      3251081 
   39.600     1.614478     0.009419     0.009421      3250286 
   39.700     1.602178     0.009233     0.009318      3248416 
   39.800     1.077547     0.006265     0.006259      3231775 
   39.900     0.798468     0.004642     0.004700      3217280 
   40.000     1.303037     0.007677     0.007718      3197417 
   40.100     1.417936     0.008347     0.008435      3203471 
   40.200     1.476123     0.008668     0.008760      3213047 
   40.300     1.450506     0.008450     0.008592      3229311 
   40.400     1.078330     0.006364     0.006347      3233883 
   40.500     2.033036     0.012011     0.011992      3220578 
   40.600     1.456501     0.008609     0.008580      3204112 
   40.700     1.934234     0.011533     0.011479      3193792 
   40.800     1.532607     0.008942     0.008962      3219363 
   40.900     0.999372     0.005859     0.005892      3177636 
   41.000     0.388503     0.002285     0.002313      3165747 
   41.100     0.849570     0.005066     0.005098      3164874 
   41.200     1.102816     0.006488     0.006530      3195973 
   41.300     1.186027     0.006945     0.006958      3191546 
   41.400     1.340774     0.007934     0.007988      3190855 
   41.500     1.301785     0.007655     0.007698      3186863 
   41.600     0.551174     0.003261     0.003271      3164210 
   41.700     0.724266     0.004254     0.004286      3168175 
   41.800     0.273641     0.001601     0.001620      3174551 
   41.900     1.234935     0.007287     0.007359      3156800 
   42.000     1.118251     0.006646     0.006730      3140127 
   42.100     1.264464     0.007304     0.007401      3155242 
   42.200     1.232149     0.007332     0.007379      3116296 
   42.300     1.565031     0.009298     0.009325      3118662 
   42.400     1.850907     0.010998     0.011021      3131543 
   42.500     1.847296     0.010911     0.010935      3148623 
   42.600     1.265304     0.007465     0.007496      3128028 
   42.700     1.612251     0.009456     0.009542      3130607 
   42.800     1.160036     0.006881     0.006890      3135199 
   42.900     1.172491     0.006908     0.006970      3129557 
   43.000     1.215285     0.007179     0.007208      3141326 
   43.100     1.577683     0.009492     0.009456      3117374 
   43.200     0.682173     0.004081     0.004078      3100312 
   43.300     1.228569     0.007489     0.007434      3094000 
   43.400     1.925965     0.011663     0.011631      3093978 
   43.500     1.776490     0.010592     0.010695      3097944 
   43.600     0.757117     0.004555     0.004564      3093457 
   43.700     1.338759     0.008011     0.008061      3091323 
   43.800     0.886741     0.005338     0.005349      3083501 
   43.900     0.122681     0.000739     0.000742      3083600 
   44.000     0.513396     0.003060     0.003073      3084166 
   44.100     1.515012     0.009090     0.009073      3074758 
   44.200     1.937328     0.011724     0.011758      3048754 
   44.300     0.393633     0.002386     0.002391      3081920 
   44.400     0.507506     0.003064     0.003072      3086165 
   44.500     1.119539     0.006742     0.006786      3046706 
   44.600     2.204618     0.013418     0.013526      3038680 
   44.700     0.952730     0.005810     0.005813      3026125 
   44.800     1.552223     0.009413     0.009406      3044912 
   44.900     1.751020     0.010439     0.010502      3041054 
   45.000     1.647468     0.009806     0.009976      3029414 
   45.100     1.537685     0.009046     0.009159      3053319 
   45.200     1.005426     0.006081     0.006124      3048130 
   45.300     1.314085     0.007928     0.007980      3025852 
   45.400     1.242869     0.007531     0.007562      3030490 
   45.500     0.700016     0.004181     0.004188      3050175 
   45.600     1.143196     0.006797     0.006884      3016377 
   45.700     2.187190     0.013111     0.013271      3016955 
   45.800     1.254061     0.007429     0.007503      2999407 
   45.900     0.941488     0.005667     0.005716      3033717 
   46.000     0.837142     0.005019     0.005096      3014358 
   46.100     0.856539     0.005053     0.005124      3032010 
   46.200     2.514396     0.015204     0.015353      3015074 
   46.300     2.012876     0.012240     0.012253      3015150 
   46.400     0.425566     0.002584     0.002612      3004207 
   46.500     0.651972     0.003932     0.003979      3001829 
   46.600     1.087634     0.006718     0.006715      2992316 
   46.700     1.556492     0.009486     0.009457      3005388 
   46.800     1.965452     0.011846     0.011908      3003162 
   46.900     2.388963     0.014348     0.014463      2994986 
   47.000     1.772498     0.010688     0.010795      2973216 
   47.100     1.105914     0.006603     0.006724      2994539 
   47.200     1.210302     0.007240     0.007364      2965289 
   47.300     1.479482     0.009102     0.009137      2945231 
   47.400     1.553896     0.009416     0.009619      2968851 
   47.500     1.800713     0.010757     0.010891      2982389 
   47.600     1.393797     0.008296     0.008458      2973166 
   47.700     1.433285     0.008561     0.008655      2969545 
   47.800     1.167213     0.007142     0.007147      2973205 
   47.900     1.062044     0.006569     0.006602      2920406 
   48.000     1.096080     0.006769     0.006787      2940659 
   48.100     0.873628     0.005363     0.005380      2956865 
   48.200     1.605336     0.009984     0.009985      2929184 
   48.300     0.202844     0.001252     0.001251      2944288 
   48.400     0.660232     0.004064     0.004071      2925862 
   48.500     1.237253     0.007500     0.007617      2923251 
   48.600     1.683612     0.010311     0.010346      2929842 
   48.700     1.766336     0.010878     0.010919      2915364 
   48.800     1.154426     0.007173     0.007184      2898595 
   48.900     1.485299     0.009116     0.009166      2916154 
   49.000     1.424273     0.008704     0.008830      2935382 
   49.100     0.992512     0.006028     0.006127      2894057 
   49.200     1.004181     0.006119     0.006189      2910953 
   49.300     0.891509     0.005530     0.005527      2900063 
   49.400     1.275871     0.007882     0.007910      2905983 
   49.500     1.076440     0.006651     0.006716      2915878 
   49.600     0.942762     0.005769     0.005838      2934154 
   49.700     1.252640     0.007660     0.007709      2942724 
   49.800     0.809242     0.004961     0.005032      2904929 
   49.900     1.278376     0.007921     0.007958      2898826 
   50.000     0.988715     0.006132     0.006151      2878245 
   50.100     0.757953     0.004701     0.004743      2855949 
   50.200     1.018979     0.006385     0.006360      2851914 
   50.300     1.025596     0.006321     0.006368      2873801 
   50.400     1.217142     0.007585     0.007694      2823164 
   50.500     1.658588     0.010172     0.010355      2872203 
   50.600     2.032512     0.012347     0.012541      2891804 
   50.700     1.840952     0.011335     0.011517      2883632 
   50.800     2.082903     0.012892     0.012988      2861068 
   50.900     1.738509     0.010623     0.010774      2843687 
   51.000     1.574699     0.009733     0.009801      2840712 
   51.100     1.425637     0.008866     0.008970      2813900 
   51.200     1.662270     0.010200     0.010368      2841632 
   51.300     1.011312     0.006357     0.006339      2846713 
   51.400     1.652646     0.010362     0.010430      2834400 
   51.500     1.982303     0.012209     0.012368      2845002 
   51.600     1.713864     0.010645     0.010734      2838902 
   51.700     0.614621     0.003872     0.003905      2823584 
   51.800     0.767159     0.004807     0.004863      2839006 
   51.900     0.290564     0.001832     0.001835      2826875 
   52.000     0.843361     0.005259     0.005336      2810688 
   52.100     1.091902     0.006796     0.006887      2803569 
   52.200     0.770331     0.004749     0.004865      2798406 
   52.300     1.049114     0.006518     0.006641      2797962 
   52.400     1.215123     0.007499     0.007674      2775742 
   52.500     1.852754     0.011588     0.011798      2791142 
   52.600     1.887470     0.011628     0.011925      2787782 
   52.700     1.228603     0.007573     0.007707      2807265 
   52.800     0.717802     0.004453     0.004563      2793351 
   52.900     1.454616     0.008974     0.009199      2781290 
   53.000     1.674844     0.010490     0.010688      2775355 
   53.100     1.197246     0.007439     0.007575      2797663 
   53.200     1.616855     0.010024     0.010234      2795140 
   53.300     1.762891     0.011062     0.011184      2776002 
   53.400     1.820363     0.011333     0.011487      2778475 
   53.500     1.342499     0.008331     0.008460      2778238 
   53.600     1.956848     0.012147     0.012410      2762976 
   53.700     1.734153     0.010958     0.011087      2765817 
   53.800     0.773743     0.004864     0.004926      2753727 
   53.900     1.498987     0.009430     0.009558      2780763 
   54.000     0.780111     0.004903     0.005010      2739532 
   54.100     0.116678     0.000720     0.000737      2745099 
   54.200     0.365198     0.002307     0.002320      2735788 
   54.300     1.245323     0.007811     0.007924      2712713 
   54.400     0.698761     0.004434     0.004468      2730439 
   54.500     1.396847     0.008712     0.008894      2729069 
   54.600     1.769010     0.011042     0.011261      2724614 
   54.700     1.448794     0.009161     0.009323      2742737 
   54.800     1.164159     0.007232     0.007422      2746355 
   54.900     1.695743     0.010740     0.010888      2722654 
   55.000     1.395207     0.008779     0.008986      2723404 
   55.100     0.514429     0.003277     0.003349      2716512 
   55.200     1.191520     0.007564     0.007742      2714359 
   55.300     0.466672     0.002957     0.003015      2739169 
   55.400     1.014090     0.006344     0.006483      2714303 
   55.500     1.528453     0.009528     0.009791      2717684 
   55.600     0.844192     0.005365     0.005451      2722920 
   55.700     1.025426     0.006480     0.006536      2714510 
   55.800     1.109456     0.007069     0.007119      2690487 
   55.900     0.697127     0.004484     0.004545      2688647 
   56.000     0.685046     0.004312     0.004399      2711327 
   56.100     1.071058     0.006824     0.006879      2687231 
   56.200     1.292738     0.008225     0.008361      2679767 
   56.300     0.969624     0.006106     0.006242      2686695 
   56.400     1.206729     0.007698     0.007810      2689045 
   56.500     1.318387     0.008342     0.008437      2711561 
   56.600     1.140475     0.007220     0.007244      2706099 
   56.700     1.713677     0.010801     0.010972      2694580 
   56.800     1.706251     0.010709     0.010923      2692310 
   56.900     0.709277     0.004624     0.004644      2684079 
   57.000     1.805152     0.011643     0.011838      2661560 
   57.100     1.478966     0.009359     0.009533      2650057 
   57.200     0.814280     0.005277     0.005338      2663570 
   57.300     1.202516     0.007671     0.007763      2667248 
   57.400     1.836652     0.011571     0.011926      2639615 
   57.500     1.022350     0.006534     0.006656      2651192 
   57.600     1.523527     0.009856     0.009993      2638692 
   57.700     1.099834     0.007034     0.007152      2651900 
   57.800     1.717898     0.010757     0.011030      2650456 
   57.900     1.189798     0.007461     0.007720      2619914 
   58.000     1.128560     0.007208     0.007327      2648231 
   58.100     1.333701     0.008447     0.008561      2639321 
   58.200     1.145607     0.007365     0.007424      2633082 
   58.300     0.858079     0.005549     0.005634      2623915 
   58.400     0.902288     0.005856     0.005929      2623237 
   58.500     1.505440     0.009733     0.009839      2625394 
   58.600     0.539783     0.003567     0.003596      2622795 
   58.700     0.179119     0.001174     0.001176      2623644 
   58.800     0.517123     0.003362     0.003384      2632092 
   58.900     1.089863     0.007039     0.007182      2596008 
   59.000     1.024020     0.006597     0.006739      2593844 
   59.100    -0.048791    -0.000322    -0.000327      2576615 
   59.200    -0.233912    -0.001559    -0.001574      2580676 
   59.300     0.554733     0.003561     0.003638      2608652 
   59.400     0.214938     0.001397     0.001416      2602141 
   59.500     0.878512     0.005790     0.005849      2608750 
   59.600     0.433815     0.002844     0.002888      2591458 
   59.700    -0.111078    -0.000737    -0.000744      2572695 
   59.800     0.001587     0.000010     0.000010      2592992 
   59.900     0.169378     0.001109     0.001121      2587926 
   60.000     0.463523     0.003080     0.003088      2581124 
   60.100     0.609127     0.004014     0.004071      2568052 
   60.200     1.288510     0.008278     0.008427      2595686 
   60.300     0.621343     0.004065     0.004139      2555947 
   60.400     0.145196     0.000942     0.000961      2566814 
   60.500     0.503162     0.003289     0.003366      2555734 
   60.600     0.382944     0.002535     0.002575      2562425 
   60.700    -0.283386    -0.001847    -0.001882      2588702 
   60.800     0.125471     0.000809     0.000829      2582481 
   60.900     0.767091     0.005049     0.005153      2555934 
   61.000     1.188777     0.007854     0.007973      2550816 
   61.100     1.150006     0.007530     0.007671      2532997 
   61.200     1.095539     0.007144     0.007280      2521915 
   61.300     0.910821     0.005921     0.006077      2531468 
   61.400     0.470520     0.003105     0.003147      2527843 
   61.500     0.804988     0.005247     0.005312      2555859 
   61.600     0.115713     0.000772     0.000782      2529777 
   61.700     0.669152     0.004499     0.004564      2516461 
   61.800     0.307081     0.002036     0.002085      2511660 
   61.900     0.677777     0.004496     0.004568      2512762 
   62.000     0.680483     0.004554     0.004587      2502367 
   62.100     0.794701     0.005231     0.005343      2500293 
   62.200     1.254157     0.008262     0.008396      2524839 
   62.300     0.775396     0.005258     0.005264      2514619 
   62.400     0.919912     0.006114     0.006165      2496278 
   62.500     0.726754     0.004849     0.004902      2477843 
   62.600     0.392459     0.002637     0.002660      2471404 
   62.700     0.392923     0.002623     0.002676      2499563 
   62.800     1.010331     0.006771     0.006855      2476814 
   62.900     1.019060     0.006856     0.006956      2480676 
   63.000     0.942125     0.006411     0.006521      2469750 
   63.100     0.823197     0.005506     0.005599      2478798 
   63.200     0.675706     0.004532     0.004553      2507414 
   63.300     0.736568     0.004896     0.004985      2496709 
   63.400     1.201170     0.008054     0.008127      2460287 
   63.500     1.241079     0.008213     0.008378      2473463 
   63.600     1.471941     0.009988     0.009995      2487766 
   63.700     0.901770     0.006113     0.006121      2488338 
   63.800     0.354034     0.002386     0.002406      2479032 
   63.900     0.860265     0.005711     0.005810      2468147 
   64.000     0.173624     0.001166     0.001188      2430443 
   64.100     0.794256     0.005359     0.005420      2454188 
   64.200     0.674670     0.004545     0.004610      2460279 
   64.300     1.419314     0.009561     0.009758      2449461 
   64.400     1.047425     0.007122     0.007291      2436824 
   64.500     0.464566     0.003157     0.003219      2431342 
   64.600     1.088220     0.007260     0.007450      2441825 
   64.700     0.717807     0.004858     0.004931      2444858 
   64.800    -0.293623    -0.001980    -0.002016      2427948 
   64.900     0.461459     0.003133     0.003181      2415078 
   65.000    -0.159169    -0.001089    -0.001112      2411025 
   65.100     0.613877     0.004114     0.004231      2431195 
   65.200     1.158549     0.007975     0.008074      2417661 
   65.300     0.563220     0.003844     0.003905      2427199 
   65.400     0.972185     0.006599     0.006723      2416146 
   65.500     0.494973     0.003331     0.003382      2427799 
   65.600     0.520767     0.003542     0.003620      2417873 
   65.700     1.204942     0.008313     0.008397      2408549 
   65.800     0.259112     0.001773     0.001788      2418109 
   65.900     0.251914     0.001717     0.001763      2399673 
   66.000    -0.234505    -0.001603    -0.001636      2399800 
   66.100     0.171462     0.001160     0.001198      2392391 
   66.200     0.317118     0.002148     0.002204      2389689 
   66.300    -0.001333    -0.000009    -0.000009      2384949 
   66.400     0.834735     0.005680     0.005815      2395785 
   66.500     1.006334     0.006892     0.006986      2379243 
   66.600     1.073190     0.007308     0.007383      2380076 
   66.700     0.591070     0.003997     0.004061      2418012 
   66.800     0.577875     0.003953     0.004036      2391373 
   66.900    -0.172932    -0.001182    -0.001201      2393341 
   67.000     0.258466     0.001783     0.001816      2387087 
   67.100     0.876555     0.005946     0.006057      2382766 
   67.200     1.021080     0.006929     0.007077      2375540 
   67.300     1.334762     0.009035     0.009238      2387929 
   67.400     0.652293     0.004413     0.004488      2380140 
   67.500     0.384649     0.002615     0.002665      2385539 
   67.600     0.864424     0.005850     0.006005      2356229 
   67.700     0.896438     0.006058     0.006221      2361463 
   67.800     0.433332     0.003028     0.003079      2357242 
   67.900    -1.235988    -0.008590    -0.008799      2370252 
   68.000     0.698944     0.004817     0.004917      2358031 
   68.100     1.402529     0.009553     0.009806      2354348 
   68.200     1.031544     0.007042     0.007297      2361631 
   68.300     0.107936     0.000746     0.000763      2347303 
   68.400     0.741387     0.005198     0.005247      2338872 
   68.500     0.543162     0.003679     0.003765      2345308 
   68.600    -0.120329    -0.000825    -0.000837      2319269 
   68.700     0.503323     0.003456     0.003506      2338719 
   68.800     0.459857     0.003068     0.003179      2353197 
   68.900    -0.065203    -0.000442    -0.000456      2337432 
   69.000    -0.530765    -0.003680    -0.003746      2326455 
   69.100     0.286355     0.001951     0.001997      2345646 
   69.200    -0.384529    -0.002619    -0.002696      2325014 
   69.300    -0.386330    -0.002675    -0.002723      2312371 
   69.400     0.253458     0.001767     0.001784      2318203 
   69.500     0.681797     0.004777     0.004833      2320140 
   69.600     0.347012     0.002382     0.002419      2310810 
   69.700    -0.122563    -0.000852    -0.000863      2320766 
   69.800     0.083722     0.000594     0.000599      2291008 
   69.900     0.736682     0.005206     0.005286      2289217 
   70.000     0.108364     0.000755     0.000774      2277393 
   70.100    -0.234740    -0.001635    -0.001659      2309107 
   70.200     0.023486     0.000166     0.000168      2301181 
   70.300     0.048167     0.000332     0.000342      2291708 
   70.400     0.402327     0.002801     0.002851      2290700 
   70.500    -0.386604    -0.002691    -0.002759      2283809 
   70.600    -0.303581    -0.002116    -0.002171      2268295 
   70.700     0.180188     0.001217     0.001264      2283408 
   70.800     0.358472     0.002453     0.002519      2281128 
   70.900     0.736463     0.005028     0.005150      2285018 
   71.000     1.041079     0.007144     0.007386      2278711 
   71.100     1.002790     0.006892     0.007080      2279787 
   71.200     0.862573     0.006036     0.006183      2248556 
   71.300     1.383304     0.009676     0.009896      2263379 
   71.400     1.025914     0.007117     0.007327      2281393 
   71.500     0.393212     0.002688     0.002785      2274674 
   71.600     0.326263     0.002267     0.002317      2280704 
   71.700     0.333451     0.002311     0.002370      2275406 
   71.800     0.155210     0.001060     0.001094      2249382 
   71.900     0.219496     0.001491     0.001537      2259157 
   72.000    -0.031242    -0.000217    -0.000220      2287219 
   72.100    -0.077040    -0.000529    -0.000542      2255502 
   72.200     0.102398     0.000709     0.000730      2240526 
   72.300     0.001486     0.000010     0.000011      2253155 
   72.400     0.298524     0.002072     0.002136      2247451 
   72.500    -0.100876    -0.000696    -0.000718      2252687 
   72.600     0.568609     0.003877     0.003979      2256795 
   72.700    -0.025323    -0.000175    -0.000179      2244376 
   72.800     0.833630     0.005727     0.005896      2225823 
   72.900     2.006648     0.013379     0.013992      2259443 
   73.000     1.593740     0.010919     0.011252      2238255 
   73.100     0.718150     0.004982     0.005089      2239945 
   73.200     1.106763     0.007788     0.007916      2210003 
   73.300     1.147280     0.008064     0.008144      2221264 
   73.400     1.459974     0.010141     0.010403      2232503 
   73.500     0.309259     0.002143     0.002206      2206414 
   73.600     0.662813     0.004576     0.004659      2213455 
   73.700     0.797660     0.005627     0.005760      2233600 
   73.800     0.659694     0.004631     0.004754      2227469 
   73.900    -0.866570    -0.006149    -0.006286      2199968 
   74.000     0.186849     0.001339     0.001360      2190883 
   74.100     1.051070     0.007592     0.007685      2200597 
   74.200     1.257081     0.009015     0.009119      2214602 
   74.300     0.744042     0.005398     0.005419      2196958 
   74.400     1.215843     0.008705     0.008827      2183237 
   74.500     0.772084     0.005454     0.005581      2189879 
   74.600    -0.116395    -0.000825    -0.000845      2180168 
   74.700    -0.110694    -0.000792    -0.000803      2161644 
   74.800    -0.213312    -0.001536    -0.001561      2147043 
   74.900    -0.536302    -0.003789    -0.003911      2162093 
   75.000     0.505224     0.003605     0.003669      2143508 
   75.100     0.723294     0.005138     0.005223      2155088 
   75.200     0.145629     0.001028     0.001046      2151179 
   75.300     0.927644     0.006587     0.006690      2165595 
   75.400     0.458946     0.003238     0.003320      2145133 
   75.500     0.930649     0.006679     0.006764      2129214 
   75.600     1.099617     0.007863     0.007987      2150970 
   75.700     0.404058     0.002858     0.002926      2159453 
   75.800     0.552993     0.003933     0.003993      2129239 
   75.900    -0.077053    -0.000552    -0.000562      2124036 
   76.000     0.280822     0.002028     0.002061      2106039 
   76.100     0.331424     0.002347     0.002397      2116595 
   76.200    -0.127255    -0.000924    -0.000939      2131631 
   76.300     0.637054     0.004648     0.004693      2136511 
   76.400     0.041336     0.000297     0.000303      2141411 
   76.500     0.060499     0.000436     0.000444      2112813 
   76.600     0.368393     0.002675     0.002736      2099539 
   76.700    -0.074074    -0.000534    -0.000546      2102430 
   76.800     0.296948     0.002165     0.002216      2093863 
   76.900     0.395996     0.002845     0.002927      2106599 
   77.000     0.081963     0.000596     0.000608      2103656 
   77.100    -0.363824    -0.002589    -0.002667      2100117 
   77.200     0.640996     0.004597     0.004682      2119468 
   77.300     0.804582     0.005811     0.005936      2107685 
   77.400     0.716856     0.005164     0.005291      2105851 
   77.500    -0.343152    -0.002526    -0.002565      2093879 
   77.600     0.462715     0.003422     0.003472      2082941 
   77.700     0.427513     0.003129     0.003182      2088095 
   77.800     0.016059     0.000116     0.000119      2091893 
   77.900     0.593318     0.004289     0.004374      2096505 
   78.000     0.237102     0.001697     0.001746      2094786 
   78.100    -0.060758    -0.000433    -0.000445      2099562 
   78.200    -0.075403    -0.000535    -0.000546      2086465 
   78.300     0.395638     0.002928     0.002955      2062114 
   78.400    -0.007641    -0.000056    -0.000057      2066383 
   78.500     0.643368     0.004667     0.004783      2088911 
   78.600    -0.087770    -0.000629    -0.000644      2076563 
   78.700     0.459149     0.003343     0.003381      2101504 
   78.800     0.172119     0.001275     0.001293      2078264 
   78.900    -0.206397    -0.001481    -0.001511      2076855 
   79.000     0.250780     0.001792     0.001853      2057959 
   79.100    -0.259076    -0.001828    -0.001887      2077610 
   79.200    -0.374693    -0.002692    -0.002753      2052080 
   79.300     0.322445     0.002285     0.002356      2058153 
   79.400    -0.117136    -0.000848    -0.000868      2061669 
   79.500     0.077862     0.000561     0.000579      2038711 
   79.600    -0.557851    -0.004072    -0.004176      2031442 
   79.700     0.087500     0.000636     0.000653      2040054 
   79.800     0.799694     0.005780     0.005944      2041187 
   79.900     0.844105     0.006227     0.006371      2034475 
   80.000     0.763777     0.005504     0.005681      2064677 
   80.100     0.900879     0.006528     0.006718      2042148 
   80.200     0.401226     0.002897     0.002976      2046840 
   80.300     0.668605     0.004923     0.005012      2049007 
   80.400     0.698956     0.005182     0.005278      2044781 
   80.500     0.602499     0.004419     0.004493      2040273 
   80.600     0.624245     0.004647     0.004744      2031323 
   80.700     0.078408     0.000581     0.000592      2010902 
   80.800    -0.039654    -0.000288    -0.000296      2035740 
   80.900     0.420213     0.003079     0.003139      2037266 
   81.000    -0.655718    -0.004819    -0.004898      2023393 
   81.100    -0.396290    -0.002872    -0.002952      2011964 
   81.200     0.158770     0.001183     0.001200      1989371 
   81.300     0.093688     0.000685     0.000705      2001661 
   81.400    -0.281499    -0.002046    -0.002120      1994317 
   81.500    -0.270904    -0.001956    -0.002030      1998283 
   81.600     1.145633     0.008439     0.008704      1980389 
   81.700     0.482754     0.003587     0.003687      1971723 
   81.800    -0.704061    -0.005186    -0.005356      1967839 
   81.900     0.049368     0.000365     0.000378      1978510 
   82.000     0.455180     0.003395     0.003488      1972303 
   82.100     0.598846     0.004487     0.004606      1956996 
   82.200    -0.259436    -0.001971    -0.001987      1948033 
   82.300    -0.630038    -0.004858    -0.004876      1953494 
   82.400     0.067281     0.000507     0.000513      1967352 
   82.500    -0.247291    -0.001858    -0.001900      1964166 
   82.600    -0.237256    -0.001790    -0.001814      1959697 
   82.700     0.623826     0.004679     0.004758      1956310 
   82.800     0.637765     0.004731     0.004834      1941330 
   82.900     0.587604     0.004460     0.004520      1940977 
   83.000     0.313572     0.002342     0.002381      1943893 
   83.100     0.607922     0.004612     0.004660      1940845 
   83.200     0.550608     0.004195     0.004226      1949594 
   83.300    -0.163381    -0.001276    -0.001277      1910854 
   83.400    -0.138523    -0.001065    -0.001069      1936870 
   83.500    -0.770033    -0.005887    -0.005922      1916743 
   83.600    -0.222029    -0.001665    -0.001717      1928646 
   83.700    -0.561040    -0.004286    -0.004337      1940131 
   83.800    -0.082617    -0.000629    -0.000638      1917357 
   83.900     0.103807     0.000786     0.000804      1915976 
   84.000    -0.198948    -0.001490    -0.001535      1916064 
   84.100     0.484913     0.003620     0.003721      1909563 
   84.200     0.609301     0.004617     0.004719      1917254 
   84.300     0.314838     0.002380     0.002426      1913734 
   84.400    -0.318762    -0.002394    -0.002471      1901915 
   84.500    -0.447251    -0.003341    -0.003418      1907382 
   84.600    -0.317097    -0.002418    -0.002445      1899144 
   84.700    -0.768960    -0.005804    -0.005916      1900726 
   84.800    -0.643688    -0.004882    -0.004990      1919394 
   84.900    -0.066882    -0.000520    -0.000530      1908452 
   85.000    -0.230610    -0.001813    -0.001838      1894194 
   85.100     0.815130     0.006241     0.006406      1906754 
   85.200     0.015398     0.000117     0.000119      1915553 
   85.300    -0.394202    -0.002992    -0.003066      1898064 
   85.400    -0.457328    -0.003484    -0.003564      1899190 
   85.500    -0.467105    -0.003536    -0.003623      1897935 
   85.600     0.074564     0.000557     0.000576      1906979 
   85.700    -0.262129    -0.001956    -0.002038      1891354 
   85.800    -1.003023    -0.007593    -0.007846      1889556 
   85.900    -0.708071    -0.005213    -0.005394      1892854 
   86.000    -0.493333    -0.003783    -0.003839      1890274 
   86.100    -0.300838    -0.002269    -0.002312      1892707 
   86.200    -0.213034    -0.001591    -0.001643      1890215 
   86.300    -0.354637    -0.002749    -0.002795      1878526 
   86.400     0.778984     0.005870     0.006018      1892827 
   86.500     0.852552     0.006406     0.006683      1890555 
   86.600    -0.739939    -0.005654    -0.005797      1871524 
   86.700    -0.301622    -0.002254    -0.002317      1881592 
   86.800     0.138027     0.001025     0.001063      1881078 
   86.900    -0.497456    -0.003773    -0.003826      1875035 
   87.000    -0.703635    -0.005340    -0.005510      1851512 
   87.100     0.058279     0.000442     0.000453      1864095 
   87.200    -0.344180    -0.002592    -0.002676      1860668 
   87.300    -0.058811    -0.000440    -0.000456      1855386 
   87.400    -0.372671    -0.002838    -0.002891      1844733 
   87.500    -0.606432    -0.004760    -0.004835      1847384 
   87.600    -0.068306    -0.000532    -0.000538      1857087 
   87.700     0.151825     0.001183     0.001214      1844919 
   87.800    -0.338261    -0.002596    -0.002632      1845636 
   87.900    -0.290163    -0.002258    -0.002284      1842764 
   88.000    -0.775517    -0.005874    -0.006039      1825296 
   88.100    -0.064199    -0.000491    -0.000506      1830711 
   88.200     0.149144     0.001159     0.001178      1823925 
   88.300     0.394778     0.003101     0.003158      1819847 
   88.400    -0.211972    -0.001642    -0.001679      1810244 
   88.500    -0.353883    -0.002784    -0.002854      1813082 
   88.600    -0.478139    -0.003720    -0.003817      1825845 
   88.700    -0.684205    -0.005397    -0.005530      1809930 
   88.800     0.072779     0.000565     0.000582      1817216 
   88.900    -0.269446    -0.002115    -0.002152      1815463 
   89.000    -0.553955    -0.004278    -0.004405      1809918 
   89.100    -0.686706    -0.005265    -0.005443      1786007 
   89.200    -0.397470    -0.003020    -0.003126      1802889 
   89.300    -0.044482    -0.000339    -0.000352      1791473 
   89.400     0.901758     0.006961     0.007186      1808044 
   89.500    -0.317024    -0.002466    -0.002554      1793727 
   89.600    -0.273782    -0.002122    -0.002228      1795970 
   89.700    -0.092156    -0.000722    -0.000745      1797689 
   89.800     0.194779     0.001534     0.001569      1791336 
   89.900     0.126333     0.000997     0.001018      1798251 
   90.000    -0.003144    -0.000025    -0.000025      1789083 
   90.100     0.074175     0.000577     0.000593      1782604 
   90.200     0.419762     0.003268     0.003384      1768428 
   90.300     0.298434     0.002369     0.002420      1765498 
   90.400    -0.143249    -0.001127    -0.001169      1759481 
   90.500    -0.457881    -0.003557    -0.003677      1760562 
   90.600    -0.707913    -0.005637    -0.005722      1755146 
   90.700    -0.451382    -0.003530    -0.003620      1762499 
   90.800    -0.290414    -0.002326    -0.002390      1758598 
   90.900     0.657444     0.005119     0.005366      1766856 
   91.000     0.373302     0.002938     0.003031      1757396 
   91.100     0.386980     0.003071     0.003151      1760939 
   91.200     0.065214     0.000511     0.000528      1748028 
   91.300     0.363040     0.002915     0.002980      1737953 
   91.400     0.735333     0.005853     0.006038      1721849 
   91.500     0.087925     0.000681     0.000711      1744128 
   91.600     0.398565     0.003202     0.003277      1726943 
   91.700    -0.189165    -0.001527    -0.001574      1722002 
   91.800     0.291927     0.002296     0.002408      1747781 
   91.900     0.438967     0.003466     0.003604      1741187 
   92.000     0.310221     0.002427     0.002519      1725249 
   92.100     0.056573     0.000450     0.000468      1742686 
   92.200     0.039165     0.000311     0.000322      1720546 
   92.300    -0.346012    -0.002738    -0.002825      1708714 
   92.400    -0.437319    -0.003483    -0.003587      1709564 
   92.500     0.830229     0.006675     0.006836      1708624 
   92.600     0.957886     0.007579     0.007827      1695942 
   92.700     0.664618     0.005243     0.005461      1691318 
   92.800     0.285648     0.002255     0.002334      1691222 
   92.900     0.422683     0.003397     0.003510      1719197 
   93.000     0.068376     0.000555     0.000572      1702127 
   93.100    -0.163780    -0.001310    -0.001368      1682686 
   93.200     0.128903     0.001037     0.001075      1706804 
   93.300     0.875165     0.007054     0.007315      1696145 
   93.400     0.630665     0.005025     0.005211      1689652 
   93.500     0.603550     0.004899     0.005056      1695721 
   93.600    -0.355286    -0.002919    -0.002980      1687909 
   93.700    -0.223285    -0.001842    -0.001878      1674672 
   93.800     0.233158     0.001917     0.001960      1652375 
   93.900     0.517410     0.004230     0.004334      1675117 
   94.000     0.326835     0.002702     0.002773      1660151 
   94.100     0.051045     0.000416     0.000429      1659819 
   94.200     0.735293     0.005876     0.006107      1658980 
   94.300     0.383243     0.002996     0.003142      1670994 
   94.400    -0.968904    -0.007832    -0.008084      1650422 
   94.500    -0.458619    -0.003635    -0.003775      1655748 
   94.600    -0.349019    -0.002775    -0.002896      1657498 
   94.700    -0.469129    -0.003738    -0.003892      1644567 
   94.800    -0.351488    -0.002824    -0.002919      1643409 
   94.900    -0.739471    -0.005883    -0.006152      1637606 
   95.000    -0.050241    -0.000399    -0.000412      1657141 
   95.100     0.596656     0.004670     0.004896      1648635 
   95.200    -0.281071    -0.002269    -0.002324      1657576 
   95.300    -0.406722    -0.003237    -0.003372      1630555 
   95.400     0.573469     0.004604     0.004777      1652943 
   95.500     0.178289     0.001439     0.001492      1641277 
   95.600     0.305148     0.002453     0.002541      1636359 
   95.700     0.248255     0.001963     0.002045      1646255 
   95.800     0.305095     0.002491     0.002580      1624692 
   95.900    -0.056217    -0.000446    -0.000462      1642922 
   96.000    -0.166445    -0.001320    -0.001387      1640682 
   96.100    -0.211865    -0.001675    -0.001752      1655676 
   96.200    -0.151834    -0.001209    -0.001255      1637335 
   96.300     0.956314     0.007665     0.007949      1644290 
   96.400    -0.224545    -0.001826    -0.001882      1615857 
   96.500     0.264391     0.002091     0.002189      1646202 
   96.600     0.756679     0.006165     0.006310      1630545 
   96.700     0.681543     0.005486     0.005668      1612579 
   96.800     0.042174     0.000341     0.000348      1604424 
   96.900    -0.124242    -0.001016    -0.001039      1613761 
   97.000     0.550852     0.004589     0.004631      1604983 
   97.100    -0.196476    -0.001625    -0.001662      1613263 
   97.200     0.133769     0.001082     0.001118      1609104 
   97.300    -0.887118    -0.006987    -0.007329      1610524 
   97.400     0.015751     0.000127     0.000131      1605030 
   97.500     1.588886     0.012771     0.013225      1595115 
   97.600     1.497108     0.012147     0.012591      1588614 
   97.700     1.034013     0.008249     0.008597      1592794 
   97.800     0.043688     0.000346     0.000361      1598039 
   97.900    -0.106623    -0.000855    -0.000892      1586629 
   98.000     0.181949     0.001463     0.001515      1589639 
   98.100     0.540878     0.004295     0.004483      1590690 
   98.200     0.925074     0.007549     0.007704      1585592 
   98.300     0.756232     0.006070     0.006299      1598881 
   98.400     0.840545     0.006977     0.007126      1604135 
   98.500     0.502554     0.004104     0.004244      1591591 
   98.600     0.403094     0.003336     0.003443      1553930 
   98.700    -0.355838    -0.002941    -0.003037      1569112 
   98.800     0.714721     0.005870     0.006056      1567347 
   98.900    -0.108850    -0.000903    -0.000942      1548258 
   99.000     0.330696     0.002748     0.002835      1550462 
   99.100     1.060044     0.008700     0.009050      1557674 
   99.200     0.812217     0.006673     0.006898      1552033 
   99.300     0.376303     0.003053     0.003220      1541072 
   99.400    -0.712295    -0.005829    -0.006018      1549605 
   99.500    -0.289165    -0.002351    -0.002466      1558044 
   99.600     0.004419     0.000037     0.000038      1544724 
   99.700    -0.316447    -0.002591    -0.002699      1541698 
   99.800     0.223056     0.001806     0.001898      1549404 
   99.900     0.214205     0.001778     0.001843      1532736 
  100.000     0.657199     0.005559     0.005786      1520887 
