fitting 1 exponentials + affine
seed: 6074314877 
   10.775254 
    0.828 
   10.772571 
    0.834 
   10.770247 
    0.841 
   10.767547 
    0.855 
   10.767503 
    0.861 
   10.767491 
    0.861 
   10.767413 
    0.858 
   10.767410 
    0.859 
   10.767410 
    0.858 
   10.767410 
    0.859 
   10.767410 
    0.858 
   10.767410 
    0.858 
   10.767410 
    0.858 
   10.767410 
    0.858 
   10.767410 
    0.858 
   10.767410 
    0.858 
   10.767410 
    0.858 
    0.858 
nagopt ncall: 1  oldvalue:     10.767409727 newvalue:    10.767409727
   10.767410 
    0.858438695 
error sd:     0.003281
halflife:     4.541 
mean (generations):   152.640 
    0.029253203    -0.000056721 
##end of run
