 ##Z-score and correlation:: ../../ancpop.list  binsize:     0.001000
    0.100    31.737096     0.168156     0.167752      5845721 
    0.200     7.245353     0.040515     0.040306      4349047 
    0.300     4.781001     0.025668     0.025779      4337738 
    0.400     4.276395     0.022708     0.022794      4282699 
    0.500     2.742562     0.014642     0.014644      4243582 
    0.600     1.867726     0.009873     0.009947      4225130 
    0.700     1.944960     0.010369     0.010347      4215047 
    0.800     1.305690     0.006943     0.006947      4191965 
    0.900     1.544572     0.008145     0.008198      4189362 
    1.000     1.480186     0.007755     0.007804      4189681 
    1.100     1.391070     0.007381     0.007371      4160954 
    1.200     0.313149     0.001644     0.001648      4179018 
    1.300     0.350920     0.001856     0.001867      4149021 
    1.400     1.602963     0.008529     0.008547      4111830 
    1.500    -0.122473    -0.000652    -0.000653      4113453 
    1.600     0.642473     0.003447     0.003424      4117849 
    1.700     0.781262     0.004192     0.004151      4119602 
    1.800    -0.763272    -0.004060    -0.004064      4109070 
    1.900     0.279602     0.001495     0.001495      4100449 
    2.000     0.192379     0.001037     0.001029      4082814 
    2.100     0.413224     0.002205     0.002188      4086704 
    2.200     0.629520     0.003299     0.003324      4090661 
    2.300     0.592449     0.003106     0.003129      4085597 
    2.400     0.684365     0.003602     0.003605      4073991 
    2.500     0.744365     0.003850     0.003880      4057447 
    2.600     0.307769     0.001635     0.001632      4049518 
    2.700    -0.165886    -0.000884    -0.000879      4022477 
    2.800     0.461733     0.002482     0.002460      4037531 
    2.900    -0.132742    -0.000713    -0.000713      4042025 
    3.000    -0.636804    -0.003381    -0.003405      4036086 
    3.100     0.050743     0.000272     0.000271      4036852 
    3.200     0.205640     0.001106     0.001092      4039899 
    3.300     0.343237     0.001841     0.001843      4027770 
    3.400    -0.482652    -0.002561    -0.002565      4029939 
    3.500    -0.306762    -0.001646    -0.001641      4031106 
    3.600     0.190560     0.001018     0.001018      4022493 
    3.700    -0.574456    -0.003089    -0.003100      4013089 
    3.800    -1.018202    -0.005430    -0.005411      4009236 
    3.900    -0.611989    -0.003311    -0.003287      3986507 
    4.000    -0.788671    -0.004265    -0.004234      3985003 
    4.100    -0.607947    -0.003319    -0.003282      3985777 
    4.200    -0.530993    -0.002853    -0.002855      3980388 
    4.300    -0.385654    -0.002101    -0.002085      3984376 
    4.400    -0.131565    -0.000708    -0.000704      3961354 
    4.500    -0.601097    -0.003203    -0.003211      3979899 
    4.600     1.086075     0.005892     0.005874      3969251 
    4.700     1.175318     0.006360     0.006320      3973878 
    4.800     0.278041     0.001497     0.001491      3980875 
    4.900     0.035123     0.000193     0.000189      3966655 
    5.000     0.307786     0.001662     0.001649      3976229 
    5.100    -0.435052    -0.002334    -0.002334      3956205 
    5.200    -0.625004    -0.003329    -0.003324      3977293 
    5.300     0.000420     0.000002     0.000002      3943555 
    5.400     0.482791     0.002577     0.002580      3975384 
    5.500     0.063936     0.000346     0.000345      3950498 
    5.600     0.138806     0.000754     0.000749      3949675 
    5.700     0.093651     0.000502     0.000507      3922765 
    5.800    -0.009245    -0.000049    -0.000050      3909530 
    5.900    -0.156991    -0.000849    -0.000843      3929087 
    6.000     0.259420     0.001401     0.001390      3944350 
    6.100    -0.446681    -0.002436    -0.002435      3941015 
    6.200     0.029531     0.000160     0.000160      3947263 
    6.300    -0.478757    -0.002577    -0.002566      3952632 
    6.400    -0.623125    -0.003347    -0.003336      3948992 
    6.500    -0.036434    -0.000196    -0.000196      3941074 
    6.600     0.060692     0.000322     0.000324      3939480 
    6.700     0.547402     0.002922     0.002945      3922397 
    6.800    -0.053302    -0.000289    -0.000285      3916533 
    6.900     0.287735     0.001537     0.001533      3914731 
    7.000     0.410084     0.002203     0.002202      3949130 
    7.100    -0.201419    -0.001085    -0.001084      3915023 
    7.200    -0.218680    -0.001167    -0.001168      3962061 
    7.300     0.162832     0.000878     0.000879      3932157 
    7.400    -0.293504    -0.001586    -0.001579      3936374 
    7.500    -0.352617    -0.001905    -0.001897      3939029 
    7.600    -0.081602    -0.000446    -0.000441      3914073 
    7.700    -0.041530    -0.000224    -0.000225      3931378 
    7.800    -0.372167    -0.002012    -0.001994      3922416 
    7.900     0.393168     0.002142     0.002118      3897985 
    8.000    -0.472658    -0.002576    -0.002565      3928080 
    8.100    -0.462181    -0.002522    -0.002509      3907562 
    8.200     0.072261     0.000394     0.000392      3924345 
    8.300    -0.077321    -0.000421    -0.000416      3930981 
    8.400    -0.842998    -0.004580    -0.004546      3946595 
    8.500     0.120289     0.000648     0.000651      3937056 
    8.600     0.071946     0.000394     0.000391      3903191 
    8.700     0.851360     0.004652     0.004600      3908980 
    8.800     0.107655     0.000580     0.000582      3911990 
    8.900     0.127371     0.000684     0.000688      3936557 
    9.000    -0.019534    -0.000105    -0.000105      3915492 
    9.100    -0.822895    -0.004439    -0.004477      3900237 
    9.200    -0.068789    -0.000372    -0.000372      3883142 
    9.300     0.494899     0.002668     0.002683      3898718 
    9.400     0.337679     0.001837     0.001831      3895985 
    9.500     0.148327     0.000802     0.000798      3878646 
    9.600    -0.145448    -0.000779    -0.000781      3892444 
    9.700    -0.637289    -0.003467    -0.003468      3874753 
    9.800    -0.066119    -0.000361    -0.000360      3864594 
    9.900    -0.144200    -0.000786    -0.000780      3886103 
   10.000     0.635307     0.003494     0.003452      3876817 
   10.100     0.477198     0.002576     0.002565      3882786 
   10.200     0.274304     0.001493     0.001485      3886957 
   10.300     0.769682     0.004205     0.004154      3880871 
   10.400     0.289520     0.001600     0.001575      3865468 
   10.500    -0.603107    -0.003310    -0.003284      3852100 
   10.600    -0.163735    -0.000884    -0.000883      3866673 
   10.700    -0.479244    -0.002584    -0.002614      3854747 
   10.800    -0.253395    -0.001384    -0.001376      3860965 
   10.900     0.004875     0.000027     0.000027      3858252 
   11.000     0.597666     0.003262     0.003271      3847733 
   11.100    -0.063924    -0.000352    -0.000351      3841627 
   11.200     0.596486     0.003268     0.003242      3836654 
   11.300     0.413557     0.002267     0.002234      3864090 
   11.400     1.025902     0.005552     0.005503      3870214 
   11.500     0.296093     0.001618     0.001612      3868269 
   11.600     0.730553     0.004021     0.003990      3862688 
   11.700     0.592618     0.003240     0.003225      3823752 
   11.800     0.718043     0.003998     0.003956      3798839 
   11.900     0.377354     0.002061     0.002058      3835870 
   12.000     0.053354     0.000293     0.000292      3828812 
   12.100     1.076659     0.005874     0.005901      3822093 
   12.200    -0.308906    -0.001678    -0.001684      3844128 
   12.300    -0.302517    -0.001641    -0.001652      3825121 
   12.400    -0.401665    -0.002191    -0.002196      3825019 
   12.500    -0.032599    -0.000178    -0.000178      3857925 
   12.600    -0.027575    -0.000150    -0.000150      3859857 
   12.700    -0.158973    -0.000874    -0.000869      3824640 
   12.800     0.213850     0.001171     0.001170      3817200 
   12.900     0.135454     0.000748     0.000742      3826151 
   13.000     0.096239     0.000529     0.000525      3802404 
   13.100    -0.435794    -0.002386    -0.002380      3789036 
   13.200    -0.305470    -0.001684    -0.001675      3789723 
   13.300     0.146563     0.000796     0.000798      3811332 
   13.400     0.060457     0.000334     0.000333      3786374 
   13.500     0.022996     0.000126     0.000127      3782000 
   13.600     0.070341     0.000389     0.000387      3806899 
   13.700    -0.387306    -0.002133    -0.002121      3796515 
   13.800    -0.834431    -0.004560    -0.004573      3808278 
   13.900    -0.445383    -0.002460    -0.002442      3764391 
   14.000    -0.232395    -0.001273    -0.001270      3811283 
   14.100    -0.561796    -0.003098    -0.003105      3792048 
   14.200    -0.137622    -0.000756    -0.000758      3781459 
   14.300    -0.479389    -0.002592    -0.002627      3777982 
   14.400     0.048787     0.000269     0.000269      3775848 
   14.500     0.120435     0.000664     0.000658      3778782 
   14.600    -0.289792    -0.001611    -0.001601      3775214 
   14.700    -1.546896    -0.008562    -0.008532      3756706 
   14.800    -0.783256    -0.004261    -0.004286      3760784 
   14.900     0.247095     0.001359     0.001371      3776631 
   15.000     0.742982     0.004085     0.004115      3747762 
   15.100    -0.399594    -0.002200    -0.002212      3776333 
   15.200    -0.735820    -0.004074    -0.004068      3769458 
   15.300    -0.557983    -0.003108    -0.003088      3769657 
   15.400    -0.772580    -0.004281    -0.004268      3778044 
   15.500    -0.557344    -0.003019    -0.003039      3785486 
   15.600    -0.403497    -0.002212    -0.002215      3774903 
   15.700    -0.434910    -0.002419    -0.002404      3726742 
   15.800    -0.458342    -0.002552    -0.002557      3748209 
   15.900    -0.880066    -0.004868    -0.004886      3751226 
   16.000    -0.323556    -0.001778    -0.001782      3743482 
   16.100    -1.222730    -0.006746    -0.006746      3768607 
   16.200    -0.037782    -0.000209    -0.000210      3753554 
   16.300     0.135465     0.000753     0.000749      3738926 
   16.400    -0.546244    -0.003019    -0.003013      3759897 
   16.500    -0.165087    -0.000903    -0.000907      3751265 
   16.600     0.158277     0.000870     0.000872      3752180 
   16.700    -0.166539    -0.000907    -0.000923      3718097 
   16.800    -0.060827    -0.000329    -0.000333      3741195 
   16.900    -0.519293    -0.002859    -0.002857      3729999 
   17.000    -0.569638    -0.003116    -0.003143      3736669 
   17.100    -0.296657    -0.001627    -0.001626      3768674 
   17.200    -0.054672    -0.000300    -0.000299      3749249 
   17.300    -1.034925    -0.005652    -0.005717      3734550 
   17.400    -0.019193    -0.000105    -0.000105      3746216 
   17.500    -0.766197    -0.004167    -0.004190      3729099 
   17.600    -0.333064    -0.001836    -0.001851      3716393 
   17.700     0.778314     0.004294     0.004347      3739768 
   17.800     0.462427     0.002501     0.002549      3738507 
   17.900    -0.020659    -0.000114    -0.000114      3731721 
   18.000    -0.245596    -0.001371    -0.001362      3728584 
   18.100     0.686634     0.003781     0.003794      3723973 
   18.200     0.108796     0.000605     0.000606      3729891 
   18.300    -0.334614    -0.001820    -0.001832      3736523 
   18.400    -0.453947    -0.002486    -0.002506      3732541 
   18.500    -0.062161    -0.000342    -0.000342      3735366 
   18.600     0.606651     0.003340     0.003332      3705691 
   18.700     0.528707     0.002927     0.002932      3701675 
   18.800     0.041988     0.000232     0.000233      3733961 
   18.900    -0.678059    -0.003723    -0.003732      3726164 
   19.000    -0.498825    -0.002732    -0.002741      3708210 
   19.100    -0.053014    -0.000294    -0.000295      3686836 
   19.200     0.052311     0.000287     0.000288      3687050 
   19.300    -0.849351    -0.004693    -0.004700      3690355 
   19.400    -1.058668    -0.005841    -0.005858      3723163 
   19.500    -0.682176    -0.003723    -0.003743      3722981 
   19.600    -0.742102    -0.004087    -0.004106      3676654 
   19.700     0.206498     0.001144     0.001143      3700569 
   19.800     0.856204     0.004709     0.004747      3716795 
   19.900     0.768781     0.004252     0.004254      3693935 
   20.000     0.307750     0.001718     0.001724      3676486 
   20.100     0.279198     0.001552     0.001552      3673204 
   20.200     0.596981     0.003330     0.003336      3666741 
   20.300     0.419324     0.002327     0.002320      3715512 
   20.400     0.694183     0.003858     0.003855      3701193 
   20.500     0.924716     0.005128     0.005124      3714590 
   20.600     0.336863     0.001868     0.001870      3703341 
   20.700     0.524056     0.002878     0.002901      3693414 
   20.800     1.327280     0.007362     0.007415      3666982 
   20.900     0.076551     0.000428     0.000428      3700381 
   21.000    -0.162962    -0.000906    -0.000905      3697630 
   21.100     0.027020     0.000150     0.000150      3661344 
   21.200     0.269391     0.001489     0.001504      3677858 
   21.300     1.131507     0.006266     0.006311      3652061 
   21.400     0.108117     0.000601     0.000604      3667787 
   21.500    -0.300750    -0.001673    -0.001682      3677357 
   21.600    -0.083425    -0.000469    -0.000468      3670490 
   21.700    -0.330508    -0.001869    -0.001848      3675182 
   21.800    -1.077193    -0.006039    -0.005982      3686538 
   21.900     0.035056     0.000196     0.000194      3677143 
   22.000    -0.454516    -0.002576    -0.002562      3639512 
   22.100    -0.293982    -0.001664    -0.001650      3626018 
   22.200    -0.435883    -0.002428    -0.002440      3627488 
   22.300     0.571764     0.003186     0.003203      3648805 
   22.400     0.531004     0.002964     0.002975      3650163 
   22.500     1.453642     0.008190     0.008145      3667033 
   22.600    -0.290008    -0.001624    -0.001620      3655003 
   22.700     0.364144     0.002070     0.002048      3655138 
   22.800    -0.496698    -0.002801    -0.002809      3640559 
   22.900    -0.135035    -0.000765    -0.000765      3607779 
   23.000     1.072865     0.006004     0.005997      3637443 
   23.100     0.593252     0.003300     0.003306      3634831 
   23.200     0.452029     0.002469     0.002510      3644974 
   23.300     0.524355     0.002891     0.002910      3637883 
   23.400    -0.402572    -0.002241    -0.002230      3643812 
   23.500    -0.942761    -0.005185    -0.005187      3640221 
   23.600     0.444033     0.002489     0.002484      3635798 
   23.700     0.001260     0.000007     0.000007      3620662 
   23.800     0.685629     0.003848     0.003858      3638826 
   23.900    -0.031896    -0.000179    -0.000180      3629575 
   24.000    -0.323631    -0.001839    -0.001833      3604874 
   24.100    -0.730648    -0.004137    -0.004129      3635255 
   24.200    -0.779577    -0.004385    -0.004386      3617646 
   24.300     0.457839     0.002594     0.002578      3614805 
   24.400    -0.770156    -0.004341    -0.004337      3640488 
   24.500     0.247008     0.001386     0.001392      3624823 
   24.600    -0.272425    -0.001546    -0.001538      3629156 
   24.700    -0.696314    -0.003946    -0.003961      3637999 
   24.800    -0.553781    -0.003087    -0.003106      3609221 
   24.900    -0.124329    -0.000692    -0.000695      3605145 
   25.000     0.139101     0.000779     0.000778      3607994 
   25.100    -0.288482    -0.001619    -0.001623      3614706 
   25.200     0.726485     0.004041     0.004087      3604847 
   25.300     0.625725     0.003478     0.003516      3632450 
   25.400     0.422720     0.002328     0.002357      3636279 
   25.500    -0.043107    -0.000244    -0.000244      3611175 
   25.600    -0.528761    -0.002956    -0.002990      3600561 
   25.700    -0.577652    -0.003238    -0.003248      3579832 
   25.800    -1.490966    -0.008251    -0.008318      3582812 
   25.900    -0.685081    -0.003812    -0.003847      3580169 
   26.000    -0.420635    -0.002360    -0.002363      3582431 
   26.100     0.140854     0.000799     0.000803      3565199 
   26.200    -0.225583    -0.001242    -0.001259      3578337 
   26.300     0.139780     0.000777     0.000785      3560727 
   26.400    -1.069802    -0.005919    -0.005999      3574110 
   26.500    -0.949982    -0.005297    -0.005355      3568664 
   26.600    -0.810839    -0.004555    -0.004623      3540031 
   26.700    -1.093891    -0.006116    -0.006209      3556435 
   26.800    -1.176766    -0.006632    -0.006648      3538760 
   26.900    -0.532792    -0.002965    -0.003010      3555314 
   27.000    -0.422128    -0.002354    -0.002385      3538393 
   27.100    -0.562604    -0.003186    -0.003198      3511698 
   27.200    -0.462928    -0.002593    -0.002605      3537702 
   27.300    -0.527831    -0.002973    -0.002980      3501022 
   27.400    -0.981547    -0.005567    -0.005581      3531616 
   27.500    -0.180024    -0.001013    -0.001022      3521347 
   27.600     0.152133     0.000852     0.000861      3515735 
   27.700     0.699754     0.003926     0.003973      3523400 
   27.800     0.093608     0.000532     0.000536      3532331 
   27.900    -0.146697    -0.000825    -0.000834      3543779 
   28.000    -0.603251    -0.003412    -0.003420      3530765 
   28.100    -0.137644    -0.000782    -0.000787      3517557 
   28.200    -0.421856    -0.002386    -0.002406      3520481 
   28.300    -0.176593    -0.001002    -0.001003      3516753 
   28.400     0.188886     0.001067     0.001067      3510459 
   28.500     0.809933     0.004603     0.004608      3493082 
   28.600     1.387897     0.007932     0.007936      3495671 
   28.700     0.529811     0.003017     0.003034      3497066 
   28.800     0.258706     0.001456     0.001476      3532218 
   28.900    -0.268510    -0.001517    -0.001527      3524686 
   29.000    -0.253620    -0.001431    -0.001439      3516517 
   29.100     0.347862     0.001941     0.001976      3509249 
   29.200     0.147010     0.000828     0.000836      3496247 
   29.300     0.169341     0.000950     0.000963      3492510 
   29.400    -0.563087    -0.003148    -0.003183      3511051 
   29.500    -0.974265    -0.005572    -0.005587      3481627 
   29.600    -0.048147    -0.000272    -0.000277      3490791 
   29.700     0.446870     0.002531     0.002556      3464800 
   29.800     0.034028     0.000191     0.000194      3443724 
   29.900     0.400418     0.002216     0.002252      3456512 
   30.000    -0.185939    -0.001033    -0.001048      3469990 
   30.100    -0.060268    -0.000339    -0.000346      3457147 
   30.200    -0.334177    -0.001866    -0.001907      3483510 
   30.300     0.544132     0.003058     0.003092      3509394 
   30.400    -0.464001    -0.002640    -0.002670      3472974 
   30.500    -0.712194    -0.004074    -0.004087      3472758 
   30.600     0.340418     0.001941     0.001953      3479903 
   30.700     0.199568     0.001135     0.001142      3478200 
   30.800    -0.282013    -0.001612    -0.001614      3469037 
   30.900    -0.394924    -0.002213    -0.002262      3444734 
   31.000    -0.265675    -0.001516    -0.001533      3459979 
   31.100    -0.683422    -0.003885    -0.003952      3453319 
   31.200    -0.235092    -0.001340    -0.001356      3469404 
   31.300    -0.652171    -0.003677    -0.003728      3451322 
   31.400    -0.539512    -0.003019    -0.003073      3448755 
   31.500     0.774137     0.004445     0.004453      3422020 
   31.600    -0.342679    -0.001961    -0.001971      3428586 
   31.700    -0.595417    -0.003401    -0.003413      3432554 
   31.800    -0.553965    -0.003230    -0.003215      3411795 
   31.900    -0.131366    -0.000756    -0.000755      3420047 
   32.000    -0.097626    -0.000556    -0.000559      3441273 
   32.100    -0.112343    -0.000642    -0.000647      3463574 
   32.200    -0.241161    -0.001383    -0.001391      3421262 
   32.300     0.068451     0.000397     0.000398      3439008 
   32.400    -0.067063    -0.000388    -0.000393      3439719 
   32.500     0.180452     0.001045     0.001051      3449099 
   32.600    -0.492050    -0.002826    -0.002846      3420028 
   32.700     0.229400     0.001293     0.001307      3414291 
   32.800    -0.312997    -0.001804    -0.001811      3434131 
   32.900     0.657495     0.003755     0.003763      3420352 
   33.000     0.914109     0.005204     0.005235      3414019 
   33.100     0.311148     0.001766     0.001794      3395417 
   33.200     1.415047     0.008064     0.008106      3395694 
   33.300     0.883830     0.005069     0.005102      3374399 
   33.400     0.588570     0.003389     0.003404      3370944 
   33.500     0.492598     0.002845     0.002849      3382549 
   33.600     0.239744     0.001347     0.001361      3401005 
   33.700     0.043091     0.000244     0.000249      3399309 
   33.800    -0.161305    -0.000923    -0.000928      3390825 
   33.900     0.346646     0.002004     0.002012      3391308 
   34.000    -0.246439    -0.001438    -0.001437      3384049 
   34.100    -0.036781    -0.000213    -0.000215      3363548 
   34.200     0.004358     0.000025     0.000025      3369154 
   34.300    -0.330415    -0.001906    -0.001903      3374639 
   34.400    -0.715278    -0.004067    -0.004119      3378310 
   34.500    -0.872341    -0.005083    -0.005080      3354560 
   34.600    -0.411578    -0.002397    -0.002398      3344234 
   34.700     0.566401     0.003284     0.003325      3356851 
   34.800     0.430691     0.002476     0.002471      3369564 
   34.900    -0.079774    -0.000459    -0.000463      3351658 
   35.000     0.727959     0.004226     0.004278      3336664 
   35.100    -0.299229    -0.001723    -0.001738      3341786 
   35.200     0.349177     0.002028     0.002042      3324927 
   35.300    -0.123806    -0.000729    -0.000734      3327994 
   35.400    -0.288610    -0.001675    -0.001698      3327519 
   35.500     0.021580     0.000125     0.000127      3336711 
   35.600    -0.274255    -0.001627    -0.001624      3329153 
   35.700    -0.292368    -0.001726    -0.001720      3307236 
   35.800     0.239545     0.001396     0.001413      3297679 
   35.900    -0.386842    -0.002236    -0.002254      3317689 
   36.000    -0.247378    -0.001424    -0.001444      3341551 
   36.100    -0.727212    -0.004317    -0.004311      3300456 
   36.200    -0.946348    -0.005612    -0.005585      3304839 
   36.300    -0.756273    -0.004438    -0.004432      3309246 
   36.400     0.442945     0.002603     0.002609      3308438 
   36.500    -0.255006    -0.001487    -0.001490      3296475 
   36.600    -0.018514    -0.000107    -0.000109      3271818 
   36.700    -0.854540    -0.004987    -0.004985      3270714 
   36.800    -0.582465    -0.003359    -0.003397      3300504 
   36.900     0.697970     0.004082     0.004122      3293299 
   37.000     0.207160     0.001221     0.001217      3297251 
   37.100     0.121589     0.000708     0.000713      3284746 
   37.200     1.062997     0.006279     0.006281      3269770 
   37.300     0.488496     0.002859     0.002865      3277516 
   37.400     0.735871     0.004278     0.004328      3289261 
   37.500     0.399007     0.002353     0.002351      3261090 
   37.600     0.557331     0.003297     0.003331      3248700 
   37.700     0.806521     0.004634     0.004695      3290031 
   37.800     0.171362     0.000993     0.001013      3283321 
   37.900    -0.021117    -0.000123    -0.000125      3311517 
   38.000     0.748070     0.004349     0.004401      3273290 
   38.100     0.352902     0.002066     0.002080      3276291 
   38.200     0.451642     0.002613     0.002639      3296348 
   38.300     0.878190     0.005095     0.005087      3271043 
   38.400     0.686008     0.004015     0.004053      3260534 
   38.500     0.819722     0.004812     0.004819      3269400 
   38.600     0.128198     0.000761     0.000767      3268972 
   38.700     0.791741     0.004695     0.004675      3272151 
   38.800     0.224934     0.001328     0.001339      3269305 
   38.900    -0.332565    -0.001952    -0.001963      3282735 
   39.000     0.242623     0.001422     0.001436      3280245 
   39.100     1.092123     0.006549     0.006524      3240761 
   39.200     1.072480     0.006417     0.006363      3261572 
   39.300     0.638714     0.003789     0.003798      3258173 
   39.400     0.428374     0.002542     0.002528      3259726 
   39.500     0.588047     0.003452     0.003480      3251081 
   39.600     0.631637     0.003737     0.003736      3250286 
   39.700    -0.043902    -0.000258    -0.000259      3248416 
   39.800     0.272396     0.001596     0.001591      3231775 
   39.900     0.937435     0.005556     0.005574      3217280 
   40.000     0.177852     0.001054     0.001062      3197417 
   40.100     0.084345     0.000502     0.000503      3203471 
   40.200    -0.455140    -0.002699    -0.002720      3213047 
   40.300    -0.284130    -0.001694    -0.001692      3229311 
   40.400     0.020977     0.000124     0.000124      3233883 
   40.500    -0.966346    -0.005748    -0.005732      3220578 
   40.600    -0.299866    -0.001804    -0.001782      3204112 
   40.700    -0.687286    -0.004130    -0.004117      3193792 
   40.800    -0.710748    -0.004322    -0.004263      3219363 
   40.900     0.523583     0.003178     0.003154      3177636 
   41.000    -0.061745    -0.000372    -0.000370      3165747 
   41.100     0.160624     0.000981     0.000972      3164874 
   41.200     0.370560     0.002241     0.002213      3195973 
   41.300    -0.185153    -0.001109    -0.001105      3191546 
   41.400    -0.125648    -0.000756    -0.000757      3190855 
   41.500    -0.328204    -0.001979    -0.001965      3186863 
   41.600    -0.015822    -0.000094    -0.000094      3164210 
   41.700     0.086291     0.000514     0.000515      3168175 
   41.800     0.175890     0.001045     0.001047      3174551 
   41.900     0.513620     0.003067     0.003072      3156800 
   42.000    -0.297295    -0.001798    -0.001824      3140127 
   42.100    -0.891940    -0.005333    -0.005383      3155242 
   42.200    -0.229314    -0.001413    -0.001407      3116296 
   42.300    -0.851597    -0.005166    -0.005167      3118662 
   42.400    -0.713795    -0.004296    -0.004298      3131543 
   42.500    -0.828056    -0.005033    -0.005013      3148623 
   42.600    -0.409727    -0.002461    -0.002464      3128028 
   42.700     0.318146     0.001940     0.001936      3130607 
   42.800    -0.566406    -0.003394    -0.003413      3135199 
   42.900    -0.399685    -0.002399    -0.002399      3129557 
   43.000     0.236330     0.001436     0.001421      3141326 
   43.100     0.217665     0.001324     0.001314      3117374 
   43.200    -0.296612    -0.001812    -0.001792      3100312 
   43.300    -0.020954    -0.000127    -0.000126      3094000 
   43.400     0.241629     0.001463     0.001475      3093978 
   43.500     0.408777     0.002497     0.002511      3097944 
   43.600     0.395440     0.002426     0.002419      3093457 
   43.700    -0.174116    -0.001050    -0.001057      3091323 
   43.800    -0.101672    -0.000612    -0.000617      3083501 
   43.900     0.030951     0.000190     0.000190      3083600 
   44.000     0.016096     0.000098     0.000098      3084166 
   44.100    -0.426232    -0.002590    -0.002623      3074758 
   44.200     0.093882     0.000563     0.000574      3048754 
   44.300    -0.930023    -0.005681    -0.005659      3081920 
   44.400    -0.870141    -0.005244    -0.005275      3086165 
   44.500    -0.323138    -0.001999    -0.001993      3046706 
   44.600     0.028177     0.000172     0.000174      3038680 
   44.700    -0.052244    -0.000321    -0.000324      3026125 
   44.800     0.547460     0.003310     0.003338      3044912 
   44.900     0.242856     0.001459     0.001482      3041054 
   45.000     0.787497     0.004746     0.004808      3029414 
   45.100     0.653345     0.003952     0.003953      3053319 
   45.200     0.094761     0.000575     0.000576      3048130 
   45.300     0.453722     0.002725     0.002762      3025852 
   45.400     0.213971     0.001300     0.001313      3030490 
   45.500     0.077553     0.000470     0.000473      3050175 
   45.600    -0.489672    -0.002946    -0.002980      3016377 
   45.700    -0.239037    -0.001435    -0.001454      3016955 
   45.800    -0.388968    -0.002356    -0.002379      2999407 
   45.900    -0.330037    -0.002026    -0.002017      3033717 
   46.000    -0.120016    -0.000729    -0.000732      3014358 
   46.100    -0.459942    -0.002744    -0.002778      3032010 
   46.200     0.107174     0.000653     0.000653      3015074 
   46.300     0.614001     0.003803     0.003784      3015150 
   46.400     0.333976     0.002047     0.002060      3004207 
   46.500     1.434566     0.008830     0.008814      3001829 
   46.600    -0.069166    -0.000429    -0.000422      2992316 
   46.700     0.050929     0.000311     0.000312      3005388 
   46.800     0.238829     0.001462     0.001461      3003162 
   46.900     0.623305     0.003813     0.003804      2994986 
   47.000    -0.854946    -0.005230    -0.005275      2973216 
   47.100    -1.744179    -0.010484    -0.010682      2994539 
   47.200    -1.122497    -0.006901    -0.006894      2965289 
   47.300    -1.243471    -0.007779    -0.007708      2945231 
   47.400    -1.019323    -0.006286    -0.006287      2968851 
   47.500    -1.246393    -0.007741    -0.007710      2982389 
   47.600    -0.643550    -0.003964    -0.003977      2973166 
   47.700    -0.328778    -0.002012    -0.002031      2969545 
   47.800     0.140782     0.000862     0.000866      2973205 
   47.900    -0.229091    -0.001414    -0.001433      2920406 
   48.000     0.301237     0.001881     0.001888      2940659 
   48.100     0.721305     0.004456     0.004468      2956865 
   48.200     0.264852     0.001641     0.001654      2929184 
   48.300     0.037771     0.000234     0.000233      2944288 
   48.400    -0.069928    -0.000434    -0.000434      2925862 
   48.500     0.605105     0.003714     0.003757      2923251 
   48.600    -0.038068    -0.000236    -0.000236      2929842 
   48.700    -0.360774    -0.002250    -0.002269      2915364 
   48.800     0.005763     0.000036     0.000036      2898595 
   48.900    -0.242433    -0.001508    -0.001516      2916154 
   49.000    -0.218475    -0.001350    -0.001371      2935382 
   49.100    -0.303139    -0.001897    -0.001915      2894057 
   49.200    -0.135851    -0.000839    -0.000843      2910953 
   49.300    -0.361517    -0.002297    -0.002264      2900063 
   49.400    -0.383731    -0.002412    -0.002411      2905983 
   49.500     0.110379     0.000687     0.000690      2915878 
   49.600    -0.348529    -0.002139    -0.002146      2934154 
   49.700     0.040891     0.000254     0.000253      2942724 
   49.800     0.666233     0.004147     0.004175      2904929 
   49.900     1.430768     0.008954     0.008995      2898826 
   50.000     1.066835     0.006655     0.006710      2878245 
   50.100     0.187920     0.001179     0.001180      2855949 
   50.200     0.246251     0.001550     0.001542      2851914 
   50.300    -0.115357    -0.000721    -0.000722      2873801 
   50.400     0.707104     0.004467     0.004498      2823164 
   50.500     0.511777     0.003164     0.003218      2872203 
   50.600     0.459818     0.002882     0.002898      2891804 
   50.700     0.069986     0.000436     0.000440      2883632 
   50.800    -0.401620    -0.002459    -0.002499      2861068 
   50.900    -0.270851    -0.001695    -0.001693      2843687 
   51.000     1.004003     0.006297     0.006269      2840712 
   51.100     1.192418     0.007508     0.007536      2813900 
   51.200    -0.286117    -0.001784    -0.001795      2841632 
   51.300     0.265991     0.001666     0.001669      2846713 
   51.400     0.419287     0.002679     0.002669      2834400 
   51.500     0.666925     0.004232     0.004198      2845002 
   51.600     0.554616     0.003491     0.003492      2838902 
   51.700     0.053222     0.000338     0.000337      2823584 
   51.800    -0.159373    -0.001001    -0.001000      2839006 
   51.900    -0.609384    -0.003789    -0.003828      2826875 
   52.000    -0.075675    -0.000478    -0.000484      2810688 
   52.100     0.513813     0.003182     0.003231      2803569 
   52.200     0.494476     0.003102     0.003140      2798406 
   52.300    -0.241156    -0.001521    -0.001525      2797962 
   52.400     0.250493     0.001592     0.001597      2775742 
   52.500     0.439135     0.002779     0.002789      2791142 
   52.600     0.046872     0.000302     0.000301      2787782 
   52.700    -0.173961    -0.001095    -0.001098      2807265 
   52.800    -0.456828    -0.002836    -0.002878      2793351 
   52.900     0.049278     0.000310     0.000311      2781290 
   53.000     0.864971     0.005503     0.005480      2775355 
   53.100     0.748263     0.004742     0.004746      2797663 
   53.200    -0.036715    -0.000231    -0.000232      2795140 
   53.300     0.414541     0.002636     0.002661      2776002 
   53.400     0.072004     0.000446     0.000454      2778475 
   53.500     0.791550     0.004981     0.005016      2778238 
   53.600     0.700253     0.004401     0.004470      2762976 
   53.700    -0.179739    -0.001150    -0.001152      2765817 
   53.800    -0.245874    -0.001539    -0.001565      2753727 
   53.900    -0.282031    -0.001753    -0.001791      2780763 
   54.000    -0.001568    -0.000010    -0.000010      2739532 
   54.100     0.215158     0.001366     0.001383      2745099 
   54.200    -0.817341    -0.005181    -0.005252      2735788 
   54.300     0.270467     0.001699     0.001723      2712713 
   54.400     0.489834     0.003092     0.003127      2730439 
   54.500     0.463352     0.002980     0.002956      2729069 
   54.600     0.076526     0.000495     0.000492      2724614 
   54.700    -0.528820    -0.003394    -0.003402      2742737 
   54.800    -0.053838    -0.000342    -0.000346      2746355 
   54.900     0.125593     0.000806     0.000813      2722654 
   55.000    -0.161832    -0.001053    -0.001054      2723404 
   55.100    -0.280995    -0.001833    -0.001846      2716512 
   55.200    -0.337152    -0.002205    -0.002200      2714359 
   55.300    -0.436352    -0.002808    -0.002825      2739169 
   55.400    -0.270186    -0.001758    -0.001763      2714303 
   55.500     0.077705     0.000499     0.000503      2717684 
   55.600     0.297728     0.001903     0.001904      2722920 
   55.700     0.517087     0.003306     0.003314      2714510 
   55.800     0.453470     0.002903     0.002930      2690487 
   55.900    -0.187073    -0.001189    -0.001206      2688647 
   56.000     0.429638     0.002766     0.002791      2711327 
   56.100    -0.599894    -0.003901    -0.003900      2687231 
   56.200    -0.343524    -0.002161    -0.002196      2679767 
   56.300     0.219032     0.001378     0.001408      2686695 
   56.400     0.079457     0.000513     0.000513      2689045 
   56.500    -1.713282    -0.011143    -0.011189      2711561 
   56.600     0.501853     0.003188     0.003219      2706099 
   56.700     0.207333     0.001305     0.001324      2694580 
   56.800     0.328837     0.002117     0.002140      2692310 
   56.900    -0.747797    -0.004860    -0.004846      2684079 
   57.000    -0.678705    -0.004376    -0.004432      2661560 
   57.100    -0.014815    -0.000096    -0.000096      2650057 
   57.200    -0.167579    -0.001091    -0.001092      2663570 
   57.300    -0.871284    -0.005617    -0.005613      2667248 
   57.400    -0.837133    -0.005369    -0.005436      2639615 
   57.500    -0.892991    -0.005741    -0.005807      2651192 
   57.600     0.016330     0.000105     0.000107      2638692 
   57.700     0.356189     0.002284     0.002299      2651900 
   57.800     0.059121     0.000378     0.000380      2650456 
   57.900     0.384250     0.002484     0.002503      2619914 
   58.000     0.250889     0.001615     0.001623      2648231 
   58.100     0.320285     0.002063     0.002066      2639321 
   58.200    -0.653596    -0.004285    -0.004297      2633082 
   58.300     0.122055     0.000801     0.000801      2623915 
   58.400     0.503754     0.003336     0.003310      2623237 
   58.500     0.251146     0.001648     0.001645      2625394 
   58.600     0.301976     0.001977     0.001991      2622795 
   58.700     0.449724     0.002993     0.002965      2623644 
   58.800    -0.904785    -0.005999    -0.005963      2632092 
   58.900    -0.973308    -0.006359    -0.006408      2596008 
   59.000    -0.294058    -0.001945    -0.001939      2593844 
   59.100     0.197984     0.001309     0.001317      2576615 
   59.200     0.102084     0.000675     0.000675      2580676 
   59.300     0.327561     0.002144     0.002130      2608652 
   59.400    -0.383326    -0.002534    -0.002531      2602141 
   59.500    -0.247768    -0.001631    -0.001630      2608750 
   59.600    -0.541418    -0.003631    -0.003601      2591458 
   59.700     0.308911     0.002044     0.002054      2572695 
   59.800    -0.456531    -0.003063    -0.003018      2592992 
   59.900    -0.297572    -0.002003    -0.001957      2587926 
   60.000    -0.491540    -0.003231    -0.003211      2581124 
   60.100    -0.227871    -0.001502    -0.001495      2568052 
   60.200    -0.076474    -0.000502    -0.000498      2595686 
   60.300     0.423963     0.002775     0.002776      2555947 
   60.400     0.497169     0.003247     0.003248      2566814 
   60.500    -0.709247    -0.004724    -0.004703      2555734 
   60.600     0.002491     0.000017     0.000017      2562425 
   60.700     0.081402     0.000535     0.000537      2588702 
   60.800     0.201280     0.001315     0.001327      2582481 
   60.900     0.541129     0.003560     0.003573      2555934 
   61.000    -0.103535    -0.000684    -0.000680      2550816 
   61.100    -0.244792    -0.001661    -0.001631      2532997 
   61.200    -0.027703    -0.000184    -0.000184      2521915 
   61.300     0.272365     0.001798     0.001797      2531468 
   61.400     0.708731     0.004740     0.004702      2527843 
   61.500     0.303515     0.002000     0.001994      2555859 
   61.600     0.842111     0.005638     0.005608      2529777 
   61.700     0.359148     0.002394     0.002416      2516461 
   61.800     0.709061     0.004706     0.004775      2511660 
   61.900     0.377755     0.002495     0.002522      2512762 
   62.000     0.889991     0.006026     0.006014      2502367 
   62.100     0.447442     0.003007     0.003010      2500293 
   62.200    -0.308078    -0.002033    -0.002045      2524839 
   62.300     0.611240     0.004077     0.004059      2514619 
   62.400     0.563829     0.003788     0.003826      2496278 
   62.500     0.470983     0.003209     0.003244      2477843 
   62.600     0.809594     0.005410     0.005476      2471404 
   62.700     0.010296     0.000068     0.000070      2499563 
   62.800     0.440849     0.002952     0.002996      2476814 
   62.900     0.173614     0.001158     0.001173      2480676 
   63.000    -0.308327    -0.002074    -0.002092      2469750 
   63.100     0.034000     0.000233     0.000230      2478798 
   63.200    -0.291336    -0.001970    -0.001954      2507414 
   63.300     0.262587     0.001772     0.001765      2496709 
   63.400     0.292657     0.002008     0.001984      2460287 
   63.500     0.182681     0.001250     0.001244      2473463 
   63.600    -0.082400    -0.000556    -0.000557      2487766 
   63.700     0.341918     0.002308     0.002319      2488338 
   63.800     0.392733     0.002635     0.002655      2479032 
   63.900     0.445501     0.003032     0.003053      2468147 
   64.000     0.432263     0.002938     0.002951      2430443 
   64.100    -0.491367    -0.003357    -0.003354      2454188 
   64.200    -0.626263    -0.004323    -0.004265      2460279 
   64.300     0.128699     0.000899     0.000884      2449461 
   64.400    -0.663739    -0.004576    -0.004552      2436824 
   64.500     0.092858     0.000631     0.000637      2431342 
   64.600     0.057516     0.000390     0.000394      2441825 
   64.700    -0.445565    -0.003022    -0.003034      2444858 
   64.800    -0.011082    -0.000074    -0.000075      2427948 
   64.900     0.276167     0.001899     0.001889      2415078 
   65.000    -0.569328    -0.003906    -0.003924      2411025 
   65.100    -0.431673    -0.002911    -0.002943      2431195 
   65.200    -0.399979    -0.002743    -0.002749      2417661 
   65.300     0.146169     0.000998     0.000997      2427199 
   65.400     0.193533     0.001328     0.001323      2416146 
   65.500    -0.088374    -0.000595    -0.000602      2427799 
   65.600    -0.941230    -0.006366    -0.006493      2417873 
   65.700    -1.038913    -0.007155    -0.007134      2408549 
   65.800    -0.474915    -0.003291    -0.003279      2418109 
   65.900    -0.161620    -0.001122    -0.001132      2399673 
   66.000     0.193364     0.001339     0.001345      2399800 
   66.100     0.101377     0.000700     0.000711      2392391 
   66.200    -0.324762    -0.002277    -0.002287      2389689 
   66.300     0.105754     0.000738     0.000736      2384949 
   66.400    -0.607717    -0.004208    -0.004182      2395785 
   66.500    -0.319961    -0.002213    -0.002197      2379243 
   66.600     0.179617     0.001241     0.001254      2380076 
   66.700     0.049337     0.000335     0.000339      2418012 
   66.800     0.735581     0.005043     0.005092      2391373 
   66.900     0.339169     0.002337     0.002340      2393341 
   67.000     0.392294     0.002720     0.002724      2387087 
   67.100    -0.009573    -0.000066    -0.000066      2382766 
   67.200     0.049147     0.000340     0.000339      2375540 
   67.300     0.302508     0.002075     0.002078      2387929 
   67.400     0.015060     0.000102     0.000103      2380140 
   67.500    -0.862363    -0.005929    -0.005920      2385539 
   67.600     0.330869     0.002292     0.002296      2356229 
   67.700     0.415605     0.002846     0.002871      2361463 
   67.800     0.267975     0.001871     0.001877      2357242 
   67.900    -0.207472    -0.001447    -0.001454      2370252 
   68.000     0.597031     0.004155     0.004214      2358031 
   68.100     0.518121     0.003619     0.003627      2354348 
   68.200    -0.557085    -0.003774    -0.003838      2361631 
   68.300    -0.515704    -0.003606    -0.003596      2347303 
   68.400    -0.310293    -0.002192    -0.002173      2338872 
   68.500    -0.022191    -0.000154    -0.000154      2345308 
   68.600     0.627593     0.004340     0.004323      2319269 
   68.700     0.029282     0.000199     0.000202      2338719 
   68.800     0.050855     0.000349     0.000355      2353197 
   68.900     0.291605     0.001981     0.002019      2337432 
   69.000     0.062760     0.000432     0.000437      2326455 
   69.100     0.059326     0.000411     0.000415      2345646 
   69.200    -0.047332    -0.000327    -0.000331      2325014 
   69.300    -0.520468    -0.003602    -0.003628      2312371 
   69.400    -0.369888    -0.002567    -0.002557      2318203 
   69.500     0.308132     0.002152     0.002155      2320140 
   69.600     0.977604     0.006915     0.006898      2310810 
   69.700     0.551761     0.003939     0.003921      2320766 
   69.800     0.241897     0.001708     0.001721      2291008 
   69.900     0.900423     0.006414     0.006474      2289217 
   70.000    -0.240477    -0.001745    -0.001735      2277393 
   70.100     0.566593     0.004068     0.004050      2309107 
   70.200     0.374988     0.002622     0.002644      2301181 
   70.300     1.019167     0.007061     0.007170      2291708 
   70.400    -0.343367    -0.002444    -0.002449      2290700 
   70.500     0.080376     0.000576     0.000575      2283809 
   70.600    -0.152163    -0.001079    -0.001091      2268295 
   70.700    -0.229557    -0.001608    -0.001623      2283408 
   70.800    -0.062441    -0.000434    -0.000441      2281128 
   70.900     0.245347     0.001730     0.001725      2285018 
   71.000    -0.191887    -0.001345    -0.001350      2278711 
   71.100    -0.709503    -0.004987    -0.005008      2279787 
   71.200    -0.155694    -0.001121    -0.001116      2248556 
   71.300    -0.358465    -0.002511    -0.002542      2263379 
   71.400    -0.108414    -0.000744    -0.000758      2281393 
   71.500     0.162036     0.001126     0.001143      2274674 
   71.600    -0.051331    -0.000355    -0.000361      2280704 
   71.700    -0.205780    -0.001455    -0.001450      2275406 
   71.800    -0.017798    -0.000126    -0.000126      2249382 
   71.900     0.310883     0.002197     0.002195      2259157 
   72.000    -0.624746    -0.004395    -0.004369      2287219 
   72.100    -0.346412    -0.002452    -0.002433      2255502 
   72.200     0.199956     0.001415     0.001417      2240526 
   72.300    -0.482817    -0.003458    -0.003460      2253155 
   72.400     0.389823     0.002765     0.002775      2247451 
   72.500     0.358640     0.002512     0.002539      2252687 
   72.600     0.784797     0.005556     0.005558      2256795 
   72.700     0.544733     0.003964     0.003923      2244376 
   72.800     0.599686     0.004246     0.004270      2225823 
   72.900     0.067883     0.000476     0.000482      2259443 
   73.000    -0.060861    -0.000428    -0.000432      2238255 
   73.100    -0.129255    -0.000924    -0.000926      2239945 
   73.200     0.320339     0.002320     0.002323      2210003 
   73.300     0.246357     0.001791     0.001768      2221264 
   73.400     0.354299     0.002521     0.002545      2232503 
   73.500     0.631797     0.004507     0.004528      2206414 
   73.600     0.485820     0.003472     0.003459      2213455 
   73.700     0.746410     0.005383     0.005365      2233600 
   73.800     0.474293     0.003414     0.003429      2227469 
   73.900    -0.788329    -0.005714    -0.005706      2199968 
   74.000    -0.518636    -0.003794    -0.003791      2190883 
   74.100     0.118426     0.000856     0.000850      2200597 
   74.200    -0.727641    -0.005255    -0.005271      2214602 
   74.300    -1.023016    -0.007411    -0.007395      2196958 
   74.400     0.791866     0.005831     0.005774      2183237 
   74.500     0.671486     0.004898     0.004919      2189879 
   74.600     0.120737     0.000884     0.000882      2180168 
   74.700    -0.017434    -0.000128    -0.000127      2161644 
   74.800     0.241814     0.001804     0.001778      2147043 
   74.900    -0.409400    -0.002984    -0.002982      2162093 
   75.000    -0.351392    -0.002585    -0.002587      2143508 
   75.100    -0.444092    -0.003271    -0.003244      2155088 
   75.200    -0.866300    -0.006284    -0.006291      2151179 
   75.300     0.024143     0.000173     0.000173      2165595 
   75.400     0.017049     0.000123     0.000123      2145133 
   75.500    -0.696051    -0.005118    -0.005068      2129214 
   75.600     0.269828     0.001973     0.001961      2150970 
   75.700     0.238413     0.001713     0.001721      2159453 
   75.800    -0.239369    -0.001725    -0.001734      2129239 
   75.900    -0.528024    -0.003797    -0.003834      2124036 
   76.000    -0.698840    -0.005192    -0.005162      2106039 
   76.100    -0.033996    -0.000248    -0.000249      2116595 
   76.200     0.280731     0.002032     0.002039      2131631 
   76.300    -0.429046    -0.003105    -0.003134      2136511 
   76.400    -0.150279    -0.001111    -0.001103      2141411 
   76.500    -0.207456    -0.001556    -0.001541      2112813 
   76.600    -0.885809    -0.006582    -0.006565      2099539 
   76.700     0.253815     0.001874     0.001877      2102430 
   76.800     0.826408     0.006184     0.006154      2093863 
   76.900    -0.630760    -0.004657    -0.004676      2106599 
   77.000    -0.356692    -0.002658    -0.002628      2103656 
   77.100     0.205444     0.001509     0.001506      2100117 
   77.200     0.286005     0.002098     0.002098      2119468 
   77.300     0.356989     0.002659     0.002659      2107685 
   77.400    -0.246692    -0.001821    -0.001820      2105851 
   77.500    -0.353928    -0.002651    -0.002657      2093879 
   77.600     0.470793     0.003566     0.003543      2082941 
   77.700    -0.548185    -0.004196    -0.004092      2088095 
   77.800    -0.315386    -0.002323    -0.002327      2091893 
   77.900    -1.164828    -0.008647    -0.008609      2096505 
   78.000    -0.838899    -0.006113    -0.006110      2094786 
   78.100    -0.651105    -0.004713    -0.004785      2099562 
   78.200    -0.083686    -0.000616    -0.000617      2086465 
   78.300     0.297526     0.002228     0.002201      2062114 
   78.400     0.272721     0.002024     0.002021      2066383 
   78.500     0.018841     0.000137     0.000138      2088911 
   78.600     0.295282     0.002135     0.002186      2076563 
   78.700    -0.211176    -0.001556    -0.001550      2101504 
   78.800     0.078140     0.000582     0.000576      2078264 
   78.900     0.479229     0.003570     0.003570      2076855 
   79.000    -0.005555    -0.000041    -0.000041      2057959 
   79.100     0.186978     0.001375     0.001384      2077610 
   79.200     0.545864     0.004026     0.004018      2052080 
   79.300    -0.007951    -0.000059    -0.000059      2058153 
   79.400     0.500193     0.003717     0.003710      2061669 
   79.500     0.799364     0.005915     0.005939      2038711 
   79.600    -0.381241    -0.002818    -0.002838      2031442 
   79.700    -0.264268    -0.001984    -0.001997      2040054 
   79.800     0.572589     0.004242     0.004261      2041187 
   79.900     0.664392     0.004908     0.004949      2034475 
   80.000     0.174593     0.001317     0.001306      2064677 
   80.100     0.254479     0.001926     0.001917      2042148 
   80.200     0.256412     0.001910     0.001923      2046840 
   80.300    -0.060891    -0.000462    -0.000456      2049007 
   80.400    -0.311508    -0.002341    -0.002334      2044781 
   80.500    -0.400558    -0.003065    -0.003010      2040273 
   80.600     0.072522     0.000553     0.000546      2031323 
   80.700    -1.435267    -0.010938    -0.010713      2010902 
   80.800    -0.018490    -0.000140    -0.000138      2035740 
   80.900    -0.322910    -0.002470    -0.002432      2037266 
   81.000    -0.683707    -0.005213    -0.005099      2023393 
   81.100    -0.444034    -0.003308    -0.003335      2011964 
   81.200    -0.253956    -0.001927    -0.001915      1989371 
   81.300     0.111774     0.000839     0.000832      2001661 
   81.400    -0.522051    -0.003966    -0.003967      1994317 
   81.500    -0.524483    -0.003946    -0.003940      1998283 
   81.600     0.025936     0.000198     0.000196      1980389 
   81.700    -0.044728    -0.000350    -0.000342      1971723 
   81.800    -0.730720    -0.005652    -0.005605      1967839 
   81.900    -0.517950    -0.003955    -0.003969      1978510 
   82.000    -1.490709    -0.011225    -0.011213      1972303 
   82.100    -0.139961    -0.001064    -0.001056      1956996 
   82.200     0.141139     0.001107     0.001090      1948033 
   82.300    -0.431231    -0.003383    -0.003317      1953494 
   82.400    -0.730882    -0.005690    -0.005577      1967352 
   82.500    -0.216634    -0.001695    -0.001652      1964166 
   82.600    -0.063068    -0.000491    -0.000486      1959697 
   82.700     0.024104     0.000185     0.000183      1956310 
   82.800    -0.340420    -0.002609    -0.002584      1941330 
   82.900    -0.051287    -0.000397    -0.000394      1940977 
   83.000    -0.100757    -0.000773    -0.000771      1943893 
   83.100    -0.177789    -0.001353    -0.001349      1940845 
   83.200     0.069548     0.000537     0.000528      1949594 
   83.300    -0.618247    -0.004875    -0.004725      1910854 
   83.400    -0.409006    -0.003207    -0.003144      1936870 
   83.500     0.533629     0.004178     0.004145      1916743 
   83.600     0.302090     0.002382     0.002349      1928646 
   83.700    -0.532885    -0.004133    -0.004099      1940131 
   83.800     0.252533     0.001949     0.001944      1917357 
   83.900     0.158596     0.001215     0.001216      1915976 
   84.000    -0.335137    -0.002570    -0.002563      1916064 
   84.100    -1.246470    -0.009623    -0.009513      1909563 
   84.200    -1.015543    -0.007902    -0.007800      1917254 
   84.300    -0.954786    -0.007451    -0.007322      1913734 
   84.400    -0.361073    -0.002799    -0.002768      1901915 
   84.500     0.483214     0.003779     0.003702      1907382 
   84.600     0.223235     0.001764     0.001708      1899144 
   84.700     0.123442     0.000963     0.000947      1900726 
   84.800     0.713514     0.005499     0.005436      1919394 
   84.900     0.415690     0.003295     0.003221      1908452 
   85.000     0.273034     0.002181     0.002153      1894194 
   85.100     0.564013     0.004448     0.004348      1906754 
   85.200     0.469442     0.003591     0.003571      1915553 
   85.300     0.099865     0.000778     0.000774      1898064 
   85.400     0.014829     0.000117     0.000115      1899190 
   85.500     0.120492     0.000947     0.000943      1897935 
   85.600     0.208640     0.001623     0.001626      1906979 
   85.700    -0.686248    -0.005294    -0.005380      1891354 
   85.800    -0.575256    -0.004459    -0.004480      1889556 
   85.900     0.393155     0.003052     0.003066      1892854 
   86.000     0.105634     0.000827     0.000826      1890274 
   86.100     0.239919     0.001894     0.001884      1892707 
   86.200    -0.200773    -0.001559    -0.001567      1890215 
   86.300    -0.828067    -0.006488    -0.006467      1878526 
   86.400    -0.805396    -0.006265    -0.006239      1892827 
   86.500    -0.516571    -0.004009    -0.004030      1890555 
   86.600     0.425037     0.003406     0.003343      1871524 
   86.700     0.523781     0.004058     0.004018      1881592 
   86.800     0.883984     0.006894     0.006888      1881078 
   86.900     0.912991     0.007100     0.007034      1875035 
   87.000    -0.228961    -0.001794    -0.001803      1851512 
   87.100     0.507908     0.003942     0.003963      1864095 
   87.200     0.623113     0.004803     0.004888      1860668 
   87.300     0.417548     0.003285     0.003319      1855386 
   87.400     0.018504     0.000148     0.000146      1844733 
   87.500     0.701032     0.005652     0.005598      1847384 
   87.600     0.847739     0.006749     0.006722      1857087 
   87.700     0.437005     0.003494     0.003459      1844919 
   87.800    -0.251483    -0.001975    -0.001962      1845636 
   87.900    -0.307774    -0.002438    -0.002410      1842764 
   88.000    -0.243591    -0.001914    -0.001911      1825296 
   88.100    -0.465433    -0.003652    -0.003660      1830711 
   88.200    -0.371680    -0.002925    -0.002910      1823925 
   88.300    -0.200305    -0.001610    -0.001587      1819847 
   88.400    -0.159480    -0.001286    -0.001273      1810244 
   88.500    -0.263004    -0.002125    -0.002121      1813082 
   88.600     0.694227     0.005570     0.005530      1825845 
   88.700     0.480299     0.003872     0.003850      1809930 
   88.800     0.541102     0.004352     0.004303      1817216 
   88.900     0.256188     0.002067     0.002053      1815463 
   89.000     0.122832     0.000976     0.000973      1809918 
   89.100    -0.317619    -0.002556    -0.002553      1786007 
   89.200    -0.217890    -0.001726    -0.001748      1802889 
   89.300    -0.180787    -0.001448    -0.001465      1791473 
   89.400    -0.433602    -0.003447    -0.003482      1808044 
   89.500    -0.027933    -0.000224    -0.000225      1793727 
   89.600     0.260398     0.002098     0.002094      1795970 
   89.700    -0.502070    -0.004041    -0.004027      1797689 
   89.800    -0.016508    -0.000134    -0.000133      1791336 
   89.900    -0.244366    -0.001979    -0.001938      1798251 
   90.000    -0.189875    -0.001562    -0.001532      1789083 
   90.100     0.011198     0.000091     0.000090      1782604 
   90.200     0.878211     0.006947     0.007002      1768428 
   90.300    -0.080947    -0.000655    -0.000648      1765498 
   90.400     0.177660     0.001422     0.001412      1759481 
   90.500     0.776212     0.006304     0.006184      1760562 
   90.600     0.564376     0.004595     0.004556      1755146 
   90.700     0.210312     0.001711     0.001687      1762499 
   90.800     0.330278     0.002737     0.002702      1758598 
   90.900    -0.162732    -0.001309    -0.001319      1766856 
   91.000     0.487557     0.003941     0.003918      1757396 
   91.100    -0.075902    -0.000620    -0.000616      1760939 
   91.200     0.063877     0.000516     0.000520      1748028 
   91.300    -0.336918    -0.002753    -0.002735      1737953 
   91.400     0.119957     0.000987     0.000979      1721849 
   91.500     1.068650     0.008597     0.008599      1744128 
   91.600     0.710127     0.005828     0.005855      1726943 
   91.700     1.011233     0.008376     0.008347      1722002 
   91.800     0.255507     0.002053     0.002074      1747781 
   91.900     0.070242     0.000572     0.000570      1741187 
   92.000    -0.270398    -0.002247    -0.002206      1725249 
   92.100    -0.044014    -0.000351    -0.000353      1742686 
   92.200     0.737055     0.006022     0.006067      1720546 
   92.300    -0.347178    -0.002859    -0.002849      1708714 
   92.400     0.085348     0.000690     0.000702      1709564 
   92.500     0.307920     0.002518     0.002530      1708624 
   92.600    -0.108454    -0.000908    -0.000896      1695942 
   92.700     0.228630     0.001915     0.001897      1691318 
   92.800    -0.252196    -0.002105    -0.002074      1691222 
   92.900     0.272917     0.002248     0.002238      1719197 
   93.000     0.023662     0.000196     0.000197      1702127 
   93.100     0.723994     0.005885     0.005901      1682686 
   93.200     0.234227     0.001939     0.001924      1706804 
   93.300     0.793450     0.006490     0.006556      1696145 
   93.400     0.328412     0.002738     0.002733      1689652 
   93.500     0.366492     0.003048     0.003028      1695721 
   93.600     0.242794     0.002067     0.002005      1687909 
   93.700     0.121691     0.001046     0.001010      1674672 
   93.800     0.671184     0.005702     0.005626      1652375 
   93.900     0.190386     0.001589     0.001593      1675117 
   94.000    -0.120474    -0.001015    -0.001009      1660151 
   94.100     0.398420     0.003363     0.003335      1659819 
   94.200     0.452593     0.003811     0.003810      1658980 
   94.300    -0.134921    -0.001123    -0.001139      1670994 
   94.400    -0.546728    -0.004527    -0.004565      1650422 
   94.500    -0.180299    -0.001468    -0.001475      1655748 
   94.600    -0.372278    -0.003120    -0.003107      1657498 
   94.700    -0.012927    -0.000109    -0.000108      1644567 
   94.800     0.040467     0.000341     0.000338      1643409 
   94.900    -0.976693    -0.008187    -0.008080      1637606 
   95.000    -1.079520    -0.008979    -0.008906      1657141 
   95.100    -0.517639    -0.004182    -0.004229      1648635 
   95.200     0.054500     0.000440     0.000442      1657576 
   95.300     0.521885     0.004477     0.004415      1630555 
   95.400    -0.552860    -0.004612    -0.004601      1652943 
   95.500    -0.062669    -0.000521    -0.000524      1641277 
   95.600    -0.414388    -0.003459    -0.003433      1636359 
   95.700    -0.578790    -0.004816    -0.004819      1646255 
   95.800    -0.040689    -0.000347    -0.000344      1624692 
   95.900     0.315127     0.002604     0.002624      1642922 
   96.000     0.358149     0.003019     0.003009      1640682 
   96.100     0.190853     0.001598     0.001581      1655676 
   96.200     0.179303     0.001504     0.001495      1637335 
   96.300    -0.079678    -0.000669    -0.000665      1644290 
   96.400    -0.031410    -0.000267    -0.000264      1615857 
   96.500    -1.007617    -0.008387    -0.008355      1646202 
   96.600     0.202367     0.001741     0.001696      1630545 
   96.700    -0.781135    -0.006548    -0.006542      1612579 
   96.800    -0.608994    -0.005086    -0.005104      1604424 
   96.900    -0.490653    -0.004139    -0.004084      1613761 
   97.000    -0.435929    -0.003742    -0.003678      1604983 
   97.100    -0.207534    -0.001769    -0.001733      1613263 
   97.200    -0.622716    -0.005221    -0.005151      1609104 
   97.300    -0.463353    -0.003891    -0.003854      1610524 
   97.400     0.237232     0.002027     0.001986      1605030 
   97.500     0.585326     0.004861     0.004875      1595115 
   97.600     0.351533     0.003062     0.003019      1588614 
   97.700    -0.363829    -0.003122    -0.003089      1592794 
   97.800     0.100819     0.000854     0.000850      1598039 
   97.900     0.767421     0.006530     0.006470      1586629 
   98.000     0.487954     0.004160     0.004094      1589639 
   98.100    -0.116530    -0.000946    -0.000949      1590690 
   98.200    -0.134615    -0.001164    -0.001127      1585592 
   98.300     0.131365     0.001117     0.001105      1598881 
   98.400     1.162344     0.009920     0.009824      1604135 
   98.500     0.989159     0.008375     0.008364      1591591 
   98.600     0.246122     0.002103     0.002111      1553930 
   98.700    -0.697587    -0.005860    -0.005887      1569112 
   98.800    -0.453206    -0.003934    -0.003822      1567347 
   98.900     0.109328     0.000964     0.000945      1548258 
   99.000     0.562711     0.005028     0.004925      1550462 
   99.100     0.015063     0.000129     0.000129      1557674 
   99.200    -0.550659    -0.004782    -0.004762      1552033 
   99.300    -0.436502    -0.003741    -0.003740      1541072 
   99.400     0.401122     0.003418     0.003418      1549605 
   99.500     0.005792     0.000050     0.000050      1558044 
   99.600    -0.953738    -0.008282    -0.008312      1544724 
   99.700    -0.004151    -0.000036    -0.000036      1541698 
   99.800     0.618891     0.005304     0.005268      1549404 
   99.900    -0.421418    -0.003653    -0.003630      1532736 
  100.000    -0.168202    -0.001502    -0.001484      1520887 
