fitting 1 exponentials + affine
seed: 6061098518 
   14.642706 
    0.399 
   12.648338 
    0.829 
   12.149913 
    0.938 
   12.094299 
    0.927 
   12.090498 
    0.925 
   12.086366 
    0.920 
   12.086362 
    0.921 
   12.086352 
    0.921 
   12.086347 
    0.920 
   12.086347 
    0.920 
   12.086347 
    0.920 
   12.086347 
    0.920 
   12.086347 
    0.920 
   12.086347 
    0.920 
    0.920 
nagopt ncall: 1  oldvalue:     12.086347001 newvalue:    12.086347001
   12.086347 
    0.920399017 
error sd:     0.003477
halflife:     8.356 
mean (generations):    82.948 
    0.036447914     0.000358609 
##end of run
