 ##Z-score and correlation:: ../../ancpop.list  binsize:     0.001000
    0.100    32.441842     0.169938     0.170869      5845721 
    0.200     9.917117     0.055076     0.054864      4349047 
    0.300     7.010348     0.037457     0.037624      4337738 
    0.400     5.802325     0.030528     0.030626      4282699 
    0.500     4.492060     0.023841     0.023768      4243582 
    0.600     4.040315     0.021414     0.021194      4225130 
    0.700     3.802885     0.020033     0.019968      4215047 
    0.800     3.315110     0.017524     0.017454      4191965 
    0.900     4.461815     0.023447     0.023299      4189362 
    1.000     3.393119     0.017854     0.017750      4189681 
    1.100     2.959296     0.015563     0.015526      4160954 
    1.200     2.313238     0.012122     0.012130      4179018 
    1.300     2.232331     0.011770     0.011802      4149021 
    1.400     2.003288     0.010466     0.010531      4111830 
    1.500     1.402013     0.007419     0.007394      4113453 
    1.600     2.294966     0.012150     0.012082      4117849 
    1.700     1.843466     0.009711     0.009691      4119602 
    1.800     0.956472     0.004966     0.004967      4109070 
    1.900     1.398247     0.007249     0.007329      4100449 
    2.000     1.506411     0.007973     0.008004      4082814 
    2.100     1.229188     0.006487     0.006496      4086704 
    2.200     1.098844     0.005759     0.005811      4090661 
    2.300     0.790272     0.004172     0.004211      4085597 
    2.400     1.825081     0.009495     0.009563      4073991 
    2.500     1.311979     0.006871     0.006893      4057447 
    2.600     1.653390     0.008808     0.008693      4049518 
    2.700     0.685491     0.003645     0.003630      4022477 
    2.800     1.318980     0.007018     0.006941      4037531 
    2.900     0.743866     0.003966     0.003958      4042025 
    3.000     0.467966     0.002488     0.002492      4036086 
    3.100     0.599945     0.003185     0.003181      4036852 
    3.200     0.234291     0.001260     0.001255      4039899 
    3.300     0.744064     0.003985     0.003970      4027770 
    3.400     0.399602     0.002119     0.002113      4029939 
    3.500    -0.097350    -0.000512    -0.000512      4031106 
    3.600     0.381044     0.002053     0.002017      4022493 
    3.700     0.068504     0.000369     0.000365      4013089 
    3.800     0.750417     0.004013     0.003975      4009236 
    3.900     0.132065     0.000713     0.000705      3986507 
    4.000     0.157099     0.000835     0.000839      3985003 
    4.100     0.620051     0.003360     0.003339      3985777 
    4.200    -1.027649    -0.005479    -0.005469      3980388 
    4.300    -0.247362    -0.001313    -0.001315      3984376 
    4.400    -0.266228    -0.001434    -0.001411      3961354 
    4.500    -0.032295    -0.000173    -0.000171      3979899 
    4.600    -0.271246    -0.001450    -0.001451      3969251 
    4.700    -0.457986    -0.002431    -0.002428      3973878 
    4.800     0.211115     0.001133     0.001120      3980875 
    4.900     0.879828     0.004760     0.004688      3966655 
    5.000     0.053414     0.000286     0.000285      3976229 
    5.100     0.627853     0.003397     0.003368      3956205 
    5.200     0.772320     0.004150     0.004101      3977293 
    5.300     0.375312     0.002013     0.001992      3943555 
    5.400     0.261141     0.001399     0.001380      3975384 
    5.500    -0.288678    -0.001572    -0.001547      3950498 
    5.600    -0.276612    -0.001486    -0.001467      3949675 
    5.700     0.302636     0.001644     0.001624      3922765 
    5.800     0.792698     0.004265     0.004272      3909530 
    5.900     0.675112     0.003617     0.003593      3929087 
    6.000    -0.562853    -0.003033    -0.003014      3944350 
    6.100    -0.265261    -0.001431    -0.001429      3941015 
    6.200     0.089623     0.000483     0.000480      3947263 
    6.300     0.502561     0.002721     0.002684      3952632 
    6.400     0.482346     0.002591     0.002569      3948992 
    6.500    -0.255121    -0.001375    -0.001364      3941074 
    6.600     0.113754     0.000609     0.000605      3939480 
    6.700    -0.737213    -0.003981    -0.003949      3922397 
    6.800     0.409085     0.002220     0.002195      3916533 
    6.900     0.104469     0.000565     0.000562      3914731 
    7.000    -0.297526    -0.001599    -0.001594      3949130 
    7.100    -0.298385    -0.001605    -0.001600      3915023 
    7.200     0.399004     0.002140     0.002130      3962061 
    7.300    -0.085177    -0.000460    -0.000459      3932157 
    7.400     0.623847     0.003338     0.003337      3936374 
    7.500     0.431775     0.002297     0.002309      3939029 
    7.600     0.811659     0.004363     0.004330      3914073 
    7.700     1.062735     0.005777     0.005715      3931378 
    7.800    -0.474346    -0.002580    -0.002543      3922416 
    7.900    -0.043976    -0.000240    -0.000239      3897985 
    8.000     0.412381     0.002249     0.002220      3928080 
    8.100    -0.626178    -0.003425    -0.003371      3907562 
    8.200     0.118290     0.000641     0.000637      3924345 
    8.300     0.010766     0.000058     0.000058      3930981 
    8.400     0.406469     0.002215     0.002190      3946595 
    8.500    -0.473094    -0.002559    -0.002556      3937056 
    8.600    -0.861989    -0.004715    -0.004655      3903191 
    8.700     0.071072     0.000387     0.000382      3908980 
    8.800     0.297543     0.001612     0.001601      3911990 
    8.900     0.041672     0.000222     0.000222      3936557 
    9.000     0.442858     0.002389     0.002375      3915492 
    9.100    -0.409047    -0.002234    -0.002212      3900237 
    9.200     0.140310     0.000762     0.000757      3883142 
    9.300    -0.263556    -0.001402    -0.001419      3898718 
    9.400    -0.444947    -0.002387    -0.002383      3895985 
    9.500     0.127159     0.000684     0.000681      3878646 
    9.600     0.218793     0.001176     0.001172      3892444 
    9.700     0.738043     0.004013     0.003989      3874753 
    9.800     0.783828     0.004277     0.004276      3864594 
    9.900    -0.022650    -0.000122    -0.000122      3886103 
   10.000    -0.187785    -0.001027    -0.001009      3876817 
   10.100    -0.284152    -0.001532    -0.001525      3882786 
   10.200    -0.702271    -0.003820    -0.003772      3886957 
   10.300    -0.169197    -0.000917    -0.000915      3880871 
   10.400     0.736258     0.003991     0.003974      3865468 
   10.500     0.540959     0.002923     0.002920      3852100 
   10.600     0.424377     0.002313     0.002302      3866673 
   10.700    -0.035838    -0.000194    -0.000195      3854747 
   10.800    -0.561152    -0.003057    -0.003061      3860965 
   10.900    -0.719193    -0.003907    -0.003911      3858252 
   11.000    -0.094400    -0.000525    -0.000521      3847733 
   11.100    -0.765475    -0.004265    -0.004178      3841627 
   11.200    -0.370425    -0.002039    -0.002015      3836654 
   11.300     0.009785     0.000054     0.000053      3864090 
   11.400    -0.182726    -0.000997    -0.000990      3870214 
   11.500    -0.881045    -0.004775    -0.004735      3868269 
   11.600    -0.399490    -0.002175    -0.002165      3862688 
   11.700     0.223530     0.001244     0.001215      3823752 
   11.800    -0.214904    -0.001189    -0.001178      3798839 
   11.900     0.030443     0.000165     0.000165      3835870 
   12.000    -0.371564    -0.002008    -0.002019      3828812 
   12.100    -0.155451    -0.000838    -0.000842      3822093 
   12.200    -0.221707    -0.001203    -0.001209      3844128 
   12.300     0.219349     0.001195     0.001202      3825121 
   12.400     0.172998     0.000939     0.000940      3825019 
   12.500    -0.086642    -0.000468    -0.000469      3857925 
   12.600    -0.610842    -0.003296    -0.003308      3859857 
   12.700    -0.165574    -0.000899    -0.000900      3824640 
   12.800    -0.213280    -0.001151    -0.001153      3817200 
   12.900    -0.262596    -0.001434    -0.001427      3826151 
   13.000    -0.521208    -0.002823    -0.002828      3802404 
   13.100    -0.250271    -0.001346    -0.001353      3789036 
   13.200    -0.136542    -0.000747    -0.000743      3789723 
   13.300    -0.069629    -0.000375    -0.000379      3811332 
   13.400    -0.566204    -0.003103    -0.003095      3786374 
   13.500    -1.538614    -0.008324    -0.008360      3782000 
   13.600    -0.589443    -0.003218    -0.003236      3806899 
   13.700     0.105147     0.000573     0.000569      3796515 
   13.800     0.090292     0.000482     0.000486      3808278 
   13.900     0.326060     0.001799     0.001781      3764391 
   14.000     0.811774     0.004469     0.004458      3811283 
   14.100     0.971283     0.005339     0.005322      3792048 
   14.200     0.374204     0.002062     0.002051      3781459 
   14.300     0.743178     0.004061     0.004074      3777982 
   14.400     0.219610     0.001222     0.001219      3775848 
   14.500     1.000350     0.005490     0.005476      3778782 
   14.600     1.049403     0.005706     0.005712      3775214 
   14.700    -0.261906    -0.001415    -0.001426      3756706 
   14.800     0.007843     0.000043     0.000043      3760784 
   14.900     0.161117     0.000888     0.000888      3776631 
   15.000    -0.611396    -0.003362    -0.003380      3747762 
   15.100    -0.291598    -0.001608    -0.001624      3776333 
   15.200    -0.061207    -0.000339    -0.000339      3769458 
   15.300    -0.152085    -0.000843    -0.000840      3769657 
   15.400    -0.169759    -0.000927    -0.000929      3778044 
   15.500    -0.308892    -0.001670    -0.001682      3785486 
   15.600    -1.056458    -0.005735    -0.005730      3774903 
   15.700    -0.377325    -0.002031    -0.002045      3726742 
   15.800    -0.035627    -0.000196    -0.000196      3748209 
   15.900    -0.518175    -0.002849    -0.002867      3751226 
   16.000    -0.661254    -0.003657    -0.003672      3743482 
   16.100    -0.684513    -0.003799    -0.003786      3768607 
   16.200    -0.143336    -0.000790    -0.000788      3753554 
   16.300     0.442443     0.002442     0.002448      3738926 
   16.400    -0.153962    -0.000839    -0.000846      3759897 
   16.500    -0.208791    -0.001138    -0.001147      3751265 
   16.600    -0.591111    -0.003281    -0.003264      3752180 
   16.700    -1.047198    -0.005724    -0.005790      3718097 
   16.800    -0.101544    -0.000548    -0.000556      3741195 
   16.900     0.074698     0.000402     0.000405      3729999 
   17.000    -0.959083    -0.005212    -0.005278      3736669 
   17.100    -1.060279    -0.005763    -0.005811      3768674 
   17.200    -0.101885    -0.000558    -0.000562      3749249 
   17.300     0.244031     0.001335     0.001349      3734550 
   17.400     0.490166     0.002665     0.002673      3746216 
   17.500     0.319032     0.001728     0.001740      3729099 
   17.600    -0.139680    -0.000769    -0.000769      3716393 
   17.700     0.002488     0.000014     0.000014      3739768 
   17.800    -1.146117    -0.006238    -0.006282      3738507 
   17.900     0.280990     0.001545     0.001551      3731721 
   18.000    -0.084477    -0.000462    -0.000463      3728584 
   18.100    -0.258813    -0.001390    -0.001404      3723973 
   18.200     0.247470     0.001331     0.001337      3729891 
   18.300    -0.036174    -0.000199    -0.000198      3736523 
   18.400     0.155078     0.000844     0.000846      3732541 
   18.500    -0.123570    -0.000676    -0.000680      3735366 
   18.600    -0.783680    -0.004301    -0.004320      3705691 
   18.700     0.213691     0.001190     0.001196      3701675 
   18.800     0.213237     0.001149     0.001158      3733961 
   18.900     0.527432     0.002857     0.002880      3726164 
   19.000     0.275065     0.001492     0.001510      3708210 
   19.100     0.033177     0.000183     0.000184      3686836 
   19.200     0.453133     0.002494     0.002518      3687050 
   19.300     0.628877     0.003512     0.003508      3690355 
   19.400     0.692441     0.003823     0.003832      3723163 
   19.500    -0.117619    -0.000650    -0.000652      3722981 
   19.600    -0.199913    -0.001090    -0.001100      3676654 
   19.700     0.395003     0.002179     0.002177      3700569 
   19.800    -0.078787    -0.000437    -0.000437      3716795 
   19.900    -0.081463    -0.000453    -0.000454      3693935 
   20.000    -0.063716    -0.000358    -0.000357      3676486 
   20.100     0.469351     0.002620     0.002616      3673204 
   20.200     0.619277     0.003450     0.003458      3666741 
   20.300     0.137433     0.000758     0.000759      3715512 
   20.400    -0.358182    -0.001979    -0.001980      3701193 
   20.500     1.107979     0.006112     0.006136      3714590 
   20.600     0.280164     0.001554     0.001557      3703341 
   20.700    -0.893443    -0.004962    -0.004979      3693414 
   20.800     0.047714     0.000266     0.000266      3666982 
   20.900    -0.109481    -0.000606    -0.000607      3700381 
   21.000     0.494462     0.002719     0.002736      3697630 
   21.100     0.691443     0.003787     0.003841      3661344 
   21.200     0.354241     0.001905     0.001947      3677858 
   21.300     0.630583     0.003462     0.003519      3652061 
   21.400    -0.039230    -0.000223    -0.000221      3667787 
   21.500    -0.192666    -0.001079    -0.001076      3677357 
   21.600     0.583807     0.003265     0.003268      3670490 
   21.700     1.209380     0.006737     0.006716      3675182 
   21.800     1.294628     0.007117     0.007186      3686538 
   21.900     1.141658     0.006350     0.006364      3677143 
   22.000     0.397049     0.002225     0.002229      3639512 
   22.100     0.254003     0.001437     0.001433      3626018 
   22.200     0.247715     0.001385     0.001382      3627488 
   22.300     0.344324     0.001934     0.001931      3648805 
   22.400     0.233694     0.001312     0.001315      3650163 
   22.500     0.587569     0.003274     0.003254      3667033 
   22.600     0.520529     0.002928     0.002922      3655003 
   22.700     0.178754     0.000997     0.000995      3655138 
   22.800    -0.042019    -0.000235    -0.000235      3640559 
   22.900    -0.568451    -0.003182    -0.003201      3607779 
   23.000    -0.154154    -0.000862    -0.000865      3637443 
   23.100    -0.418255    -0.002338    -0.002347      3634831 
   23.200     0.432287     0.002437     0.002441      3644974 
   23.300     0.724423     0.004077     0.004069      3637883 
   23.400     0.301736     0.001677     0.001676      3643812 
   23.500     1.036651     0.005786     0.005798      3640221 
   23.600     0.140563     0.000787     0.000784      3635798 
   23.700    -0.181646    -0.001028    -0.001024      3620662 
   23.800    -0.331323    -0.001871    -0.001875      3638826 
   23.900     0.330000     0.001846     0.001857      3629575 
   24.000     0.122896     0.000691     0.000686      3604874 
   24.100     0.156343     0.000871     0.000868      3635255 
   24.200     0.081443     0.000456     0.000454      3617646 
   24.300     0.736667     0.004172     0.004142      3614805 
   24.400     0.417444     0.002366     0.002340      3640488 
   24.500     0.916583     0.005082     0.005109      3624823 
   24.600     0.694246     0.003918     0.003920      3629156 
   24.700     0.616352     0.003490     0.003486      3637999 
   24.800     0.185314     0.001037     0.001046      3609221 
   24.900     0.058345     0.000327     0.000328      3605145 
   25.000     0.291141     0.001628     0.001641      3607994 
   25.100     0.786568     0.004425     0.004410      3614706 
   25.200     0.386149     0.002172     0.002183      3604847 
   25.300     0.688474     0.003872     0.003863      3632450 
   25.400     0.661474     0.003706     0.003701      3636279 
   25.500     0.569992     0.003239     0.003226      3611175 
   25.600     0.391657     0.002200     0.002221      3600561 
   25.700    -0.134494    -0.000761    -0.000760      3579832 
   25.800    -0.528619    -0.002931    -0.002955      3582812 
   25.900    -1.191780    -0.006682    -0.006740      3580169 
   26.000    -0.002966    -0.000016    -0.000017      3582431 
   26.100     0.575609     0.003239     0.003255      3565199 
   26.200     0.319291     0.001779     0.001780      3578337 
   26.300     0.301816     0.001690     0.001709      3560727 
   26.400    -0.478441    -0.002680    -0.002696      3574110 
   26.500     0.062454     0.000351     0.000351      3568664 
   26.600     0.009767     0.000055     0.000056      3540031 
   26.700    -0.431173    -0.002446    -0.002451      3556435 
   26.800     0.258625     0.001452     0.001454      3538760 
   26.900     1.354108     0.007668     0.007692      3555314 
   27.000     0.844056     0.004758     0.004786      3538393 
   27.100     1.006339     0.005839     0.005800      3511698 
   27.200     0.425202     0.002416     0.002414      3537702 
   27.300     0.641436     0.003674     0.003666      3501022 
   27.400     0.611811     0.003516     0.003512      3531616 
   27.500     0.395691     0.002241     0.002260      3521347 
   27.600     0.772026     0.004337     0.004432      3515735 
   27.700     0.414699     0.002372     0.002371      3523400 
   27.800     0.425901     0.002382     0.002399      3532331 
   27.900     0.462252     0.002613     0.002620      3543779 
   28.000    -0.586682    -0.003332    -0.003340      3530765 
   28.100    -0.420917    -0.002390    -0.002402      3517557 
   28.200    -0.074036    -0.000418    -0.000421      3520481 
   28.300     0.032748     0.000186     0.000187      3516753 
   28.400     0.506949     0.002835     0.002878      3510459 
   28.500     0.932752     0.005312     0.005315      3493082 
   28.600    -0.592037    -0.003372    -0.003377      3495671 
   28.700     0.194730     0.001118     0.001117      3497066 
   28.800    -0.094172    -0.000533    -0.000536      3532218 
   28.900     0.234863     0.001330     0.001332      3524686 
   29.000     0.481703     0.002752     0.002747      3516517 
   29.100     0.895244     0.005096     0.005127      3509249 
   29.200     0.620394     0.003527     0.003533      3496247 
   29.300     0.459251     0.002601     0.002610      3492510 
   29.400     0.231410     0.001291     0.001298      3511051 
   29.500     0.294124     0.001688     0.001680      3481627 
   29.600     0.534138     0.003006     0.003021      3490791 
   29.700     0.017330     0.000098     0.000098      3464800 
   29.800     0.795682     0.004554     0.004558      3443724 
   29.900     0.283540     0.001605     0.001610      3456512 
   30.000     0.117560     0.000675     0.000678      3469990 
   30.100     0.922669     0.005235     0.005313      3457147 
   30.200     0.754008     0.004256     0.004309      3483510 
   30.300     0.165489     0.000925     0.000935      3509394 
   30.400     0.048438     0.000276     0.000277      3472974 
   30.500     0.471239     0.002685     0.002709      3472758 
   30.600    -0.038991    -0.000223    -0.000222      3479903 
   30.700     0.169774     0.000946     0.000968      3478200 
   30.800     0.066085     0.000374     0.000379      3469037 
   30.900    -0.100596    -0.000569    -0.000579      3444734 
   31.000    -0.090855    -0.000517    -0.000520      3459979 
   31.100    -0.667420    -0.003757    -0.003813      3453319 
   31.200    -0.570041    -0.003223    -0.003288      3469404 
   31.300     0.069763     0.000393     0.000399      3451322 
   31.400     0.631716     0.003551     0.003616      3448755 
   31.500     0.615412     0.003523     0.003526      3422020 
   31.600     0.529439     0.003010     0.003047      3428586 
   31.700     0.114033     0.000653     0.000653      3432554 
   31.800     0.295488     0.001691     0.001706      3411795 
   31.900     0.983657     0.005672     0.005725      3420047 
   32.000     0.575176     0.003305     0.003316      3441273 
   32.100    -0.126417    -0.000719    -0.000721      3463574 
   32.200     0.607717     0.003503     0.003507      3421262 
   32.300     0.341132     0.001976     0.001977      3439008 
   32.400     0.129033     0.000744     0.000746      3439719 
   32.500    -0.354372    -0.002014    -0.002026      3449099 
   32.600    -0.048361    -0.000277    -0.000280      3420028 
   32.700     0.143350     0.000806     0.000818      3414291 
   32.800     0.000525     0.000003     0.000003      3434131 
   32.900     0.552676     0.003121     0.003148      3420352 
   33.000     0.448645     0.002555     0.002563      3414019 
   33.100    -0.574446    -0.003244    -0.003275      3395417 
   33.200    -0.195486    -0.001102    -0.001118      3395694 
   33.300    -0.147709    -0.000851    -0.000852      3374399 
   33.400     0.307185     0.001767     0.001784      3370944 
   33.500     0.489776     0.002816     0.002809      3382549 
   33.600     0.195709     0.001124     0.001125      3401005 
   33.700     0.080247     0.000463     0.000460      3399309 
   33.800     0.558387     0.003223     0.003219      3390825 
   33.900     0.171737     0.000993     0.000995      3391308 
   34.000     0.041966     0.000245     0.000244      3384049 
   34.100    -0.157025    -0.000920    -0.000916      3363548 
   34.200     0.427196     0.002517     0.002484      3369154 
   34.300     0.114248     0.000660     0.000655      3374639 
   34.400     0.040115     0.000231     0.000230      3378310 
   34.500     0.486755     0.002855     0.002829      3354560 
   34.600     0.351926     0.002089     0.002052      3344234 
   34.700     0.189540     0.001113     0.001103      3356851 
   34.800     0.903388     0.005316     0.005233      3369564 
   34.900     0.222343     0.001289     0.001284      3351658 
   35.000    -0.302842    -0.001777    -0.001763      3336664 
   35.100    -0.256121    -0.001491    -0.001486      3341786 
   35.200     0.244680     0.001424     0.001432      3324927 
   35.300     0.405769     0.002386     0.002388      3327994 
   35.400     1.159034     0.006834     0.006836      3327519 
   35.500     0.404658     0.002338     0.002342      3336711 
   35.600     0.603796     0.003516     0.003494      3329153 
   35.700    -0.318271    -0.001876    -0.001862      3307236 
   35.800    -0.235700    -0.001381    -0.001383      3297679 
   35.900     1.118346     0.006483     0.006476      3317689 
   36.000     0.733506     0.004297     0.004313      3341551 
   36.100     0.454022     0.002675     0.002686      3300456 
   36.200     0.279453     0.001649     0.001638      3304839 
   36.300     0.814281     0.004758     0.004754      3309246 
   36.400     0.426120     0.002461     0.002485      3308438 
   36.500     1.489394     0.008689     0.008733      3296475 
   36.600     0.284490     0.001670     0.001671      3271818 
   36.700     0.751440     0.004417     0.004439      3270714 
   36.800     0.405307     0.002371     0.002376      3300504 
   36.900    -0.170946    -0.001013    -0.001008      3293299 
   37.000     0.717144     0.004289     0.004242      3297251 
   37.100    -0.417783    -0.002474    -0.002462      3284746 
   37.200    -0.191892    -0.001145    -0.001137      3269770 
   37.300     0.275935     0.001610     0.001610      3277516 
   37.400     0.610298     0.003553     0.003551      3289261 
   37.500     0.334364     0.001938     0.001945      3261090 
   37.600     0.309388     0.001808     0.001823      3248700 
   37.700    -1.016723    -0.005824    -0.005946      3290031 
   37.800    -0.938704    -0.005414    -0.005469      3283321 
   37.900    -0.587778    -0.003389    -0.003449      3311517 
   38.000    -0.184702    -0.001082    -0.001093      3273290 
   38.100     0.143122     0.000844     0.000847      3276291 
   38.200    -0.090861    -0.000533    -0.000537      3296348 
   38.300     0.543700     0.003133     0.003176      3271043 
   38.400     1.211492     0.007011     0.007118      3260534 
   38.500     0.209952     0.001212     0.001231      3269400 
   38.600     0.461128     0.002703     0.002730      3268972 
   38.700     1.489778     0.008696     0.008755      3272151 
   38.800     1.221073     0.007129     0.007226      3269305 
   38.900     1.150209     0.006759     0.006781      3282735 
   39.000     0.020024     0.000117     0.000118      3280245 
   39.100    -0.716966    -0.004246    -0.004251      3240761 
   39.200     0.119895     0.000703     0.000703      3261572 
   39.300     0.376762     0.002194     0.002208      3258173 
   39.400    -0.112318    -0.000662    -0.000664      3259726 
   39.500    -0.537666    -0.003174    -0.003173      3251081 
   39.600    -0.829405    -0.004899    -0.004906      3250286 
   39.700    -0.245339    -0.001442    -0.001454      3248416 
   39.800     0.605855     0.003528     0.003561      3231775 
   39.900     0.965734     0.005674     0.005708      3217280 
   40.000     1.638182     0.009695     0.009704      3197417 
   40.100     0.154888     0.000913     0.000924      3203471 
   40.200     0.210654     0.001239     0.001255      3213047 
   40.300     0.011614     0.000068     0.000069      3229311 
   40.400    -0.603227    -0.003618    -0.003601      3233883 
   40.500     0.258758     0.001531     0.001543      3220578 
   40.600     0.621360     0.003752     0.003727      3204112 
   40.700     1.355908     0.008224     0.008168      3193792 
   40.800     0.606576     0.003605     0.003604      3219363 
   40.900     0.203794     0.001220     0.001216      3177636 
   41.000     0.308825     0.001839     0.001843      3165747 
   41.100     0.372802     0.002269     0.002251      3164874 
   41.200     0.006630     0.000040     0.000039      3195973 
   41.300     0.042667     0.000254     0.000254      3191546 
   41.400     0.115973     0.000691     0.000694      3190855 
   41.500     0.414723     0.002457     0.002469      3186863 
   41.600    -0.796451    -0.004747    -0.004760      3164210 
   41.700    -0.627476    -0.003769    -0.003797      3168175 
   41.800    -0.112341    -0.000666    -0.000671      3174551 
   41.900     0.090783     0.000539     0.000546      3156800 
   42.000    -0.267991    -0.001631    -0.001635      3140127 
   42.100    -0.538256    -0.003227    -0.003236      3155242 
   42.200    -1.018338    -0.006128    -0.006148      3116296 
   42.300    -0.708163    -0.004271    -0.004280      3118662 
   42.400    -0.479376    -0.002928    -0.002898      3131543 
   42.500    -0.783092    -0.004746    -0.004702      3148623 
   42.600    -0.311056    -0.001842    -0.001858      3128028 
   42.700     0.035286     0.000209     0.000211      3130607 
   42.800    -0.305835    -0.001825    -0.001839      3135199 
   42.900    -0.727097    -0.004373    -0.004369      3129557 
   43.000     0.001214     0.000007     0.000007      3141326 
   43.100     0.273410     0.001661     0.001650      3117374 
   43.200    -0.817951    -0.004873    -0.004905      3100312 
   43.300     0.130025     0.000785     0.000782      3094000 
   43.400     0.474560     0.002884     0.002865      3093978 
   43.500    -0.267137    -0.001625    -0.001619      3097944 
   43.600    -0.143200    -0.000875    -0.000868      3093457 
   43.700     0.143899     0.000880     0.000877      3091323 
   43.800     0.595550     0.003649     0.003650      3083501 
   43.900    -0.066101    -0.000402    -0.000403      3083600 
   44.000     0.136300     0.000825     0.000831      3084166 
   44.100     0.594360     0.003568     0.003606      3074758 
   44.200     0.350446     0.002119     0.002137      3048754 
   44.300    -0.378129    -0.002296    -0.002301      3081920 
   44.400    -0.180027    -0.001102    -0.001097      3086165 
   44.500    -0.363852    -0.002234    -0.002241      3046706 
   44.600    -0.348956    -0.002140    -0.002151      3038680 
   44.700    -0.112832    -0.000695    -0.000696      3026125 
   44.800    -0.479480    -0.002941    -0.002938      3044912 
   44.900    -0.720566    -0.004343    -0.004358      3041054 
   45.000    -0.486823    -0.002952    -0.002965      3029414 
   45.100    -0.813743    -0.004896    -0.004934      3053319 
   45.200    -0.454769    -0.002730    -0.002750      3048130 
   45.300    -0.418002    -0.002535    -0.002552      3025852 
   45.400    -0.097485    -0.000598    -0.000600      3030490 
   45.500    -0.079095    -0.000482    -0.000486      3050175 
   45.600    -0.432509    -0.002660    -0.002667      3016377 
   45.700    -0.972752    -0.005926    -0.005947      3016955 
   45.800    -0.576703    -0.003542    -0.003553      2999407 
   45.900    -0.385833    -0.002308    -0.002349      3033717 
   46.000    -0.910087    -0.005456    -0.005542      3014358 
   46.100     0.146941     0.000887     0.000897      3032010 
   46.200     0.041816     0.000255     0.000257      3015074 
   46.300    -0.146525    -0.000904    -0.000909      3015150 
   46.400    -0.271347    -0.001690    -0.001685      3004207 
   46.500    -1.010648    -0.006233    -0.006271      3001829 
   46.600    -0.353163    -0.002191    -0.002188      2992316 
   46.700     0.051962     0.000323     0.000322      3005388 
   46.800    -0.925516    -0.005699    -0.005702      3003162 
   46.900    -0.034983    -0.000216    -0.000216      2994986 
   47.000     0.206624     0.001269     0.001273      2973216 
   47.100     0.476972     0.002928     0.002960      2994539 
   47.200    -0.107969    -0.000661    -0.000669      2965289 
   47.300    -0.690119    -0.004266    -0.004290      2945231 
   47.400    -0.532520    -0.003351    -0.003330      2968851 
   47.500    -0.513944    -0.003204    -0.003204      2982389 
   47.600     0.212648     0.001327     0.001323      2973166 
   47.700     0.095332     0.000582     0.000585      2969545 
   47.800     0.833758     0.005114     0.005090      2973205 
   47.900     0.277766     0.001742     0.001746      2920406 
   48.000     0.221045     0.001374     0.001371      2940659 
   48.100     0.325593     0.002030     0.002033      2956865 
   48.200    -0.801644    -0.004945    -0.005005      2929184 
   48.300    -0.544338    -0.003402    -0.003392      2944288 
   48.400    -0.676912    -0.004192    -0.004193      2925862 
   48.500    -0.046891    -0.000291    -0.000294      2923251 
   48.600     0.234884     0.001472     0.001466      2929842 
   48.700     0.894766     0.005683     0.005643      2915364 
   48.800     0.095790     0.000607     0.000606      2898595 
   48.900     0.508760     0.003146     0.003166      2916154 
   49.000     0.818457     0.005052     0.005126      2935382 
   49.100     0.529545     0.003284     0.003310      2894057 
   49.200    -1.581923    -0.009676    -0.009743      2910953 
   49.300     0.117271     0.000729     0.000730      2900063 
   49.400    -0.278202    -0.001737    -0.001744      2905983 
   49.500     0.048316     0.000308     0.000306      2915878 
   49.600     0.120873     0.000768     0.000764      2934154 
   49.700     0.175148     0.001090     0.001096      2942724 
   49.800     0.601362     0.003755     0.003774      2904929 
   49.900     0.387423     0.002406     0.002418      2898826 
   50.000     0.176018     0.001106     0.001105      2878245 
   50.100    -0.040365    -0.000257    -0.000256      2855949 
   50.200     0.206807     0.001300     0.001302      2851914 
   50.300    -0.023608    -0.000149    -0.000148      2873801 
   50.400     0.327202     0.002078     0.002075      2823164 
   50.500     0.038781     0.000247     0.000246      2872203 
   50.600     0.509520     0.003281     0.003269      2891804 
   50.700    -0.107605    -0.000688    -0.000683      2883632 
   50.800     0.002529     0.000016     0.000016      2861068 
   50.900    -0.472150    -0.003002    -0.002996      2843687 
   51.000    -0.462515    -0.002923    -0.002891      2840712 
   51.100    -0.149094    -0.000954    -0.000953      2813900 
   51.200     0.287971     0.001824     0.001829      2841632 
   51.300    -0.162516    -0.001034    -0.001027      2846713 
   51.400     0.137130     0.000881     0.000870      2834400 
   51.500     0.449635     0.002866     0.002863      2845002 
   51.600     0.397479     0.002508     0.002518      2838902 
   51.700    -0.615485    -0.003911    -0.003899      2823584 
   51.800    -0.203697    -0.001302    -0.001302      2839006 
   51.900    -0.358848    -0.002290    -0.002274      2826875 
   52.000    -0.046041    -0.000292    -0.000293      2810688 
   52.100     0.089872     0.000569     0.000571      2803569 
   52.200     0.506300     0.003200     0.003222      2798406 
   52.300     0.293951     0.001857     0.001871      2797962 
   52.400     1.087192     0.007000     0.007040      2775742 
   52.500     0.795120     0.005071     0.005112      2791142 
   52.600     0.468383     0.003021     0.003047      2787782 
   52.700    -0.190724    -0.001204    -0.001210      2807265 
   52.800     0.338960     0.002143     0.002157      2793351 
   52.900    -0.765769    -0.004880    -0.004919      2781290 
   53.000     0.086689     0.000541     0.000548      2775355 
   53.100     0.163240     0.001047     0.001047      2797663 
   53.200     0.264714     0.001667     0.001677      2795140 
   53.300    -0.392254    -0.002484    -0.002486      2776002 
   53.400     0.164239     0.001028     0.001037      2778475 
   53.500    -0.133692    -0.000847    -0.000844      2778238 
   53.600    -0.340299    -0.002176    -0.002173      2762976 
   53.700    -0.357658    -0.002262    -0.002276      2765817 
   53.800    -0.042755    -0.000268    -0.000273      2753727 
   53.900     0.183385     0.001150     0.001166      2780763 
   54.000    -0.196865    -0.001247    -0.001262      2739532 
   54.100    -0.768118    -0.004856    -0.004885      2745099 
   54.200    -0.899331    -0.005698    -0.005735      2735788 
   54.300    -0.411974    -0.002633    -0.002623      2712713 
   54.400    -0.016501    -0.000106    -0.000106      2730439 
   54.500     0.768301     0.004911     0.004950      2729069 
   54.600     0.766183     0.004937     0.004960      2724614 
   54.700     0.020245     0.000129     0.000129      2742737 
   54.800     0.142398     0.000902     0.000918      2746355 
   54.900     0.926749     0.005801     0.005948      2722654 
   55.000     0.548650     0.003472     0.003535      2723404 
   55.100    -0.139870    -0.000879    -0.000901      2716512 
   55.200     0.411203     0.002633     0.002667      2714359 
   55.300     0.205102     0.001311     0.001319      2739169 
   55.400     0.479626     0.003118     0.003095      2714303 
   55.500     0.272940     0.001767     0.001778      2717684 
   55.600     0.501420     0.003216     0.003233      2722920 
   55.700     0.311762     0.002013     0.002018      2714510 
   55.800     1.138781     0.007407     0.007405      2690487 
   55.900     0.340524     0.002190     0.002214      2688647 
   56.000     0.248285     0.001594     0.001604      2711327 
   56.100     0.340126     0.002184     0.002197      2687231 
   56.200    -0.396070    -0.002570    -0.002563      2679767 
   56.300    -0.092265    -0.000599    -0.000598      2686695 
   56.400     0.425120     0.002778     0.002764      2689045 
   56.500     0.759202     0.004938     0.004951      2711561 
   56.600     0.934448     0.006037     0.006070      2706099 
   56.700    -0.276387    -0.001774    -0.001775      2694580 
   56.800    -0.069967    -0.000452    -0.000453      2692310 
   56.900    -0.321967    -0.002136    -0.002112      2684079 
   57.000    -0.536997    -0.003523    -0.003535      2661560 
   57.100     0.222228     0.001455     0.001453      2650057 
   57.200    -0.125079    -0.000810    -0.000814      2663570 
   57.300     0.483808     0.003086     0.003130      2667248 
   57.400     0.341314     0.002227     0.002242      2639615 
   57.500     1.193868     0.007775     0.007832      2651192 
   57.600     0.598521     0.003909     0.003932      2638692 
   57.700    -0.526975    -0.003475    -0.003455      2651900 
   57.800    -0.642932    -0.004216    -0.004229      2650456 
   57.900    -0.383657    -0.002492    -0.002517      2619914 
   58.000    -0.916718    -0.005949    -0.006016      2648231 
   58.100    -1.360755    -0.008805    -0.008845      2639321 
   58.200     0.405623     0.002688     0.002678      2633082 
   58.300     0.138635     0.000906     0.000910      2623915 
   58.400    -0.324919    -0.002108    -0.002117      2623237 
   58.500    -0.396327    -0.002577    -0.002566      2625394 
   58.600    -0.562586    -0.003718    -0.003724      2622795 
   58.700    -0.377594    -0.002479    -0.002484      2623644 
   58.800    -0.030695    -0.000200    -0.000200      2632092 
   58.900    -1.060739    -0.006950    -0.007002      2596008 
   59.000    -0.763327    -0.005074    -0.005079      2593844 
   59.100    -0.497573    -0.003306    -0.003319      2576615 
   59.200    -0.261791    -0.001746    -0.001734      2580676 
   59.300    -0.596026    -0.003909    -0.003910      2608652 
   59.400    -0.384406    -0.002555    -0.002548      2602141 
   59.500    -1.096604    -0.007340    -0.007279      2608750 
   59.600    -0.851995    -0.005592    -0.005633      2591458 
   59.700     0.058375     0.000393     0.000393      2572695 
   59.800     0.030458     0.000203     0.000203      2592992 
   59.900    -0.254493    -0.001715    -0.001703      2587926 
   60.000     0.431705     0.002919     0.002879      2581124 
   60.100     0.372763     0.002507     0.002500      2568052 
   60.200     0.550691     0.003694     0.003691      2595686 
   60.300     0.173666     0.001167     0.001169      2555947 
   60.400    -0.183939    -0.001222    -0.001226      2566814 
   60.500    -0.510678    -0.003376    -0.003418      2555734 
   60.600    -0.659116    -0.004384    -0.004429      2562425 
   60.700    -0.160283    -0.001052    -0.001064      2588702 
   60.800     0.531331     0.003434     0.003503      2582481 
   60.900    -0.305743    -0.002032    -0.002049      2555934 
   61.000     0.117431     0.000763     0.000776      2550816 
   61.100    -0.161124    -0.001079    -0.001084      2532997 
   61.200     0.044574     0.000298     0.000300      2521915 
   61.300    -0.360516    -0.002377    -0.002405      2531468 
   61.400    -0.190989    -0.001256    -0.001261      2527843 
   61.500     0.207520     0.001351     0.001381      2555859 
   61.600     0.159390     0.001046     0.001065      2529777 
   61.700     0.238707     0.001604     0.001624      2516461 
   61.800    -0.226503    -0.001512    -0.001527      2511660 
   61.900     0.457392     0.003079     0.003098      2512762 
   62.000     0.284490     0.001939     0.001932      2502367 
   62.100     0.935395     0.006262     0.006300      2500293 
   62.200     0.127879     0.000848     0.000855      2524839 
   62.300    -0.353271    -0.002374    -0.002354      2514619 
   62.400     0.030072     0.000204     0.000203      2496278 
   62.500     0.282011     0.001931     0.001934      2477843 
   62.600     0.124753     0.000863     0.000861      2471404 
   62.700     0.702024     0.004748     0.004762      2499563 
   62.800     0.339835     0.002302     0.002316      2476814 
   62.900     0.309616     0.002093     0.002118      2480676 
   63.000     0.250184     0.001686     0.001695      2469750 
   63.100     0.154582     0.001048     0.001050      2478798 
   63.200     0.528263     0.003544     0.003574      2507414 
   63.300     0.249926     0.001662     0.001677      2496709 
   63.400     0.534053     0.003625     0.003638      2460287 
   63.500    -0.188315    -0.001278    -0.001287      2473463 
   63.600     0.178465     0.001196     0.001205      2487766 
   63.700    -0.165886    -0.001103    -0.001125      2488338 
   63.800    -0.539848    -0.003595    -0.003668      2479032 
   63.900    -0.782308    -0.005199    -0.005311      2468147 
   64.000    -0.828409    -0.005568    -0.005642      2430443 
   64.100    -0.296121    -0.002023    -0.002020      2454188 
   64.200     0.536931     0.003643     0.003626      2460279 
   64.300    -0.398924    -0.002663    -0.002697      2449461 
   64.400    -0.448844    -0.002990    -0.003036      2436824 
   64.500    -0.617107    -0.004209    -0.004238      2431342 
   64.600    -1.646062    -0.011054    -0.011177      2441825 
   64.700    -1.208874    -0.008148    -0.008249      2444858 
   64.800    -0.366967    -0.002504    -0.002509      2427948 
   64.900    -0.179262    -0.001235    -0.001230      2415078 
   65.000     0.343159     0.002340     0.002359      2411025 
   65.100    -0.141885    -0.000966    -0.000972      2431195 
   65.200    -0.594112    -0.003997    -0.004043      2417661 
   65.300    -0.595201    -0.004005    -0.004055      2427199 
   65.400    -0.785728    -0.005386    -0.005403      2416146 
   65.500    -0.819608    -0.005455    -0.005623      2427799 
   65.600    -0.493446    -0.003328    -0.003380      2417873 
   65.700    -0.607285    -0.004206    -0.004199      2408549 
   65.800     0.175765     0.001212     0.001214      2418109 
   65.900    -0.287816    -0.001952    -0.001993      2399673 
   66.000    -0.045564    -0.000311    -0.000316      2399800 
   66.100     0.398550     0.002723     0.002753      2392391 
   66.200     0.161473     0.001130     0.001129      2389689 
   66.300     0.370360     0.002533     0.002546      2384949 
   66.400     0.192460     0.001322     0.001341      2395785 
   66.500    -0.331929    -0.002292    -0.002271      2379243 
   66.600     0.420212     0.002885     0.002913      2380076 
   66.700    -0.223975    -0.001525    -0.001539      2418012 
   66.800    -0.415701    -0.002837    -0.002879      2391373 
   66.900    -0.321272    -0.002188    -0.002212      2393341 
   67.000    -1.010586    -0.006836    -0.006965      2387087 
   67.100    -0.140115    -0.000953    -0.000966      2382766 
   67.200     0.172547     0.001171     0.001177      2375540 
   67.300     0.364751     0.002443     0.002470      2387929 
   67.400     0.484722     0.003315     0.003342      2380140 
   67.500     0.462199     0.003141     0.003175      2385539 
   67.600     0.477298     0.003270     0.003291      2356229 
   67.700     1.006965     0.006905     0.006954      2361463 
   67.800     0.934667     0.006432     0.006494      2357242 
   67.900    -0.155174    -0.001058    -0.001075      2370252 
   68.000     0.492552     0.003397     0.003464      2358031 
   68.100     0.299146     0.002083     0.002097      2354348 
   68.200    -1.000311    -0.006851    -0.006906      2361631 
   68.300     0.332401     0.002286     0.002304      2347303 
   68.400     1.222861     0.008522     0.008520      2338872 
   68.500     0.532274     0.003696     0.003686      2345308 
   68.600     0.471895     0.003282     0.003275      2319269 
   68.700     0.223510     0.001540     0.001532      2338719 
   68.800     0.431355     0.002966     0.002975      2353197 
   68.900     0.398174     0.002719     0.002758      2337432 
   69.000     0.712295     0.005003     0.005015      2326455 
   69.100    -0.159217    -0.001101    -0.001108      2345646 
   69.200     0.145162     0.000994     0.001010      2325014 
   69.300     0.346618     0.002389     0.002421      2312371 
   69.400     1.562195     0.010758     0.010769      2318203 
   69.500     0.098186     0.000681     0.000686      2320140 
   69.600     0.064655     0.000444     0.000448      2310810 
   69.700     0.862234     0.006035     0.006088      2320766 
   69.800     0.409475     0.002849     0.002876      2291008 
   69.900    -0.144941    -0.001030    -0.001032      2289217 
   70.000    -0.228179    -0.001584    -0.001620      2277393 
   70.100    -0.661472    -0.004639    -0.004694      2309107 
   70.200    -0.802405    -0.005541    -0.005661      2301181 
   70.300     0.282288     0.001966     0.002004      2291708 
   70.400    -1.044995    -0.007301    -0.007411      2290700 
   70.500    -0.252435    -0.001747    -0.001786      2283809 
   70.600    -0.646521    -0.004511    -0.004576      2268295 
   70.700    -0.079386    -0.000549    -0.000563      2283408 
   70.800    -0.357875    -0.002532    -0.002544      2281128 
   70.900    -0.107678    -0.000737    -0.000750      2285018 
   71.000    -0.353583    -0.002480    -0.002497      2278711 
   71.100     0.013262     0.000090     0.000092      2279787 
   71.200     0.050387     0.000360     0.000359      2248556 
   71.300     0.516360     0.003699     0.003682      2263379 
   71.400     0.022072     0.000153     0.000156      2281393 
   71.500     0.689857     0.004700     0.004845      2274674 
   71.600     0.008681     0.000060     0.000061      2280704 
   71.700     0.374593     0.002645     0.002635      2275406 
   71.800    -0.044493    -0.000316    -0.000319      2249382 
   71.900    -0.275402    -0.001929    -0.001949      2259157 
   72.000     0.340504     0.002347     0.002384      2287219 
   72.100     0.649712     0.004493     0.004553      2255502 
   72.200     0.657372     0.004569     0.004648      2240526 
   72.300     0.605085     0.004251     0.004236      2253155 
   72.400     0.428986     0.003003     0.003002      2247451 
   72.500     0.844506     0.006022     0.005932      2252687 
   72.600     1.003008     0.007157     0.007068      2256795 
   72.700    -0.178837    -0.001276    -0.001269      2244376 
   72.800     0.200207     0.001438     0.001436      2225823 
   72.900     0.202702     0.001400     0.001423      2259443 
   73.000    -0.364726    -0.002598    -0.002602      2238255 
   73.100     0.170652     0.001230     0.001222      2239945 
   73.200     0.649665     0.004702     0.004656      2210003 
   73.300     0.407198     0.002907     0.002896      2221264 
   73.400    -0.201301    -0.001430    -0.001437      2232503 
   73.500    -0.507361    -0.003601    -0.003609      2206414 
   73.600    -0.028611    -0.000203    -0.000202      2213455 
   73.700    -0.399036    -0.002820    -0.002830      2233600 
   73.800    -0.676975    -0.004804    -0.004829      2227469 
   73.900    -0.617682    -0.004448    -0.004475      2199968 
   74.000    -0.009064    -0.000065    -0.000066      2190883 
   74.100     0.365292     0.002595     0.002622      2200597 
   74.200     0.754662     0.005441     0.005430      2214602 
   74.300     0.061068     0.000438     0.000439      2196958 
   74.400    -0.555630    -0.003983    -0.004012      2183237 
   74.500     0.205341     0.001486     0.001487      2189879 
   74.600     0.074445     0.000536     0.000536      2180168 
   74.700     0.439458     0.003202     0.003159      2161644 
   74.800     0.239122     0.001757     0.001740      2147043 
   74.900     0.701567     0.005074     0.005073      2162093 
   75.000     0.616183     0.004493     0.004464      2143508 
   75.100    -0.059483    -0.000437    -0.000433      2155088 
   75.200     0.041127     0.000302     0.000300      2151179 
   75.300    -0.114022    -0.000834    -0.000826      2165595 
   75.400     0.680905     0.004925     0.004911      2145133 
   75.500    -0.261817    -0.001900    -0.001884      2129214 
   75.600    -0.525506    -0.003785    -0.003766      2150970 
   75.700    -1.491754    -0.010587    -0.010615      2159453 
   75.800    -0.364423    -0.002674    -0.002644      2129239 
   75.900    -0.805103    -0.005909    -0.005860      2124036 
   76.000    -0.812103    -0.005888    -0.005899      2106039 
   76.100    -0.786451    -0.005711    -0.005685      2116595 
   76.200    -0.551506    -0.004078    -0.004025      2131631 
   76.300     0.241031     0.001742     0.001742      2136511 
   76.400    -0.707205    -0.005141    -0.005088      2141411 
   76.500    -0.917311    -0.006670    -0.006652      2112813 
   76.600    -0.626404    -0.004589    -0.004577      2099539 
   76.700    -0.698924    -0.005087    -0.005093      2102430 
   76.800     0.525574     0.003813     0.003846      2093863 
   76.900    -0.583938    -0.004260    -0.004280      2106599 
   77.000    -0.565302    -0.004134    -0.004150      2103656 
   77.100    -0.196664    -0.001426    -0.001424      2100117 
   77.200     0.099672     0.000711     0.000715      2119468 
   77.300     0.298327     0.002192     0.002197      2107685 
   77.400     0.544296     0.003982     0.003995      2105851 
   77.500     0.456468     0.003414     0.003387      2093879 
   77.600     0.820042     0.006132     0.006111      2082941 
   77.700    -0.568229    -0.004265    -0.004208      2088095 
   77.800     0.001708     0.000013     0.000013      2091893 
   77.900    -0.424888    -0.003182    -0.003162      2096505 
   78.000    -0.621535    -0.004596    -0.004610      2094786 
   78.100    -0.600548    -0.004395    -0.004409      2099562 
   78.200    -0.707946    -0.005255    -0.005219      2086465 
   78.300    -1.609008    -0.012070    -0.012020      2062114 
   78.400    -0.613500    -0.004533    -0.004574      2066383 
   78.500     0.540063     0.004002     0.004011      2088911 
   78.600    -0.012588    -0.000092    -0.000093      2076563 
   78.700    -0.266605    -0.001948    -0.001951      2101504 
   78.800    -0.461915    -0.003433    -0.003396      2078264 
   78.900    -0.016325    -0.000119    -0.000119      2076855 
   79.000    -0.119106    -0.000869    -0.000881      2057959 
   79.100    -0.503323    -0.003678    -0.003673      2077610 
   79.200    -0.924849    -0.006910    -0.006823      2052080 
   79.300     0.054926     0.000408     0.000408      2058153 
   79.400     0.830104     0.006124     0.006151      2061669 
   79.500    -0.063048    -0.000463    -0.000465      2038711 
   79.600    -0.019395    -0.000144    -0.000143      2031442 
   79.700     0.504158     0.003779     0.003795      2040054 
   79.800     0.346932     0.002512     0.002566      2041187 
   79.900     1.335177     0.009765     0.009894      2034475 
   80.000     0.185111     0.001380     0.001379      2064677 
   80.100    -0.341038    -0.002554    -0.002550      2042148 
   80.200    -0.423048    -0.003144    -0.003146      2046840 
   80.300    -0.577297    -0.004283    -0.004239      2049007 
   80.400     0.395382     0.002957     0.002921      2044781 
   80.500     0.631770     0.004687     0.004689      2040273 
   80.600     0.243107     0.001826     0.001808      2031323 
   80.700     0.354755     0.002677     0.002626      2010902 
   80.800     0.292848     0.002183     0.002163      2035740 
   80.900    -0.712767    -0.005406    -0.005332      2037266 
   81.000    -0.728249    -0.005531    -0.005468      2023393 
   81.100    -0.423069    -0.003149    -0.003198      2011964 
   81.200    -0.014586    -0.000110    -0.000111      1989371 
   81.300     0.728104     0.005433     0.005439      2001661 
   81.400    -0.712427    -0.005327    -0.005351      1994317 
   81.500    -0.449547    -0.003412    -0.003391      1998283 
   81.600    -0.140716    -0.001070    -0.001068      1980389 
   81.700     0.239701     0.001827     0.001811      1971723 
   81.800     0.298502     0.002244     0.002258      1967839 
   81.900    -0.252450    -0.001887    -0.001922      1978510 
   82.000    -0.665385    -0.005007    -0.005052      1972303 
   82.100     0.253320     0.001928     0.001920      1956996 
   82.200     0.329263     0.002584     0.002525      1948033 
   82.300     0.688264     0.005322     0.005248      1953494 
   82.400     0.346104     0.002655     0.002640      1967352 
   82.500     0.593532     0.004593     0.004559      1964166 
   82.600     1.403281     0.010726     0.010719      1959697 
   82.700    -0.089011    -0.000681    -0.000671      1956310 
   82.800    -0.006245    -0.000048    -0.000048      1941330 
   82.900     0.611885     0.004638     0.004647      1940977 
   83.000     0.789666     0.006081     0.006025      1943893 
   83.100    -0.748810    -0.005705    -0.005683      1940845 
   83.200     0.316722     0.002411     0.002390      1949594 
   83.300     0.363402     0.002760     0.002759      1910854 
   83.400     0.293435     0.002226     0.002227      1936870 
   83.500    -0.462454    -0.003471    -0.003467      1916743 
   83.600     0.460480     0.003499     0.003477      1928646 
   83.700    -0.191103    -0.001452    -0.001453      1940131 
   83.800     0.079360     0.000607     0.000607      1917357 
   83.900    -0.106020    -0.000803    -0.000805      1915976 
   84.000    -1.080853    -0.008029    -0.008107      1916064 
   84.100     0.239396     0.001780     0.001813      1909563 
   84.200     0.139617     0.001063     0.001060      1917254 
   84.300     0.037617     0.000290     0.000288      1913734 
   84.400     0.446216     0.003416     0.003443      1901915 
   84.500     0.516562     0.003985     0.003984      1907382 
   84.600    -0.285071    -0.002214    -0.002191      1899144 
   84.700    -0.639793    -0.004960    -0.004980      1900726 
   84.800    -0.009698    -0.000074    -0.000075      1919394 
   84.900     0.222797     0.001728     0.001720      1908452 
   85.000     0.664506     0.005181     0.005113      1894194 
   85.100     0.151538     0.001161     0.001158      1906754 
   85.200     0.013143     0.000099     0.000099      1915553 
   85.300     0.460098     0.003531     0.003532      1898064 
   85.400     0.278465     0.002135     0.002135      1899190 
   85.500    -0.308720    -0.002390    -0.002387      1897935 
   85.600    -0.855523    -0.006578    -0.006597      1906979 
   85.700    -0.663698    -0.005062    -0.005123      1891354 
   85.800    -0.647343    -0.005036    -0.005021      1889556 
   85.900    -1.028663    -0.007881    -0.007908      1892854 
   86.000    -0.956513    -0.007332    -0.007328      1890274 
   86.100    -0.407041    -0.003146    -0.003125      1892707 
   86.200    -0.095695    -0.000729    -0.000730      1890215 
   86.300     0.111084     0.000868     0.000864      1878526 
   86.400    -0.732968    -0.005567    -0.005600      1892827 
   86.500    -0.189646    -0.001478    -0.001482      1890555 
   86.600    -0.501787    -0.003958    -0.003898      1871524 
   86.700    -0.141907    -0.001117    -0.001102      1881592 
   86.800    -0.982819    -0.007677    -0.007581      1881078 
   86.900    -0.315222    -0.002484    -0.002445      1875035 
   87.000     0.074175     0.000569     0.000577      1851512 
   87.100    -0.506626    -0.003884    -0.003892      1864095 
   87.200    -0.312371    -0.002376    -0.002408      1860668 
   87.300     0.129778     0.000991     0.001010      1855386 
   87.400    -0.602809    -0.004737    -0.004717      1844733 
   87.500    -0.066000    -0.000524    -0.000522      1847384 
   87.600    -0.432863    -0.003433    -0.003443      1857087 
   87.700     0.515364     0.004076     0.004068      1844919 
   87.800     0.444127     0.003471     0.003480      1845636 
   87.900     0.013823     0.000106     0.000107      1842764 
   88.000     0.527261     0.004059     0.004136      1825296 
   88.100     0.119625     0.000935     0.000940      1830711 
   88.200    -0.280183    -0.002216    -0.002225      1823925 
   88.300    -0.490226    -0.003933    -0.003921      1819847 
   88.400    -0.292857    -0.002298    -0.002302      1810244 
   88.500     0.225108     0.001791     0.001786      1813082 
   88.600    -0.402659    -0.003144    -0.003184      1825845 
   88.700    -0.644461    -0.005033    -0.005087      1809930 
   88.800     0.359060     0.002817     0.002836      1817216 
   88.900     0.313915     0.002481     0.002482      1815463 
   89.000     0.670177     0.005338     0.005331      1809918 
   89.100    -0.328785    -0.002615    -0.002610      1786007 
   89.200     1.064111     0.008125     0.008271      1802889 
   89.300     0.411302     0.003178     0.003239      1791473 
   89.400     0.749815     0.005834     0.005957      1808044 
   89.500    -0.207576    -0.001635    -0.001649      1793727 
   89.600    -0.388634    -0.003044    -0.003100      1795970 
   89.700    -0.844872    -0.006500    -0.006581      1797689 
   89.800    -0.720098    -0.005638    -0.005674      1791336 
   89.900    -0.766942    -0.006019    -0.006081      1798251 
   90.000     0.057438     0.000455     0.000457      1789083 
   90.100     1.326474     0.010210     0.010417      1782604 
   90.200    -0.404783    -0.003128    -0.003192      1768428 
   90.300     0.296871     0.002359     0.002365      1765498 
   90.400     0.920105     0.007375     0.007333      1759481 
   90.500     0.750001     0.005995     0.005966      1760562 
   90.600    -0.242843    -0.001963    -0.001937      1755146 
   90.700     0.940987     0.007315     0.007408      1762499 
   90.800     0.442108     0.003543     0.003571      1758598 
   90.900    -0.038294    -0.000303    -0.000307      1766856 
   91.000     0.218324     0.001724     0.001734      1757396 
   91.100     1.201632     0.009550     0.009619      1760939 
   91.200     1.004280     0.008044     0.008142      1748028 
   91.300     1.054505     0.008530     0.008498      1737953 
   91.400     0.771125     0.006343     0.006307      1721849 
   91.500     0.966246     0.007639     0.007741      1744128 
   91.600     0.384791     0.003219     0.003162      1726943 
   91.700     0.737903     0.006119     0.006051      1722002 
   91.800     0.347766     0.002816     0.002822      1747781 
   91.900    -0.190329    -0.001539    -0.001527      1741187 
   92.000     0.443866     0.003625     0.003593      1725249 
   92.100     0.231467     0.001873     0.001883      1742686 
   92.200     0.758572     0.006110     0.006200      1720546 
   92.300    -0.527002    -0.004296    -0.004304      1708714 
   92.400    -0.326587    -0.002678    -0.002675      1709564 
   92.500     0.171460     0.001399     0.001413      1708624 
   92.600     0.297677     0.002417     0.002435      1695942 
   92.700     1.397762     0.011205     0.011256      1691318 
   92.800     0.686385     0.005606     0.005577      1691222 
   92.900     0.697654     0.005564     0.005624      1719197 
   93.000     0.649265     0.005286     0.005311      1702127 
   93.100     0.721612     0.005872     0.005892      1682686 
   93.200     1.200121     0.009617     0.009702      1706804 
   93.300     0.866285     0.007050     0.007107      1696145 
   93.400     0.065074     0.000537     0.000537      1689652 
   93.500     0.432825     0.003546     0.003563      1695721 
   93.600    -0.150586    -0.001279    -0.001265      1687909 
   93.700     0.585565     0.004856     0.004833      1674672 
   93.800     0.539052     0.004381     0.004463      1652375 
   93.900     0.289001     0.002358     0.002367      1675117 
   94.000     0.155086     0.001268     0.001269      1660151 
   94.100     0.015521     0.000125     0.000127      1659819 
   94.200    -0.009856    -0.000081    -0.000081      1658980 
   94.300     0.023466     0.000190     0.000193      1670994 
   94.400    -0.312145    -0.002567    -0.002588      1650422 
   94.500    -0.075392    -0.000617    -0.000618      1655748 
   94.600     0.907643     0.007329     0.007499      1657498 
   94.700     0.210318     0.001699     0.001718      1644567 
   94.800     0.277033     0.002304     0.002300      1643409 
   94.900     0.267502     0.002216     0.002238      1637606 
   95.000     0.268388     0.002192     0.002226      1657141 
   95.100    -0.114932    -0.000939    -0.000946      1648635 
   95.200     0.924358     0.007611     0.007603      1657576 
   95.300     0.616539     0.005081     0.005131      1630555 
   95.400     0.081123     0.000667     0.000672      1652943 
   95.500     0.439483     0.003627     0.003636      1641277 
   95.600     0.014258     0.000118     0.000117      1636359 
   95.700    -0.558977    -0.004620    -0.004639      1646255 
   95.800     0.061269     0.000506     0.000506      1624692 
   95.900     0.563379     0.004613     0.004587      1642922 
   96.000     0.302107     0.002514     0.002493      1640682 
   96.100    -0.323635    -0.002630    -0.002608      1655676 
   96.200     1.014346     0.008384     0.008374      1637335 
   96.300     0.512802     0.004227     0.004227      1644290 
   96.400     0.004063     0.000034     0.000033      1615857 
   96.500     0.157615     0.001268     0.001290      1646202 
   96.600     0.154636     0.001303     0.001300      1630545 
   96.700     1.140251     0.009515     0.009550      1612579 
   96.800     1.056704     0.008755     0.008784      1604424 
   96.900     0.960052     0.007841     0.007863      1613761 
   97.000     0.235787     0.001998     0.001952      1604983 
   97.100     0.060678     0.000507     0.000505      1613263 
   97.200     0.102147     0.000850     0.000847      1609104 
   97.300    -0.436767    -0.003520    -0.003612      1610524 
   97.400    -0.115082    -0.000942    -0.000944      1605030 
   97.500    -0.395319    -0.003285    -0.003281      1595115 
   97.600     0.004465     0.000038     0.000038      1588614 
   97.700    -0.447014    -0.003684    -0.003714      1592794 
   97.800    -0.577339    -0.004870    -0.004867      1598039 
   97.900    -0.533932    -0.004419    -0.004439      1586629 
   98.000    -0.404807    -0.003363    -0.003355      1589639 
   98.100    -0.133393    -0.001111    -0.001108      1590690 
   98.200    -0.163677    -0.001373    -0.001356      1585592 
   98.300    -0.114362    -0.000950    -0.000947      1598881 
   98.400    -0.266639    -0.002261    -0.002260      1604135 
   98.500     0.049838     0.000421     0.000425      1591591 
   98.600     0.556196     0.004796     0.004794      1553930 
   98.700     0.426686     0.003612     0.003615      1569112 
   98.800     0.472878     0.004104     0.004029      1567347 
   98.900     0.452448     0.003913     0.003859      1548258 
   99.000     0.714411     0.006132     0.006080      1550462 
   99.100     0.099933     0.000845     0.000839      1557674 
   99.200     0.155059     0.001312     0.001312      1552033 
   99.300    -0.875689    -0.007305    -0.007368      1541072 
   99.400    -0.920941    -0.007807    -0.007776      1549605 
   99.500    -0.334507    -0.002884    -0.002853      1558044 
   99.600    -0.727234    -0.006233    -0.006237      1544724 
   99.700    -0.455224    -0.003851    -0.003860      1541698 
   99.800    -0.269319    -0.002276    -0.002274      1549404 
   99.900    -0.852111    -0.007294    -0.007181      1532736 
  100.000    -0.103121    -0.000901    -0.000879      1520887 
