fitting 1 exponentials + affine
seed: 6265419921 
   10.557333 
    0.374 
   10.460596 
    0.701 
   10.439583 
    0.837 
   10.439058 
    0.830 
   10.439006 
    0.815 
   10.438880 
    0.821 
   10.438874 
    0.822 
   10.438874 
    0.822 
   10.438874 
    0.822 
   10.438874 
    0.822 
   10.438874 
    0.822 
   10.438874 
    0.822 
   10.438874 
    0.822 
    0.822 
nagopt ncall: 1  oldvalue:     10.438874148 newvalue:    10.438874148
   10.438874 
    0.821980769 
error sd:     0.003231
halflife:     3.536 
mean (generations):   196.038 
    0.031276154     0.000044420 
##end of run
