 ##Z-score and correlation:: ../../ancpop.list  binsize:     0.001000
    0.100    30.743313     0.163350     0.164259      5845721 
    0.200     7.907984     0.044138     0.044384      4349047 
    0.300     4.600096     0.024751     0.024807      4337738 
    0.400     3.372946     0.018088     0.018009      4282699 
    0.500     2.637362     0.014084     0.014028      4243582 
    0.600     1.645511     0.008724     0.008763      4225130 
    0.700     1.155941     0.006162     0.006191      4215047 
    0.800     1.420264     0.007592     0.007589      4191965 
    0.900     0.179119     0.000953     0.000958      4189362 
    1.000     0.652171     0.003403     0.003430      4189681 
    1.100     0.686572     0.003596     0.003617      4160954 
    1.200     0.620792     0.003255     0.003269      4179018 
    1.300     0.563968     0.002989     0.003011      4149021 
    1.400     0.765131     0.004086     0.004116      4111830 
    1.500     0.845167     0.004494     0.004491      4113453 
    1.600     0.464511     0.002456     0.002463      4117849 
    1.700     0.425865     0.002276     0.002275      4119602 
    1.800    -0.005256    -0.000028    -0.000028      4109070 
    1.900     1.325289     0.007088     0.007086      4100449 
    2.000     0.517537     0.002784     0.002775      4082814 
    2.100    -0.743189    -0.003935    -0.003935      4086704 
    2.200    -0.739401    -0.003918    -0.003924      4090661 
    2.300    -0.355016    -0.001900    -0.001898      4085597 
    2.400     0.820320     0.004350     0.004338      4073991 
    2.500    -0.061697    -0.000327    -0.000328      4057447 
    2.600    -0.043915    -0.000235    -0.000235      4049518 
    2.700     0.091515     0.000485     0.000487      4022477 
    2.800    -0.431398    -0.002299    -0.002307      4037531 
    2.900     0.075251     0.000406     0.000403      4042025 
    3.000     0.480548     0.002563     0.002576      4036086 
    3.100     0.552880     0.002980     0.002975      4036852 
    3.200     0.220626     0.001200     0.001192      4039899 
    3.300     0.370192     0.001994     0.001981      4027770 
    3.400    -0.267340    -0.001432    -0.001434      4029939 
    3.500     0.579491     0.003075     0.003096      4031106 
    3.600     0.014287     0.000077     0.000076      4022493 
    3.700     0.178353     0.000959     0.000958      4013089 
    3.800    -0.255553    -0.001385    -0.001375      4009236 
    3.900    -0.755253    -0.004079    -0.004087      3986507 
    4.000    -0.886467    -0.004756    -0.004798      3985003 
    4.100    -1.285552    -0.006983    -0.006947      3985777 
    4.200     0.129510     0.000701     0.000706      3980388 
    4.300    -0.174102    -0.000940    -0.000942      3984376 
    4.400    -0.147620    -0.000814    -0.000798      3961354 
    4.500    -0.672943    -0.003671    -0.003627      3979899 
    4.600    -0.025709    -0.000139    -0.000139      3969251 
    4.700     0.801978     0.004340     0.004324      3973878 
    4.800     0.900459     0.004815     0.004816      3980875 
    4.900     0.248678     0.001357     0.001348      3966655 
    5.000    -0.165151    -0.000885    -0.000889      3976229 
    5.100    -0.187348    -0.001010    -0.001012      3956205 
    5.200     0.012365     0.000067     0.000066      3977293 
    5.300    -0.233267    -0.001260    -0.001256      3943555 
    5.400    -0.026151    -0.000141    -0.000140      3975384 
    5.500    -0.597486    -0.003232    -0.003218      3950498 
    5.600    -0.229893    -0.001235    -0.001232      3949675 
    5.700    -1.094360    -0.005855    -0.005889      3922765 
    5.800    -0.524879    -0.002800    -0.002816      3909530 
    5.900    -0.341824    -0.001844    -0.001835      3929087 
    6.000    -0.235158    -0.001281    -0.001271      3944350 
    6.100    -0.171771    -0.000926    -0.000930      3941015 
    6.200    -0.227633    -0.001232    -0.001236      3947263 
    6.300    -0.201948    -0.001095    -0.001091      3952632 
    6.400    -0.537117    -0.002869    -0.002863      3948992 
    6.500    -0.608398    -0.003250    -0.003256      3941074 
    6.600    -1.293518    -0.006826    -0.006896      3939480 
    6.700    -1.216785    -0.006514    -0.006527      3922397 
    6.800    -0.813450    -0.004403    -0.004389      3916533 
    6.900    -0.363631    -0.001966    -0.001970      3914731 
    7.000     0.082942     0.000443     0.000445      3949130 
    7.100    -0.831758    -0.004523    -0.004549      3915023 
    7.200    -0.636827    -0.003414    -0.003425      3962061 
    7.300     0.109344     0.000590     0.000590      3932157 
    7.400    -0.469542    -0.002527    -0.002532      3936374 
    7.500     0.020942     0.000112     0.000112      3939029 
    7.600    -0.004340    -0.000024    -0.000023      3914073 
    7.700    -0.161225    -0.000872    -0.000869      3931378 
    7.800    -0.530414    -0.002900    -0.002879      3922416 
    7.900     0.011725     0.000064     0.000064      3897985 
    8.000     0.181920     0.000991     0.000984      3928080 
    8.100     1.021637     0.005561     0.005517      3907562 
    8.200     0.910420     0.004972     0.004957      3924345 
    8.300    -0.534737    -0.002919    -0.002903      3930981 
    8.400    -0.728766    -0.003975    -0.003965      3946595 
    8.500    -0.821161    -0.004487    -0.004465      3937056 
    8.600    -0.574549    -0.003161    -0.003141      3903191 
    8.700    -0.443689    -0.002429    -0.002414      3908980 
    8.800     0.793459     0.004317     0.004318      3911990 
    8.900     0.979821     0.005272     0.005269      3936557 
    9.000    -0.060775    -0.000327    -0.000328      3915492 
    9.100    -0.862447    -0.004742    -0.004716      3900237 
    9.200    -0.279379    -0.001532    -0.001523      3883142 
    9.300    -0.793392    -0.004311    -0.004332      3898718 
    9.400    -0.222576    -0.001216    -0.001214      3895985 
    9.500    -0.183621    -0.001000    -0.000999      3878646 
    9.600     0.159629     0.000871     0.000866      3892444 
    9.700    -0.298659    -0.001636    -0.001639      3874753 
    9.800     0.202666     0.001105     0.001110      3864594 
    9.900     0.323461     0.001758     0.001753      3886103 
   10.000     0.609589     0.003321     0.003306      3876817 
   10.100     0.969790     0.005262     0.005267      3882786 
   10.200     1.281824     0.007017     0.006953      3886957 
   10.300    -0.272912    -0.001483    -0.001480      3880871 
   10.400    -0.089630    -0.000493    -0.000490      3865468 
   10.500    -0.267888    -0.001486    -0.001474      3852100 
   10.600    -0.206819    -0.001130    -0.001131      3866673 
   10.700    -0.179792    -0.000981    -0.000987      3854747 
   10.800     0.045458     0.000249     0.000250      3860965 
   10.900     0.457014     0.002516     0.002504      3858252 
   11.000     0.585766     0.003242     0.003221      3847733 
   11.100     0.435037     0.002402     0.002366      3841627 
   11.200     0.331405     0.001825     0.001809      3836654 
   11.300    -0.080512    -0.000444    -0.000437      3864090 
   11.400    -0.362357    -0.001988    -0.001959      3870214 
   11.500    -0.466455    -0.002559    -0.002535      3868269 
   11.600    -0.837922    -0.004629    -0.004593      3862688 
   11.700    -0.278804    -0.001548    -0.001525      3823752 
   11.800     0.538739     0.003013     0.002988      3798839 
   11.900     0.389791     0.002121     0.002133      3835870 
   12.000     0.395836     0.002204     0.002190      3828812 
   12.100    -0.266594    -0.001461    -0.001466      3822093 
   12.200    -0.334094    -0.001842    -0.001830      3844128 
   12.300    -0.744686    -0.004057    -0.004066      3825121 
   12.400     1.330587     0.007327     0.007283      3825019 
   12.500     0.662253     0.003610     0.003624      3857925 
   12.600     0.616307     0.003323     0.003350      3859857 
   12.700     0.661833     0.003655     0.003657      3824640 
   12.800     0.956170     0.005177     0.005177      3817200 
   12.900     0.071470     0.000396     0.000394      3826151 
   13.000    -0.196737    -0.001071    -0.001083      3802404 
   13.100    -0.568381    -0.003085    -0.003126      3789036 
   13.200     0.143309     0.000783     0.000783      3789723 
   13.300     0.133017     0.000726     0.000729      3811332 
   13.400    -0.062993    -0.000349    -0.000349      3786374 
   13.500    -0.345538    -0.001895    -0.001898      3782000 
   13.600     0.590140     0.003237     0.003237      3806899 
   13.700     0.296760     0.001630     0.001624      3796515 
   13.800     0.088249     0.000484     0.000486      3808278 
   13.900     0.333624     0.001849     0.001839      3764391 
   14.000     0.175045     0.000972     0.000971      3811283 
   14.100    -0.064377    -0.000355    -0.000356      3792048 
   14.200    -0.068112    -0.000374    -0.000375      3781459 
   14.300     0.531482     0.002901     0.002896      3777982 
   14.400    -0.511407    -0.002827    -0.002819      3775848 
   14.500    -0.356293    -0.001970    -0.001961      3778782 
   14.600     1.019666     0.005606     0.005645      3775214 
   14.700     0.826412     0.004634     0.004586      3756706 
   14.800     0.583131     0.003223     0.003213      3760784 
   14.900     0.918636     0.005111     0.005110      3776631 
   15.000    -0.836163    -0.004662    -0.004657      3747762 
   15.100    -1.262819    -0.007022    -0.007000      3776333 
   15.200    -0.692657    -0.003902    -0.003891      3769458 
   15.300    -0.079183    -0.000442    -0.000439      3769657 
   15.400    -0.047578    -0.000260    -0.000262      3778044 
   15.500     0.686913     0.003746     0.003762      3785486 
   15.600     1.246509     0.006880     0.006881      3774903 
   15.700     1.136455     0.006347     0.006274      3726742 
   15.800     0.311539     0.001740     0.001735      3748209 
   15.900     0.112036     0.000621     0.000622      3751226 
   16.000     0.671948     0.003784     0.003750      3743482 
   16.100     0.113816     0.000634     0.000634      3768607 
   16.200     0.497451     0.002814     0.002779      3753554 
   16.300    -0.348190    -0.001969    -0.001965      3738926 
   16.400    -0.271611    -0.001511    -0.001513      3759897 
   16.500    -0.174436    -0.000955    -0.000959      3751265 
   16.600    -0.178178    -0.000985    -0.000989      3752180 
   16.700     0.208914     0.001154     0.001166      3718097 
   16.800    -0.580341    -0.003183    -0.003213      3741195 
   16.900     0.259587     0.001438     0.001445      3729999 
   17.000    -0.023770    -0.000132    -0.000132      3736669 
   17.100     0.327785     0.001806     0.001807      3768674 
   17.200    -0.399905    -0.002237    -0.002239      3749249 
   17.300     0.159090     0.000882     0.000893      3734550 
   17.400    -0.045387    -0.000251    -0.000251      3746216 
   17.500    -0.032109    -0.000176    -0.000177      3729099 
   17.600     0.111842     0.000618     0.000621      3716393 
   17.700    -0.335978    -0.001878    -0.001871      3739768 
   17.800     0.164185     0.000908     0.000911      3738507 
   17.900     0.009357     0.000051     0.000052      3731721 
   18.000     0.310120     0.001721     0.001728      3728584 
   18.100     0.260074     0.001429     0.001437      3723973 
   18.200    -0.056069    -0.000310    -0.000308      3729891 
   18.300    -0.291889    -0.001611    -0.001615      3736523 
   18.400     0.299346     0.001648     0.001655      3732541 
   18.500     0.080121     0.000434     0.000439      3735366 
   18.600     0.433044     0.002417     0.002387      3705691 
   18.700    -0.019693    -0.000111    -0.000111      3701675 
   18.800     0.685106     0.003810     0.003795      3733961 
   18.900     0.053138     0.000297     0.000294      3726164 
   19.000     0.350384     0.001932     0.001934      3708210 
   19.100     0.365755     0.002038     0.002043      3686836 
   19.200     0.132692     0.000737     0.000738      3687050 
   19.300    -0.990016    -0.005547    -0.005529      3690355 
   19.400    -0.269111    -0.001495    -0.001502      3723163 
   19.500     0.171059     0.000945     0.000947      3722981 
   19.600    -0.432925    -0.002437    -0.002424      3676654 
   19.700     0.042180     0.000239     0.000237      3700569 
   19.800    -0.846749    -0.004779    -0.004744      3716795 
   19.900    -0.785973    -0.004372    -0.004382      3693935 
   20.000    -0.638800    -0.003605    -0.003588      3676486 
   20.100    -0.533702    -0.003011    -0.003010      3673204 
   20.200     0.304014     0.001720     0.001714      3666741 
   20.300     0.782132     0.004352     0.004346      3715512 
   20.400     0.441687     0.002471     0.002470      3701193 
   20.500     0.191956     0.001065     0.001072      3714590 
   20.600    -0.354545    -0.001971    -0.001990      3703341 
   20.700    -0.215269    -0.001212    -0.001209      3693414 
   20.800    -0.286742    -0.001627    -0.001617      3666982 
   20.900    -1.079437    -0.006051    -0.006017      3700381 
   21.000    -0.069932    -0.000395    -0.000394      3697630 
   21.100    -0.148887    -0.000845    -0.000842      3661344 
   21.200     0.276887     0.001522     0.001542      3677858 
   21.300     0.358141     0.001997     0.002023      3652061 
   21.400     0.190689     0.001082     0.001074      3667787 
   21.500     0.176056     0.000986     0.000993      3677357 
   21.600     0.043603     0.000246     0.000245      3670490 
   21.700    -0.534800    -0.003057    -0.003031      3675182 
   21.800     0.365862     0.002049     0.002045      3686538 
   21.900    -0.474910    -0.002676    -0.002670      3677143 
   22.000    -0.351317    -0.001988    -0.001978      3639512 
   22.100     0.396303     0.002252     0.002230      3626018 
   22.200     0.048481     0.000273     0.000272      3627488 
   22.300     0.240998     0.001350     0.001344      3648805 
   22.400     1.052555     0.005943     0.005948      3650163 
   22.500     0.397805     0.002231     0.002237      3667033 
   22.600     0.449948     0.002496     0.002519      3655003 
   22.700     0.724380     0.004008     0.004057      3655138 
   22.800     0.446124     0.002516     0.002524      3640559 
   22.900     0.795798     0.004513     0.004520      3607779 
   23.000    -0.154067    -0.000877    -0.000875      3637443 
   23.100     0.508524     0.002881     0.002867      3634831 
   23.200    -0.223982    -0.001250    -0.001260      3644974 
   23.300     0.002707     0.000015     0.000015      3637883 
   23.400    -0.503153    -0.002827    -0.002837      3643812 
   23.500     0.057178     0.000320     0.000323      3640221 
   23.600     0.164082     0.000924     0.000925      3635798 
   23.700    -0.254005    -0.001427    -0.001437      3620662 
   23.800    -0.010909    -0.000062    -0.000061      3638826 
   23.900     0.346973     0.001948     0.001961      3629575 
   24.000    -0.467596    -0.002648    -0.002658      3604874 
   24.100     0.232574     0.001331     0.001327      3635255 
   24.200     0.577571     0.003265     0.003274      3617646 
   24.300     0.394301     0.002225     0.002225      3614805 
   24.400     0.277085     0.001572     0.001562      3640488 
   24.500     0.263422     0.001484     0.001489      3624823 
   24.600     0.366528     0.002070     0.002069      3629156 
   24.700    -0.063605    -0.000361    -0.000359      3637999 
   24.800     0.302743     0.001684     0.001703      3609221 
   24.900     0.427799     0.002399     0.002400      3605145 
   25.000    -0.023407    -0.000130    -0.000132      3607994 
   25.100     0.301262     0.001696     0.001698      3614706 
   25.200    -0.282226    -0.001573    -0.001592      3604847 
   25.300    -0.581410    -0.003224    -0.003236      3632450 
   25.400     0.564795     0.003167     0.003154      3636279 
   25.500     0.542332     0.003042     0.003041      3611175 
   25.600     0.766185     0.004331     0.004323      3600561 
   25.700     0.288241     0.001646     0.001639      3579832 
   25.800     0.044003     0.000248     0.000249      3582812 
   25.900     0.112111     0.000636     0.000635      3580169 
   26.000     0.345576     0.001928     0.001947      3582431 
   26.100    -0.380880    -0.002162    -0.002160      3565199 
   26.200    -0.487167    -0.002754    -0.002766      3578337 
   26.300    -0.844017    -0.004760    -0.004761      3560727 
   26.400     0.433539     0.002454     0.002467      3574110 
   26.500    -0.633115    -0.003597    -0.003615      3568664 
   26.600    -0.492858    -0.002799    -0.002827      3540031 
   26.700     0.279158     0.001576     0.001586      3556435 
   26.800    -0.565437    -0.003179    -0.003205      3538760 
   26.900    -0.194333    -0.001111    -0.001111      3555314 
   27.000     0.116297     0.000661     0.000661      3538393 
   27.100    -0.172184    -0.000981    -0.000985      3511698 
   27.200    -0.058537    -0.000331    -0.000334      3537702 
   27.300    -0.317081    -0.001813    -0.001816      3501022 
   27.400     0.282363     0.001613     0.001613      3531616 
   27.500    -0.224813    -0.001282    -0.001291      3521347 
   27.600    -0.679465    -0.003836    -0.003885      3515735 
   27.700    -0.545389    -0.003125    -0.003154      3523400 
   27.800    -0.712653    -0.004065    -0.004092      3532331 
   27.900    -0.038380    -0.000218    -0.000219      3543779 
   28.000    -0.270854    -0.001522    -0.001534      3530765 
   28.100    -0.522460    -0.003005    -0.003000      3517557 
   28.200     0.594923     0.003380     0.003391      3520481 
   28.300     0.061838     0.000351     0.000352      3516753 
   28.400    -0.394568    -0.002230    -0.002227      3510459 
   28.500     0.315810     0.001830     0.001824      3493082 
   28.600     1.185489     0.006898     0.006875      3495671 
   28.700     0.042725     0.000250     0.000249      3497066 
   28.800     0.115434     0.000657     0.000666      3532218 
   28.900    -0.089111    -0.000515    -0.000516      3524686 
   29.000     0.252951     0.001467     0.001467      3516517 
   29.100     0.240832     0.001392     0.001401      3509249 
   29.200     0.237880     0.001357     0.001363      3496247 
   29.300     0.377237     0.002161     0.002164      3492510 
   29.400     0.147053     0.000827     0.000837      3511051 
   29.500     0.853966     0.004957     0.004960      3481627 
   29.600    -0.738048    -0.004178    -0.004235      3490791 
   29.700    -0.211885    -0.001213    -0.001226      3464800 
   29.800     0.595278     0.003389     0.003420      3443724 
   29.900     0.416377     0.002322     0.002361      3456512 
   30.000    -0.941330    -0.005320    -0.005397      3469990 
   30.100    -0.335165    -0.001906    -0.001934      3457147 
   30.200    -0.042028    -0.000239    -0.000242      3483510 
   30.300    -0.495258    -0.002795    -0.002849      3509394 
   30.400     0.072293     0.000415     0.000418      3472974 
   30.500     0.587998     0.003398     0.003405      3472758 
   30.600    -0.157066    -0.000893    -0.000904      3479903 
   30.700     0.115559     0.000651     0.000666      3478200 
   30.800    -0.016778    -0.000096    -0.000097      3469037 
   30.900    -0.368474    -0.002105    -0.002131      3444734 
   31.000    -0.737190    -0.004157    -0.004215      3459979 
   31.100    -0.489970    -0.002773    -0.002824      3453319 
   31.200    -0.628913    -0.003584    -0.003659      3469404 
   31.300    -0.034643    -0.000195    -0.000199      3451322 
   31.400     0.078190     0.000444     0.000450      3448755 
   31.500    -0.134086    -0.000769    -0.000770      3422020 
   31.600    -0.112225    -0.000644    -0.000649      3428586 
   31.700    -0.404077    -0.002305    -0.002338      3432554 
   31.800    -0.196116    -0.001127    -0.001142      3411795 
   31.900     0.368525     0.002141     0.002145      3420047 
   32.000    -0.124183    -0.000714    -0.000721      3441273 
   32.100    -0.360811    -0.002073    -0.002088      3463574 
   32.200    -0.313838    -0.001813    -0.001814      3421262 
   32.300     0.255949     0.001482     0.001487      3439008 
   32.400    -0.110004    -0.000635    -0.000643      3439719 
   32.500     0.044964     0.000259     0.000260      3449099 
   32.600     0.128096     0.000739     0.000747      3420028 
   32.700     0.436448     0.002495     0.002521      3414291 
   32.800    -0.665007    -0.003816    -0.003825      3434131 
   32.900     0.436274     0.002520     0.002522      3420352 
   33.000     0.487865     0.002835     0.002848      3414019 
   33.100     0.707543     0.004056     0.004115      3395417 
   33.200     0.091436     0.000530     0.000528      3395694 
   33.300     0.855616     0.004978     0.004993      3374399 
   33.400     0.394365     0.002314     0.002290      3370944 
   33.500     0.371003     0.002129     0.002140      3382549 
   33.600    -0.098268    -0.000562    -0.000569      3401005 
   33.700    -0.287257    -0.001648    -0.001663      3399309 
   33.800     0.070799     0.000410     0.000410      3390825 
   33.900    -0.834900    -0.004856    -0.004865      3391308 
   34.000    -0.466619    -0.002707    -0.002724      3384049 
   34.100     0.082238     0.000483     0.000484      3363548 
   34.200    -0.052158    -0.000307    -0.000306      3369154 
   34.300    -0.926529    -0.005381    -0.005396      3374639 
   34.400    -1.863687    -0.010717    -0.010795      3378310 
   34.500    -1.351125    -0.007842    -0.007879      3354560 
   34.600    -0.278979    -0.001648    -0.001649      3344234 
   34.700     0.151334     0.000893     0.000897      3356851 
   34.800     0.099411     0.000579     0.000574      3369564 
   34.900     0.389356     0.002242     0.002255      3351658 
   35.000     1.254551     0.007458     0.007413      3336664 
   35.100     0.584717     0.003458     0.003446      3341786 
   35.200    -0.053737    -0.000316    -0.000318      3324927 
   35.300     0.189965     0.001129     0.001130      3327994 
   35.400     0.739501     0.004358     0.004385      3327519 
   35.500     0.716545     0.004167     0.004182      3336711 
   35.600     1.132641     0.006578     0.006599      3329153 
   35.700     0.381780     0.002244     0.002228      3307236 
   35.800     0.069829     0.000411     0.000410      3297679 
   35.900    -0.110145    -0.000647    -0.000652      3317689 
   36.000     0.327017     0.001926     0.001924      3341551 
   36.100     0.082641     0.000487     0.000489      3300456 
   36.200    -0.526461    -0.003093    -0.003099      3304839 
   36.300    -0.104444    -0.000612    -0.000611      3309246 
   36.400     0.273361     0.001581     0.001594      3308438 
   36.500     0.630565     0.003691     0.003690      3296475 
   36.600     0.615821     0.003599     0.003620      3271818 
   36.700     0.238328     0.001380     0.001387      3270714 
   36.800    -0.406591    -0.002373    -0.002383      3300504 
   36.900     0.350875     0.002043     0.002067      3293299 
   37.000     0.315734     0.001858     0.001852      3297251 
   37.100     0.302949     0.001777     0.001780      3284746 
   37.200     0.721165     0.004198     0.004230      3269770 
   37.300     0.247164     0.001438     0.001452      3277516 
   37.400     0.353427     0.002056     0.002066      3289261 
   37.500    -0.046190    -0.000271    -0.000271      3261090 
   37.600     0.761650     0.004492     0.004520      3248700 
   37.700     0.886248     0.005165     0.005209      3290031 
   37.800     0.905048     0.005330     0.005362      3283321 
   37.900     0.440452     0.002605     0.002616      3311517 
   38.000     0.687344     0.004046     0.004046      3273290 
   38.100     0.690433     0.004063     0.004046      3276291 
   38.200     0.346044     0.002034     0.002040      3296348 
   38.300     0.818645     0.004784     0.004806      3271043 
   38.400     0.249662     0.001464     0.001469      3260534 
   38.500     0.361703     0.002102     0.002117      3269400 
   38.600    -0.121757    -0.000708    -0.000720      3268972 
   38.700     0.365145     0.002158     0.002158      3272151 
   38.800     0.247438     0.001476     0.001477      3269305 
   38.900    -0.110791    -0.000654    -0.000659      3282735 
   39.000     0.406159     0.002420     0.002421      3280245 
   39.100    -0.343810    -0.002050    -0.002050      3240761 
   39.200    -0.211903    -0.001271    -0.001271      3261572 
   39.300     0.365446     0.002182     0.002184      3258173 
   39.400     0.560572     0.003360     0.003348      3259726 
   39.500     0.389316     0.002297     0.002319      3251081 
   39.600     0.425530     0.002495     0.002504      3250286 
   39.700     0.165735     0.000973     0.000980      3248416 
   39.800     0.372594     0.002214     0.002213      3231775 
   39.900     0.126551     0.000757     0.000761      3217280 
   40.000     0.688862     0.004173     0.004182      3197417 
   40.100     0.473317     0.002868     0.002870      3203471 
   40.200     0.135301     0.000804     0.000813      3213047 
   40.300    -0.377091    -0.002251    -0.002246      3229311 
   40.400     0.324796     0.001945     0.001934      3233883 
   40.500    -0.064825    -0.000389    -0.000391      3220578 
   40.600    -0.573586    -0.003518    -0.003485      3204112 
   40.700    -0.050383    -0.000305    -0.000307      3193792 
   40.800    -0.223028    -0.001336    -0.001337      3219363 
   40.900    -1.034690    -0.006279    -0.006250      3177636 
   41.000     0.037303     0.000222     0.000225      3165747 
   41.100    -0.243503    -0.001502    -0.001486      3164874 
   41.200     0.057379     0.000348     0.000344      3195973 
   41.300     0.173937     0.001038     0.001042      3191546 
   41.400     0.188028     0.001125     0.001126      3190855 
   41.500    -0.219152    -0.001329    -0.001327      3186863 
   41.600    -0.242975    -0.001493    -0.001476      3164210 
   41.700    -0.070783    -0.000431    -0.000432      3168175 
   41.800    -0.046055    -0.000281    -0.000281      3174551 
   41.900    -0.101618    -0.000612    -0.000620      3156800 
   42.000    -0.506192    -0.003091    -0.003099      3140127 
   42.100     1.336285     0.008129     0.008152      3155242 
   42.200     0.434181     0.002681     0.002687      3116296 
   42.300    -0.361432    -0.002222    -0.002202      3118662 
   42.400    -0.104935    -0.000643    -0.000641      3131543 
   42.500     0.567375     0.003489     0.003450      3148623 
   42.600    -0.042033    -0.000255    -0.000255      3128028 
   42.700     0.921621     0.005503     0.005525      3130607 
   42.800     0.667170     0.004024     0.004057      3135199 
   42.900     1.157269     0.007103     0.007050      3129557 
   43.000     1.349737     0.008257     0.008194      3141326 
   43.100     0.241129     0.001471     0.001469      3117374 
   43.200     0.258459     0.001578     0.001577      3100312 
   43.300     0.391451     0.002408     0.002392      3094000 
   43.400    -0.334132    -0.002063    -0.002050      3093978 
   43.500    -0.360275    -0.002187    -0.002188      3097944 
   43.600    -0.008798    -0.000054    -0.000054      3093457 
   43.700    -0.244515    -0.001513    -0.001508      3091323 
   43.800     0.857781     0.005239     0.005278      3083501 
   43.900    -0.070615    -0.000437    -0.000438      3083600 
   44.000    -0.150415    -0.000923    -0.000926      3084166 
   44.100    -0.111175    -0.000678    -0.000680      3074758 
   44.200     0.386775     0.002358     0.002369      3048754 
   44.300    -0.069330    -0.000425    -0.000423      3081920 
   44.400     0.394893     0.002412     0.002424      3086165 
   44.500     0.348089     0.002144     0.002159      3046706 
   44.600    -0.019570    -0.000120    -0.000121      3038680 
   44.700     0.519250     0.003202     0.003216      3026125 
   44.800     0.996820     0.006161     0.006161      3044912 
   44.900    -0.164276    -0.001010    -0.001007      3041054 
   45.000    -0.087313    -0.000531    -0.000533      3029414 
   45.100     0.034257     0.000207     0.000209      3053319 
   45.200    -0.002019    -0.000012    -0.000012      3048130 
   45.300    -0.267305    -0.001645    -0.001651      3025852 
   45.400     0.601894     0.003651     0.003678      3030490 
   45.500     0.503064     0.003068     0.003085      3050175 
   45.600     0.119461     0.000735     0.000740      3016377 
   45.700     0.025040     0.000154     0.000156      3016955 
   45.800     0.486858     0.003006     0.003012      2999407 
   45.900     0.314733     0.001915     0.001937      3033717 
   46.000     0.289589     0.001787     0.001796      3014358 
   46.100    -0.175202    -0.001071    -0.001076      3032010 
   46.200    -0.437248    -0.002710    -0.002697      3015074 
   46.300    -1.500323    -0.009378    -0.009362      3015150 
   46.400    -1.216953    -0.007602    -0.007575      3004207 
   46.500     0.691742     0.004334     0.004325      3001829 
   46.600     0.958487     0.005988     0.006002      2992316 
   46.700     0.007444     0.000046     0.000046      3005388 
   46.800     0.552077     0.003361     0.003383      3003162 
   46.900     0.276745     0.001695     0.001698      2994986 
   47.000    -0.129133    -0.000796    -0.000802      2973216 
   47.100    -0.403781    -0.002494    -0.002502      2994539 
   47.200    -0.398733    -0.002468    -0.002468      2965289 
   47.300     0.380060     0.002369     0.002374      2945231 
   47.400    -0.050567    -0.000318    -0.000316      2968851 
   47.500     0.177882     0.001094     0.001100      2982389 
   47.600     0.666056     0.004150     0.004129      2973166 
   47.700    -0.228012    -0.001408    -0.001414      2969545 
   47.800     0.044383     0.000273     0.000273      2973205 
   47.900    -0.200973    -0.001249    -0.001267      2920406 
   48.000     0.276315     0.001740     0.001727      2940659 
   48.100    -0.119500    -0.000745    -0.000743      2956865 
   48.200     0.009248     0.000058     0.000058      2929184 
   48.300     0.203871     0.001282     0.001276      2944288 
   48.400     0.540661     0.003415     0.003395      2925862 
   48.500     0.637612     0.003962     0.003991      2923251 
   48.600     0.407091     0.002528     0.002533      2929842 
   48.700     0.263826     0.001652     0.001663      2915364 
   48.800     0.685451     0.004331     0.004336      2898595 
   48.900     0.339780     0.002136     0.002145      2916154 
   49.000    -0.172778    -0.001065    -0.001087      2935382 
   49.100    -0.263786    -0.001642    -0.001660      2894057 
   49.200    -0.225325    -0.001393    -0.001392      2910953 
   49.300    -0.526925    -0.003321    -0.003293      2900063 
   49.400    -1.017697    -0.006438    -0.006454      2905983 
   49.500    -0.836906    -0.005252    -0.005233      2915878 
   49.600    -0.393141    -0.002434    -0.002438      2934154 
   49.700     0.641393     0.004029     0.004042      2942724 
   49.800     0.012781     0.000080     0.000081      2904929 
   49.900    -0.113818    -0.000719    -0.000714      2898826 
   50.000     0.160702     0.001009     0.001012      2878245 
   50.100    -0.100537    -0.000646    -0.000639      2855949 
   50.200    -0.183276    -0.001183    -0.001165      2851914 
   50.300    -0.442437    -0.002760    -0.002764      2873801 
   50.400    -0.343775    -0.002165    -0.002182      2823164 
   50.500     0.207761     0.001302     0.001310      2872203 
   50.600    -0.091467    -0.000566    -0.000571      2891804 
   50.700     0.422586     0.002674     0.002687      2883632 
   50.800     0.280780     0.001765     0.001785      2861068 
   50.900     0.253470     0.001583     0.001583      2843687 
   51.000     1.378198     0.008628     0.008692      2840712 
   51.100     0.531078     0.003411     0.003420      2813900 
   51.200     0.320121     0.002036     0.002047      2841632 
   51.300     0.661549     0.004261     0.004213      2846713 
   51.400     0.278726     0.001799     0.001785      2834400 
   51.500    -0.269388    -0.001719    -0.001727      2845002 
   51.600     0.431661     0.002731     0.002765      2838902 
   51.700    -0.000318    -0.000002    -0.000002      2823584 
   51.800    -0.466647    -0.002928    -0.002963      2839006 
   51.900     0.583388     0.003720     0.003735      2826875 
   52.000    -0.207196    -0.001325    -0.001330      2810688 
   52.100     0.246115     0.001550     0.001553      2803569 
   52.200     0.297378     0.001886     0.001904      2798406 
   52.300     0.077598     0.000493     0.000498      2797962 
   52.400     0.480774     0.003049     0.003108      2775742 
   52.500     0.672459     0.004275     0.004316      2791142 
   52.600    -0.140299    -0.000899    -0.000905      2787782 
   52.700    -0.134376    -0.000860    -0.000861      2807265 
   52.800     0.243416     0.001533     0.001553      2793351 
   52.900     0.187407     0.001208     0.001212      2781290 
   53.000    -0.208121    -0.001325    -0.001333      2775355 
   53.100    -0.029123    -0.000187    -0.000187      2797663 
   53.200     0.435086     0.002752     0.002755      2795140 
   53.300    -0.066107    -0.000420    -0.000423      2776002 
   53.400     1.058045     0.006746     0.006769      2778475 
   53.500     0.869451     0.005504     0.005496      2778238 
   53.600     0.601713     0.003840     0.003841      2762976 
   53.700    -0.475757    -0.003025    -0.003051      2765817 
   53.800    -0.460596    -0.002912    -0.002971      2753727 
   53.900    -0.536390    -0.003436    -0.003451      2780763 
   54.000     0.906451     0.005781     0.005851      2739532 
   54.100     0.197505     0.001267     0.001274      2745099 
   54.200    -0.690596    -0.004416    -0.004466      2735788 
   54.300    -0.145007    -0.000922    -0.000933      2712713 
   54.400     0.190058     0.001233     0.001246      2730439 
   54.500     0.166319     0.001076     0.001071      2729069 
   54.600     1.230004     0.008020     0.007968      2724614 
   54.700     0.498535     0.003237     0.003264      2742737 
   54.800     0.531504     0.003406     0.003438      2746355 
   54.900    -0.208341    -0.001350    -0.001351      2722654 
   55.000     0.670545     0.004377     0.004364      2723404 
   55.100     0.180893     0.001168     0.001171      2716512 
   55.200     0.435446     0.002844     0.002850      2714359 
   55.300     0.745387     0.004767     0.004769      2739169 
   55.400    -0.094614    -0.000621    -0.000618      2714303 
   55.500     0.410441     0.002655     0.002684      2717684 
   55.600     0.580590     0.003724     0.003775      2722920 
   55.700     0.787843     0.005020     0.005053      2714510 
   55.800    -0.079337    -0.000508    -0.000512      2690487 
   55.900     0.099077     0.000642     0.000650      2688647 
   56.000     0.568443     0.003688     0.003702      2711327 
   56.100     0.720353     0.004634     0.004685      2687231 
   56.200     0.056438     0.000372     0.000374      2679767 
   56.300    -0.400553    -0.002563    -0.002607      2686695 
   56.400    -0.308106    -0.002005    -0.002018      2689045 
   56.500    -0.726037    -0.004759    -0.004805      2711561 
   56.600     0.735476     0.004720     0.004764      2706099 
   56.700     0.906253     0.005845     0.005892      2694580 
   56.800     1.225595     0.007807     0.007920      2692310 
   56.900     0.163375     0.001066     0.001068      2684079 
   57.000     0.349826     0.002299     0.002309      2661560 
   57.100     0.093237     0.000611     0.000609      2650057 
   57.200     0.162720     0.001077     0.001071      2663570 
   57.300    -0.412949    -0.002712    -0.002721      2667248 
   57.400    -0.402072    -0.002652    -0.002665      2639615 
   57.500    -0.202221    -0.001334    -0.001333      2651192 
   57.600     0.125403     0.000839     0.000837      2638692 
   57.700     0.040129     0.000262     0.000263      2651900 
   57.800     0.139671     0.000910     0.000913      2650456 
   57.900     0.232166     0.001517     0.001539      2619914 
   58.000     1.150841     0.007517     0.007599      2648231 
   58.100     0.259413     0.001700     0.001708      2639321 
   58.200     0.214269     0.001400     0.001402      2633082 
   58.300     0.097574     0.000633     0.000639      2623915 
   58.400     0.048484     0.000320     0.000319      2623237 
   58.500     0.501299     0.003272     0.003275      2625394 
   58.600    -0.047355    -0.000312    -0.000314      2622795 
   58.700     0.460139     0.003061     0.003047      2623644 
   58.800     0.399955     0.002620     0.002625      2632092 
   58.900     0.053908     0.000359     0.000360      2596008 
   59.000    -0.579246    -0.003843    -0.003859      2593844 
   59.100    -0.749669    -0.004999    -0.005031      2576615 
   59.200    -0.427034    -0.002867    -0.002883      2580676 
   59.300     0.062063     0.000404     0.000409      2608652 
   59.400    -0.021913    -0.000146    -0.000145      2602141 
   59.500    -0.083331    -0.000551    -0.000556      2608750 
   59.600     0.591977     0.003904     0.003952      2591458 
   59.700     0.538343     0.003593     0.003622      2572695 
   59.800     0.286343     0.001913     0.001924      2592992 
   59.900    -0.874032    -0.005893    -0.005889      2587926 
   60.000    -0.401643    -0.002696    -0.002698      2581124 
   60.100    -0.067457    -0.000450    -0.000453      2568052 
   60.200     0.238986     0.001569     0.001589      2595686 
   60.300    -0.067435    -0.000447    -0.000453      2555947 
   60.400     0.111608     0.000735     0.000747      2566814 
   60.500     0.041395     0.000278     0.000278      2555734 
   60.600     0.297177     0.001998     0.002010      2562425 
   60.700    -0.205863    -0.001353    -0.001371      2588702 
   60.800     0.246430     0.001596     0.001620      2582481 
   60.900    -0.693018    -0.004524    -0.004575      2555934 
   61.000    -0.260744    -0.001733    -0.001738      2550816 
   61.100     0.511346     0.003369     0.003402      2532997 
   61.200     0.421027     0.002773     0.002800      2521915 
   61.300     0.499366     0.003297     0.003345      2531468 
   61.400    -0.142814    -0.000972    -0.000965      2527843 
   61.500     0.080306     0.000532     0.000537      2555859 
   61.600     0.992763     0.006536     0.006679      2529777 
   61.700    -0.418779    -0.002825    -0.002861      2516461 
   61.800     0.225230     0.001503     0.001524      2511660 
   61.900    -0.086500    -0.000584    -0.000590      2512762 
   62.000    -0.241703    -0.001642    -0.001639      2502367 
   62.100     0.310760     0.002092     0.002122      2500293 
   62.200    -0.399182    -0.002672    -0.002699      2524839 
   62.300     0.207822     0.001385     0.001390      2514619 
   62.400     0.898239     0.006128     0.006127      2496278 
   62.500     0.068208     0.000468     0.000468      2477843 
   62.600     0.632319     0.004284     0.004321      2471404 
   62.700     0.536886     0.003633     0.003673      2499563 
   62.800    -0.178735    -0.001218    -0.001230      2476814 
   62.900     0.295366     0.002007     0.002023      2480676 
   63.000     0.745676     0.005119     0.005150      2469750 
   63.100    -0.225594    -0.001519    -0.001536      2478798 
   63.200    -0.095445    -0.000643    -0.000646      2507414 
   63.300    -0.533448    -0.003630    -0.003607      2496709 
   63.400    -0.364455    -0.002466    -0.002485      2460287 
   63.500    -0.379262    -0.002540    -0.002584      2473463 
   63.600     0.767903     0.005194     0.005184      2487766 
   63.700     0.726105     0.004871     0.004934      2488338 
   63.800    -0.163177    -0.001106    -0.001123      2479032 
   63.900     0.281196     0.001901     0.001903      2468147 
   64.000     0.172271     0.001167     0.001180      2430443 
   64.100    -0.583427    -0.003937    -0.003930      2454188 
   64.200    -0.148397    -0.000995    -0.001001      2460279 
   64.300    -0.293711    -0.001987    -0.002008      2449461 
   64.400     0.096018     0.000651     0.000662      2436824 
   64.500     0.616422     0.004228     0.004250      2431342 
   64.600    -0.446403    -0.003032    -0.003035      2441825 
   64.700    -0.526880    -0.003653    -0.003651      2444858 
   64.800     0.616435     0.004279     0.004262      2427948 
   64.900     0.332534     0.002293     0.002292      2415078 
   65.000    -0.566900    -0.003925    -0.003946      2411025 
   65.100    -0.723767    -0.004908    -0.004968      2431195 
   65.200    -0.181825    -0.001250    -0.001259      2417661 
   65.300     0.033895     0.000231     0.000233      2427199 
   65.400    -0.915486    -0.006376    -0.006370      2416146 
   65.500    -0.132020    -0.000909    -0.000918      2427799 
   65.600     0.138488     0.000947     0.000962      2417873 
   65.700    -0.084041    -0.000583    -0.000585      2408549 
   65.800    -0.101678    -0.000703    -0.000707      2418109 
   65.900    -0.694373    -0.004832    -0.004877      2399673 
   66.000    -0.677665    -0.004672    -0.004734      2399800 
   66.100    -0.662022    -0.004578    -0.004629      2392391 
   66.200     0.187710     0.001296     0.001314      2389689 
   66.300     0.031949     0.000217     0.000220      2384949 
   66.400     0.220390     0.001515     0.001538      2395785 
   66.500    -0.481550    -0.003328    -0.003340      2379243 
   66.600    -0.936801    -0.006505    -0.006534      2380076 
   66.700    -0.609095    -0.004193    -0.004187      2418012 
   66.800    -0.863285    -0.005972    -0.005998      2391373 
   66.900    -0.273611    -0.001910    -0.001910      2393341 
   67.000     0.387940     0.002669     0.002700      2387087 
   67.100     0.151796     0.001035     0.001047      2382766 
   67.200    -0.037966    -0.000261    -0.000261      2375540 
   67.300    -0.489623    -0.003366    -0.003391      2387929 
   67.400     0.208421     0.001439     0.001448      2380140 
   67.500     0.003205     0.000022     0.000022      2385539 
   67.600    -0.035289    -0.000249    -0.000249      2356229 
   67.700     0.112041     0.000769     0.000784      2361463 
   67.800    -0.457108    -0.003190    -0.003227      2357242 
   67.900    -0.140427    -0.000961    -0.000983      2370252 
   68.000     0.525508     0.003635     0.003726      2358031 
   68.100    -0.255654    -0.001793    -0.001808      2354348 
   68.200    -0.055053    -0.000380    -0.000389      2361631 
   68.300     0.884699     0.006095     0.006144      2347303 
   68.400     0.158371     0.001098     0.001107      2338872 
   68.500    -0.152041    -0.001061    -0.001066      2345308 
   68.600    -0.170766    -0.001188    -0.001197      2319269 
   68.700    -0.827770    -0.005812    -0.005869      2338719 
   68.800     0.305541     0.002119     0.002150      2353197 
   68.900     0.215560     0.001463     0.001510      2337432 
   69.000    -0.784918    -0.005537    -0.005539      2326455 
   69.100    -1.219011    -0.008417    -0.008567      2345646 
   69.200    -0.799836    -0.005442    -0.005608      2325014 
   69.300    -0.678101    -0.004735    -0.004793      2312371 
   69.400    -0.812574    -0.005717    -0.005792      2318203 
   69.500    -0.267004    -0.001879    -0.001910      2320140 
   69.600    -0.503744    -0.003586    -0.003602      2310810 
   69.700    -0.564985    -0.004014    -0.004032      2320766 
   69.800    -0.537167    -0.003837    -0.003874      2291008 
   69.900    -0.040477    -0.000289    -0.000292      2289217 
   70.000    -0.496895    -0.003516    -0.003569      2277393 
   70.100    -0.355593    -0.002514    -0.002530      2309107 
   70.200     0.500709     0.003495     0.003557      2301181 
   70.300    -0.457450    -0.003206    -0.003241      2291708 
   70.400    -0.621237    -0.004420    -0.004434      2290700 
   70.500    -0.727491    -0.005121    -0.005192      2283809 
   70.600     0.254616     0.001770     0.001797      2268295 
   70.700     0.478704     0.003345     0.003414      2283408 
   70.800     0.179177     0.001271     0.001277      2281128 
   70.900    -0.152740    -0.001067    -0.001078      2285018 
   71.000    -0.687552    -0.004731    -0.004818      2278711 
   71.100    -0.654385    -0.004547    -0.004597      2279787 
   71.200    -0.418653    -0.002923    -0.002956      2248556 
   71.300    -0.881477    -0.006261    -0.006325      2263379 
   71.400    -0.075097    -0.000531    -0.000536      2281393 
   71.500     0.314432     0.002224     0.002249      2274674 
   71.600    -0.068495    -0.000480    -0.000479      2280704 
   71.700     0.256870     0.001799     0.001806      2275406 
   71.800     0.511006     0.003635     0.003675      2249382 
   71.900    -0.654864    -0.004640    -0.004657      2259157 
   72.000    -0.216803    -0.001519    -0.001532      2287219 
   72.100    -0.849575    -0.005934    -0.006001      2255502 
   72.200     0.356660     0.002513     0.002564      2240526 
   72.300    -0.889853    -0.006271    -0.006295      2253155 
   72.400    -0.696027    -0.004946    -0.004964      2247451 
   72.500     0.197695     0.001409     0.001415      2252687 
   72.600     0.304139     0.002137     0.002154      2256795 
   72.700    -0.556634    -0.003932    -0.003966      2244376 
   72.800    -0.633129    -0.004542    -0.004540      2225823 
   72.900    -1.230233    -0.008561    -0.008765      2259443 
   73.000    -0.983171    -0.006959    -0.007025      2238255 
   73.100    -1.123213    -0.007995    -0.008050      2239945 
   73.200    -0.849866    -0.006112    -0.006122      2210003 
   73.300    -0.722675    -0.005213    -0.005183      2221264 
   73.400    -0.657207    -0.004715    -0.004732      2232503 
   73.500    -0.942291    -0.006691    -0.006749      2206414 
   73.600    -0.031039    -0.000221    -0.000219      2213455 
   73.700     0.228180     0.001621     0.001629      2233600 
   73.800    -0.406234    -0.002968    -0.002974      2227469 
   73.900    -0.384289    -0.002824    -0.002829      2199968 
   74.000    -0.725134    -0.005337    -0.005370      2190883 
   74.100    -1.069965    -0.007902    -0.007870      2200597 
   74.200    -0.316753    -0.002321    -0.002320      2214602 
   74.300     0.517715     0.003718     0.003724      2196958 
   74.400     0.273636     0.001972     0.001999      2183237 
   74.500     0.256967     0.001875     0.001892      2189879 
   74.600     0.146707     0.001070     0.001072      2180168 
   74.700    -0.637974    -0.004640    -0.004653      2161644 
   74.800    -0.570628    -0.004171    -0.004142      2147043 
   74.900     0.051621     0.000379     0.000378      2162093 
   75.000     0.134500     0.000983     0.000983      2143508 
   75.100    -0.006167    -0.000045    -0.000045      2155088 
   75.200     1.024515     0.007345     0.007410      2151179 
   75.300     0.121337     0.000876     0.000881      2165595 
   75.400    -0.263816    -0.001909    -0.001914      2145133 
   75.500    -0.103800    -0.000753    -0.000753      2129214 
   75.600    -0.248474    -0.001823    -0.001809      2150970 
   75.700    -0.202864    -0.001459    -0.001463      2159453 
   75.800     0.015687     0.000115     0.000114      2129239 
   75.900    -0.023710    -0.000172    -0.000174      2124036 
   76.000     0.737299     0.005379     0.005442      2106039 
   76.100     0.085029     0.000611     0.000618      2116595 
   76.200    -0.968629    -0.007101    -0.007096      2131631 
   76.300     0.269653     0.001961     0.001971      2136511 
   76.400    -0.168444    -0.001215    -0.001223      2141411 
   76.500     0.068397     0.000504     0.000501      2112813 
   76.600     0.185416     0.001382     0.001375      2099539 
   76.700     0.382240     0.002785     0.002823      2102430 
   76.800     0.295827     0.002199     0.002202      2093863 
   76.900    -0.518433    -0.003794    -0.003853      2106599 
   77.000    -0.018709    -0.000135    -0.000136      2103656 
   77.100     0.714852     0.005193     0.005211      2100117 
   77.200     0.711397     0.005123     0.005172      2119468 
   77.300     0.384570     0.002810     0.002817      2107685 
   77.400     0.157117     0.001152     0.001155      2105851 
   77.500    -0.180524    -0.001338    -0.001349      2093879 
   77.600     0.135735     0.001015     0.001021      2082941 
   77.700    -0.417044    -0.003143    -0.003125      2088095 
   77.800     0.117253     0.000871     0.000876      2091893 
   77.900    -0.042009    -0.000313    -0.000313      2096505 
   78.000     0.587464     0.004316     0.004333      2094786 
   78.100     0.571741     0.004214     0.004208      2099562 
   78.200     0.367817     0.002710     0.002705      2086465 
   78.300     0.164084     0.001221     0.001214      2062114 
   78.400     0.090761     0.000671     0.000675      2066383 
   78.500     0.124828     0.000924     0.000926      2088911 
   78.600    -0.411456    -0.003070    -0.003079      2076563 
   78.700    -0.005680    -0.000043    -0.000042      2101504 
   78.800    -0.508779    -0.003862    -0.003796      2078264 
   78.900    -0.011764    -0.000088    -0.000087      2076855 
   79.000    -0.125439    -0.000941    -0.000938      2057959 
   79.100    -0.213877    -0.001568    -0.001586      2077610 
   79.200    -0.484935    -0.003592    -0.003607      2052080 
   79.300    -0.462969    -0.003401    -0.003420      2058153 
   79.400    -0.515085    -0.003821    -0.003818      2061669 
   79.500     0.501349     0.003764     0.003795      2038711 
   79.600    -0.263659    -0.001939    -0.001950      2031442 
   79.700    -0.171522    -0.001268    -0.001270      2040054 
   79.800    -0.452303    -0.003326    -0.003371      2041187 
   79.900     0.836717     0.006219     0.006287      2034475 
   80.000     0.272588     0.001976     0.002006      2064677 
   80.100    -0.269376    -0.002025    -0.002022      2042148 
   80.200     0.486850     0.003614     0.003647      2046840 
   80.300     0.031321     0.000231     0.000232      2049007 
   80.400     0.276153     0.002064     0.002071      2044781 
   80.500     0.666745     0.005041     0.005082      2040273 
   80.600     0.358375     0.002723     0.002723      2031323 
   80.700     0.951373     0.007232     0.007211      2010902 
   80.800     0.478313     0.003556     0.003540      2035740 
   80.900    -0.563877    -0.004296    -0.004249      2037266 
   81.000    -0.766719    -0.005787    -0.005748      2023393 
   81.100    -0.326045    -0.002441    -0.002471      2011964 
   81.200    -0.129490    -0.000981    -0.000984      1989371 
   81.300     0.145624     0.001100     0.001112      2001661 
   81.400     0.432137     0.003286     0.003329      1994317 
   81.500    -0.146281    -0.001099    -0.001108      1998283 
   81.600     0.129139     0.001002     0.001001      1980389 
   81.700    -0.196472    -0.001518    -0.001523      1971723 
   81.800     0.279016     0.002099     0.002138      1967839 
   81.900     0.233170     0.001744     0.001785      1978510 
   82.000    -0.166089    -0.001274    -0.001280      1972303 
   82.100    -0.098558    -0.000752    -0.000761      1956996 
   82.200    -0.202823    -0.001574    -0.001564      1948033 
   82.300     0.712649     0.005575     0.005508      1953494 
   82.400     0.116288     0.000893     0.000896      1967352 
   82.500     0.587167     0.004455     0.004448      1964166 
   82.600     0.571111     0.004336     0.004354      1959697 
   82.700    -0.236968    -0.001806    -0.001817      1956310 
   82.800    -0.100439    -0.000762    -0.000774      1941330 
   82.900     0.568111     0.004320     0.004377      1940977 
   83.000    -0.011053    -0.000084    -0.000085      1943893 
   83.100    -0.455148    -0.003474    -0.003489      1940845 
   83.200     0.721404     0.005508     0.005507      1949594 
   83.300    -0.009708    -0.000076    -0.000075      1910854 
   83.400     0.136147     0.001054     0.001051      1936870 
   83.500    -0.324323    -0.002456    -0.002487      1916743 
   83.600    -0.063462    -0.000487    -0.000490      1928646 
   83.700    -0.626450    -0.004875    -0.004854      1940131 
   83.800    -1.438387    -0.011105    -0.011172      1917357 
   83.900    -0.846501    -0.006436    -0.006484      1915976 
   84.000     0.116036     0.000894     0.000894      1916064 
   84.100     0.133801     0.001023     0.001026      1909563 
   84.200     0.080158     0.000621     0.000621      1917254 
   84.300     0.010560     0.000082     0.000082      1913734 
   84.400    -0.302568    -0.002285    -0.002337      1901915 
   84.500    -0.224513    -0.001729    -0.001730      1907382 
   84.600     0.030102     0.000233     0.000234      1899144 
   84.700     0.782523     0.006139     0.006067      1900726 
   84.800    -0.006276    -0.000049    -0.000049      1919394 
   84.900     0.162418     0.001301     0.001292      1908452 
   85.000    -0.138177    -0.001100    -0.001101      1894194 
   85.100     0.037369     0.000294     0.000292      1906754 
   85.200    -0.316828    -0.002467    -0.002443      1915553 
   85.300    -0.375087    -0.002907    -0.002905      1898064 
   85.400    -0.058982    -0.000466    -0.000461      1899190 
   85.500    -0.347747    -0.002732    -0.002728      1897935 
   85.600    -0.508084    -0.003955    -0.003969      1906979 
   85.700    -0.977080    -0.007528    -0.007684      1891354 
   85.800    -0.836276    -0.006588    -0.006616      1889556 
   85.900     0.310915     0.002413     0.002417      1892854 
   86.000     0.347672     0.002741     0.002729      1890274 
   86.100     1.147113     0.008877     0.008879      1892707 
   86.200     0.881404     0.006872     0.006903      1890215 
   86.300     0.315484     0.002500     0.002488      1878526 
   86.400    -0.140055    -0.001091    -0.001088      1892827 
   86.500     0.019479     0.000154     0.000155      1890555 
   86.600    -0.180414    -0.001406    -0.001409      1871524 
   86.700     0.276618     0.002167     0.002164      1881592 
   86.800    -0.339434    -0.002665    -0.002666      1881078 
   86.900     0.376797     0.002950     0.002906      1875035 
   87.000    -0.053654    -0.000419    -0.000421      1851512 
   87.100     0.109340     0.000850     0.000861      1864095 
   87.200    -0.019878    -0.000152    -0.000157      1860668 
   87.300    -0.787885    -0.006089    -0.006178      1855386 
   87.400    -0.647303    -0.005077    -0.005090      1844733 
   87.500     0.418103     0.003337     0.003320      1847384 
   87.600    -0.411469    -0.003300    -0.003295      1857087 
   87.700    -0.045388    -0.000367    -0.000363      1844919 
   87.800    -0.205813    -0.001625    -0.001627      1845636 
   87.900    -0.056703    -0.000449    -0.000446      1842764 
   88.000    -1.027277    -0.008106    -0.008182      1825296 
   88.100    -0.925612    -0.007181    -0.007295      1830711 
   88.200    -0.265236    -0.002160    -0.002127      1823925 
   88.300    -0.350322    -0.002845    -0.002822      1819847 
   88.400    -0.854566    -0.006757    -0.006793      1810244 
   88.500     0.299841     0.002390     0.002401      1813082 
   88.600     0.950194     0.007485     0.007578      1825845 
   88.700     0.361693     0.002830     0.002896      1809930 
   88.800     0.462066     0.003675     0.003695      1817216 
   88.900    -0.128169    -0.001019    -0.001032      1815463 
   89.000     0.211193     0.001672     0.001670      1809918 
   89.100    -0.393056    -0.003164    -0.003184      1786007 
   89.200    -0.458120    -0.003557    -0.003647      1802889 
   89.300     0.091197     0.000721     0.000734      1791473 
   89.400     0.155979     0.001236     0.001257      1808044 
   89.500     0.889672     0.007064     0.007186      1793727 
   89.600     0.607326     0.004748     0.004867      1795970 
   89.700    -0.007472    -0.000060    -0.000060      1797689 
   89.800     0.248125     0.001953     0.001972      1791336 
   89.900    -0.194935    -0.001539    -0.001555      1798251 
   90.000    -0.387715    -0.003081    -0.003101      1789083 
   90.100     0.665473     0.005360     0.005342      1782604 
   90.200     0.196898     0.001573     0.001589      1768428 
   90.300     0.697458     0.005596     0.005654      1765498 
   90.400     0.700898     0.005582     0.005671      1759481 
   90.500     0.474842     0.003807     0.003855      1760562 
   90.600     0.299406     0.002380     0.002409      1755146 
   90.700    -0.417476    -0.003305    -0.003335      1762499 
   90.800    -0.359940    -0.002878    -0.002906      1758598 
   90.900     0.062748     0.000498     0.000506      1766856 
   91.000    -0.188511    -0.001508    -0.001515      1757396 
   91.100    -0.322144    -0.002594    -0.002600      1760939 
   91.200    -0.730030    -0.005898    -0.005927      1748028 
   91.300    -0.997880    -0.008028    -0.008034      1737953 
   91.400    -0.644290    -0.005177    -0.005205      1721849 
   91.500    -0.406271    -0.003212    -0.003292      1744128 
   91.600    -0.411209    -0.003347    -0.003366      1726943 
   91.700    -0.215515    -0.001743    -0.001770      1722002 
   91.800     0.036881     0.000295     0.000301      1747781 
   91.900     0.137691     0.001111     0.001122      1741187 
   92.000     0.077710     0.000619     0.000626      1725249 
   92.100     0.772093     0.006222     0.006304      1742686 
   92.200     0.862003     0.006975     0.007055      1720546 
   92.300    -0.011487    -0.000092    -0.000093      1708714 
   92.400     0.618987     0.005027     0.005076      1709564 
   92.500     0.360918     0.002942     0.002987      1708624 
   92.600     0.132082     0.001079     0.001093      1695942 
   92.700     0.832598     0.006779     0.006831      1691318 
   92.800     0.588899     0.004819     0.004848      1691222 
   92.900     0.279072     0.002254     0.002267      1719197 
   93.000     1.360122     0.011178     0.011217      1702127 
   93.100     0.117102     0.000961     0.000960      1682686 
   93.200    -0.186571    -0.001522    -0.001533      1706804 
   93.300     0.259080     0.002139     0.002147      1696145 
   93.400    -0.255724    -0.002111    -0.002118      1689652 
   93.500    -0.349600    -0.002889    -0.002913      1695721 
   93.600    -0.418577    -0.003503    -0.003464      1687909 
   93.700    -0.406155    -0.003390    -0.003405      1674672 
   93.800    -0.242626    -0.002037    -0.002035      1652375 
   93.900    -0.328800    -0.002681    -0.002740      1675117 
   94.000    -0.928019    -0.007645    -0.007798      1660151 
   94.100    -0.430743    -0.003611    -0.003632      1659819 
   94.200    -0.199927    -0.001660    -0.001677      1658980 
   94.300    -0.308332    -0.002529    -0.002567      1670994 
   94.400    -0.123562    -0.001041    -0.001048      1650422 
   94.500    -0.069865    -0.000573    -0.000584      1655748 
   94.600    -0.045587    -0.000370    -0.000380      1657498 
   94.700     0.067596     0.000558     0.000560      1644567 
   94.800    -0.325302    -0.002703    -0.002721      1643409 
   94.900    -0.817083    -0.006841    -0.006902      1637606 
   95.000    -0.165385    -0.001369    -0.001384      1657141 
   95.100     0.306654     0.002452     0.002513      1648635 
   95.200     0.073705     0.000599     0.000606      1657576 
   95.300    -0.010925    -0.000091    -0.000092      1630555 
   95.400    -0.291011    -0.002359    -0.002439      1652943 
   95.500    -0.175229    -0.001427    -0.001458      1641277 
   95.600    -0.335134    -0.002756    -0.002801      1636359 
   95.700     0.002240     0.000019     0.000019      1646255 
   95.800    -0.606544    -0.005005    -0.005083      1624692 
   95.900    -0.382018    -0.003116    -0.003160      1642922 
   96.000    -0.165313    -0.001383    -0.001396      1640682 
   96.100    -0.155685    -0.001289    -0.001305      1655676 
   96.200    -0.094342    -0.000784    -0.000787      1637335 
   96.300    -0.249140    -0.002046    -0.002067      1644290 
   96.400     0.062818     0.000531     0.000534      1615857 
   96.500     0.192216     0.001589     0.001601      1646202 
   96.600     0.250279     0.002113     0.002094      1630545 
   96.700     0.542512     0.004485     0.004562      1612579 
   96.800    -0.191565    -0.001593    -0.001610      1604424 
   96.900    -0.318871    -0.002621    -0.002678      1613761 
   97.000     0.055761     0.000475     0.000473      1604983 
   97.100     0.052172     0.000445     0.000446      1613263 
   97.200    -0.849032    -0.007250    -0.007245      1609104 
   97.300    -0.416333    -0.003458    -0.003497      1610524 
   97.400     0.273753     0.002321     0.002299      1605030 
   97.500    -0.288632    -0.002482    -0.002478      1595115 
   97.600    -0.246580    -0.002126    -0.002125      1588614 
   97.700    -0.172667    -0.001463    -0.001477      1592794 
   97.800     0.118315     0.001006     0.001017      1598039 
   97.900    -0.978379    -0.008230    -0.008322      1586629 
   98.000    -1.074681    -0.009005    -0.009094      1589639 
   98.100    -0.089174    -0.000751    -0.000747      1590690 
   98.200     0.331808     0.002823     0.002788      1585592 
   98.300    -0.231512    -0.001971    -0.001961      1598881 
   98.400    -0.056099    -0.000473    -0.000480      1604135 
   98.500     0.117199     0.000991     0.001011      1591591 
   98.600     1.161773     0.009853     0.010013      1553930 
   98.700     0.404629     0.003441     0.003489      1569112 
   98.800     0.028562     0.000246     0.000247      1567347 
   98.900     0.087837     0.000758     0.000757      1548258 
   99.000    -0.418442    -0.003604    -0.003622      1550462 
   99.100     0.191314     0.001652     0.001649      1557674 
   99.200    -0.489054    -0.004217    -0.004241      1552033 
   99.300     0.174663     0.001485     0.001505      1541072 
   99.400    -0.504527    -0.004229    -0.004234      1549605 
   99.500    -0.245783    -0.002101    -0.002102      1558044 
   99.600    -0.109507    -0.000947    -0.000949      1544724 
   99.700     0.280507     0.002399     0.002406      1541698 
   99.800     0.914587     0.007938     0.007924      1549404 
   99.900     0.054261     0.000468     0.000469      1532736 
  100.000     0.417500     0.003721     0.003697      1520887 
