fitting 1 exponentials + affine
seed: 6052419967 
   12.379333 
    0.293 
   10.814143 
    0.863 
   10.775436 
    0.911 
   10.769167 
    0.908 
   10.763862 
    0.904 
   10.761064 
    0.900 
   10.761019 
    0.900 
   10.760383 
    0.895 
   10.760211 
    0.897 
   10.760195 
    0.897 
   10.760192 
    0.897 
   10.760191 
    0.897 
   10.760191 
    0.897 
   10.760191 
    0.897 
   10.760191 
    0.897 
   10.760191 
    0.897 
   10.760191 
    0.897 
    0.897 
nagopt ncall: 1  oldvalue:     10.760190679 newvalue:    10.760190679
   10.760191 
    0.896694535 
error sd:     0.003280
halflife:     6.357 
mean (generations):   109.040 
    0.037404091     0.000322880 
##end of run
