 ##Z-score and correlation:: ../../ancpop.list  binsize:     0.001000
    0.100    33.108581     0.173864     0.174244      5845721 
    0.200    10.025530     0.055834     0.055609      4349047 
    0.300     6.340119     0.033756     0.033918      4337738 
    0.400     4.425548     0.023345     0.023315      4282699 
    0.500     4.129529     0.021952     0.021828      4243582 
    0.600     3.374636     0.017872     0.017876      4225130 
    0.700     3.101463     0.016335     0.016335      4215047 
    0.800     3.367508     0.017637     0.017704      4191965 
    0.900     2.811500     0.014763     0.014804      4189362 
    1.000     3.057725     0.015968     0.015992      4189681 
    1.100     2.378277     0.012458     0.012471      4160954 
    1.200     2.229728     0.011630     0.011647      4179018 
    1.300     1.851233     0.009748     0.009762      4149021 
    1.400     1.217068     0.006482     0.006460      4111830 
    1.500     1.330995     0.007075     0.007026      4113453 
    1.600     1.566462     0.008393     0.008321      4117849 
    1.700     0.961880     0.005112     0.005075      4119602 
    1.800     0.689838     0.003672     0.003643      4109070 
    1.900     0.709122     0.003765     0.003764      4100449 
    2.000     0.838026     0.004512     0.004455      4082814 
    2.100     0.577673     0.003042     0.003032      4086704 
    2.200     0.923966     0.004824     0.004874      4090661 
    2.300     1.403687     0.007405     0.007451      4085597 
    2.400     0.961920     0.005103     0.005058      4073991 
    2.500     1.157376     0.006042     0.006088      4057447 
    2.600    -0.391847    -0.002086    -0.002069      4049518 
    2.700    -0.279217    -0.001463    -0.001469      4022477 
    2.800     0.265908     0.001415     0.001417      4037531 
    2.900    -0.000281    -0.000002    -0.000001      4042025 
    3.000    -0.310591    -0.001620    -0.001641      4036086 
    3.100    -0.045275    -0.000241    -0.000239      4036852 
    3.200    -0.494302    -0.002625    -0.002614      4039899 
    3.300    -0.028373    -0.000153    -0.000152      4027770 
    3.400     0.077386     0.000417     0.000414      4029939 
    3.500     0.255566     0.001360     0.001363      4031106 
    3.600     0.556690     0.003000     0.002955      4022493 
    3.700     0.169086     0.000916     0.000905      4013089 
    3.800     0.579729     0.003114     0.003088      4009236 
    3.900     0.222410     0.001198     0.001189      3986507 
    4.000     0.422840     0.002288     0.002252      3985003 
    4.100     0.572468     0.003105     0.003090      3985777 
    4.200    -0.240794    -0.001291    -0.001302      3980388 
    4.300     0.140403     0.000759     0.000757      3984376 
    4.400     0.094677     0.000511     0.000507      3961354 
    4.500    -0.230246    -0.001231    -0.001223      3979899 
    4.600     1.025917     0.005507     0.005484      3969251 
    4.700     0.875619     0.004675     0.004692      3973878 
    4.800     0.528010     0.002829     0.002827      3980875 
    4.900     0.314309     0.001706     0.001690      3966655 
    5.000     0.146660     0.000785     0.000787      3976229 
    5.100     0.044263     0.000239     0.000238      3956205 
    5.200     0.315068     0.001685     0.001685      3977293 
    5.300     0.495720     0.002657     0.002644      3943555 
    5.400     0.248878     0.001321     0.001322      3975384 
    5.500     0.019377     0.000105     0.000104      3950498 
    5.600    -0.330544    -0.001796    -0.001776      3949675 
    5.700     0.063705     0.000340     0.000340      3922765 
    5.800    -0.091015    -0.000487    -0.000488      3909530 
    5.900     0.330157     0.001789     0.001778      3929087 
    6.000     0.297900     0.001586     0.001596      3944350 
    6.100     0.736536     0.003978     0.003981      3941015 
    6.200     0.560566     0.003029     0.003030      3947263 
    6.300     0.289753     0.001566     0.001566      3952632 
    6.400    -0.197665    -0.001051    -0.001057      3948992 
    6.500     0.308179     0.001653     0.001654      3941074 
    6.600    -0.069419    -0.000365    -0.000371      3939480 
    6.700     0.324045     0.001726     0.001739      3922397 
    6.800    -0.076168    -0.000410    -0.000408      3916533 
    6.900    -0.367877    -0.001935    -0.001940      3914731 
    7.000    -0.489201    -0.002585    -0.002580      3949130 
    7.100     0.028864     0.000154     0.000154      3915023 
    7.200    -0.335034    -0.001771    -0.001770      3962061 
    7.300    -0.008849    -0.000048    -0.000048      3932157 
    7.400    -0.410787    -0.002205    -0.002198      3936374 
    7.500     0.072273     0.000387     0.000384      3939029 
    7.600     0.360166     0.001927     0.001915      3914073 
    7.700     0.284391     0.001523     0.001520      3931378 
    7.800     0.523283     0.002834     0.002807      3922416 
    7.900     0.475939     0.002570     0.002572      3897985 
    8.000    -0.373430    -0.002009    -0.001996      3928080 
    8.100    -0.397556    -0.002164    -0.002157      3907562 
    8.200    -0.475936    -0.002584    -0.002570      3924345 
    8.300    -0.117678    -0.000635    -0.000632      3930981 
    8.400     0.592697     0.003209     0.003182      3946595 
    8.500     0.141410     0.000759     0.000759      3937056 
    8.600     0.039968     0.000216     0.000216      3903191 
    8.700    -0.271529    -0.001452    -0.001453      3908980 
    8.800     0.640386     0.003391     0.003435      3911990 
    8.900     0.631726     0.003345     0.003391      3936557 
    9.000     0.731968     0.003946     0.003953      3915492 
    9.100     0.244918     0.001327     0.001327      3900237 
    9.200     0.355929     0.001926     0.001923      3883142 
    9.300     0.406558     0.002154     0.002185      3898718 
    9.400     0.620049     0.003318     0.003325      3895985 
    9.500    -0.112587    -0.000606    -0.000610      3878646 
    9.600     0.244054     0.001322     0.001316      3892444 
    9.700    -0.123171    -0.000655    -0.000659      3874753 
    9.800    -0.579537    -0.003089    -0.003115      3864594 
    9.900     1.164685     0.006223     0.006268      3886103 
   10.000     0.124659     0.000668     0.000673      3876817 
   10.100     0.707013     0.003797     0.003813      3882786 
   10.200    -0.475474    -0.002580    -0.002594      3886957 
   10.300    -0.284092    -0.001528    -0.001537      3880871 
   10.400     0.495391     0.002691     0.002686      3865468 
   10.500     0.654214     0.003547     0.003554      3852100 
   10.600     0.043371     0.000232     0.000233      3866673 
   10.700    -0.537421    -0.002876    -0.002920      3854747 
   10.800     0.468122     0.002518     0.002545      3860965 
   10.900     0.093237     0.000504     0.000503      3858252 
   11.000     0.334112     0.001841     0.001826      3847733 
   11.100    -0.554426    -0.003019    -0.003013      3841627 
   11.200    -0.215078    -0.001172    -0.001169      3836654 
   11.300     0.141431     0.000770     0.000765      3864090 
   11.400     0.149891     0.000820     0.000803      3870214 
   11.500    -0.849553    -0.004599    -0.004560      3868269 
   11.600    -0.623289    -0.003413    -0.003396      3862688 
   11.700    -0.808685    -0.004372    -0.004342      3823752 
   11.800    -1.061448    -0.005796    -0.005783      3798839 
   11.900    -0.870747    -0.004668    -0.004690      3835870 
   12.000    -0.441342    -0.002404    -0.002403      3828812 
   12.100    -0.547915    -0.002974    -0.002975      3822093 
   12.200    -0.489435    -0.002655    -0.002651      3844128 
   12.300    -0.467569    -0.002534    -0.002556      3825121 
   12.400     0.481936     0.002596     0.002616      3825019 
   12.500    -0.031596    -0.000171    -0.000172      3857925 
   12.600    -0.595961    -0.003201    -0.003232      3859857 
   12.700    -0.668618    -0.003638    -0.003644      3824640 
   12.800    -0.102507    -0.000565    -0.000563      3817200 
   12.900    -0.088379    -0.000483    -0.000483      3826151 
   13.000     0.455442     0.002472     0.002482      3802404 
   13.100    -0.300524    -0.001636    -0.001643      3789036 
   13.200    -0.579719    -0.003160    -0.003163      3789723 
   13.300     0.473252     0.002559     0.002591      3811332 
   13.400    -0.415422    -0.002274    -0.002277      3786374 
   13.500    -0.391938    -0.002136    -0.002160      3782000 
   13.600     0.352135     0.001929     0.001937      3806899 
   13.700     0.761260     0.004154     0.004149      3796515 
   13.800     0.274444     0.001471     0.001496      3808278 
   13.900     0.134755     0.000737     0.000736      3764391 
   14.000    -0.327766    -0.001795    -0.001792      3811283 
   14.100     0.145102     0.000799     0.000796      3792048 
   14.200     0.662933     0.003627     0.003619      3781459 
   14.300     0.168514     0.000913     0.000911      3777982 
   14.400    -0.263517    -0.001446    -0.001445      3775848 
   14.500     0.220070     0.001219     0.001211      3778782 
   14.600     0.310464     0.001744     0.001725      3775214 
   14.700    -0.129805    -0.000729    -0.000715      3756706 
   14.800    -0.388414    -0.002132    -0.002125      3760784 
   14.900     0.002851     0.000016     0.000016      3776631 
   15.000    -0.146815    -0.000808    -0.000809      3747762 
   15.100    -0.230825    -0.001252    -0.001263      3776333 
   15.200    -0.464606    -0.002560    -0.002556      3769458 
   15.300     0.062677     0.000341     0.000342      3769657 
   15.400     0.419197     0.002233     0.002277      3778044 
   15.500     0.330308     0.001779     0.001786      3785486 
   15.600    -0.131004    -0.000725    -0.000721      3774903 
   15.700     0.553629     0.003071     0.003057      3726742 
   15.800    -0.073618    -0.000404    -0.000404      3748209 
   15.900    -0.730858    -0.004030    -0.004024      3751226 
   16.000     0.044634     0.000250     0.000250      3743482 
   16.100    -0.565151    -0.003176    -0.003170      3768607 
   16.200    -0.544395    -0.003033    -0.003004      3753554 
   16.300     0.027590     0.000152     0.000152      3738926 
   16.400    -0.102872    -0.000562    -0.000568      3759897 
   16.500     0.036049     0.000198     0.000199      3751265 
   16.600     0.621400     0.003437     0.003428      3752180 
   16.700    -0.057894    -0.000314    -0.000317      3718097 
   16.800     0.152489     0.000827     0.000838      3741195 
   16.900    -0.466885    -0.002548    -0.002561      3729999 
   17.000    -0.207369    -0.001127    -0.001144      3736669 
   17.100     0.031085     0.000172     0.000172      3768674 
   17.200     0.624242     0.003400     0.003402      3749249 
   17.300     0.257781     0.001399     0.001406      3734550 
   17.400    -0.101789    -0.000560    -0.000556      3746216 
   17.500     0.637169     0.003525     0.003508      3729099 
   17.600     0.891488     0.004902     0.004914      3716393 
   17.700     0.518101     0.002838     0.002880      3739768 
   17.800     0.384327     0.002083     0.002097      3738507 
   17.900     0.284140     0.001559     0.001558      3731721 
   18.000    -0.037177    -0.000204    -0.000205      3728584 
   18.100     0.454420     0.002511     0.002520      3723973 
   18.200     0.705417     0.003950     0.003917      3729891 
   18.300     0.392083     0.002152     0.002164      3736523 
   18.400     0.786314     0.004290     0.004315      3732541 
   18.500     0.358845     0.001950     0.001950      3735366 
   18.600     0.284263     0.001580     0.001565      3705691 
   18.700     0.859160     0.004759     0.004741      3701675 
   18.800     0.772062     0.004222     0.004271      3733961 
   18.900     0.695290     0.003807     0.003826      3726164 
   19.000     0.307537     0.001681     0.001698      3708210 
   19.100     0.221871     0.001198     0.001214      3686836 
   19.200     0.153951     0.000855     0.000860      3687050 
   19.300    -0.538311    -0.002950    -0.002993      3690355 
   19.400     0.325272     0.001779     0.001789      3723163 
   19.500     0.231245     0.001267     0.001268      3722981 
   19.600     0.290741     0.001616     0.001606      3676654 
   19.700     0.061329     0.000341     0.000341      3700569 
   19.800    -0.027809    -0.000153    -0.000153      3716795 
   19.900     0.367099     0.002027     0.002040      3693935 
   20.000    -0.110481    -0.000623    -0.000618      3676486 
   20.100    -0.057900    -0.000328    -0.000325      3673204 
   20.200    -0.167046    -0.000937    -0.000938      3666741 
   20.300     0.379401     0.002096     0.002083      3715512 
   20.400     0.468188     0.002583     0.002598      3701193 
   20.500     0.806957     0.004402     0.004485      3714590 
   20.600    -0.470141    -0.002593    -0.002607      3703341 
   20.700     0.137909     0.000762     0.000764      3693414 
   20.800    -0.289641    -0.001609    -0.001611      3666982 
   20.900    -0.273484    -0.001527    -0.001513      3700381 
   21.000    -0.472722    -0.002641    -0.002633      3697630 
   21.100     0.870708     0.004822     0.004832      3661344 
   21.200     0.704693     0.003855     0.003894      3677858 
   21.300     0.411490     0.002291     0.002311      3652061 
   21.400     0.649578     0.003643     0.003618      3667787 
   21.500    -0.528718    -0.002957    -0.002953      3677357 
   21.600     0.398507     0.002253     0.002234      3670490 
   21.700    -0.390687    -0.002205    -0.002193      3675182 
   21.800    -0.237547    -0.001319    -0.001318      3686538 
   21.900     0.048025     0.000269     0.000268      3677143 
   22.000    -0.257982    -0.001454    -0.001452      3639512 
   22.100     0.443780     0.002538     0.002520      3626018 
   22.200     0.081906     0.000459     0.000460      3627488 
   22.300     0.117950     0.000662     0.000665      3648805 
   22.400     0.231497     0.001285     0.001298      3650163 
   22.500    -0.142213    -0.000803    -0.000799      3667033 
   22.600     0.314409     0.001766     0.001768      3655003 
   22.700    -0.006238    -0.000035    -0.000035      3655138 
   22.800     0.675330     0.003746     0.003780      3640559 
   22.900     0.366367     0.002083     0.002076      3607779 
   23.000    -0.443741    -0.002477    -0.002484      3637443 
   23.100    -0.574192    -0.003241    -0.003225      3634831 
   23.200    -0.331825    -0.001882    -0.001877      3644974 
   23.300    -0.879038    -0.004933    -0.004913      3637883 
   23.400    -0.367546    -0.002045    -0.002044      3643812 
   23.500    -0.182712    -0.001012    -0.001016      3640221 
   23.600    -0.821535    -0.004638    -0.004614      3635798 
   23.700    -0.356522    -0.002032    -0.002015      3620662 
   23.800     0.070588     0.000396     0.000396      3638826 
   23.900    -0.472046    -0.002636    -0.002665      3629575 
   24.000    -0.562690    -0.003153    -0.003150      3604874 
   24.100    -0.512948    -0.002915    -0.002895      3635255 
   24.200     0.098639     0.000546     0.000552      3617646 
   24.300    -0.497089    -0.002789    -0.002796      3614805 
   24.400    -0.640224    -0.003607    -0.003589      3640488 
   24.500    -0.024828    -0.000139    -0.000139      3624823 
   24.600     0.251186     0.001412     0.001419      3629156 
   24.700    -0.002218    -0.000012    -0.000012      3637999 
   24.800    -0.465033    -0.002568    -0.002614      3609221 
   24.900    -0.197598    -0.001110    -0.001103      3605145 
   25.000     0.672518     0.003814     0.003811      3607994 
   25.100     0.179015     0.001014     0.001010      3614706 
   25.200     0.327615     0.001822     0.001842      3604847 
   25.300     0.483576     0.002704     0.002701      3632450 
   25.400    -0.224268    -0.001266    -0.001262      3636279 
   25.500     0.180893     0.001009     0.001018      3611175 
   25.600    -0.277519    -0.001544    -0.001556      3600561 
   25.700    -0.850193    -0.004810    -0.004789      3579832 
   25.800    -0.673778    -0.003763    -0.003793      3582812 
   25.900    -0.508379    -0.002827    -0.002864      3580169 
   26.000    -0.611759    -0.003415    -0.003433      3582431 
   26.100     0.046211     0.000264     0.000260      3565199 
   26.200     0.635887     0.003634     0.003590      3578337 
   26.300     0.247872     0.001433     0.001417      3560727 
   26.400    -0.718827    -0.004085    -0.004081      3574110 
   26.500    -0.636111    -0.003574    -0.003574      3568664 
   26.600     0.309990     0.001778     0.001777      3540031 
   26.700     0.156092     0.000892     0.000890      3556435 
   26.800    -0.138020    -0.000777    -0.000782      3538760 
   26.900    -0.387766    -0.002185    -0.002198      3555314 
   27.000    -0.777337    -0.004478    -0.004445      3538393 
   27.100    -0.516483    -0.002944    -0.002946      3511698 
   27.200    -0.566829    -0.003233    -0.003217      3537702 
   27.300     0.274162     0.001556     0.001565      3501022 
   27.400    -0.629023    -0.003627    -0.003602      3531616 
   27.500     0.141070     0.000806     0.000803      3521347 
   27.600    -0.063362    -0.000359    -0.000361      3515735 
   27.700     0.524486     0.002959     0.002974      3523400 
   27.800     0.062603     0.000358     0.000360      3532331 
   27.900    -0.266054    -0.001512    -0.001518      3543779 
   28.000     0.400745     0.002292     0.002274      3530765 
   28.100    -0.472187    -0.002724    -0.002724      3517557 
   28.200    -0.184392    -0.001048    -0.001052      3520481 
   28.300    -0.540945    -0.003105    -0.003059      3516753 
   28.400    -0.789021    -0.004539    -0.004488      3510459 
   28.500    -0.436385    -0.002532    -0.002494      3493082 
   28.600    -0.464024    -0.002663    -0.002668      3495671 
   28.700     0.024523     0.000141     0.000141      3497066 
   28.800     0.286630     0.001642     0.001637      3532218 
   28.900     0.280704     0.001605     0.001598      3524686 
   29.000     0.125821     0.000723     0.000720      3516517 
   29.100     0.668786     0.003807     0.003814      3509249 
   29.200     0.842523     0.004810     0.004809      3496247 
   29.300     0.504639     0.002869     0.002865      3492510 
   29.400     0.056250     0.000317     0.000319      3511051 
   29.500    -0.187595    -0.001077    -0.001078      3481627 
   29.600    -0.009371    -0.000053    -0.000054      3490791 
   29.700    -0.159534    -0.000922    -0.000919      3464800 
   29.800    -0.285255    -0.001637    -0.001642      3443724 
   29.900    -0.169597    -0.000958    -0.000968      3456512 
   30.000    -0.552114    -0.003126    -0.003150      3469990 
   30.100    -0.030927    -0.000175    -0.000176      3457147 
   30.200     0.608603     0.003436     0.003460      3483510 
   30.300     0.437043     0.002499     0.002507      3509394 
   30.400     0.123144     0.000700     0.000710      3472974 
   30.500     0.160768     0.000932     0.000928      3472758 
   30.600    -0.381472    -0.002167    -0.002179      3479903 
   30.700     0.120960     0.000681     0.000687      3478200 
   30.800    -0.727201    -0.004124    -0.004151      3469037 
   30.900    -0.053143    -0.000306    -0.000309      3444734 
   31.000     0.353925     0.001999     0.002025      3459979 
   31.100     0.857828     0.004833     0.004919      3453319 
   31.200    -0.055859    -0.000316    -0.000320      3469404 
   31.300     0.403901     0.002260     0.002300      3451322 
   31.400     1.450008     0.008117     0.008257      3448755 
   31.500    -0.006169    -0.000035    -0.000035      3422020 
   31.600    -0.408387    -0.002322    -0.002341      3428586 
   31.700    -0.319010    -0.001827    -0.001834      3432554 
   31.800    -0.108292    -0.000625    -0.000628      3411795 
   31.900     0.354857     0.002054     0.002043      3420047 
   32.000     0.308545     0.001781     0.001783      3441273 
   32.100     0.395772     0.002256     0.002257      3463574 
   32.200    -0.093339    -0.000537    -0.000540      3421262 
   32.300    -0.247187    -0.001426    -0.001425      3439008 
   32.400    -0.304595    -0.001750    -0.001763      3439719 
   32.500    -0.270806    -0.001545    -0.001559      3449099 
   32.600    -0.128766    -0.000741    -0.000744      3420028 
   32.700     0.613837     0.003427     0.003523      3414291 
   32.800     0.469162     0.002650     0.002685      3434131 
   32.900     0.056361     0.000319     0.000323      3420352 
   33.000     0.747880     0.004262     0.004311      3414019 
   33.100    -0.156755    -0.000895    -0.000904      3395417 
   33.200    -0.109772    -0.000624    -0.000625      3395694 
   33.300     0.175724     0.001005     0.001012      3374399 
   33.400     0.059140     0.000338     0.000340      3370944 
   33.500    -0.808243    -0.004601    -0.004610      3382549 
   33.600     1.351340     0.007655     0.007722      3401005 
   33.700     1.081811     0.006221     0.006253      3399309 
   33.800     0.654915     0.003775     0.003794      3390825 
   33.900     0.481665     0.002760     0.002778      3391308 
   34.000     0.165985     0.000949     0.000955      3384049 
   34.100     0.385450     0.002230     0.002229      3363548 
   34.200     0.586776     0.003413     0.003386      3369154 
   34.300     0.275982     0.001583     0.001574      3374639 
   34.400    -0.051466    -0.000294    -0.000297      3378310 
   34.500    -0.022391    -0.000131    -0.000131      3354560 
   34.600     0.745799     0.004291     0.004300      3344234 
   34.700     1.025821     0.005905     0.005962      3356851 
   34.800     0.370302     0.002151     0.002138      3369564 
   34.900     0.338922     0.001958     0.001958      3351658 
   35.000     0.660188     0.003839     0.003866      3336664 
   35.100     0.839572     0.004836     0.004874      3341786 
   35.200     0.010749     0.000064     0.000063      3324927 
   35.300    -0.071157    -0.000422    -0.000424      3327994 
   35.400     0.837982     0.004934     0.004994      3327519 
   35.500     0.619558     0.003598     0.003623      3336711 
   35.600     0.287358     0.001655     0.001675      3329153 
   35.700    -0.373191    -0.002177    -0.002190      3307236 
   35.800    -0.011019    -0.000064    -0.000064      3297679 
   35.900     0.360774     0.002093     0.002110      3317689 
   36.000    -0.013676    -0.000080    -0.000079      3341551 
   36.100     0.286034     0.001679     0.001671      3300456 
   36.200    -0.080215    -0.000477    -0.000472      3304839 
   36.300    -0.284531    -0.001655    -0.001660      3309246 
   36.400     0.026437     0.000153     0.000155      3308438 
   36.500    -0.078776    -0.000454    -0.000461      3296475 
   36.600    -0.269643    -0.001569    -0.001589      3271818 
   36.700     0.003754     0.000022     0.000022      3270714 
   36.800    -0.153907    -0.000889    -0.000895      3300504 
   36.900    -0.454697    -0.002647    -0.002652      3293299 
   37.000    -0.684567    -0.004028    -0.004021      3297251 
   37.100    -0.467330    -0.002731    -0.002733      3284746 
   37.200     0.391993     0.002297     0.002314      3269770 
   37.300     0.018299     0.000108     0.000108      3277516 
   37.400    -0.268598    -0.001562    -0.001574      3289261 
   37.500     0.103232     0.000603     0.000610      3261090 
   37.600    -0.204905    -0.001181    -0.001198      3248700 
   37.700    -0.218696    -0.001257    -0.001272      3290031 
   37.800    -0.142538    -0.000830    -0.000840      3283321 
   37.900    -0.651919    -0.003782    -0.003834      3311517 
   38.000    -0.386522    -0.002278    -0.002299      3273290 
   38.100    -0.265494    -0.001568    -0.001575      3276291 
   38.200     0.125919     0.000729     0.000741      3296348 
   38.300    -0.446992    -0.002652    -0.002653      3271043 
   38.400    -0.438233    -0.002554    -0.002587      3260534 
   38.500     0.047825     0.000283     0.000284      3269400 
   38.600    -0.466031    -0.002779    -0.002775      3268972 
   38.700     0.557351     0.003275     0.003278      3272151 
   38.800    -0.448225    -0.002631    -0.002640      3269305 
   38.900    -0.100630    -0.000586    -0.000588      3282735 
   39.000     0.471715     0.002790     0.002784      3280245 
   39.100    -0.572220    -0.003400    -0.003411      3240761 
   39.200    -0.682399    -0.004077    -0.004066      3261572 
   39.300    -0.332261    -0.001978    -0.001989      3258173 
   39.400     0.427291     0.002518     0.002548      3259726 
   39.500     0.577317     0.003426     0.003449      3251081 
   39.600     0.348083     0.002081     0.002071      3250286 
   39.700     0.260452     0.001547     0.001555      3248416 
   39.800     0.974260     0.005819     0.005812      3231775 
   39.900    -0.259571    -0.001560    -0.001559      3217280 
   40.000     0.177694     0.001054     0.001056      3197417 
   40.100     0.566935     0.003370     0.003401      3203471 
   40.200     0.600392     0.003588     0.003610      3213047 
   40.300     0.084782     0.000503     0.000505      3229311 
   40.400    -0.068443    -0.000411    -0.000409      3233883 
   40.500     0.095882     0.000576     0.000575      3220578 
   40.600     0.732744     0.004409     0.004379      3204112 
   40.700     0.886973     0.005296     0.005304      3193792 
   40.800    -0.116068    -0.000701    -0.000696      3219363 
   40.900    -0.051532    -0.000312    -0.000309      3177636 
   41.000    -0.494012    -0.002997    -0.002969      3165747 
   41.100    -0.586844    -0.003614    -0.003600      3164874 
   41.200     0.103933     0.000628     0.000628      3195973 
   41.300     0.236179     0.001417     0.001431      3191546 
   41.400     0.023229     0.000142     0.000142      3190855 
   41.500     0.357059     0.002145     0.002158      3186863 
   41.600    -1.290699    -0.007808    -0.007776      3164210 
   41.700    -0.704380    -0.004281    -0.004261      3168175 
   41.800    -0.590416    -0.003555    -0.003561      3174551 
   41.900    -0.451786    -0.002700    -0.002720      3156800 
   42.000    -0.116639    -0.000698    -0.000709      3140127 
   42.100    -0.642534    -0.003838    -0.003875      3155242 
   42.200    -0.489269    -0.002997    -0.002984      3116296 
   42.300     0.120896     0.000738     0.000737      3118662 
   42.400    -0.443380    -0.002726    -0.002695      3131543 
   42.500     0.170311     0.001035     0.001026      3148623 
   42.600    -0.045263    -0.000273    -0.000272      3128028 
   42.700    -0.438810    -0.002666    -0.002658      3130607 
   42.800     0.218650     0.001310     0.001320      3135199 
   42.900     0.461337     0.002794     0.002778      3129557 
   43.000     1.375853     0.008289     0.008257      3141326 
   43.100     0.868215     0.005244     0.005204      3117374 
   43.200    -0.808326    -0.004920    -0.004897      3100312 
   43.300    -0.425808    -0.002601    -0.002587      3094000 
   43.400     0.241778     0.001477     0.001472      3093978 
   43.500    -0.188889    -0.001147    -0.001152      3097944 
   43.600     0.423189     0.002608     0.002574      3093457 
   43.700     0.543149     0.003321     0.003290      3091323 
   43.800     0.432836     0.002650     0.002653      3083501 
   43.900    -0.538499    -0.003314    -0.003309      3083600 
   44.000     0.247323     0.001504     0.001507      3084166 
   44.100    -0.138683    -0.000833    -0.000844      3074758 
   44.200     0.443710     0.002657     0.002704      3048754 
   44.300     0.321383     0.001941     0.001957      3081920 
   44.400    -0.256055    -0.001541    -0.001555      3086165 
   44.500     0.257890     0.001587     0.001591      3046706 
   44.600    -0.220197    -0.001338    -0.001354      3038680 
   44.700    -0.050135    -0.000309    -0.000311      3026125 
   44.800     0.440691     0.002697     0.002719      3044912 
   44.900     1.253263     0.007656     0.007675      3041054 
   45.000     0.239166     0.001448     0.001466      3029414 
   45.100     0.401662     0.002431     0.002452      3053319 
   45.200    -0.152662    -0.000925    -0.000933      3048130 
   45.300     0.291599     0.001749     0.001789      3025852 
   45.400     0.440465     0.002682     0.002713      3030490 
   45.500    -0.185971    -0.001137    -0.001138      3050175 
   45.600    -0.449385    -0.002730    -0.002749      3016377 
   45.700    -0.246189    -0.001508    -0.001524      3016955 
   45.800     0.316713     0.001927     0.001966      2999407 
   45.900     0.038038     0.000231     0.000234      3033717 
   46.000     0.423440     0.002540     0.002604      3014358 
   46.100     0.483377     0.002917     0.002946      3032010 
   46.200    -0.221410    -0.001348    -0.001358      3015074 
   46.300    -0.360256    -0.002220    -0.002221      3015150 
   46.400     0.254990     0.001572     0.001581      3004207 
   46.500    -0.213270    -0.001296    -0.001308      3001829 
   46.600    -0.188834    -0.001152    -0.001165      2992316 
   46.700    -0.012852    -0.000079    -0.000079      3005388 
   46.800    -0.095880    -0.000589    -0.000590      3003162 
   46.900     0.010872     0.000066     0.000067      2994986 
   47.000     0.018001     0.000109     0.000112      2973216 
   47.100     0.813348     0.004925     0.004981      2994539 
   47.200     0.583826     0.003603     0.003603      2965289 
   47.300     0.461675     0.002861     0.002866      2945231 
   47.400    -0.084368    -0.000522    -0.000523      2968851 
   47.500     0.965470     0.005980     0.006003      2982389 
   47.600    -0.045428    -0.000283    -0.000285      2973166 
   47.700    -0.216187    -0.001342    -0.001347      2969545 
   47.800    -0.032314    -0.000201    -0.000201      2973205 
   47.900     0.109751     0.000683     0.000686      2920406 
   48.000     0.129437     0.000811     0.000805      2940659 
   48.100    -0.403388    -0.002505    -0.002514      2956865 
   48.200    -0.393915    -0.002470    -0.002475      2929184 
   48.300    -0.219382    -0.001386    -0.001373      2944288 
   48.400    -0.138988    -0.000873    -0.000871      2925862 
   48.500    -1.196740    -0.007404    -0.007514      2923251 
   48.600    -0.912863    -0.005655    -0.005660      2929842 
   48.700     0.226225     0.001414     0.001411      2915364 
   48.800     0.001417     0.000009     0.000009      2898595 
   48.900    -0.478662    -0.002969    -0.002977      2916154 
   49.000     0.231721     0.001435     0.001452      2935382 
   49.100    -0.081776    -0.000505    -0.000508      2894057 
   49.200    -0.262743    -0.001631    -0.001635      2910953 
   49.300     0.422355     0.002651     0.002615      2900063 
   49.400     1.225785     0.007692     0.007658      2905983 
   49.500     0.965455     0.005990     0.006019      2915878 
   49.600     1.150843     0.007178     0.007156      2934154 
   49.700     0.166704     0.001052     0.001049      2942724 
   49.800     0.181648     0.001140     0.001138      2904929 
   49.900    -0.398399    -0.002473    -0.002480      2898826 
   50.000     0.429030     0.002676     0.002684      2878245 
   50.100     0.344174     0.002144     0.002149      2855949 
   50.200     1.118168     0.007181     0.007114      2851914 
   50.300     0.213970     0.001354     0.001350      2873801 
   50.400     0.309760     0.001959     0.001980      2823164 
   50.500     0.219186     0.001375     0.001386      2872203 
   50.600     0.103912     0.000659     0.000662      2891804 
   50.700     0.390995     0.002456     0.002469      2883632 
   50.800     0.506158     0.003178     0.003188      2861068 
   50.900    -0.518426    -0.003289    -0.003258      2843687 
   51.000    -0.080641    -0.000509    -0.000506      2840712 
   51.100     0.051236     0.000331     0.000329      2813900 
   51.200    -0.388761    -0.002486    -0.002463      2841632 
   51.300     0.029406     0.000187     0.000186      2846713 
   51.400     0.244845     0.001560     0.001554      2834400 
   51.500    -0.098737    -0.000621    -0.000620      2845002 
   51.600    -0.344876    -0.002184    -0.002191      2838902 
   51.700     0.145905     0.000933     0.000944      2823584 
   51.800     0.562364     0.003535     0.003571      2839006 
   51.900     0.332378     0.002134     0.002127      2826875 
   52.000     0.071448     0.000451     0.000457      2810688 
   52.100     0.767288     0.004871     0.004884      2803569 
   52.200     0.578434     0.003637     0.003691      2798406 
   52.300     0.181486     0.001151     0.001162      2797962 
   52.400     0.153068     0.000986     0.000993      2775742 
   52.500     0.355691     0.002254     0.002266      2791142 
   52.600    -0.124200    -0.000788    -0.000793      2787782 
   52.700    -0.081235    -0.000510    -0.000512      2807265 
   52.800     0.211714     0.001338     0.001350      2793351 
   52.900     0.522776     0.003307     0.003317      2781290 
   53.000    -0.272596    -0.001758    -0.001749      2775355 
   53.100    -0.418087    -0.002669    -0.002681      2797663 
   53.200    -0.995146    -0.006233    -0.006314      2795140 
   53.300    -1.295619    -0.008232    -0.008296      2776002 
   53.400    -0.239440    -0.001537    -0.001533      2778475 
   53.500     0.066052     0.000418     0.000418      2778238 
   53.600     0.336640     0.002125     0.002137      2762976 
   53.700    -0.034680    -0.000222    -0.000222      2765817 
   53.800     0.498840     0.003132     0.003139      2753727 
   53.900     0.040302     0.000256     0.000255      2780763 
   54.000     0.998395     0.006439     0.006443      2739532 
   54.100    -0.053591    -0.000342    -0.000347      2745099 
   54.200    -1.060728    -0.006703    -0.006813      2735788 
   54.300    -0.073802    -0.000471    -0.000479      2712713 
   54.400    -0.639805    -0.004063    -0.004123      2730439 
   54.500    -0.021665    -0.000139    -0.000139      2729069 
   54.600     0.495493     0.003211     0.003205      2724614 
   54.700    -0.642285    -0.004147    -0.004173      2742737 
   54.800    -0.160777    -0.001024    -0.001035      2746355 
   54.900     0.060186     0.000385     0.000389      2722654 
   55.000    -0.143971    -0.000927    -0.000928      2723404 
   55.100     0.538232     0.003451     0.003481      2716512 
   55.200     0.350982     0.002281     0.002298      2714359 
   55.300    -0.134475    -0.000861    -0.000870      2739169 
   55.400    -0.236881    -0.001540    -0.001534      2714303 
   55.500     0.050453     0.000323     0.000325      2717684 
   55.600    -0.800027    -0.005137    -0.005172      2722920 
   55.700    -0.971716    -0.006292    -0.006303      2714510 
   55.800    -0.766611    -0.004906    -0.004938      2690487 
   55.900    -0.520078    -0.003345    -0.003387      2688647 
   56.000    -0.424520    -0.002707    -0.002736      2711327 
   56.100    -0.761534    -0.004861    -0.004911      2687231 
   56.200    -0.877836    -0.005652    -0.005739      2679767 
   56.300    -0.282368    -0.001804    -0.001841      2686695 
   56.400     0.227893     0.001472     0.001480      2689045 
   56.500     0.429759     0.002806     0.002814      2711561 
   56.600    -0.135797    -0.000873    -0.000882      2706099 
   56.700     0.487132     0.003071     0.003142      2694580 
   56.800    -0.043458    -0.000273    -0.000279      2692310 
   56.900     0.541498     0.003476     0.003500      2684079 
   57.000    -0.599786    -0.003879    -0.003911      2661560 
   57.100    -0.375094    -0.002423    -0.002455      2650057 
   57.200    -0.042654    -0.000276    -0.000278      2663570 
   57.300     0.268667     0.001735     0.001729      2667248 
   57.400     0.566561     0.003655     0.003671      2639615 
   57.500     0.803182     0.005153     0.005222      2651192 
   57.600     0.295347     0.001919     0.001952      2638692 
   57.700    -0.028282    -0.000183    -0.000185      2651900 
   57.800    -0.042968    -0.000271    -0.000278      2650456 
   57.900     0.522680     0.003375     0.003425      2619914 
   58.000     0.350341     0.002255     0.002280      2648231 
   58.100     0.290833     0.001879     0.001904      2639321 
   58.200     0.197465     0.001302     0.001303      2633082 
   58.300     0.737363     0.004907     0.004906      2623915 
   58.400     0.702649     0.004648     0.004642      2623237 
   58.500     0.048417     0.000318     0.000317      2625394 
   58.600     0.123158     0.000816     0.000808      2622795 
   58.700     0.057890     0.000387     0.000381      2623644 
   58.800     0.530404     0.003492     0.003462      2632092 
   58.900     0.697294     0.004554     0.004609      2596008 
   59.000     1.334272     0.008815     0.008803      2593844 
   59.100     1.053311     0.006929     0.006966      2576615 
   59.200     0.451926     0.003002     0.003004      2580676 
   59.300     0.932146     0.006090     0.006035      2608652 
   59.400     0.866691     0.005773     0.005760      2602141 
   59.500     0.582232     0.003886     0.003868      2608750 
   59.600     0.204414     0.001384     0.001367      2591458 
   59.700     0.662505     0.004382     0.004395      2572695 
   59.800     1.023243     0.006803     0.006784      2592992 
   59.900     0.901342     0.006153     0.006029      2587926 
   60.000     0.810816     0.005452     0.005382      2581124 
   60.100     0.246718     0.001641     0.001646      2568052 
   60.200     0.798571     0.005220     0.005267      2595686 
   60.300    -0.028960    -0.000193    -0.000193      2555947 
   60.400     0.172116     0.001138     0.001135      2566814 
   60.500     0.741817     0.004986     0.004946      2555734 
   60.600     0.670337     0.004555     0.004526      2562425 
   60.700     0.551291     0.003681     0.003673      2588702 
   60.800     0.569832     0.003726     0.003767      2582481 
   60.900     0.589289     0.003944     0.003918      2555934 
   61.000     0.533473     0.003558     0.003540      2550816 
   61.100    -0.345659    -0.002330    -0.002304      2532997 
   61.200    -0.106516    -0.000705    -0.000712      2521915 
   61.300    -0.391427    -0.002623    -0.002619      2531468 
   61.400    -0.316755    -0.002139    -0.002113      2527843 
   61.500    -0.595433    -0.003976    -0.003969      2555859 
   61.600    -0.682112    -0.004640    -0.004614      2529777 
   61.700     0.397814     0.002700     0.002701      2516461 
   61.800     0.452007     0.003045     0.003075      2511660 
   61.900    -0.799523    -0.005423    -0.005429      2512762 
   62.000    -0.615821    -0.004156    -0.004136      2502367 
   62.100    -0.721301    -0.004841    -0.004860      2500293 
   62.200    -0.636869    -0.004298    -0.004278      2524839 
   62.300    -0.317900    -0.002152    -0.002136      2514619 
   62.400    -0.756773    -0.005176    -0.005127      2496278 
   62.500    -0.352001    -0.002441    -0.002423      2477843 
   62.600    -0.476839    -0.003317    -0.003289      2471404 
   62.700    -0.708126    -0.004799    -0.004856      2499563 
   62.800    -0.110663    -0.000756    -0.000763      2476814 
   62.900    -0.124127    -0.000842    -0.000849      2480676 
   63.000     0.007163     0.000049     0.000049      2469750 
   63.100     0.244308     0.001664     0.001682      2478798 
   63.200     0.238738     0.001622     0.001624      2507414 
   63.300    -0.162054    -0.001098    -0.001107      2496709 
   63.400     0.010897     0.000074     0.000075      2460287 
   63.500    -0.135597    -0.000920    -0.000935      2473463 
   63.600     0.012906     0.000087     0.000087      2487766 
   63.700    -0.274274    -0.001876    -0.001880      2488338 
   63.800     0.427439     0.002916     0.002938      2479032 
   63.900     0.039590     0.000271     0.000273      2468147 
   64.000    -0.244626    -0.001684    -0.001691      2430443 
   64.100    -0.068611    -0.000471    -0.000475      2454188 
   64.200    -0.352955    -0.002423    -0.002423      2460279 
   64.300    -0.106132    -0.000736    -0.000735      2449461 
   64.400     0.154253     0.001076     0.001075      2436824 
   64.500     0.948318     0.006614     0.006585      2431342 
   64.600     0.330524     0.002262     0.002278      2441825 
   64.700     1.207360     0.008288     0.008295      2444858 
   64.800    -0.087866    -0.000610    -0.000610      2427948 
   64.900    -0.307609    -0.002158    -0.002143      2415078 
   65.000    -0.238878    -0.001641    -0.001651      2411025 
   65.100     0.648159     0.004398     0.004443      2431195 
   65.200     0.048640     0.000333     0.000333      2417661 
   65.300     0.352763     0.002449     0.002409      2427199 
   65.400     0.658683     0.004617     0.004551      2416146 
   65.500     0.017355     0.000119     0.000119      2427799 
   65.600     0.442514     0.003114     0.003102      2417873 
   65.700     0.559001     0.003949     0.003925      2408549 
   65.800     1.073582     0.007467     0.007411      2418109 
   65.900     0.716186     0.004903     0.005009      2399673 
   66.000    -0.159454    -0.001111    -0.001117      2399800 
   66.100    -0.340931    -0.002386    -0.002399      2392391 
   66.200    -0.315925    -0.002228    -0.002208      2389689 
   66.300     0.018544     0.000130     0.000129      2384949 
   66.400     0.149443     0.001031     0.001039      2395785 
   66.500     0.801227     0.005568     0.005571      2379243 
   66.600    -0.142793    -0.001000    -0.000994      2380076 
   66.700    -0.105205    -0.000735    -0.000723      2418012 
   66.800     0.081865     0.000563     0.000566      2391373 
   66.900     0.650560     0.004528     0.004467      2393341 
   67.000     0.244564     0.001712     0.001697      2387087 
   67.100     0.501055     0.003549     0.003483      2382766 
   67.200     0.057014     0.000406     0.000397      2375540 
   67.300    -0.196012    -0.001376    -0.001360      2387929 
   67.400    -0.732739    -0.005070    -0.005042      2380140 
   67.500     0.341441     0.002370     0.002366      2385539 
   67.600     0.769664     0.005376     0.005395      2356229 
   67.700     0.677473     0.004736     0.004693      2361463 
   67.800     0.008174     0.000057     0.000057      2357242 
   67.900    -0.846834    -0.005995    -0.005955      2370252 
   68.000    -0.130760    -0.000907    -0.000912      2358031 
   68.100     0.018582     0.000130     0.000130      2354348 
   68.200    -0.217593    -0.001530    -0.001549      2361631 
   68.300    -0.103790    -0.000736    -0.000735      2347303 
   68.400     0.728315     0.005098     0.005110      2338872 
   68.500     0.205814     0.001420     0.001420      2345308 
   68.600    -0.130131    -0.000910    -0.000909      2319269 
   68.700     0.066803     0.000468     0.000466      2338719 
   68.800    -0.312612    -0.002146    -0.002166      2353197 
   68.900    -0.987201    -0.006772    -0.006796      2337432 
   69.000    -0.217105    -0.001494    -0.001495      2326455 
   69.100     0.571871     0.003958     0.003975      2345646 
   69.200     0.121956     0.000835     0.000847      2325014 
   69.300     0.016636     0.000115     0.000116      2312371 
   69.400    -0.273318    -0.001894    -0.001893      2318203 
   69.500     0.442200     0.003095     0.003113      2320140 
   69.600     0.214739     0.001520     0.001530      2310810 
   69.700    -0.564936    -0.003979    -0.003998      2320766 
   69.800    -0.583281    -0.004166    -0.004126      2291008 
   69.900     0.074845     0.000528     0.000528      2289217 
   70.000     0.281106     0.001987     0.002000      2277393 
   70.100    -0.032144    -0.000229    -0.000228      2309107 
   70.200     0.092895     0.000650     0.000657      2301181 
   70.300     0.338787     0.002361     0.002377      2291708 
   70.400     0.135994     0.000944     0.000952      2290700 
   70.500     0.256661     0.001802     0.001815      2283809 
   70.600     0.211301     0.001488     0.001490      2268295 
   70.700     0.389714     0.002698     0.002746      2283408 
   70.800    -0.176902    -0.001246    -0.001255      2281128 
   70.900    -0.135101    -0.000944    -0.000949      2285018 
   71.000    -0.169950    -0.001186    -0.001190      2278711 
   71.100    -0.349426    -0.002407    -0.002437      2279787 
   71.200    -0.952551    -0.006806    -0.006748      2248556 
   71.300    -1.898586    -0.013380    -0.013321      2263379 
   71.400    -0.404757    -0.002752    -0.002818      2281393 
   71.500    -0.463763    -0.003225    -0.003288      2274674 
   71.600    -0.378526    -0.002618    -0.002651      2280704 
   71.700    -0.421734    -0.002971    -0.002986      2275406 
   71.800    -0.410686    -0.002941    -0.002938      2249382 
   71.900    -0.685080    -0.004822    -0.004845      2259157 
   72.000    -0.639298    -0.004487    -0.004478      2287219 
   72.100    -0.668411    -0.004609    -0.004671      2255502 
   72.200    -0.155468    -0.001082    -0.001087      2240526 
   72.300    -0.618515    -0.004372    -0.004343      2253155 
   72.400    -0.672998    -0.004788    -0.004724      2247451 
   72.500    -0.337749    -0.002388    -0.002351      2252687 
   72.600    -0.780222    -0.005495    -0.005446      2256795 
   72.700    -0.663879    -0.004787    -0.004757      2244376 
   72.800    -1.466554    -0.010500    -0.010449      2225823 
   72.900    -0.836963    -0.005872    -0.005886      2259443 
   73.000    -0.265937    -0.001890    -0.001896      2238255 
   73.100    -1.283159    -0.009170    -0.009171      2239945 
   73.200     0.188188     0.001372     0.001347      2210003 
   73.300     0.356062     0.002584     0.002542      2221264 
   73.400     0.065319     0.000469     0.000467      2232503 
   73.500    -0.368852    -0.002641    -0.002642      2206414 
   73.600    -0.795655    -0.005679    -0.005619      2213455 
   73.700    -0.020972    -0.000150    -0.000150      2233600 
   73.800    -0.583429    -0.004235    -0.004204      2227469 
   73.900     0.339126     0.002510     0.002462      2199968 
   74.000     0.425938     0.003157     0.003142      2190883 
   74.100    -0.026627    -0.000194    -0.000193      2200597 
   74.200     0.107803     0.000775     0.000777      2214602 
   74.300    -0.154865    -0.001116    -0.001113      2196958 
   74.400     0.318999     0.002328     0.002329      2183237 
   74.500    -0.218730    -0.001584    -0.001597      2189879 
   74.600    -0.516023    -0.003757    -0.003735      2180168 
   74.700    -0.375895    -0.002741    -0.002724      2161644 
   74.800    -0.047847    -0.000354    -0.000353      2147043 
   74.900     0.266992     0.001959     0.001946      2162093 
   75.000     0.120282     0.000889     0.000874      2143508 
   75.100    -0.703241    -0.005191    -0.005082      2155088 
   75.200    -0.272924    -0.001988    -0.001977      2151179 
   75.300     0.585825     0.004197     0.004215      2165595 
   75.400    -0.407919    -0.002950    -0.002977      2145133 
   75.500    -0.448299    -0.003245    -0.003252      2129214 
   75.600    -0.027986    -0.000202    -0.000203      2150970 
   75.700    -0.322675    -0.002332    -0.002336      2159453 
   75.800     0.115323     0.000848     0.000851      2129239 
   75.900     0.231247     0.001688     0.001687      2124036 
   76.000     0.422487     0.003147     0.003119      2106039 
   76.100     0.050014     0.000364     0.000364      2116595 
   76.200    -0.314030    -0.002318    -0.002304      2131631 
   76.300     0.323602     0.002338     0.002317      2136511 
   76.400     0.454798     0.003333     0.003319      2141411 
   76.500    -0.130269    -0.000958    -0.000956      2112813 
   76.600     0.091656     0.000683     0.000680      2099539 
   76.700     0.006928     0.000050     0.000051      2102430 
   76.800     0.109921     0.000803     0.000805      2093863 
   76.900    -0.278420    -0.002016    -0.002045      2106599 
   77.000     0.817136     0.006084     0.006061      2103656 
   77.100     0.818777     0.005984     0.005983      2100117 
   77.200     0.318481     0.002326     0.002308      2119468 
   77.300    -0.567124    -0.004175    -0.004190      2107685 
   77.400    -0.726238    -0.005319    -0.005371      2105851 
   77.500     0.395052     0.002924     0.002931      2093879 
   77.600     0.345773     0.002571     0.002545      2082941 
   77.700     0.285012     0.002131     0.002095      2088095 
   77.800    -0.045263    -0.000337    -0.000337      2091893 
   77.900     0.089707     0.000663     0.000656      2096505 
   78.000     0.603784     0.004465     0.004458      2094786 
   78.100     0.568610     0.004165     0.004170      2099562 
   78.200    -0.171820    -0.001255    -0.001246      2086465 
   78.300    -0.707692    -0.005326    -0.005215      2062114 
   78.400    -0.526029    -0.003835    -0.003869      2066383 
   78.500     0.432379     0.003167     0.003185      2088911 
   78.600    -0.120532    -0.000899    -0.000902      2076563 
   78.700    -0.365470    -0.002672    -0.002661      2101504 
   78.800    -0.604020    -0.004483    -0.004419      2078264 
   78.900     0.165369     0.001224     0.001213      2076855 
   79.000    -0.285228    -0.002096    -0.002109      2057959 
   79.100     0.175898     0.001288     0.001290      2077610 
   79.200     0.036574     0.000269     0.000269      2052080 
   79.300    -0.487897    -0.003537    -0.003555      2058153 
   79.400    -0.458794    -0.003375    -0.003413      2061669 
   79.500     0.191586     0.001394     0.001430      2038711 
   79.600    -0.702763    -0.005197    -0.005260      2031442 
   79.700    -0.898355    -0.006706    -0.006650      2040054 
   79.800    -0.002903    -0.000021    -0.000021      2041187 
   79.900    -0.215191    -0.001602    -0.001610      2034475 
   80.000     0.354690     0.002668     0.002641      2064677 
   80.100     0.032055     0.000243     0.000239      2042148 
   80.200     0.200648     0.001469     0.001492      2046840 
   80.300     0.768800     0.005605     0.005662      2049007 
   80.400     0.401649     0.002980     0.002983      2044781 
   80.500     0.241947     0.001819     0.001807      2040273 
   80.600    -1.074903    -0.008219    -0.008155      2031323 
   80.700    -0.638372    -0.004841    -0.004778      2010902 
   80.800    -0.590124    -0.004421    -0.004360      2035740 
   80.900     0.027307     0.000204     0.000203      2037266 
   81.000     0.454420     0.003411     0.003387      2023393 
   81.100     0.090581     0.000671     0.000675      2011964 
   81.200     0.278249     0.002109     0.002097      1989371 
   81.300     0.445268     0.003317     0.003323      2001661 
   81.400     1.291551     0.009749     0.009739      1994317 
   81.500     0.331716     0.002512     0.002504      1998283 
   81.600     0.149116     0.001123     0.001128      1980389 
   81.700     0.747303     0.005691     0.005649      1971723 
   81.800     1.164191     0.008824     0.008778      1967839 
   81.900    -0.182970    -0.001391    -0.001390      1978510 
   82.000     0.659569     0.004971     0.005017      1972303 
   82.100     0.146449     0.001111     0.001122      1956996 
   82.200     0.847062     0.006607     0.006494      1948033 
   82.300     1.090367     0.008507     0.008348      1953494 
   82.400     0.370670     0.002854     0.002823      1967352 
   82.500     0.917131     0.007059     0.006908      1964166 
   82.600     0.409065     0.003115     0.003119      1959697 
   82.700     0.160400     0.001238     0.001227      1956310 
   82.800     0.132846     0.001028     0.001024      1941330 
   82.900     0.582193     0.004432     0.004450      1940977 
   83.000     0.919724     0.007070     0.006984      1943893 
   83.100     0.353557     0.002744     0.002718      1940845 
   83.200     0.152321     0.001183     0.001155      1949594 
   83.300     0.235140     0.001791     0.001782      1910854 
   83.400     0.892512     0.006954     0.006853      1936870 
   83.500     0.222016     0.001711     0.001699      1916743 
   83.600     0.955750     0.007462     0.007391      1928646 
   83.700     0.448732     0.003505     0.003461      1940131 
   83.800     0.922193     0.007108     0.007069      1917357 
   83.900     0.236732     0.001812     0.001803      1915976 
   84.000     0.285992     0.002179     0.002203      1916064 
   84.100     0.817258     0.006306     0.006349      1909563 
   84.200     0.866130     0.006779     0.006705      1917254 
   84.300     1.316370     0.010257     0.010152      1913734 
   84.400     0.119587     0.000920     0.000920      1901915 
   84.500     0.390666     0.002982     0.002998      1907382 
   84.600     0.704796     0.005432     0.005437      1899144 
   84.700     1.074651     0.008494     0.008389      1900726 
   84.800     1.069087     0.008339     0.008211      1919394 
   84.900     1.057494     0.008352     0.008229      1908452 
   85.000     0.281957     0.002203     0.002194      1894194 
   85.100    -0.271660    -0.002135    -0.002117      1906754 
   85.200    -0.278809    -0.002158    -0.002152      1915553 
   85.300     0.478467     0.003739     0.003745      1898064 
   85.400    -0.394327    -0.003071    -0.003074      1899190 
   85.500     0.125872     0.000980     0.000981      1897935 
   85.600     0.193958     0.001506     0.001515      1906979 
   85.700     0.207950     0.001589     0.001617      1891354 
   85.800     0.500721     0.003893     0.003905      1889556 
   85.900     0.306968     0.002367     0.002375      1892854 
   86.000    -0.201954    -0.001594    -0.001574      1890274 
   86.100     0.761298     0.005997     0.005911      1892707 
   86.200     0.844033     0.006435     0.006465      1890215 
   86.300    -0.250708    -0.001961    -0.001963      1878526 
   86.400    -1.134324    -0.008854    -0.008749      1892827 
   86.500    -0.118812    -0.000918    -0.000927      1890555 
   86.600    -0.549820    -0.004257    -0.004268      1871524 
   86.700     0.236946     0.001813     0.001832      1881592 
   86.800     0.406114     0.003109     0.003118      1881078 
   86.900    -0.475898    -0.003707    -0.003688      1875035 
   87.000    -0.762727    -0.005876    -0.005870      1851512 
   87.100    -0.086720    -0.000673    -0.000671      1864095 
   87.200    -0.117960    -0.000898    -0.000906      1860668 
   87.300    -0.458467    -0.003480    -0.003538      1855386 
   87.400    -0.061333    -0.000477    -0.000476      1844733 
   87.500    -0.451999    -0.003618    -0.003567      1847384 
   87.600    -0.520404    -0.004109    -0.004107      1857087 
   87.700     0.023033     0.000185     0.000183      1844919 
   87.800     0.082404     0.000654     0.000648      1845636 
   87.900    -0.478610    -0.003752    -0.003772      1842764 
   88.000    -0.491935    -0.003848    -0.003915      1825296 
   88.100     0.031882     0.000248     0.000252      1830711 
   88.200     0.435377     0.003424     0.003411      1823925 
   88.300     0.774957     0.006210     0.006193      1819847 
   88.400     0.034757     0.000277     0.000277      1810244 
   88.500    -0.262919    -0.002103    -0.002089      1813082 
   88.600    -0.545384    -0.004346    -0.004344      1825845 
   88.700    -0.172676    -0.001383    -0.001383      1809930 
   88.800     0.004637     0.000037     0.000037      1817216 
   88.900     0.175408     0.001391     0.001390      1815463 
   89.000    -0.375706    -0.002978    -0.002987      1809918 
   89.100     0.307208     0.002411     0.002452      1786007 
   89.200    -0.170284    -0.001318    -0.001357      1802889 
   89.300    -0.134132    -0.001049    -0.001079      1791473 
   89.400     0.297047     0.002340     0.002383      1808044 
   89.500     0.963057     0.007632     0.007725      1793727 
   89.600     0.508276     0.003941     0.004059      1795970 
   89.700     0.016629     0.000132     0.000131      1797689 
   89.800    -0.571574    -0.004564    -0.004522      1791336 
   89.900    -0.209043    -0.001655    -0.001658      1798251 
   90.000     0.487642     0.003868     0.003880      1789083 
   90.100     0.422225     0.003419     0.003376      1782604 
   90.200     0.671812     0.005386     0.005406      1768428 
   90.300    -0.208821    -0.001682    -0.001693      1765498 
   90.400     0.546139     0.004322     0.004355      1759481 
   90.500    -0.105392    -0.000835    -0.000843      1760562 
   90.600    -0.657375    -0.005338    -0.005332      1755146 
   90.700     0.332126     0.002625     0.002633      1762499 
   90.800    -0.284835    -0.002257    -0.002295      1758598 
   90.900     0.285409     0.002283     0.002295      1766856 
   91.000     0.063612     0.000523     0.000516      1757396 
   91.100    -0.357877    -0.002885    -0.002876      1760939 
   91.200     1.035385     0.008376     0.008380      1748028 
   91.300     0.338087     0.002786     0.002756      1737953 
   91.400     0.636414     0.005132     0.005137      1721849 
   91.500    -0.024628    -0.000196    -0.000198      1744128 
   91.600    -0.694957    -0.005665    -0.005724      1726943 
   91.700    -0.016080    -0.000131    -0.000133      1722002 
   91.800     0.346473     0.002831     0.002841      1747781 
   91.900     1.183943     0.009567     0.009667      1741187 
   92.000     0.267231     0.002202     0.002198      1725249 
   92.100     0.457171     0.003676     0.003691      1742686 
   92.200     0.059151     0.000480     0.000485      1720546 
   92.300     0.125874     0.001001     0.001015      1708714 
   92.400    -0.407451    -0.003299    -0.003343      1709564 
   92.500     0.581258     0.004640     0.004769      1708624 
   92.600     0.638860     0.005174     0.005208      1695942 
   92.700     0.517901     0.004143     0.004238      1691318 
   92.800     0.774055     0.006281     0.006301      1691222 
   92.900     0.347768     0.002755     0.002810      1719197 
   93.000    -0.470798    -0.003814    -0.003861      1702127 
   93.100    -1.259924    -0.010319    -0.010279      1682686 
   93.200    -0.656777    -0.005319    -0.005379      1706804 
   93.300     0.381694     0.003135     0.003151      1696145 
   93.400     0.900671     0.007306     0.007308      1689652 
   93.500     0.110227     0.000891     0.000898      1695721 
   93.600     0.386203     0.003131     0.003161      1687909 
   93.700     0.460159     0.003844     0.003781      1674672 
   93.800     0.229418     0.001870     0.001904      1652375 
   93.900     0.718224     0.005823     0.005933      1675117 
   94.000     0.369527     0.003018     0.003076      1660151 
   94.100     0.666002     0.005492     0.005553      1659819 
   94.200     0.964710     0.007929     0.007935      1658980 
   94.300     1.232223     0.009961     0.010008      1670994 
   94.400    -0.165358    -0.001340    -0.001375      1650422 
   94.500    -0.164987    -0.001302    -0.001334      1655748 
   94.600    -0.223221    -0.001773    -0.001833      1657498 
   94.700     0.230307     0.001862     0.001883      1644567 
   94.800     0.022967     0.000190     0.000190      1643409 
   94.900    -0.476060    -0.003927    -0.003990      1637606 
   95.000    -0.299020    -0.002436    -0.002462      1657141 
   95.100    -0.327666    -0.002658    -0.002707      1648635 
   95.200    -0.596220    -0.004735    -0.004837      1657576 
   95.300    -0.935861    -0.007630    -0.007823      1630555 
   95.400    -0.482152    -0.003887    -0.003982      1652943 
   95.500    -0.753634    -0.006147    -0.006255      1641277 
   95.600     0.656199     0.005293     0.005410      1636359 
   95.700     0.005003     0.000041     0.000042      1646255 
   95.800    -0.099009    -0.000815    -0.000821      1624692 
   95.900     0.021732     0.000175     0.000179      1642922 
   96.000     0.105006     0.000866     0.000879      1640682 
   96.100     0.835730     0.006805     0.006876      1655676 
   96.200    -0.606057    -0.004823    -0.004927      1637335 
   96.300     0.035544     0.000289     0.000294      1644290 
   96.400     0.069829     0.000581     0.000579      1615857 
   96.500    -0.267330    -0.002114    -0.002158      1646202 
   96.600     0.283543     0.002310     0.002322      1630545 
   96.700    -0.196823    -0.001614    -0.001623      1612579 
   96.800    -0.327275    -0.002636    -0.002667      1604424 
   96.900    -0.384037    -0.003108    -0.003129      1613761 
   97.000    -0.094105    -0.000776    -0.000780      1604983 
   97.100    -0.465329    -0.003812    -0.003866      1613263 
   97.200     0.119681     0.000991     0.001005      1609104 
   97.300    -0.767486    -0.006212    -0.006299      1610524 
   97.400    -0.888986    -0.007355    -0.007365      1605030 
   97.500    -0.415165    -0.003374    -0.003443      1595115 
   97.600    -0.065166    -0.000542    -0.000544      1588614 
   97.700    -0.791246    -0.006613    -0.006588      1592794 
   97.800    -0.670758    -0.005535    -0.005574      1598039 
   97.900    -0.116927    -0.000965    -0.000973      1586629 
   98.000    -0.620870    -0.005082    -0.005155      1589639 
   98.100    -0.193044    -0.001553    -0.001600      1590690 
   98.200     0.225445     0.001864     0.001862      1585592 
   98.300    -0.525810    -0.004372    -0.004379      1598881 
   98.400    -0.658342    -0.005487    -0.005544      1604135 
   98.500    -0.193239    -0.001598    -0.001610      1591591 
   98.600     0.115013     0.000953     0.000962      1553930 
   98.700    -0.220677    -0.001820    -0.001817      1569112 
   98.800    -0.176503    -0.001487    -0.001472      1567347 
   98.900    -0.230216    -0.001981    -0.001932      1548258 
   99.000     0.120373     0.001022     0.001020      1550462 
   99.100    -0.993410    -0.008372    -0.008380      1557674 
   99.200    -0.160315    -0.001349    -0.001349      1552033 
   99.300    -0.343417    -0.002827    -0.002870      1541072 
   99.400     0.398377     0.003288     0.003324      1549605 
   99.500     0.839427     0.006975     0.007045      1558044 
   99.600     1.159412     0.009888     0.009889      1544724 
   99.700     1.415177     0.011955     0.012090      1541698 
   99.800     0.979834     0.008058     0.008198      1549404 
   99.900     0.016605     0.000142     0.000142      1532736 
  100.000     0.437010     0.003847     0.003787      1520887 
