fitting 1 exponentials + affine
seed: 6053042728 
   12.273037 
    0.205 
   12.180048 
    0.316 
   12.059612 
    0.431 
   12.012878 
    0.469 
   10.997162 
    0.858 
   10.761091 
    0.919 
   10.743884 
    0.945 
   10.742191 
    0.944 
   10.738923 
    0.940 
   10.738112 
    0.937 
   10.738112 
    0.937 
   10.738112 
    0.937 
   10.738112 
    0.937 
    0.937 
nagopt ncall: 1  oldvalue:     10.738111691 newvalue:    10.738111691
   10.738112 
    0.937154536 
error sd:     0.003277
halflife:    10.679 
mean (generations):    64.907 
    0.021674013    -0.000200526 
##end of run
