 ##Z-score and correlation:: ../../ancpop.list  binsize:     0.001000
    0.100    32.661258     0.172017     0.173024      5845721 
    0.200    10.133565     0.056659     0.056518      4349047 
    0.300     6.319555     0.033891     0.034107      4337738 
    0.400     4.398073     0.023384     0.023449      4282699 
    0.500     3.223944     0.017172     0.017132      4243582 
    0.600     3.280142     0.017286     0.017337      4225130 
    0.700     1.921193     0.010188     0.010163      4215047 
    0.800     2.555726     0.013414     0.013425      4191965 
    0.900     2.380308     0.012565     0.012616      4189362 
    1.000     1.946301     0.010279     0.010302      4189681 
    1.100     2.555930     0.013564     0.013496      4160954 
    1.200     2.202467     0.011679     0.011647      4179018 
    1.300     1.766062     0.009443     0.009415      4149021 
    1.400     1.208503     0.006478     0.006474      4111830 
    1.500     1.218139     0.006496     0.006517      4113453 
    1.600     1.355206     0.007342     0.007238      4117849 
    1.700     1.211281     0.006409     0.006409      4119602 
    1.800     1.218592     0.006458     0.006458      4109070 
    1.900     0.488019     0.002590     0.002592      4100449 
    2.000     1.071805     0.005776     0.005723      4082814 
    2.100     1.295895     0.006799     0.006838      4086704 
    2.200     0.747417     0.003949     0.003966      4090661 
    2.300     0.272434     0.001428     0.001451      4085597 
    2.400     1.127763     0.005945     0.005939      4073991 
    2.500     0.959151     0.005025     0.005040      4057447 
    2.600     0.575968     0.003056     0.003059      4049518 
    2.700     0.322695     0.001707     0.001717      4022477 
    2.800     0.622792     0.003325     0.003350      4037531 
    2.900     1.044412     0.005637     0.005662      4042025 
    3.000     0.892891     0.004728     0.004795      4036086 
    3.100    -0.233744    -0.001259    -0.001267      4036852 
    3.200     0.759267     0.004072     0.004092      4039899 
    3.300     0.895310     0.004820     0.004820      4027770 
    3.400     0.464561     0.002468     0.002473      4029939 
    3.500    -0.336667    -0.001783    -0.001803      4031106 
    3.600    -0.686952    -0.003678    -0.003694      4022493 
    3.700     0.092699     0.000502     0.000499      4013089 
    3.800    -0.151489    -0.000816    -0.000813      4009236 
    3.900     0.163799     0.000879     0.000880      3986507 
    4.000     0.143464     0.000769     0.000779      3985003 
    4.100     0.684823     0.003690     0.003696      3985777 
    4.200     0.260489     0.001408     0.001416      3980388 
    4.300     0.342883     0.001841     0.001848      3984376 
    4.400     0.235520     0.001275     0.001272      3961354 
    4.500    -0.185653    -0.001010    -0.001003      3979899 
    4.600     0.139275     0.000756     0.000754      3969251 
    4.700     0.224978     0.001223     0.001218      3973878 
    4.800    -0.505110    -0.002745    -0.002722      3980875 
    4.900     0.225623     0.001228     0.001218      3966655 
    5.000     1.374934     0.007407     0.007405      3976229 
    5.100     0.580489     0.003182     0.003152      3956205 
    5.200     0.553022     0.003000     0.002969      3977293 
    5.300     0.018174     0.000098     0.000099      3943555 
    5.400     0.104815     0.000571     0.000566      3975384 
    5.500    -0.422229    -0.002307    -0.002288      3950498 
    5.600     0.020674     0.000112     0.000111      3949675 
    5.700     0.721145     0.003867     0.003887      3922765 
    5.800     0.426563     0.002300     0.002303      3909530 
    5.900     0.297276     0.001611     0.001604      3929087 
    6.000     0.450359     0.002453     0.002432      3944350 
    6.100     0.369548     0.002019     0.002012      3941015 
    6.200     0.170349     0.000932     0.000929      3947263 
    6.300     0.742891     0.004011     0.003993      3952632 
    6.400     0.818360     0.004440     0.004398      3948992 
    6.500    -0.103705    -0.000564    -0.000563      3941074 
    6.600    -0.154432    -0.000830    -0.000832      3939480 
    6.700    -0.138619    -0.000750    -0.000751      3922397 
    6.800    -0.217272    -0.001189    -0.001169      3916533 
    6.900     0.068756     0.000375     0.000373      3914731 
    7.000    -0.231997    -0.001273    -0.001261      3949130 
    7.100     0.092234     0.000504     0.000500      3915023 
    7.200     0.110260     0.000598     0.000591      3962061 
    7.300     0.505557     0.002703     0.002712      3932157 
    7.400     0.295236     0.001592     0.001586      3936374 
    7.500     0.080966     0.000436     0.000436      3939029 
    7.600     0.035577     0.000196     0.000193      3914073 
    7.700    -0.112519    -0.000612    -0.000609      3931378 
    7.800    -0.194692    -0.001075    -0.001064      3922416 
    7.900     0.590831     0.003236     0.003218      3897985 
    8.000     0.856551     0.004648     0.004618      3928080 
    8.100     0.460511     0.002506     0.002490      3907562 
    8.200     0.651404     0.003542     0.003531      3924345 
    8.300     0.842871     0.004550     0.004536      3930981 
    8.400    -0.687919    -0.003727    -0.003731      3946595 
    8.500    -0.028577    -0.000155    -0.000155      3937056 
    8.600     0.387291     0.002106     0.002108      3903191 
    8.700     0.416397     0.002309     0.002290      3908980 
    8.800     0.612049     0.003331     0.003320      3911990 
    8.900     0.120629     0.000652     0.000651      3936557 
    9.000     0.160051     0.000877     0.000874      3915492 
    9.100    -0.280480    -0.001537    -0.001536      3900237 
    9.200     0.027789     0.000152     0.000152      3883142 
    9.300    -0.108283    -0.000593    -0.000594      3898718 
    9.400     0.193703     0.001053     0.001053      3895985 
    9.500     0.688622     0.003765     0.003733      3878646 
    9.600     0.088809     0.000484     0.000480      3892444 
    9.700     0.728895     0.003958     0.003983      3874753 
    9.800     0.462965     0.002537     0.002520      3864594 
    9.900     0.878697     0.004842     0.004784      3886103 
   10.000     0.051714     0.000283     0.000283      3876817 
   10.100     0.067967     0.000369     0.000370      3882786 
   10.200    -0.371272    -0.002035    -0.002021      3886957 
   10.300     0.165787     0.000905     0.000902      3880871 
   10.400     0.848460     0.004642     0.004624      3865468 
   10.500     0.264062     0.001469     0.001458      3852100 
   10.600     0.059742     0.000329     0.000326      3866673 
   10.700    -0.541398    -0.002936    -0.002951      3854747 
   10.800    -0.913482    -0.005015    -0.005018      3860965 
   10.900    -0.581037    -0.003225    -0.003200      3858252 
   11.000    -0.278608    -0.001537    -0.001526      3847733 
   11.100    -0.065131    -0.000362    -0.000357      3841627 
   11.200     1.289024     0.007193     0.007105      3836654 
   11.300     0.507920     0.002806     0.002777      3864090 
   11.400     0.077603     0.000428     0.000424      3870214 
   11.500    -0.245537    -0.001336    -0.001340      3868269 
   11.600    -0.574753    -0.003148    -0.003145      3862688 
   11.700    -0.602044    -0.003321    -0.003285      3823752 
   11.800     0.528757     0.002939     0.002901      3798839 
   11.900     0.231625     0.001273     0.001268      3835870 
   12.000    -0.212566    -0.001183    -0.001169      3828812 
   12.100    -0.554444    -0.003043    -0.003025      3822093 
   12.200    -0.612454    -0.003360    -0.003353      3844128 
   12.300     0.190354     0.001048     0.001051      3825121 
   12.400    -0.434195    -0.002380    -0.002376      3825019 
   12.500    -1.194817    -0.006505    -0.006547      3857925 
   12.600    -0.598750    -0.003291    -0.003309      3859857 
   12.700    -0.379630    -0.002098    -0.002108      3824640 
   12.800    -0.195001    -0.001060    -0.001063      3817200 
   12.900    -0.298439    -0.001624    -0.001631      3826151 
   13.000     0.159328     0.000867     0.000870      3802404 
   13.100     0.141099     0.000772     0.000772      3789036 
   13.200    -0.216711    -0.001171    -0.001176      3789723 
   13.300     0.264759     0.001443     0.001455      3811332 
   13.400    -0.222981    -0.001232    -0.001222      3786374 
   13.500    -0.427201    -0.002332    -0.002327      3782000 
   13.600    -0.014154    -0.000077    -0.000078      3806899 
   13.700     0.044290     0.000240     0.000239      3796515 
   13.800     0.698662     0.003820     0.003810      3808278 
   13.900     0.235873     0.001296     0.001295      3764391 
   14.000     0.410192     0.002227     0.002251      3811283 
   14.100     0.024556     0.000136     0.000136      3792048 
   14.200    -0.178573    -0.000978    -0.000987      3781459 
   14.300    -0.745225    -0.004115    -0.004108      3777982 
   14.400    -0.252093    -0.001383    -0.001382      3775848 
   14.500    -0.056268    -0.000309    -0.000308      3778782 
   14.600     0.159363     0.000870     0.000877      3775214 
   14.700     0.513185     0.002834     0.002803      3756706 
   14.800     0.714812     0.003889     0.003906      3760784 
   14.900    -0.481448    -0.002628    -0.002649      3776631 
   15.000    -0.666411    -0.003674    -0.003709      3747762 
   15.100    -0.060414    -0.000334    -0.000335      3776333 
   15.200    -0.026068    -0.000145    -0.000145      3769458 
   15.300     0.170201     0.000939     0.000934      3769657 
   15.400    -0.283138    -0.001565    -0.001554      3778044 
   15.500    -0.102423    -0.000560    -0.000563      3785486 
   15.600    -0.200576    -0.001114    -0.001109      3774903 
   15.700    -0.351648    -0.001931    -0.001934      3726742 
   15.800    -0.551349    -0.003045    -0.003052      3748209 
   15.900    -0.727425    -0.004033    -0.004052      3751226 
   16.000    -0.677950    -0.003817    -0.003811      3743482 
   16.100     0.336299     0.001865     0.001864      3768607 
   16.200     0.245080     0.001347     0.001349      3753554 
   16.300     0.191605     0.001074     0.001073      3738926 
   16.400    -0.470199    -0.002590    -0.002597      3759897 
   16.500    -0.638181    -0.003538    -0.003534      3751265 
   16.600     0.254627     0.001410     0.001409      3752180 
   16.700    -0.275063    -0.001522    -0.001549      3718097 
   16.800    -0.359816    -0.001988    -0.001997      3741195 
   16.900    -1.082172    -0.006004    -0.005979      3729999 
   17.000    -0.432207    -0.002370    -0.002377      3736669 
   17.100    -0.012235    -0.000067    -0.000067      3768674 
   17.200    -0.060337    -0.000333    -0.000333      3749249 
   17.300     0.218067     0.001185     0.001203      3734550 
   17.400    -0.201150    -0.001118    -0.001119      3746216 
   17.500     0.528219     0.002943     0.002924      3729099 
   17.600     0.538732     0.003005     0.002993      3716393 
   17.700     0.070671     0.000390     0.000394      3739768 
   17.800     0.014359     0.000080     0.000080      3738507 
   17.900    -0.062671    -0.000345    -0.000348      3731721 
   18.000    -0.749620    -0.004151    -0.004172      3728584 
   18.100     0.216721     0.001191     0.001197      3723973 
   18.200     0.575118     0.003223     0.003183      3729891 
   18.300     0.086184     0.000484     0.000477      3736523 
   18.400     1.276646     0.007099     0.007067      3732541 
   18.500     0.636352     0.003496     0.003526      3735366 
   18.600    -0.428545    -0.002365    -0.002373      3705691 
   18.700    -0.843404    -0.004680    -0.004679      3701675 
   18.800    -1.078359    -0.005938    -0.005953      3733961 
   18.900     0.063546     0.000349     0.000351      3726164 
   19.000     0.040368     0.000221     0.000224      3708210 
   19.100     0.258345     0.001405     0.001435      3686836 
   19.200     0.010904     0.000060     0.000061      3687050 
   19.300    -0.703670    -0.003950    -0.003940      3690355 
   19.400    -0.387994    -0.002146    -0.002152      3723163 
   19.500     0.108644     0.000600     0.000605      3722981 
   19.600    -0.508058    -0.002815    -0.002840      3676654 
   19.700    -0.203943    -0.001140    -0.001142      3700569 
   19.800    -0.536674    -0.002978    -0.002985      3716795 
   19.900    -0.457867    -0.002542    -0.002553      3693935 
   20.000     0.025286     0.000144     0.000143      3676486 
   20.100    -0.251290    -0.001428    -0.001425      3673204 
   20.200    -0.698755    -0.003943    -0.003958      3666741 
   20.300    -1.009340    -0.005631    -0.005632      3715512 
   20.400    -0.304484    -0.001699    -0.001698      3701193 
   20.500    -0.363410    -0.002014    -0.002036      3714590 
   20.600    -0.118964    -0.000663    -0.000667      3703341 
   20.700    -0.692140    -0.003830    -0.003874      3693414 
   20.800    -0.009826    -0.000055    -0.000055      3666982 
   20.900     0.501077     0.002783     0.002783      3700381 
   21.000     0.170566     0.000945     0.000951      3697630 
   21.100     0.407393     0.002234     0.002255      3661344 
   21.200    -0.038535    -0.000209    -0.000211      3677858 
   21.300    -0.168971    -0.000929    -0.000941      3652061 
   21.400    -0.625490    -0.003535    -0.003492      3667787 
   21.500     0.195233     0.001094     0.001097      3677357 
   21.600    -1.227727    -0.006887    -0.006887      3670490 
   21.700    -1.311721    -0.007382    -0.007391      3675182 
   21.800    -0.517308    -0.002851    -0.002868      3686538 
   21.900    -0.305330    -0.001717    -0.001717      3677143 
   22.000    -0.001017    -0.000006    -0.000006      3639512 
   22.100     0.181049     0.001028     0.001021      3626018 
   22.200     0.129485     0.000724     0.000735      3627488 
   22.300    -0.201727    -0.001128    -0.001134      3648805 
   22.400     0.174461     0.000979     0.000982      3650163 
   22.500    -0.325974    -0.001844    -0.001826      3667033 
   22.600    -0.091017    -0.000512    -0.000512      3655003 
   22.700    -0.657249    -0.003685    -0.003705      3655138 
   22.800    -0.033697    -0.000189    -0.000190      3640559 
   22.900     0.315786     0.001785     0.001784      3607779 
   23.000     0.396988     0.002250     0.002262      3637443 
   23.100     0.328005     0.001847     0.001869      3634831 
   23.200    -0.541461    -0.003032    -0.003069      3644974 
   23.300    -0.459294    -0.002559    -0.002564      3637883 
   23.400    -0.027796    -0.000156    -0.000156      3643812 
   23.500     0.438348     0.002444     0.002450      3640221 
   23.600     0.768927     0.004295     0.004348      3635798 
   23.700    -0.198262    -0.001117    -0.001124      3620662 
   23.800    -0.520468    -0.002873    -0.002904      3638826 
   23.900    -0.372755    -0.002090    -0.002108      3629575 
   24.000    -0.707272    -0.004005    -0.004012      3604874 
   24.100     0.196443     0.001107     0.001111      3635255 
   24.200     0.976960     0.005402     0.005484      3617646 
   24.300    -0.262713    -0.001478    -0.001486      3614805 
   24.400     0.001175     0.000007     0.000007      3640488 
   24.500    -0.996065    -0.005569    -0.005623      3624823 
   24.600    -0.041382    -0.000230    -0.000233      3629156 
   24.700    -0.377956    -0.002133    -0.002127      3637999 
   24.800    -0.300605    -0.001702    -0.001705      3609221 
   24.900    -0.606241    -0.003411    -0.003432      3605145 
   25.000    -0.248340    -0.001401    -0.001396      3607994 
   25.100     0.305386     0.001732     0.001718      3614706 
   25.200     0.377159     0.002130     0.002136      3604847 
   25.300     0.377534     0.002117     0.002119      3632450 
   25.400    -0.532490    -0.002984    -0.002985      3636279 
   25.500    -0.306972    -0.001747    -0.001742      3611175 
   25.600    -0.260465    -0.001481    -0.001480      3600561 
   25.700     0.092974     0.000524     0.000525      3579832 
   25.800     0.267286     0.001508     0.001511      3582812 
   25.900     0.026450     0.000149     0.000150      3580169 
   26.000     0.421154     0.002345     0.002372      3582431 
   26.100     0.002915     0.000016     0.000016      3565199 
   26.200     0.035215     0.000197     0.000199      3578337 
   26.300    -0.302006    -0.001701    -0.001712      3560727 
   26.400     0.309975     0.001758     0.001765      3574110 
   26.500     1.026900     0.005784     0.005825      3568664 
   26.600     0.502296     0.002856     0.002893      3540031 
   26.700     0.284989     0.001626     0.001631      3556435 
   26.800    -0.181500    -0.001036    -0.001034      3538760 
   26.900     0.067165     0.000380     0.000382      3555314 
   27.000    -0.197847    -0.001118    -0.001121      3538393 
   27.100     0.142100     0.000816     0.000815      3511698 
   27.200    -0.653915    -0.003728    -0.003712      3537702 
   27.300    -0.466467    -0.002646    -0.002663      3501022 
   27.400    -0.655103    -0.003755    -0.003756      3531616 
   27.500    -0.556578    -0.003162    -0.003190      3521347 
   27.600     0.330514     0.001894     0.001900      3515735 
   27.700     0.122715     0.000711     0.000710      3523400 
   27.800     0.266499     0.001516     0.001529      3532331 
   27.900     0.789157     0.004576     0.004583      3543779 
   28.000    -0.421405    -0.002440    -0.002427      3530765 
   28.100    -0.175195    -0.001002    -0.001005      3517557 
   28.200     0.818711     0.004718     0.004745      3520481 
   28.300    -0.900948    -0.005217    -0.005193      3516753 
   28.400    -0.575522    -0.003263    -0.003282      3510459 
   28.500     0.492880     0.002846     0.002853      3493082 
   28.600    -0.017163    -0.000100    -0.000099      3495671 
   28.700    -0.333860    -0.001921    -0.001935      3497066 
   28.800    -0.649169    -0.003741    -0.003736      3532218 
   28.900    -0.674930    -0.003899    -0.003896      3524686 
   29.000    -0.725561    -0.004119    -0.004142      3516517 
   29.100    -0.773419    -0.004369    -0.004418      3509249 
   29.200    -0.741225    -0.004256    -0.004280      3496247 
   29.300    -1.114992    -0.006336    -0.006380      3492510 
   29.400    -0.861962    -0.004851    -0.004923      3511051 
   29.500    -0.683148    -0.003899    -0.003925      3481627 
   29.600     0.263883     0.001487     0.001510      3490791 
   29.700    -0.207715    -0.001176    -0.001181      3464800 
   29.800     0.163015     0.000926     0.000930      3443724 
   29.900     0.597119     0.003370     0.003416      3456512 
   30.000     0.423104     0.002388     0.002421      3469990 
   30.100    -0.429577    -0.002428    -0.002478      3457147 
   30.200    -0.273466    -0.001562    -0.001578      3483510 
   30.300    -0.221359    -0.001269    -0.001268      3509394 
   30.400    -0.508471    -0.002939    -0.002930      3472974 
   30.500     0.195392     0.001120     0.001125      3472758 
   30.600    -0.386211    -0.002177    -0.002203      3479903 
   30.700     0.005029     0.000029     0.000029      3478200 
   30.800    -0.643401    -0.003652    -0.003703      3469037 
   30.900     0.321573     0.001792     0.001849      3444734 
   31.000    -0.836828    -0.004720    -0.004790      3459979 
   31.100    -1.087162    -0.006225    -0.006294      3453319 
   31.200     0.097297     0.000555     0.000562      3469404 
   31.300    -1.342022    -0.007643    -0.007741      3451322 
   31.400    -0.714416    -0.004015    -0.004057      3448755 
   31.500    -0.708503    -0.004107    -0.004118      3422020 
   31.600     0.123357     0.000710     0.000712      3428586 
   31.700    -0.085659    -0.000494    -0.000500      3432554 
   31.800    -0.470432    -0.002708    -0.002747      3411795 
   31.900    -0.927579    -0.005311    -0.005344      3420047 
   32.000    -0.558929    -0.003195    -0.003231      3441273 
   32.100    -1.319840    -0.007541    -0.007588      3463574 
   32.200    -0.426610    -0.002449    -0.002459      3421262 
   32.300    -0.287539    -0.001671    -0.001680      3439008 
   32.400    -0.708659    -0.004037    -0.004079      3439719 
   32.500     0.069201     0.000392     0.000400      3449099 
   32.600    -0.828257    -0.004757    -0.004832      3420028 
   32.700    -0.096566    -0.000550    -0.000555      3414291 
   32.800    -0.187367    -0.001070    -0.001072      3434131 
   32.900     0.633162     0.003626     0.003645      3420352 
   33.000    -0.105270    -0.000594    -0.000604      3414019 
   33.100    -0.311675    -0.001771    -0.001804      3395417 
   33.200    -0.388011    -0.002198    -0.002224      3395694 
   33.300     0.218155     0.001259     0.001272      3374399 
   33.400     0.113082     0.000653     0.000658      3370944 
   33.500     0.027095     0.000157     0.000157      3382549 
   33.600     0.141084     0.000803     0.000812      3401005 
   33.700     0.304031     0.001734     0.001752      3399309 
   33.800     0.160084     0.000917     0.000927      3390825 
   33.900     0.484441     0.002802     0.002829      3391308 
   34.000     0.338648     0.001976     0.001979      3384049 
   34.100     0.091747     0.000544     0.000545      3363548 
   34.200     0.485354     0.002807     0.002820      3369154 
   34.300    -0.027815    -0.000161    -0.000162      3374639 
   34.400     0.131075     0.000753     0.000759      3378310 
   34.500    -0.330859    -0.001926    -0.001911      3354560 
   34.600     0.265044     0.001548     0.001540      3344234 
   34.700     0.654247     0.003838     0.003849      3356851 
   34.800    -0.145434    -0.000856    -0.000842      3369564 
   34.900    -0.681853    -0.003966    -0.003972      3351658 
   35.000    -0.230248    -0.001361    -0.001362      3336664 
   35.100    -0.846353    -0.004932    -0.004946      3341786 
   35.200    -1.120520    -0.006578    -0.006604      3324927 
   35.300     0.313105     0.001834     0.001841      3327994 
   35.400    -0.341104    -0.001993    -0.002017      3327519 
   35.500    -0.150787    -0.000884    -0.000890      3336711 
   35.600    -0.501308    -0.002949    -0.002954      3329153 
   35.700    -0.804307    -0.004716    -0.004716      3307236 
   35.800    -0.930840    -0.005448    -0.005484      3297679 
   35.900    -0.887699    -0.005247    -0.005229      3317689 
   36.000     0.048519     0.000286     0.000285      3341551 
   36.100     0.397567     0.002309     0.002331      3300456 
   36.200    -0.023329    -0.000137    -0.000137      3304839 
   36.300     0.284029     0.001650     0.001654      3309246 
   36.400     0.285911     0.001645     0.001671      3308438 
   36.500    -0.978165    -0.005713    -0.005775      3296475 
   36.600    -0.759219    -0.004424    -0.004475      3271818 
   36.700    -0.550463    -0.003277    -0.003258      3270714 
   36.800    -0.786214    -0.004590    -0.004636      3300504 
   36.900    -0.177331    -0.001035    -0.001039      3293299 
   37.000     0.280132     0.001664     0.001652      3297251 
   37.100    -0.307785    -0.001842    -0.001840      3284746 
   37.200     0.507246     0.002971     0.002993      3269770 
   37.300    -0.153775    -0.000904    -0.000911      3277516 
   37.400     0.169570     0.000985     0.000998      3289261 
   37.500    -0.451792    -0.002644    -0.002652      3261090 
   37.600    -0.458238    -0.002730    -0.002732      3248700 
   37.700    -1.205848    -0.006978    -0.007109      3290031 
   37.800    -0.669786    -0.003926    -0.003982      3283321 
   37.900    -0.908877    -0.005268    -0.005362      3311517 
   38.000     0.027071     0.000159     0.000161      3273290 
   38.100    -0.279367    -0.001662    -0.001667      3276291 
   38.200    -0.611288    -0.003622    -0.003608      3296348 
   38.300    -0.562141    -0.003287    -0.003290      3271043 
   38.400    -0.128039    -0.000738    -0.000747      3260534 
   38.500     0.324207     0.001901     0.001924      3269400 
   38.600    -0.098592    -0.000578    -0.000583      3268972 
   38.700    -0.019434    -0.000115    -0.000115      3272151 
   38.800     0.431927     0.002563     0.002582      3269305 
   38.900     0.481993     0.002887     0.002887      3282735 
   39.000    -0.003975    -0.000023    -0.000024      3280245 
   39.100    -0.780772    -0.004630    -0.004686      3240761 
   39.200    -0.410096    -0.002438    -0.002447      3261572 
   39.300    -0.001108    -0.000007    -0.000007      3258173 
   39.400    -0.267588    -0.001575    -0.001584      3259726 
   39.500    -0.755080    -0.004461    -0.004494      3251081 
   39.600     0.258998     0.001544     0.001536      3250286 
   39.700     0.112967     0.000667     0.000674      3248416 
   39.800    -0.438523    -0.002575    -0.002605      3231775 
   39.900     0.014648     0.000086     0.000088      3217280 
   40.000    -0.589748    -0.003534    -0.003567      3197417 
   40.100    -0.398375    -0.002406    -0.002407      3203471 
   40.200    -0.295578    -0.001770    -0.001785      3213047 
   40.300    -0.258780    -0.001546    -0.001549      3229311 
   40.400    -0.148536    -0.000877    -0.000881      3233883 
   40.500     0.102291     0.000612     0.000614      3220578 
   40.600    -0.493630    -0.002979    -0.002978      3204112 
   40.700     0.640886     0.003826     0.003864      3193792 
   40.800     0.012145     0.000072     0.000072      3219363 
   40.900     0.044613     0.000268     0.000268      3177636 
   41.000     0.471631     0.002851     0.002858      3165747 
   41.100     0.742695     0.004508     0.004519      3164874 
   41.200     0.435967     0.002588     0.002617      3195973 
   41.300     0.919350     0.005480     0.005555      3191546 
   41.400     0.514379     0.003083     0.003112      3190855 
   41.500     0.545227     0.003301     0.003323      3186863 
   41.600     0.447394     0.002702     0.002721      3164210 
   41.700    -0.547645    -0.003335    -0.003339      3168175 
   41.800     0.307215     0.001829     0.001852      3174551 
   41.900    -0.156887    -0.000944    -0.000955      3156800 
   42.000    -0.530419    -0.003179    -0.003253      3140127 
   42.100    -0.680627    -0.004047    -0.004134      3155242 
   42.200    -0.920595    -0.005505    -0.005598      3116296 
   42.300    -1.079348    -0.006452    -0.006542      3118662 
   42.400    -0.750582    -0.004590    -0.004597      3131543 
   42.500    -0.203557    -0.001241    -0.001236      3148623 
   42.600    -0.427129    -0.002532    -0.002572      3128028 
   42.700    -1.116848    -0.006782    -0.006849      3130607 
   42.800    -0.590546    -0.003571    -0.003605      3135199 
   42.900    -0.575367    -0.003489    -0.003487      3129557 
   43.000    -0.981104    -0.005987    -0.005971      3141326 
   43.100    -0.618141    -0.003752    -0.003758      3117374 
   43.200    -0.018482    -0.000112    -0.000113      3100312 
   43.300     0.023908     0.000146     0.000146      3094000 
   43.400    -0.794030    -0.004798    -0.004824      3093978 
   43.500     0.104662     0.000630     0.000640      3097944 
   43.600     0.416102     0.002520     0.002538      3093457 
   43.700    -0.315618    -0.001912    -0.001932      3091323 
   43.800    -0.309904    -0.001905    -0.001909      3083501 
   43.900     0.183189     0.001114     0.001122      3083600 
   44.000    -0.906732    -0.005571    -0.005584      3084166 
   44.100    -0.151253    -0.000923    -0.000937      3074758 
   44.200    -0.009335    -0.000057    -0.000058      3048754 
   44.300     0.272059     0.001639     0.001655      3081920 
   44.400    -0.362245    -0.002181    -0.002196      3086165 
   44.500    -0.334484    -0.002025    -0.002045      3046706 
   44.600    -0.088359    -0.000542    -0.000547      3038680 
   44.700    -0.312866    -0.001939    -0.001947      3026125 
   44.800     0.028327     0.000174     0.000175      3044912 
   44.900    -0.175064    -0.001064    -0.001069      3041054 
   45.000    -0.689257    -0.004148    -0.004208      3029414 
   45.100     0.386719     0.002327     0.002354      3053319 
   45.200     0.904280     0.005512     0.005539      3048130 
   45.300     0.710354     0.004279     0.004352      3025852 
   45.400     0.860178     0.005235     0.005324      3030490 
   45.500    -0.179938    -0.001104    -0.001113      3050175 
   45.600     0.163961     0.001003     0.001020      3016377 
   45.700    -0.249899    -0.001546    -0.001552      3016955 
   45.800    -0.894929    -0.005471    -0.005528      2999407 
   45.900     0.123369     0.000761     0.000769      3033717 
   46.000    -0.013094    -0.000080    -0.000082      3014358 
   46.100     0.305010     0.001859     0.001892      3032010 
   46.200    -0.012520    -0.000077    -0.000077      3015074 
   46.300     0.212251     0.001306     0.001310      3015150 
   46.400     0.233634     0.001430     0.001452      3004207 
   46.500     0.221423     0.001350     0.001366      3001829 
   46.600    -0.050082    -0.000309    -0.000311      2992316 
   46.700     0.391605     0.002389     0.002416      3005388 
   46.800     0.142224     0.000855     0.000866      3003162 
   46.900     0.364870     0.002215     0.002254      2994986 
   47.000     0.619738     0.003732     0.003802      2973216 
   47.100     0.643557     0.003907     0.003979      2994539 
   47.200     0.536123     0.003294     0.003326      2965289 
   47.300     0.115252     0.000713     0.000719      2945231 
   47.400    -0.326057    -0.002004    -0.002027      2968851 
   47.500     0.550007     0.003366     0.003418      2982389 
   47.600     0.864415     0.005353     0.005389      2973166 
   47.700     0.214686     0.001348     0.001360      2969545 
   47.800     0.192984     0.001210     0.001220      2973205 
   47.900    -0.570685    -0.003562    -0.003624      2920406 
   48.000     0.271652     0.001699     0.001706      2940659 
   48.100    -0.179181    -0.001113    -0.001126      2956865 
   48.200     0.066276     0.000409     0.000416      2929184 
   48.300    -0.021404    -0.000132    -0.000133      2944288 
   48.400     0.063888     0.000395     0.000398      2925862 
   48.500    -0.308930    -0.001922    -0.001950      2923251 
   48.600     0.552618     0.003430     0.003469      2929842 
   48.700     1.059415     0.006651     0.006715      2915364 
   48.800     0.072745     0.000458     0.000459      2898595 
   48.900     0.016533     0.000102     0.000103      2916154 
   49.000     0.302803     0.001856     0.001883      2935382 
   49.100    -0.128494    -0.000801    -0.000816      2894057 
   49.200    -0.585467    -0.003610    -0.003659      2910953 
   49.300     0.411167     0.002552     0.002577      2900063 
   49.400    -1.208075    -0.007517    -0.007585      2905983 
   49.500    -0.473123    -0.002926    -0.002939      2915878 
   49.600     0.188690     0.001180     0.001179      2934154 
   49.700     0.552603     0.003398     0.003447      2942724 
   49.800     0.220875     0.001375     0.001388      2904929 
   49.900     0.740421     0.004613     0.004646      2898826 
   50.000     1.057291     0.006696     0.006720      2878245 
   50.100     0.558690     0.003507     0.003538      2855949 
   50.200    -0.167660    -0.001059    -0.001057      2851914 
   50.300    -0.170487    -0.001085    -0.001077      2873801 
   50.400    -0.432006    -0.002746    -0.002758      2823164 
   50.500     0.030633     0.000192     0.000195      2872203 
   50.600     0.563851     0.003594     0.003595      2891804 
   50.700    -0.143146    -0.000917    -0.000910      2883632 
   50.800     0.181560     0.001144     0.001155      2861068 
   50.900     0.183129     0.001165     0.001167      2843687 
   51.000    -0.239365    -0.001516    -0.001517      2840712 
   51.100     0.488508     0.003138     0.003149      2813900 
   51.200    -0.404902    -0.002532    -0.002568      2841632 
   51.300    -0.930464    -0.005849    -0.005908      2846713 
   51.400    -0.569953    -0.003626    -0.003660      2834400 
   51.500    -0.537011    -0.003406    -0.003409      2845002 
   51.600    -0.746539    -0.004705    -0.004781      2838902 
   51.700     0.796293     0.005083     0.005132      2823584 
   51.800     0.206045     0.001323     0.001323      2839006 
   51.900    -0.466022    -0.002983    -0.002987      2826875 
   52.000     0.011935     0.000076     0.000076      2810688 
   52.100    -0.311873    -0.001985    -0.001991      2803569 
   52.200     0.605798     0.003813     0.003885      2798406 
   52.300     0.379125     0.002376     0.002408      2797962 
   52.400     0.355086     0.002225     0.002259      2775742 
   52.500     0.986718     0.006321     0.006297      2791142 
   52.600     0.500679     0.003170     0.003186      2787782 
   52.700     0.485186     0.003074     0.003063      2807265 
   52.800     0.386572     0.002415     0.002463      2793351 
   52.900     0.085211     0.000543     0.000544      2781290 
   53.000    -0.018989    -0.000122    -0.000121      2775355 
   53.100    -0.199395    -0.001268    -0.001264      2797663 
   53.200     0.233342     0.001472     0.001478      2795140 
   53.300     0.484609     0.003086     0.003101      2776002 
   53.400     0.600901     0.003775     0.003809      2778475 
   53.500     0.446920     0.002813     0.002825      2778238 
   53.600     0.218365     0.001376     0.001395      2762976 
   53.700     0.063186     0.000399     0.000405      2765817 
   53.800    -0.711043    -0.004486    -0.004556      2753727 
   53.900    -0.809944    -0.005074    -0.005147      2780763 
   54.000    -0.181877    -0.001155    -0.001172      2739532 
   54.100    -0.448286    -0.002805    -0.002847      2745099 
   54.200    -0.255457    -0.001615    -0.001642      2735788 
   54.300    -0.265647    -0.001683    -0.001699      2712713 
   54.400    -0.178437    -0.001132    -0.001141      2730439 
   54.500    -0.439491    -0.002782    -0.002805      2729069 
   54.600    -0.508493    -0.003306    -0.003321      2724614 
   54.700     0.063735     0.000410     0.000413      2742737 
   54.800    -0.108495    -0.000687    -0.000697      2746355 
   54.900    -0.260405    -0.001670    -0.001675      2722654 
   55.000     0.365541     0.002313     0.002337      2723404 
   55.100     0.809304     0.005082     0.005163      2716512 
   55.200     0.400424     0.002563     0.002583      2714359 
   55.300    -0.357313    -0.002246    -0.002294      2739169 
   55.400    -0.178157    -0.001148    -0.001162      2714303 
   55.500     0.490085     0.003082     0.003148      2717684 
   55.600    -0.070157    -0.000437    -0.000452      2722920 
   55.700     0.075575     0.000477     0.000482      2714510 
   55.800     0.106437     0.000671     0.000682      2690487 
   55.900    -0.519705    -0.003301    -0.003376      2688647 
   56.000    -0.610298    -0.003859    -0.003945      2711327 
   56.100    -0.327331    -0.002091    -0.002125      2687231 
   56.200    -0.366104    -0.002320    -0.002359      2679767 
   56.300    -0.387856    -0.002438    -0.002501      2686695 
   56.400     0.037027     0.000240     0.000242      2689045 
   56.500    -0.192187    -0.001236    -0.001256      2711561 
   56.600    -0.273142    -0.001736    -0.001767      2706099 
   56.700     0.388593     0.002435     0.002492      2694580 
   56.800    -0.018504    -0.000115    -0.000119      2692310 
   56.900     0.800147     0.005161     0.005220      2684079 
   57.000     0.455905     0.002916     0.002979      2661560 
   57.100     0.685960     0.004426     0.004513      2650057 
   57.200    -0.329849    -0.002144    -0.002167      2663570 
   57.300     0.049124     0.000314     0.000318      2667248 
   57.400     0.945484     0.006017     0.006140      2639615 
   57.500     1.025155     0.006597     0.006670      2651192 
   57.600     0.116452     0.000762     0.000767      2638692 
   57.700     0.145245     0.000938     0.000942      2651900 
   57.800    -0.075674    -0.000479    -0.000489      2650456 
   57.900    -0.185793    -0.001211    -0.001231      2619914 
   58.000    -0.378726    -0.002463    -0.002497      2648231 
   58.100     0.009518     0.000061     0.000062      2639321 
   58.200    -0.278636    -0.001820    -0.001858      2633082 
   58.300    -0.811831    -0.005295    -0.005343      2623915 
   58.400    -0.892958    -0.005777    -0.005861      2623237 
   58.500     0.197975     0.001290     0.001299      2625394 
   58.600    -0.814278    -0.005353    -0.005420      2622795 
   58.700    -0.775986    -0.005093    -0.005101      2623644 
   58.800    -0.159427    -0.001039    -0.001057      2632092 
   58.900    -0.200069    -0.001297    -0.001331      2596008 
   59.000    -0.373754    -0.002422    -0.002471      2593844 
   59.100    -0.813220    -0.005303    -0.005437      2576615 
   59.200    -0.110509    -0.000724    -0.000735      2580676 
   59.300    -0.325182    -0.002083    -0.002124      2608652 
   59.400     0.570672     0.003740     0.003783      2602141 
   59.500     0.024298     0.000159     0.000161      2608750 
   59.600     0.844460     0.005495     0.005581      2591458 
   59.700     0.082182     0.000543     0.000555      2572695 
   59.800     0.579006     0.003854     0.003891      2592992 
   59.900    -1.028332    -0.006946    -0.006914      2587926 
   60.000     0.110486     0.000738     0.000741      2581124 
   60.100     0.443478     0.002916     0.002963      2568052 
   60.200    -0.720167    -0.004729    -0.004771      2595686 
   60.300    -0.588803    -0.003836    -0.003909      2555947 
   60.400    -0.137399    -0.000905    -0.000912      2566814 
   60.500    -0.096496    -0.000638    -0.000649      2555734 
   60.600     0.113557     0.000759     0.000767      2562425 
   60.700     0.796035     0.005231     0.005309      2588702 
   60.800     1.018912     0.006637     0.006715      2582481 
   60.900     0.047630     0.000319     0.000321      2555934 
   61.000     0.350106     0.002309     0.002325      2550816 
   61.100    -0.085260    -0.000574    -0.000574      2532997 
   61.200     0.106945     0.000713     0.000721      2521915 
   61.300     0.052644     0.000349     0.000353      2531468 
   61.400     0.519330     0.003431     0.003457      2527843 
   61.500     0.467522     0.003051     0.003094      2555859 
   61.600    -0.000261    -0.000002    -0.000002      2529777 
   61.700     0.279957     0.001882     0.001897      2516461 
   61.800    -0.811661    -0.005313    -0.005444      2511660 
   61.900     0.075501     0.000493     0.000510      2512762 
   62.000     0.786783     0.005280     0.005301      2502367 
   62.100    -0.398974    -0.002714    -0.002730      2500293 
   62.200    -0.030255    -0.000203    -0.000205      2524839 
   62.300    -0.057569    -0.000385    -0.000385      2514619 
   62.400     0.286105     0.001948     0.001940      2496278 
   62.500     0.137882     0.000936     0.000940      2477843 
   62.600    -0.515215    -0.003472    -0.003518      2471404 
   62.700     0.591973     0.003911     0.004024      2499563 
   62.800     0.214719     0.001440     0.001465      2476814 
   62.900     0.684464     0.004555     0.004666      2480676 
   63.000     0.149680     0.001001     0.001027      2469750 
   63.100    -0.412692    -0.002783    -0.002830      2478798 
   63.200    -0.269234    -0.001809    -0.001824      2507414 
   63.300     0.195989     0.001307     0.001324      2496709 
   63.400     0.694116     0.004645     0.004725      2460287 
   63.500    -0.551443    -0.003705    -0.003780      2473463 
   63.600    -1.550869    -0.010475    -0.010487      2487766 
   63.700    -1.119584    -0.007496    -0.007601      2488338 
   63.800    -0.309070    -0.002054    -0.002097      2479032 
   63.900     0.797413     0.005251     0.005408      2468147 
   64.000    -0.218157    -0.001475    -0.001494      2430443 
   64.100    -0.943019    -0.006403    -0.006452      2454188 
   64.200    -0.792731    -0.005313    -0.005403      2460279 
   64.300    -0.036441    -0.000248    -0.000252      2449461 
   64.400     0.290514     0.001964     0.002005      2436824 
   64.500     0.305371     0.002085     0.002112      2431342 
   64.600     0.997311     0.006792     0.006893      2441825 
   64.700    -0.116753    -0.000789    -0.000804      2444858 
   64.800     0.809004     0.005489     0.005580      2427948 
   64.900    -0.040659    -0.000278    -0.000282      2415078 
   65.000     0.015203     0.000102     0.000105      2411025 
   65.100    -0.490855    -0.003301    -0.003373      2431195 
   65.200    -0.132449    -0.000888    -0.000908      2417661 
   65.300     0.179746     0.001224     0.001251      2427199 
   65.400     0.247872     0.001693     0.001719      2416146 
   65.500     0.146959     0.000989     0.001016      2427799 
   65.600    -0.064850    -0.000436    -0.000449      2417873 
   65.700     0.051799     0.000355     0.000360      2408549 
   65.800     0.467242     0.003186     0.003217      2418109 
   65.900     0.335797     0.002305     0.002362      2399673 
   66.000     0.012440     0.000084     0.000087      2399800 
   66.100     0.632895     0.004347     0.004445      2392391 
   66.200     0.479048     0.003264     0.003330      2389689 
   66.300     0.972049     0.006604     0.006709      2384949 
   66.400     0.002128     0.000015     0.000015      2395785 
   66.500    -0.220188    -0.001521    -0.001527      2379243 
   66.600    -0.085775    -0.000584    -0.000595      2380076 
   66.700     0.280383     0.001887     0.001931      2418012 
   66.800    -0.344620    -0.002346    -0.002387      2391373 
   66.900     0.299728     0.002040     0.002062      2393341 
   67.000    -0.367854    -0.002510    -0.002554      2387087 
   67.100     0.204096     0.001380     0.001416      2382766 
   67.200     0.792452     0.005416     0.005483      2375540 
   67.300     0.071866     0.000492     0.000497      2387929 
   67.400     0.464726     0.003257     0.003255      2380140 
   67.500    -0.412913    -0.002842    -0.002876      2385539 
   67.600     0.076989     0.000525     0.000531      2356229 
   67.700     0.560725     0.003879     0.003945      2361463 
   67.800    -0.516678    -0.003555    -0.003649      2357242 
   67.900    -0.755448    -0.005202    -0.005317      2370252 
   68.000     0.229146     0.001555     0.001601      2358031 
   68.100    -0.193206    -0.001335    -0.001359      2354348 
   68.200    -0.218325    -0.001481    -0.001522      2361631 
   68.300    -0.462442    -0.003222    -0.003240      2347303 
   68.400     0.094434     0.000649     0.000660      2338872 
   68.500    -0.234998    -0.001583    -0.001616      2345308 
   68.600     0.608978     0.004083     0.004193      2319269 
   68.700     0.487493     0.003303     0.003379      2338719 
   68.800     0.158022     0.001081     0.001104      2353197 
   68.900    -0.486799    -0.003375    -0.003424      2337432 
   69.000    -0.063532    -0.000443    -0.000448      2326455 
   69.100    -0.020017    -0.000137    -0.000139      2345646 
   69.200     1.071479     0.007360     0.007481      2325014 
   69.300     0.400638     0.002815     0.002823      2312371 
   69.400     0.291121     0.002050     0.002034      2318203 
   69.500    -0.771394    -0.005358    -0.005424      2320140 
   69.600    -0.131116    -0.000902    -0.000924      2310810 
   69.700     0.244277     0.001690     0.001721      2320766 
   69.800    -0.442278    -0.003133    -0.003156      2291008 
   69.900    -0.553008    -0.003926    -0.003968      2289217 
   70.000     0.405514     0.002868     0.002893      2277393 
   70.100     0.309195     0.002196     0.002207      2309107 
   70.200     0.391584     0.002767     0.002802      2301181 
   70.300     0.178153     0.001258     0.001279      2291708 
   70.400    -0.182955    -0.001271    -0.001301      2290700 
   70.500     0.347314     0.002425     0.002490      2283809 
   70.600     0.546279     0.003760     0.003834      2268295 
   70.700     0.436039     0.002991     0.003071      2283408 
   70.800     0.445793     0.003065     0.003122      2281128 
   70.900    -0.295526    -0.002045    -0.002071      2285018 
   71.000     0.185675     0.001256     0.001294      2278711 
   71.100    -0.053900    -0.000372    -0.000378      2279787 
   71.200     0.227987     0.001616     0.001635      2248556 
   71.300    -0.453287    -0.003175    -0.003232      2263379 
   71.400    -0.568430    -0.003916    -0.004054      2281393 
   71.500     0.012784     0.000088     0.000091      2274674 
   71.600     0.176012     0.001220     0.001249      2280704 
   71.700     0.902183     0.006245     0.006343      2275406 
   71.800     0.678692     0.004674     0.004801      2249382 
   71.900     0.130319     0.000903     0.000925      2259157 
   72.000     0.614749     0.004328     0.004358      2287219 
   72.100     0.086122     0.000604     0.000616      2255502 
   72.200    -0.887904    -0.006136    -0.006331      2240526 
   72.300    -0.383636    -0.002717    -0.002745      2253155 
   72.400     0.139547     0.000977     0.000995      2247451 
   72.500     0.060970     0.000423     0.000432      2252687 
   72.600    -0.301125    -0.002094    -0.002125      2256795 
   72.700     0.181397     0.001280     0.001285      2244376 
   72.800     0.150630     0.001054     0.001064      2225823 
   72.900     0.147146     0.001000     0.001034      2259443 
   73.000    -0.937577    -0.006665    -0.006771      2238255 
   73.100    -0.406070    -0.002899    -0.002911      2239945 
   73.200    -0.852111    -0.006091    -0.006159      2210003 
   73.300    -0.254768    -0.001795    -0.001811      2221264 
   73.400    -0.240830    -0.001707    -0.001727      2232503 
   73.500     0.662429     0.004771     0.004800      2206414 
   73.600    -0.571515    -0.004006    -0.004066      2213455 
   73.700    -0.367146    -0.002553    -0.002604      2233600 
   73.800    -0.424913    -0.003018    -0.003071      2227469 
   73.900     0.619533     0.004449     0.004522      2199968 
   74.000     0.471042     0.003384     0.003448      2190883 
   74.100     0.327860     0.002396     0.002406      2200597 
   74.200     0.043397     0.000309     0.000314      2214602 
   74.300     0.715080     0.005059     0.005161      2196958 
   74.400     0.214624     0.001535     0.001569      2183237 
   74.500     0.221227     0.001590     0.001618      2189879 
   74.600     0.844170     0.006042     0.006110      2180168 
   74.700    -0.618776    -0.004430    -0.004503      2161644 
   74.800    -0.459408    -0.003352    -0.003378      2147043 
   74.900     1.105100     0.007932     0.008000      2162093 
   75.000     0.165850     0.001208     0.001211      2143508 
   75.100     0.816972     0.005934     0.005928      2155088 
   75.200     0.360673     0.002579     0.002616      2151179 
   75.300    -0.335431    -0.002397    -0.002440      2165595 
   75.400     0.469156     0.003357     0.003405      2145133 
   75.500     0.336549     0.002410     0.002448      2129214 
   75.600     0.169191     0.001206     0.001228      2150970 
   75.700     0.256980     0.001802     0.001843      2159453 
   75.800    -0.528249    -0.003776    -0.003888      2129239 
   75.900    -0.380251    -0.002727    -0.002788      2124036 
   76.000    -0.631499    -0.004605    -0.004641      2106039 
   76.100    -0.671036    -0.004741    -0.004845      2116595 
   76.200     0.265041     0.001939     0.001957      2131631 
   76.300     0.133335     0.000962     0.000971      2136511 
   76.400     0.400148     0.002917     0.002931      2141411 
   76.500    -0.344093    -0.002533    -0.002525      2112813 
   76.600     0.121599     0.000886     0.000895      2099539 
   76.700    -0.247896    -0.001795    -0.001820      2102430 
   76.800    -0.150176    -0.001087    -0.001108      2093863 
   76.900     0.271131     0.001931     0.001982      2106599 
   77.000     0.220293     0.001611     0.001620      2103656 
   77.100     0.549789     0.003910     0.004025      2100117 
   77.200     0.365939     0.002648     0.002691      2119468 
   77.300     0.410059     0.003035     0.003053      2107685 
   77.400     0.104345     0.000766     0.000771      2105851 
   77.500    -0.307757    -0.002232    -0.002271      2093879 
   77.600    -0.386662    -0.002850    -0.002875      2082941 
   77.700    -0.473890    -0.003500    -0.003507      2088095 
   77.800     0.605970     0.004536     0.004562      2091893 
   77.900     0.377362     0.002762     0.002748      2096505 
   78.000     0.508640     0.003721     0.003752      2094786 
   78.100     0.039096     0.000281     0.000289      2099562 
   78.200    -0.067220    -0.000495    -0.000495      2086465 
   78.300     0.047223     0.000346     0.000349      2062114 
   78.400    -0.302688    -0.002213    -0.002244      2066383 
   78.500     0.203959     0.001486     0.001506      2088911 
   78.600     0.511572     0.003716     0.003793      2076563 
   78.700    -0.377358    -0.002762    -0.002780      2101504 
   78.800    -0.779081    -0.005792    -0.005811      2078264 
   78.900    -0.259694    -0.001911    -0.001920      2076855 
   79.000    -0.456188    -0.003275    -0.003386      2057959 
   79.100    -0.144240    -0.001029    -0.001050      2077610 
   79.200    -0.097475    -0.000702    -0.000717      2052080 
   79.300     0.465578     0.003271     0.003391      2058153 
   79.400    -0.786705    -0.005668    -0.005801      2061669 
   79.500     0.163377     0.001196     0.001221      2038711 
   79.600    -0.340723    -0.002494    -0.002553      2031442 
   79.700    -0.070290    -0.000506    -0.000526      2040054 
   79.800    -0.001804    -0.000013    -0.000014      2041187 
   79.900     0.692285     0.005035     0.005174      2034475 
   80.000     0.405535     0.002989     0.003018      2064677 
   80.100    -0.439384    -0.003273    -0.003287      2042148 
   80.200    -0.341875    -0.002494    -0.002549      2046840 
   80.300    -0.017737    -0.000128    -0.000130      2049007 
   80.400     0.232074     0.001688     0.001731      2044781 
   80.500     0.514581     0.003794     0.003853      2040273 
   80.600     0.280039     0.002072     0.002100      2031323 
   80.700     0.227026     0.001678     0.001685      2010902 
   80.800     0.933635     0.006901     0.006925      2035740 
   80.900    -0.056268    -0.000423    -0.000421      2037266 
   81.000     0.330978     0.002493     0.002495      2023393 
   81.100     0.300273     0.002209     0.002253      2011964 
   81.200     0.114223     0.000859     0.000869      1989371 
   81.300    -0.382156    -0.002880    -0.002870      2001661 
   81.400     0.469113     0.003478     0.003535      1994317 
   81.500    -0.469171    -0.003505    -0.003552      1998283 
   81.600    -0.766984    -0.005810    -0.005898      1980389 
   81.700    -0.364082    -0.002763    -0.002810      1971723 
   81.800    -1.107715    -0.008221    -0.008446      1967839 
   81.900    -0.397157    -0.002924    -0.003013      1978510 
   82.000     0.699985     0.005296     0.005330      1972303 
   82.100     0.422620     0.003193     0.003218      1956996 
   82.200     1.125574     0.008670     0.008647      1948033 
   82.300    -0.171330    -0.001300    -0.001308      1953494 
   82.400    -0.697062    -0.005177    -0.005291      1967352 
   82.500     0.035656     0.000266     0.000270      1964166 
   82.600    -0.672769    -0.005030    -0.005074      1959697 
   82.700     0.381184     0.002849     0.002891      1956310 
   82.800     0.319291     0.002403     0.002435      1941330 
   82.900     0.890681     0.006788     0.006860      1940977 
   83.000     0.249170     0.001892     0.001914      1943893 
   83.100     0.484937     0.003664     0.003717      1940845 
   83.200    -0.059223    -0.000443    -0.000446      1949594 
   83.300    -0.426428    -0.003259    -0.003248      1910854 
   83.400    -0.309238    -0.002318    -0.002338      1936870 
   83.500    -0.373582    -0.002806    -0.002827      1916743 
   83.600    -0.796524    -0.005984    -0.006050      1928646 
   83.700     0.330307     0.002466     0.002493      1940131 
   83.800     0.439459     0.003298     0.003336      1917357 
   83.900     1.176794     0.008894     0.008953      1915976 
   84.000     0.577229     0.004304     0.004408      1916064 
   84.100     1.057807     0.007893     0.008125      1909563 
   84.200     0.590396     0.004519     0.004545      1917254 
   84.300     0.398697     0.003045     0.003069      1913734 
   84.400     0.093737     0.000713     0.000720      1901915 
   84.500    -0.043982    -0.000337    -0.000336      1907382 
   84.600     0.135894     0.001028     0.001039      1899144 
   84.700     0.124229     0.000945     0.000956      1900726 
   84.800     0.110889     0.000846     0.000850      1919394 
   84.900    -0.199614    -0.001517    -0.001536      1908452 
   85.000     0.469468     0.003587     0.003642      1894194 
   85.100     0.386371     0.002927     0.002963      1906754 
   85.200     0.312761     0.002358     0.002397      1915553 
   85.300     0.450667     0.003421     0.003493      1898064 
   85.400    -0.220531    -0.001693    -0.001717      1899190 
   85.500    -0.080540    -0.000626    -0.000636      1897935 
   85.600    -0.055978    -0.000437    -0.000441      1906979 
   85.700     0.194277     0.001470     0.001517      1891354 
   85.800    -0.361236    -0.002787    -0.002854      1889556 
   85.900    -0.697777    -0.005274    -0.005407      1892854 
   86.000    -0.168562    -0.001277    -0.001308      1890274 
   86.100    -0.158350    -0.001203    -0.001222      1892707 
   86.200     0.296724     0.002221     0.002277      1890215 
   86.300    -0.457058    -0.003478    -0.003570      1878526 
   86.400     0.483058     0.003671     0.003735      1892827 
   86.500     0.819648     0.006306     0.006402      1890555 
   86.600    -0.422015    -0.003258    -0.003287      1871524 
   86.700     0.024296     0.000188     0.000188      1881592 
   86.800     0.505266     0.003850     0.003914      1881078 
   86.900     0.137771     0.001063     0.001071      1875035 
   87.000     0.130004     0.000999     0.001022      1851512 
   87.100    -0.620605    -0.004777    -0.004898      1864095 
   87.200    -0.136058    -0.001042    -0.001071      1860668 
   87.300     0.281801     0.002162     0.002224      1855386 
   87.400     0.906457     0.006996     0.007055      1844733 
   87.500     0.363329     0.002854     0.002868      1847384 
   87.600    -0.189266    -0.001480    -0.001496      1857087 
   87.700     0.149638     0.001165     0.001187      1844919 
   87.800     0.562196     0.004375     0.004438      1845636 
   87.900     0.669060     0.005226     0.005243      1842764 
   88.000     0.737890     0.005623     0.005793      1825296 
   88.100     1.670503     0.013069     0.013292      1830711 
   88.200     1.133725     0.008781     0.008968      1823925 
   88.300     0.057418     0.000444     0.000454      1819847 
   88.400     0.111947     0.000874     0.000890      1810244 
   88.500    -0.298425    -0.002345    -0.002388      1813082 
   88.600     0.324228     0.002573     0.002613      1825845 
   88.700    -0.267822    -0.002121    -0.002156      1809930 
   88.800     0.100372     0.000787     0.000803      1817216 
   88.900     0.182674     0.001449     0.001467      1815463 
   89.000     0.148865     0.001161     0.001182      1809918 
   89.100    -0.218595    -0.001732    -0.001773      1786007 
   89.200     0.354129     0.002718     0.002814      1802889 
   89.300    -0.043101    -0.000328    -0.000341      1791473 
   89.400    -0.493453    -0.003853    -0.003997      1808044 
   89.500     0.104564     0.000842     0.000849      1793727 
   89.600     0.144991     0.001132     0.001163      1795970 
   89.700    -0.408653    -0.003135    -0.003247      1797689 
   89.800    -0.205553    -0.001596    -0.001635      1791336 
   89.900    -0.291487    -0.002272    -0.002320      1798251 
   90.000    -0.108986    -0.000855    -0.000871      1789083 
   90.100     0.308538     0.002426     0.002466      1782604 
   90.200    -0.631413    -0.004923    -0.005060      1768428 
   90.300    -0.986980    -0.007760    -0.007938      1765498 
   90.400    -0.690756    -0.005388    -0.005546      1759481 
   90.500     0.147736     0.001159     0.001171      1760562 
   90.600     0.252177     0.002028     0.002051      1755146 
   90.700     1.093873     0.008749     0.008882      1762499 
   90.800     0.633919     0.005027     0.005138      1758598 
   90.900     0.561486     0.004376     0.004537      1766856 
   91.000     0.157536     0.001244     0.001262      1757396 
   91.100     0.574542     0.004498     0.004624      1760939 
   91.200    -0.165705    -0.001329    -0.001357      1748028 
   91.300     0.145241     0.001168     0.001189      1737953 
   91.400     0.203424     0.001647     0.001656      1721849 
   91.500    -0.110520    -0.000881    -0.000898      1744128 
   91.600    -0.273986    -0.002198    -0.002242      1726943 
   91.700    -0.045961    -0.000377    -0.000381      1722002 
   91.800     0.156258     0.001261     0.001283      1747781 
   91.900    -0.291598    -0.002309    -0.002370      1741187 
   92.000    -0.515990    -0.004084    -0.004144      1725249 
   92.100    -0.786387    -0.006212    -0.006322      1742686 
   92.200    -1.091286    -0.008739    -0.008918      1720546 
   92.300    -0.757523    -0.006064    -0.006149      1708714 
   92.400    -0.336557    -0.002680    -0.002737      1709564 
   92.500     0.091311     0.000733     0.000748      1708624 
   92.600    -0.257454    -0.002081    -0.002113      1695942 
   92.700    -0.311012    -0.002499    -0.002565      1691318 
   92.800    -0.012723    -0.000103    -0.000105      1691222 
   92.900     0.456269     0.003722     0.003769      1719197 
   93.000     0.601001     0.004944     0.005017      1702127 
   93.100     0.265704     0.002154     0.002206      1682686 
   93.200     0.839035     0.006756     0.006914      1706804 
   93.300    -0.253115    -0.002082    -0.002120      1696145 
   93.400     0.225244     0.001835     0.001855      1689652 
   93.500    -0.515281    -0.004166    -0.004230      1695721 
   93.600     0.221201     0.001851     0.001850      1687909 
   93.700     0.042048     0.000342     0.000347      1674672 
   93.800     1.139451     0.009241     0.009407      1652375 
   93.900     1.081473     0.009021     0.009059      1675117 
   94.000     0.224550     0.001830     0.001874      1660151 
   94.100     0.716579     0.005845     0.006007      1659819 
   94.200     0.132741     0.001073     0.001109      1658980 
   94.300     0.117624     0.000935     0.000963      1670994 
   94.400     0.930699     0.007516     0.007696      1650422 
   94.500    -0.207580    -0.001682    -0.001708      1655748 
   94.600     0.144609     0.001170     0.001202      1657498 
   94.700     0.810371     0.006637     0.006716      1644567 
   94.800     0.014509     0.000119     0.000121      1643409 
   94.900    -0.064257    -0.000522    -0.000534      1637606 
   95.000    -0.393615    -0.003171    -0.003235      1657141 
   95.100    -0.150122    -0.001192    -0.001207      1648635 
   95.200    -0.324995    -0.002628    -0.002661      1657576 
   95.300    -0.467270    -0.003844    -0.003910      1630555 
   95.400    -1.000012    -0.008285    -0.008371      1652943 
   95.500    -0.208838    -0.001712    -0.001749      1641277 
   95.600    -0.263241    -0.002152    -0.002188      1636359 
   95.700     0.066902     0.000540     0.000552      1646255 
   95.800    -0.119421    -0.000979    -0.000987      1624692 
   95.900     0.222744     0.001779     0.001831      1642922 
   96.000    -0.210884    -0.001710    -0.001749      1640682 
   96.100     0.277206     0.002263     0.002279      1655676 
   96.200    -0.359868    -0.002922    -0.002966      1637335 
   96.300    -0.124227    -0.000988    -0.001012      1644290 
   96.400     0.564909     0.004605     0.004657      1615857 
   96.500    -0.067710    -0.000540    -0.000560      1646202 
   96.600    -0.565177    -0.004680    -0.004751      1630545 
   96.700     0.228425     0.001843     0.001883      1612579 
   96.800     0.842682     0.006894     0.007012      1604424 
   96.900     0.559563     0.004591     0.004664      1613761 
   97.000     0.190388     0.001584     0.001593      1604983 
   97.100    -0.490638    -0.004004    -0.004071      1613263 
   97.200    -0.510894    -0.004091    -0.004221      1609104 
   97.300    -0.916601    -0.007421    -0.007568      1610524 
   97.400    -1.258112    -0.010143    -0.010438      1605030 
   97.500    -0.583273    -0.004852    -0.004916      1595115 
   97.600    -0.380374    -0.003177    -0.003206      1588614 
   97.700    -0.616499    -0.005016    -0.005134      1592794 
   97.800    -0.848405    -0.007084    -0.007196      1598039 
   97.900    -0.584683    -0.004764    -0.004822      1586629 
   98.000     0.154484     0.001261     0.001289      1589639 
   98.100     0.059312     0.000488     0.000495      1590690 
   98.200    -0.431855    -0.003542    -0.003609      1585592 
   98.300    -0.972194    -0.007931    -0.008140      1598881 
   98.400    -0.766871    -0.006225    -0.006394      1604135 
   98.500    -0.302461    -0.002461    -0.002535      1591591 
   98.600     0.988306     0.008220     0.008349      1553930 
   98.700    -0.098135    -0.000832    -0.000838      1569112 
   98.800    -0.410973    -0.003497    -0.003501      1567347 
   98.900    -0.437840    -0.003724    -0.003749      1548258 
   99.000    -0.623621    -0.005308    -0.005416      1550462 
   99.100    -1.224936    -0.010339    -0.010549      1557674 
   99.200    -0.212660    -0.001810    -0.001826      1552033 
   99.300    -0.175470    -0.001443    -0.001488      1541072 
   99.400    -0.381898    -0.003137    -0.003220      1549605 
   99.500    -0.121560    -0.001019    -0.001053      1558044 
   99.600    -0.391425    -0.003269    -0.003369      1544724 
   99.700    -0.055726    -0.000453    -0.000473      1541698 
   99.800    -0.437502    -0.003661    -0.003729      1549404 
   99.900    -1.316604    -0.011180    -0.011230      1532736 
  100.000    -1.196992    -0.010169    -0.010397      1520887 
