fitting 1 exponentials + affine
seed: 6052878693 
   16.513748 
    0.392 
   16.362116 
    0.443 
   13.917690 
    0.831 
   12.316889 
    0.948 
   12.316127 
    0.949 
   12.316111 
    0.949 
   12.316110 
    0.949 
   12.316110 
    0.949 
   12.316110 
    0.949 
    0.949 
nagopt ncall: 1  oldvalue:     12.316109897 newvalue:    12.316109896
   12.316110 
    0.949184569 
error sd:     0.003509
halflife:    13.291 
mean (generations):    52.152 
    0.030750635     0.000369399 
##end of run
