 ##Z-score and correlation:: ../../ancpop.list  binsize:     0.001000
    0.100    32.836693     0.172197     0.172803      5845721 
    0.200     9.927087     0.055329     0.054970      4349047 
    0.300     6.924301     0.036811     0.037092      4337738 
    0.400     5.393143     0.029045     0.028692      4282699 
    0.500     4.742382     0.025054     0.024927      4243582 
    0.600     4.602876     0.023991     0.024064      4225130 
    0.700     4.817160     0.025142     0.025298      4215047 
    0.800     4.103603     0.021433     0.021665      4191965 
    0.900     3.903247     0.020447     0.020535      4189362 
    1.000     3.260052     0.017017     0.017041      4189681 
    1.100     3.384026     0.017735     0.017740      4160954 
    1.200     2.820436     0.014919     0.014850      4179018 
    1.300     2.523024     0.013262     0.013253      4149021 
    1.400     2.148347     0.011360     0.011338      4111830 
    1.500     2.689915     0.014241     0.014250      4113453 
    1.600     2.635636     0.013982     0.013929      4117849 
    1.700     1.977004     0.010423     0.010368      4119602 
    1.800     2.135445     0.011249     0.011263      4109070 
    1.900     2.492866     0.013201     0.013193      4100449 
    2.000     2.058390     0.010992     0.010903      4082814 
    2.100     1.603351     0.008590     0.008542      4086704 
    2.200     0.997659     0.005235     0.005232      4090661 
    2.300     1.873712     0.009909     0.009852      4085597 
    2.400     1.284039     0.006740     0.006727      4073991 
    2.500     1.333259     0.006877     0.006942      4057447 
    2.600     1.640306     0.008667     0.008605      4049518 
    2.700     1.504772     0.007902     0.007915      4022477 
    2.800     2.040131     0.010829     0.010858      4037531 
    2.900     1.902647     0.010113     0.010091      4042025 
    3.000     1.498283     0.007963     0.008006      4036086 
    3.100     1.068829     0.005752     0.005743      4036852 
    3.200     2.259972     0.012131     0.012068      4039899 
    3.300     1.739133     0.009356     0.009309      4027770 
    3.400     1.307592     0.007012     0.006967      4029939 
    3.500     1.402310     0.007387     0.007440      4031106 
    3.600     1.720098     0.009152     0.009147      4022493 
    3.700     0.321823     0.001745     0.001734      4013089 
    3.800     1.582978     0.008337     0.008365      4009236 
    3.900     1.227144     0.006633     0.006604      3986507 
    4.000     0.854489     0.004590     0.004587      3985003 
    4.100     0.194877     0.001052     0.001046      3985777 
    4.200     0.880868     0.004767     0.004762      3980388 
    4.300     0.010260     0.000055     0.000055      3984376 
    4.400     0.764027     0.004100     0.004080      3961354 
    4.500     0.717775     0.003803     0.003818      3979899 
    4.600     0.531074     0.002865     0.002857      3969251 
    4.700     1.426447     0.007613     0.007610      3973878 
    4.800     0.566049     0.003057     0.003030      3980875 
    4.900     0.677485     0.003629     0.003620      3966655 
    5.000     0.183162     0.000983     0.000985      3976229 
    5.100     0.413181     0.002220     0.002224      3956205 
    5.200     1.266666     0.006810     0.006794      3977293 
    5.300     0.681557     0.003660     0.003668      3943555 
    5.400     0.871612     0.004623     0.004647      3975384 
    5.500     0.638748     0.003454     0.003458      3950498 
    5.600     0.613599     0.003257     0.003291      3949675 
    5.700     0.454358     0.002416     0.002449      3922765 
    5.800     0.480223     0.002538     0.002570      3909530 
    5.900     0.704688     0.003785     0.003772      3929087 
    6.000     1.221797     0.006527     0.006560      3944350 
    6.100     0.333506     0.001786     0.001799      3941015 
    6.200    -0.054203    -0.000290    -0.000291      3947263 
    6.300     0.065861     0.000358     0.000357      3952632 
    6.400     0.343730     0.001841     0.001848      3948992 
    6.500    -0.154757    -0.000831    -0.000832      3941074 
    6.600     0.193544     0.001020     0.001023      3939480 
    6.700    -0.395911    -0.002104    -0.002116      3922397 
    6.800    -0.489875    -0.002637    -0.002611      3916533 
    6.900    -0.749598    -0.004004    -0.004023      3914731 
    7.000     0.178206     0.000954     0.000958      3949130 
    7.100    -0.287061    -0.001539    -0.001537      3915023 
    7.200     0.551267     0.002900     0.002903      3962061 
    7.300    -0.375542    -0.001980    -0.001987      3932157 
    7.400    -0.894497    -0.004786    -0.004774      3936374 
    7.500     0.055434     0.000298     0.000297      3939029 
    7.600     0.100074     0.000546     0.000537      3914073 
    7.700     0.188566     0.001003     0.001005      3931378 
    7.800    -0.918245    -0.004884    -0.004878      3922416 
    7.900    -1.101536    -0.005968    -0.005937      3897985 
    8.000    -0.674212    -0.003613    -0.003606      3928080 
    8.100    -0.795453    -0.004283    -0.004261      3907562 
    8.200    -0.746751    -0.003997    -0.003992      3924345 
    8.300     0.232986     0.001243     0.001246      3930981 
    8.400     0.785382     0.004239     0.004222      3946595 
    8.500     0.169868     0.000901     0.000901      3937056 
    8.600     0.583665     0.003135     0.003135      3903191 
    8.700    -0.755947    -0.004043    -0.004042      3908980 
    8.800    -0.011741    -0.000064    -0.000063      3911990 
    8.900    -0.325452    -0.001732    -0.001743      3936557 
    9.000     0.139374     0.000751     0.000749      3915492 
    9.100     0.000792     0.000004     0.000004      3900237 
    9.200    -0.374122    -0.002024    -0.002006      3883142 
    9.300    -0.398195    -0.002119    -0.002126      3898718 
    9.400    -0.539327    -0.002893    -0.002877      3895985 
    9.500     0.429706     0.002292     0.002300      3878646 
    9.600     0.065723     0.000359     0.000355      3892444 
    9.700    -0.988636    -0.005362    -0.005339      3874753 
    9.800     0.237063     0.001285     0.001283      3864594 
    9.900     0.452282     0.002425     0.002426      3886103 
   10.000     0.443753     0.002413     0.002393      3876817 
   10.100     0.215850     0.001165     0.001164      3882786 
   10.200    -0.529365    -0.002853    -0.002847      3886957 
   10.300     0.350394     0.001885     0.001882      3880871 
   10.400    -0.767503    -0.004134    -0.004132      3865468 
   10.500    -1.050148    -0.005697    -0.005695      3852100 
   10.600     0.565592     0.003083     0.003070      3866673 
   10.700    -0.245344    -0.001320    -0.001338      3854747 
   10.800    -0.685968    -0.003726    -0.003744      3860965 
   10.900    -0.175753    -0.000954    -0.000956      3858252 
   11.000    -0.197131    -0.001066    -0.001072      3847733 
   11.100    -0.836144    -0.004547    -0.004532      3841627 
   11.200    -1.307419    -0.007082    -0.007054      3836654 
   11.300    -0.751161    -0.004025    -0.004005      3864090 
   11.400     0.489482     0.002670     0.002643      3870214 
   11.500     0.333960     0.001803     0.001797      3868269 
   11.600     0.713534     0.003921     0.003871      3862688 
   11.700     0.137295     0.000760     0.000748      3823752 
   11.800     0.413925     0.002247     0.002242      3798839 
   11.900    -0.216569    -0.001162    -0.001171      3835870 
   12.000     0.137081     0.000745     0.000739      3828812 
   12.100     0.426114     0.002315     0.002307      3822093 
   12.200     1.312556     0.007088     0.007075      3844128 
   12.300     0.531321     0.002885     0.002890      3825121 
   12.400     0.644173     0.003458     0.003491      3825019 
   12.500     0.051687     0.000280     0.000282      3857925 
   12.600     0.152564     0.000830     0.000831      3859857 
   12.700    -0.400950    -0.002179    -0.002179      3824640 
   12.800    -0.394990    -0.002107    -0.002119      3817200 
   12.900     0.821555     0.004471     0.004471      3826151 
   13.000     0.778579     0.004247     0.004264      3802404 
   13.100     0.686414     0.003727     0.003743      3789036 
   13.200     0.400638     0.002172     0.002169      3789723 
   13.300     1.379780     0.007432     0.007507      3811332 
   13.400     0.266772     0.001455     0.001462      3786374 
   13.500     0.476153     0.002586     0.002628      3782000 
   13.600     0.812322     0.004413     0.004450      3806899 
   13.700     0.921406     0.005065     0.005068      3796515 
   13.800     0.849564     0.004674     0.004669      3808278 
   13.900     0.765380     0.004234     0.004196      3764391 
   14.000     0.503854     0.002759     0.002765      3811283 
   14.100     1.202226     0.006601     0.006609      3792048 
   14.200     0.556257     0.003063     0.003059      3781459 
   14.300     0.821553     0.004550     0.004542      3777982 
   14.400     0.531073     0.002938     0.002934      3775848 
   14.500     0.595644     0.003292     0.003267      3778782 
   14.600     0.234221     0.001275     0.001287      3775214 
   14.700     0.511871     0.002819     0.002805      3756706 
   14.800     0.620684     0.003414     0.003429      3760784 
   14.900     0.181564     0.001001     0.000998      3776631 
   15.000     0.247261     0.001354     0.001353      3747762 
   15.100    -0.212029    -0.001175    -0.001183      3776333 
   15.200     0.923886     0.005118     0.005155      3769458 
   15.300     1.140669     0.006286     0.006301      3769657 
   15.400    -0.689855    -0.003779    -0.003813      3778044 
   15.500     0.102823     0.000558     0.000560      3785486 
   15.600     0.276822     0.001530     0.001517      3774903 
   15.700     0.315016     0.001728     0.001726      3726742 
   15.800     0.392791     0.002164     0.002178      3748209 
   15.900     0.052824     0.000288     0.000290      3751226 
   16.000    -0.028140    -0.000155    -0.000156      3743482 
   16.100    -0.113168    -0.000625    -0.000626      3768607 
   16.200     0.064537     0.000355     0.000353      3753554 
   16.300     0.143087     0.000780     0.000790      3738926 
   16.400    -0.089121    -0.000487    -0.000491      3759897 
   16.500    -0.000797    -0.000004    -0.000004      3751265 
   16.600     0.029540     0.000164     0.000164      3752180 
   16.700    -0.134573    -0.000743    -0.000746      3718097 
   16.800    -0.453210    -0.002477    -0.002510      3741195 
   16.900    -0.262621    -0.001466    -0.001463      3729999 
   17.000     0.417897     0.002293     0.002300      3736669 
   17.100     1.192005     0.006580     0.006528      3768674 
   17.200     0.324240     0.001782     0.001785      3749249 
   17.300     0.591618     0.003241     0.003280      3734550 
   17.400    -0.757783    -0.004168    -0.004178      3746216 
   17.500    -0.184879    -0.001013    -0.001012      3729099 
   17.600     0.133342     0.000744     0.000741      3716393 
   17.700     0.197604     0.001092     0.001101      3739768 
   17.800    -0.356551    -0.001949    -0.001967      3738507 
   17.900     0.186632     0.001016     0.001031      3731721 
   18.000    -0.013411    -0.000074    -0.000074      3728584 
   18.100    -0.158566    -0.000875    -0.000878      3723973 
   18.200     0.241053     0.001341     0.001333      3729891 
   18.300     0.123222     0.000678     0.000673      3736523 
   18.400     0.420876     0.002310     0.002316      3732541 
   18.500     0.042737     0.000231     0.000235      3735366 
   18.600     0.710742     0.003897     0.003911      3705691 
   18.700     0.248416     0.001358     0.001374      3701675 
   18.800    -0.317636    -0.001732    -0.001748      3733961 
   18.900     0.263715     0.001442     0.001441      3726164 
   19.000     0.673870     0.003716     0.003720      3708210 
   19.100     0.624022     0.003417     0.003444      3686836 
   19.200     0.232269     0.001293     0.001297      3687050 
   19.300     0.386593     0.002115     0.002139      3690355 
   19.400     1.316196     0.007239     0.007297      3723163 
   19.500    -0.238279    -0.001310    -0.001325      3722981 
   19.600     0.090729     0.000503     0.000507      3676654 
   19.700    -0.736968    -0.004146    -0.004145      3700569 
   19.800    -0.134611    -0.000747    -0.000751      3716795 
   19.900     0.322770     0.001789     0.001799      3693935 
   20.000     0.335616     0.001890     0.001887      3676486 
   20.100    -0.252490    -0.001430    -0.001423      3673204 
   20.200     0.522914     0.002954     0.002955      3666741 
   20.300    -0.021455    -0.000119    -0.000118      3715512 
   20.400    -0.607516    -0.003385    -0.003374      3701193 
   20.500    -0.267710    -0.001463    -0.001479      3714590 
   20.600    -0.239883    -0.001338    -0.001342      3703341 
   20.700     0.252049     0.001407     0.001415      3693414 
   20.800    -0.085745    -0.000478    -0.000482      3666982 
   20.900     0.259844     0.001446     0.001448      3700381 
   21.000    -0.374632    -0.002081    -0.002091      3697630 
   21.100    -0.352617    -0.001978    -0.001972      3661344 
   21.200     0.350708     0.001942     0.001961      3677858 
   21.300     0.252222     0.001401     0.001415      3652061 
   21.400     0.606719     0.003409     0.003409      3667787 
   21.500    -0.100826    -0.000570    -0.000573      3677357 
   21.600    -0.496555    -0.002798    -0.002790      3670490 
   21.700    -0.648909    -0.003667    -0.003655      3675182 
   21.800    -0.524812    -0.002941    -0.002942      3686538 
   21.900    -0.311111    -0.001759    -0.001754      3677143 
   22.000    -0.130313    -0.000734    -0.000732      3639512 
   22.100    -0.146461    -0.000827    -0.000827      3626018 
   22.200     0.785163     0.004336     0.004388      3627488 
   22.300    -0.118078    -0.000660    -0.000658      3648805 
   22.400    -0.317137    -0.001777    -0.001782      3650163 
   22.500    -0.187171    -0.001048    -0.001041      3667033 
   22.600    -0.248580    -0.001372    -0.001373      3655003 
   22.700    -0.852999    -0.004719    -0.004749      3655138 
   22.800    -0.757210    -0.004234    -0.004228      3640559 
   22.900    -0.770498    -0.004385    -0.004382      3607779 
   23.000     0.014953     0.000085     0.000085      3637443 
   23.100    -0.916924    -0.005107    -0.005136      3634831 
   23.200    -0.059766    -0.000334    -0.000338      3644974 
   23.300     0.269160     0.001499     0.001504      3637883 
   23.400    -0.607418    -0.003390    -0.003403      3643812 
   23.500    -0.020944    -0.000116    -0.000117      3640221 
   23.600    -0.146668    -0.000820    -0.000828      3635798 
   23.700    -0.243628    -0.001367    -0.001376      3620662 
   23.800     0.403090     0.002256     0.002270      3638826 
   23.900    -0.272521    -0.001514    -0.001538      3629575 
   24.000    -0.597222    -0.003363    -0.003367      3604874 
   24.100    -0.318584    -0.001801    -0.001808      3635255 
   24.200     0.508699     0.002859     0.002869      3617646 
   24.300    -0.028209    -0.000159    -0.000159      3614805 
   24.400     0.392740     0.002225     0.002211      3640488 
   24.500    -0.374277    -0.002058    -0.002079      3624823 
   24.600     0.001243     0.000007     0.000007      3629156 
   24.700    -1.192825    -0.006714    -0.006775      3637999 
   24.800    -0.321798    -0.001814    -0.001845      3609221 
   24.900    -0.466792    -0.002626    -0.002629      3605145 
   25.000    -0.571676    -0.003203    -0.003225      3607994 
   25.100    -0.773923    -0.004346    -0.004355      3614706 
   25.200    -0.656220    -0.003628    -0.003670      3604847 
   25.300     0.178862     0.001005     0.001010      3632450 
   25.400    -0.381114    -0.002153    -0.002143      3636279 
   25.500     0.221937     0.001246     0.001246      3611175 
   25.600     0.753176     0.004236     0.004276      3600561 
   25.700     0.671152     0.003838     0.003833      3579832 
   25.800     0.779242     0.004376     0.004410      3582812 
   25.900     0.443566     0.002494     0.002529      3580169 
   26.000    -0.306326    -0.001729    -0.001742      3582431 
   26.100     0.354371     0.002006     0.002002      3565199 
   26.200    -0.680564    -0.003789    -0.003819      3578337 
   26.300    -0.468389    -0.002623    -0.002656      3560727 
   26.400     0.189083     0.001070     0.001078      3574110 
   26.500    -0.110956    -0.000625    -0.000631      3568664 
   26.600    -0.172715    -0.000979    -0.000984      3540031 
   26.700    -0.451146    -0.002557    -0.002565      3556435 
   26.800    -0.349967    -0.001991    -0.001991      3538760 
   26.900    -0.443326    -0.002465    -0.002502      3555314 
   27.000     0.395237     0.002226     0.002239      3538393 
   27.100     0.684078     0.003925     0.003902      3511698 
   27.200    -0.468526    -0.002644    -0.002654      3537702 
   27.300     0.706634     0.004035     0.004037      3501022 
   27.400    -0.000347    -0.000002    -0.000002      3531616 
   27.500    -0.178838    -0.001013    -0.001016      3521347 
   27.600     0.699983     0.003937     0.003972      3515735 
   27.700     1.110350     0.006295     0.006320      3523400 
   27.800    -0.186505    -0.001053    -0.001062      3532331 
   27.900     0.139849     0.000802     0.000808      3543779 
   28.000     0.327454     0.001841     0.001862      3530765 
   28.100     0.317569     0.001796     0.001813      3517557 
   28.200    -0.483261    -0.002730    -0.002759      3520481 
   28.300    -0.492276    -0.002779    -0.002790      3516753 
   28.400    -0.199118    -0.001114    -0.001129      3510459 
   28.500    -0.656873    -0.003739    -0.003749      3493082 
   28.600     0.352791     0.001991     0.002022      3495671 
   28.700     0.355234     0.002022     0.002045      3497066 
   28.800    -0.012433    -0.000070    -0.000071      3532218 
   28.900    -0.320208    -0.001830    -0.001830      3524686 
   29.000     0.168485     0.000958     0.000965      3516517 
   29.100     0.294547     0.001650     0.001675      3509249 
   29.200     0.558420     0.003160     0.003160      3496247 
   29.300     0.410785     0.002322     0.002334      3492510 
   29.400     0.308764     0.001728     0.001758      3511051 
   29.500     0.124067     0.000694     0.000704      3481627 
   29.600     0.546128     0.003042     0.003106      3490791 
   29.700     0.036599     0.000207     0.000210      3464800 
   29.800    -0.136588    -0.000771    -0.000786      3443724 
   29.900    -0.188497    -0.001047    -0.001064      3456512 
   30.000     0.597020     0.003337     0.003410      3469990 
   30.100    -0.139068    -0.000785    -0.000808      3457147 
   30.200     0.013312     0.000074     0.000076      3483510 
   30.300    -0.005310    -0.000030    -0.000030      3509394 
   30.400     0.604663     0.003443     0.003472      3472974 
   30.500     0.107835     0.000616     0.000621      3472758 
   30.600     0.195482     0.001110     0.001115      3479903 
   30.700    -0.036959    -0.000207    -0.000211      3478200 
   30.800    -0.180026    -0.001024    -0.001038      3469037 
   30.900     0.501439     0.002833     0.002894      3444734 
   31.000     0.322049     0.001831     0.001855      3459979 
   31.100     0.228371     0.001284     0.001307      3453319 
   31.200     0.387588     0.002204     0.002235      3469404 
   31.300     0.179634     0.001017     0.001041      3451322 
   31.400     0.408798     0.002315     0.002354      3448755 
   31.500     0.297342     0.001700     0.001701      3422020 
   31.600     1.030349     0.005869     0.005916      3428586 
   31.700     0.682801     0.003839     0.003892      3432554 
   31.800     0.592263     0.003362     0.003420      3411795 
   31.900     0.963171     0.005497     0.005539      3420047 
   32.000     0.485131     0.002752     0.002781      3441273 
   32.100    -0.404256    -0.002259    -0.002303      3463574 
   32.200     0.771062     0.004331     0.004385      3421262 
   32.300     0.472247     0.002712     0.002743      3439008 
   32.400    -0.460652    -0.002614    -0.002668      3439719 
   32.500     0.194539     0.001097     0.001112      3449099 
   32.600     0.740171     0.004239     0.004266      3420028 
   32.700     0.698707     0.003910     0.003969      3414291 
   32.800     1.101141     0.006220     0.006286      3434131 
   32.900     0.535837     0.003045     0.003078      3420352 
   33.000     0.216818     0.001220     0.001238      3414019 
   33.100     0.530647     0.003004     0.003065      3395417 
   33.200     0.399336     0.002260     0.002302      3395694 
   33.300     0.582881     0.003321     0.003362      3374399 
   33.400     1.072096     0.006093     0.006187      3370944 
   33.500     1.365716     0.007712     0.007873      3382549 
   33.600     1.211910     0.006844     0.006976      3401005 
   33.700     0.918222     0.005194     0.005295      3399309 
   33.800     1.033516     0.005814     0.005926      3390825 
   33.900     0.460835     0.002591     0.002659      3391308 
   34.000     0.841840     0.004818     0.004877      3384049 
   34.100     0.399149     0.002316     0.002324      3363548 
   34.200     0.390467     0.002290     0.002282      3369154 
   34.300     0.504560     0.002903     0.002906      3374639 
   34.400     0.386138     0.002183     0.002218      3378310 
   34.500     0.060618     0.000349     0.000354      3354560 
   34.600     0.712191     0.004137     0.004162      3344234 
   34.700     0.254256     0.001465     0.001481      3356851 
   34.800    -0.124761    -0.000718    -0.000718      3369564 
   34.900     0.123077     0.000709     0.000719      3351658 
   35.000    -0.421342    -0.002488    -0.002476      3336664 
   35.100     0.384977     0.002261     0.002257      3341786 
   35.200     0.595209     0.003475     0.003510      3324927 
   35.300     0.171137     0.001007     0.001020      3327994 
   35.400    -1.141003    -0.006772    -0.006835      3327519 
   35.500     0.216793     0.001251     0.001277      3336711 
   35.600    -0.251067    -0.001467    -0.001478      3329153 
   35.700    -0.236852    -0.001380    -0.001391      3307236 
   35.800    -0.423455    -0.002455    -0.002489      3297679 
   35.900    -0.241030    -0.001386    -0.001417      3317689 
   36.000    -0.579323    -0.003391    -0.003406      3341551 
   36.100    -0.255335    -0.001491    -0.001497      3300456 
   36.200    -0.088806    -0.000519    -0.000522      3304839 
   36.300    -0.255320    -0.001455    -0.001490      3309246 
   36.400    -0.079086    -0.000450    -0.000461      3308438 
   36.500    -0.131428    -0.000752    -0.000768      3296475 
   36.600    -0.386541    -0.002234    -0.002267      3271818 
   36.700    -0.057210    -0.000335    -0.000336      3270714 
   36.800     0.960234     0.005572     0.005634      3300504 
   36.900     0.316379     0.001846     0.001869      3293299 
   37.000     0.175039     0.001012     0.001022      3297251 
   37.100     0.021048     0.000122     0.000123      3284746 
   37.200    -0.525406    -0.003083    -0.003085      3269770 
   37.300     0.326265     0.001879     0.001915      3277516 
   37.400     0.767231     0.004392     0.004459      3289261 
   37.500     1.108260     0.006455     0.006514      3261090 
   37.600     0.058755     0.000345     0.000351      3248700 
   37.700     0.327075     0.001853     0.001894      3290031 
   37.800     0.461462     0.002655     0.002700      3283321 
   37.900    -0.262012    -0.001521    -0.001537      3311517 
   38.000    -0.933878    -0.005531    -0.005540      3273290 
   38.100    -1.246313    -0.007315    -0.007359      3276291 
   38.200    -0.241423    -0.001418    -0.001435      3296348 
   38.300    -0.559298    -0.003206    -0.003265      3271043 
   38.400    -1.250835    -0.007391    -0.007376      3260534 
   38.500    -0.100212    -0.000586    -0.000593      3269400 
   38.600    -0.443992    -0.002598    -0.002623      3268972 
   38.700    -0.222352    -0.001314    -0.001313      3272151 
   38.800    -0.765896    -0.004483    -0.004547      3269305 
   38.900    -0.915115    -0.005366    -0.005414      3282735 
   39.000    -0.692486    -0.004045    -0.004069      3280245 
   39.100    -0.615896    -0.003649    -0.003669      3240761 
   39.200    -0.241263    -0.001422    -0.001433      3261572 
   39.300    -0.642761    -0.003767    -0.003795      3258173 
   39.400     0.087606     0.000519     0.000520      3259726 
   39.500     0.269997     0.001584     0.001605      3251081 
   39.600     0.389002     0.002255     0.002296      3250286 
   39.700     0.479435     0.002826     0.002837      3248416 
   39.800    -0.479069    -0.002815    -0.002818      3231775 
   39.900    -0.406367    -0.002344    -0.002381      3217280 
   40.000    -1.118373    -0.006634    -0.006665      3197417 
   40.100    -0.858188    -0.005028    -0.005092      3203471 
   40.200    -0.549654    -0.003248    -0.003290      3213047 
   40.300    -0.921473    -0.005410    -0.005477      3229311 
   40.400     0.246804     0.001467     0.001466      3233883 
   40.500    -0.376672    -0.002252    -0.002248      3220578 
   40.600    -0.089478    -0.000537    -0.000534      3204112 
   40.700     0.023955     0.000143     0.000143      3193792 
   40.800     0.589779     0.003501     0.003507      3219363 
   40.900     0.933999     0.005613     0.005615      3177636 
   41.000     0.931357     0.005578     0.005600      3165747 
   41.100    -0.126268    -0.000758    -0.000764      3164874 
   41.200    -0.223370    -0.001332    -0.001343      3195973 
   41.300     0.490552     0.002905     0.002926      3191546 
   41.400     0.326214     0.001944     0.001963      3190855 
   41.500     0.005934     0.000036     0.000036      3186863 
   41.600    -0.751223    -0.004583    -0.004539      3164210 
   41.700    -0.249511    -0.001511    -0.001507      3168175 
   41.800     0.023361     0.000141     0.000141      3174551 
   41.900    -0.598266    -0.003594    -0.003639      3156800 
   42.000    -0.771776    -0.004609    -0.004695      3140127 
   42.100    -0.382099    -0.002280    -0.002304      3155242 
   42.200    -0.747051    -0.004519    -0.004536      3116296 
   42.300    -0.990074    -0.005965    -0.006030      3118662 
   42.400    -0.227554    -0.001363    -0.001375      3131543 
   42.500    -0.399848    -0.002405    -0.002405      3148623 
   42.600    -0.553748    -0.003329    -0.003360      3128028 
   42.700     0.212654     0.001272     0.001287      3130607 
   42.800     0.517963     0.003107     0.003135      3135199 
   42.900     0.396490     0.002397     0.002399      3129557 
   43.000     0.413595     0.002491     0.002492      3141326 
   43.100    -0.543996    -0.003273    -0.003286      3117374 
   43.200     0.319838     0.001926     0.001942      3100312 
   43.300     0.324065     0.001961     0.001980      3094000 
   43.400     0.202377     0.001224     0.001236      3093978 
   43.500    -0.004838    -0.000029    -0.000029      3097944 
   43.600    -0.242818    -0.001482    -0.001476      3093457 
   43.700     0.029542     0.000179     0.000180      3091323 
   43.800    -0.244302    -0.001481    -0.001501      3083501 
   43.900     0.874935     0.005296     0.005349      3083600 
   44.000     0.568502     0.003467     0.003491      3084166 
   44.100     0.368341     0.002208     0.002258      3074758 
   44.200     0.550099     0.003308     0.003364      3048754 
   44.300     0.544417     0.003234     0.003295      3081920 
   44.400    -0.426666    -0.002558    -0.002593      3086165 
   44.500     0.876944     0.005339     0.005355      3046706 
   44.600     0.855206     0.005107     0.005206      3038680 
   44.700     1.672993     0.010215     0.010355      3026125 
   44.800     0.441184     0.002627     0.002688      3044912 
   44.900     0.268673     0.001591     0.001621      3041054 
   45.000    -0.535931    -0.003214    -0.003250      3029414 
   45.100     0.566468     0.003379     0.003433      3053319 
   45.200    -0.383670    -0.002305    -0.002328      3048130 
   45.300     0.295802     0.001769     0.001808      3025852 
   45.400     0.116761     0.000696     0.000707      3030490 
   45.500     0.338438     0.002028     0.002061      3050175 
   45.600     0.331869     0.002008     0.002033      3016377 
   45.700     0.771580     0.004633     0.004752      3016955 
   45.800     0.129805     0.000780     0.000796      2999407 
   45.900     0.176823     0.001056     0.001071      3033717 
   46.000    -0.132734    -0.000799    -0.000813      3014358 
   46.100    -0.973243    -0.005911    -0.005985      3032010 
   46.200    -0.850970    -0.005146    -0.005209      3015074 
   46.300    -0.229813    -0.001400    -0.001418      3015150 
   46.400     0.093076     0.000564     0.000570      3004207 
   46.500    -0.204253    -0.001243    -0.001256      3001829 
   46.600     0.280598     0.001708     0.001738      2992316 
   46.700     0.408145     0.002463     0.002510      3005388 
   46.800     0.321734     0.001955     0.001969      3003162 
   46.900     0.677394     0.004160     0.004155      2994986 
   47.000     0.095941     0.000579     0.000588      2973216 
   47.100     0.036498     0.000221     0.000225      2994539 
   47.200     0.138156     0.000841     0.000851      2965289 
   47.300    -0.001113    -0.000007    -0.000007      2945231 
   47.400    -0.473412    -0.002876    -0.002932      2968851 
   47.500    -0.199423    -0.001216    -0.001236      2982389 
   47.600    -0.723804    -0.004409    -0.004463      2973166 
   47.700    -1.209988    -0.007506    -0.007525      2969545 
   47.800    -0.295937    -0.001816    -0.001834      2973205 
   47.900    -0.659709    -0.004135    -0.004154      2920406 
   48.000    -1.298192    -0.008062    -0.008151      2940659 
   48.100    -0.697716    -0.004238    -0.004321      2956865 
   48.200     0.081153     0.000506     0.000512      2929184 
   48.300     0.143036     0.000893     0.000889      2944288 
   48.400     0.544964     0.003357     0.003394      2925862 
   48.500     0.353671     0.002179     0.002211      2923251 
   48.600     0.366135     0.002277     0.002294      2929842 
   48.700     0.106018     0.000660     0.000666      2915364 
   48.800    -0.276006    -0.001716    -0.001738      2898595 
   48.900    -0.102809    -0.000637    -0.000643      2916154 
   49.000     0.139931     0.000855     0.000875      2935382 
   49.100     0.070879     0.000436     0.000445      2894057 
   49.200     0.663746     0.004120     0.004171      2910953 
   49.300     0.151970     0.000940     0.000945      2900063 
   49.400     0.015726     0.000097     0.000098      2905983 
   49.500     0.750399     0.004626     0.004652      2915878 
   49.600    -0.637201    -0.003929    -0.003967      2934154 
   49.700    -0.354903    -0.002188    -0.002211      2942724 
   49.800    -0.715027    -0.004392    -0.004456      2904929 
   49.900    -0.265528    -0.001625    -0.001651      2898826 
   50.000     0.349754     0.002177     0.002197      2878245 
   50.100    -0.454023    -0.002839    -0.002873      2855949 
   50.200     0.098145     0.000613     0.000620      2851914 
   50.300     0.506871     0.003169     0.003194      2873801 
   50.400    -0.951916    -0.005916    -0.006004      2823164 
   50.500    -1.148556    -0.007182    -0.007247      2872203 
   50.600    -1.653210    -0.010388    -0.010413      2891804 
   50.700    -1.487539    -0.009399    -0.009416      2883632 
   50.800    -1.126984    -0.006973    -0.007027      2861068 
   50.900    -0.079026    -0.000489    -0.000490      2843687 
   51.000    -0.189234    -0.001187    -0.001181      2840712 
   51.100    -0.066797    -0.000422    -0.000424      2813900 
   51.200    -0.163147    -0.001026    -0.001026      2841632 
   51.300    -0.495389    -0.003093    -0.003093      2846713 
   51.400    -0.933501    -0.005886    -0.005886      2834400 
   51.500    -0.550310    -0.003428    -0.003471      2845002 
   51.600    -1.215915    -0.007563    -0.007715      2838902 
   51.700    -0.862285    -0.005315    -0.005447      2823584 
   51.800    -0.189692    -0.001193    -0.001210      2839006 
   51.900    -0.087091    -0.000545    -0.000554      2826875 
   52.000    -0.368787    -0.002316    -0.002350      2810688 
   52.100    -0.539863    -0.003375    -0.003434      2803569 
   52.200    -0.798340    -0.004936    -0.005110      2798406 
   52.300    -0.793601    -0.004909    -0.005035      2797962 
   52.400    -0.951545    -0.005999    -0.006123      2775742 
   52.500    -0.239987    -0.001513    -0.001537      2791142 
   52.600    -0.007103    -0.000045    -0.000046      2787782 
   52.700    -0.130497    -0.000807    -0.000823      2807265 
   52.800     0.454028     0.002837     0.002896      2793351 
   52.900    -0.368244    -0.002310    -0.002341      2781290 
   53.000    -0.037025    -0.000235    -0.000237      2775355 
   53.100     0.199465     0.001277     0.001283      2797663 
   53.200    -0.588898    -0.003708    -0.003760      2795140 
   53.300    -0.136755    -0.000842    -0.000860      2776002 
   53.400    -1.112681    -0.006889    -0.007025      2778475 
   53.500    -0.642147    -0.003985    -0.004071      2778238 
   53.600    -0.565276    -0.003536    -0.003590      2762976 
   53.700    -0.967024    -0.006113    -0.006239      2765817 
   53.800    -1.087820    -0.006796    -0.006979      2753727 
   53.900    -0.660366    -0.004116    -0.004188      2780763 
   54.000     0.419758     0.002657     0.002707      2739532 
   54.100     0.344607     0.002170     0.002208      2745099 
   54.200    -0.331020    -0.002086    -0.002123      2735788 
   54.300     0.527089     0.003348     0.003379      2712713 
   54.400     0.342357     0.002199     0.002222      2730439 
   54.500    -0.387420    -0.002506    -0.002508      2729069 
   54.600     0.054020     0.000348     0.000353      2724614 
   54.700    -0.297111    -0.001879    -0.001920      2742737 
   54.800     0.137689     0.000858     0.000884      2746355 
   54.900     0.219213     0.001396     0.001414      2722654 
   55.000     0.448708     0.002833     0.002875      2723404 
   55.100     0.164279     0.001046     0.001064      2716512 
   55.200    -0.595613    -0.003844    -0.003878      2714359 
   55.300    -0.218439    -0.001380    -0.001404      2739169 
   55.400    -0.077930    -0.000504    -0.000511      2714303 
   55.500     0.257061     0.001656     0.001666      2717684 
   55.600    -0.145427    -0.000925    -0.000946      2722920 
   55.700    -0.443916    -0.002815    -0.002871      2714510 
   55.800     0.241400     0.001548     0.001567      2690487 
   55.900     0.026243     0.000166     0.000170      2688647 
   56.000    -0.135270    -0.000871    -0.000883      2711327 
   56.100    -0.079566    -0.000508    -0.000514      2687231 
   56.200     0.519454     0.003333     0.003405      2679767 
   56.300     0.105216     0.000678     0.000688      2686695 
   56.400    -0.280163    -0.001784    -0.001808      2689045 
   56.500    -0.812082    -0.005189    -0.005280      2711561 
   56.600     0.017228     0.000110     0.000112      2706099 
   56.700     0.698716     0.004473     0.004566      2694580 
   56.800     0.093508     0.000597     0.000605      2692310 
   56.900     0.430122     0.002774     0.002788      2684079 
   57.000     0.982936     0.006418     0.006455      2661560 
   57.100     1.013514     0.006572     0.006607      2650057 
   57.200     0.660942     0.004337     0.004371      2663570 
   57.300     1.043229     0.006787     0.006825      2667248 
   57.400     0.802406     0.005217     0.005278      2639615 
   57.500     0.960665     0.006215     0.006313      2651192 
   57.600     0.512642     0.003338     0.003378      2638692 
   57.700    -0.467108    -0.003018    -0.003054      2651900 
   57.800     0.750570     0.004855     0.004922      2650456 
   57.900     1.283896     0.008382     0.008475      2619914 
   58.000     0.861614     0.005623     0.005687      2648231 
   58.100     0.274093     0.001776     0.001790      2639321 
   58.200     0.516388     0.003387     0.003426      2633082 
   58.300     0.192687     0.001272     0.001286      2623915 
   58.400     0.427421     0.002781     0.002812      2623237 
   58.500     0.121312     0.000786     0.000796      2625394 
   58.600     0.592893     0.003860     0.003920      2622795 
   58.700     1.053294     0.006835     0.006879      2623644 
   58.800     0.475096     0.003113     0.003147      2632092 
   58.900     0.729222     0.004809     0.004897      2596008 
   59.000     0.280878     0.001827     0.001856      2593844 
   59.100     0.777442     0.005091     0.005186      2576615 
   59.200     0.400495     0.002700     0.002702      2580676 
   59.300    -0.190827    -0.001250    -0.001259      2608652 
   59.400    -0.220179    -0.001448    -0.001463      2602141 
   59.500    -0.015352    -0.000101    -0.000102      2608750 
   59.600    -0.171315    -0.001122    -0.001138      2591458 
   59.700     0.758326     0.005041     0.005118      2572695 
   59.800    -0.052675    -0.000349    -0.000356      2592992 
   59.900     0.314271     0.002117     0.002125      2587926 
   60.000     0.685958     0.004559     0.004561      2581124 
   60.100     0.315447     0.002077     0.002111      2568052 
   60.200     0.345751     0.002255     0.002284      2595686 
   60.300     0.479755     0.003186     0.003221      2555947 
   60.400     0.237689     0.001565     0.001587      2566814 
   60.500    -0.165708    -0.001090    -0.001110      2555734 
   60.600     0.643181     0.004269     0.004332      2562425 
   60.700     1.164834     0.007601     0.007793      2588702 
   60.800     0.512172     0.003319     0.003412      2582481 
   60.900    -0.122962    -0.000807    -0.000820      2555934 
   61.000    -0.495231    -0.003298    -0.003320      2550816 
   61.100     0.570591     0.003894     0.003864      2532997 
   61.200    -0.337458    -0.002236    -0.002268      2521915 
   61.300    -0.099630    -0.000649    -0.000665      2531468 
   61.400    -0.472849    -0.003159    -0.003173      2527843 
   61.500     0.137375     0.000910     0.000922      2555859 
   61.600     0.726067     0.004766     0.004901      2529777 
   61.700     0.693616     0.004565     0.004668      2516461 
   61.800     0.384732     0.002531     0.002587      2511660 
   61.900     0.504207     0.003346     0.003400      2512762 
   62.000    -0.523493    -0.003564    -0.003580      2502367 
   62.100    -0.041138    -0.000275    -0.000280      2500293 
   62.200     0.048046     0.000318     0.000323      2524839 
   62.300     0.532770     0.003562     0.003613      2514619 
   62.400     0.707476     0.004750     0.004821      2496278 
   62.500     0.848629     0.005729     0.005788      2477843 
   62.600     1.342158     0.009059     0.009194      2471404 
   62.700     0.567099     0.003750     0.003863      2499563 
   62.800     0.072685     0.000491     0.000502      2476814 
   62.900    -0.180867    -0.001213    -0.001233      2480676 
   63.000     0.158922     0.001076     0.001092      2469750 
   63.100     0.319696     0.002175     0.002198      2478798 
   63.200     0.424154     0.002851     0.002904      2507414 
   63.300     1.028031     0.006844     0.006926      2496709 
   63.400     0.218381     0.001481     0.001490      2460287 
   63.500    -0.378898    -0.002545    -0.002582      2473463 
   63.600    -0.448633    -0.003018    -0.003042      2487766 
   63.700     0.225587     0.001506     0.001526      2488338 
   63.800    -0.356149    -0.002388    -0.002432      2479032 
   63.900    -0.206252    -0.001393    -0.001408      2468147 
   64.000    -0.653032    -0.004440    -0.004492      2430443 
   64.100    -0.254949    -0.001732    -0.001756      2454188 
   64.200    -0.003251    -0.000022    -0.000022      2460279 
   64.300     0.508959     0.003437     0.003509      2449461 
   64.400    -0.711782    -0.004756    -0.004885      2436824 
   64.500    -0.653218    -0.004412    -0.004512      2431342 
   64.600    -0.335855    -0.002244    -0.002301      2441825 
   64.700    -0.233310    -0.001564    -0.001608      2444858 
   64.800    -0.138568    -0.000923    -0.000948      2427948 
   64.900    -0.428442    -0.002887    -0.002945      2415078 
   65.000     0.557564     0.003753     0.003853      2411025 
   65.100     0.234834     0.001590     0.001608      2431195 
   65.200    -0.308752    -0.002070    -0.002123      2417661 
   65.300    -0.022096    -0.000149    -0.000151      2427199 
   65.400    -0.421235    -0.002833    -0.002890      2416146 
   65.500     0.146002     0.000979     0.001002      2427799 
   65.600     0.076549     0.000514     0.000525      2417873 
   65.700     0.106703     0.000733     0.000741      2408549 
   65.800     0.466679     0.003212     0.003238      2418109 
   65.900     0.454806     0.003063     0.003164      2399673 
   66.000    -0.082583    -0.000557    -0.000572      2399800 
   66.100     0.502079     0.003455     0.003515      2392391 
   66.200     0.631141     0.004355     0.004411      2389689 
   66.300     0.188725     0.001291     0.001308      2384949 
   66.400     0.583869     0.003989     0.004054      2395785 
   66.500     0.215406     0.001486     0.001500      2379243 
   66.600     0.263725     0.001801     0.001828      2380076 
   66.700     0.127585     0.000864     0.000880      2418012 
   66.800     0.391024     0.002658     0.002723      2391373 
   66.900     0.935074     0.006349     0.006461      2393341 
   67.000    -0.014858    -0.000103    -0.000104      2387087 
   67.100     0.211027     0.001450     0.001470      2382766 
   67.200     0.200951     0.001391     0.001401      2375540 
   67.300    -0.149295    -0.001028    -0.001032      2387929 
   67.400     0.017331     0.000121     0.000122      2380140 
   67.500     0.204187     0.001404     0.001417      2385539 
   67.600    -0.574485    -0.003975    -0.004031      2356229 
   67.700    -1.360819    -0.009421    -0.009549      2361463 
   67.800    -1.093459    -0.007561    -0.007640      2357242 
   67.900    -0.080473    -0.000552    -0.000566      2370252 
   68.000    -0.948666    -0.006445    -0.006659      2358031 
   68.100    -0.532714    -0.003694    -0.003741      2354348 
   68.200    -0.797361    -0.005557    -0.005655      2361631 
   68.300    -0.339839    -0.002401    -0.002432      2347303 
   68.400    -0.625824    -0.004386    -0.004428      2338872 
   68.500    -0.573086    -0.003932    -0.003991      2345308 
   68.600    -0.238603    -0.001635    -0.001663      2319269 
   68.700    -0.324857    -0.002220    -0.002257      2338719 
   68.800    -0.589008    -0.004016    -0.004084      2353197 
   68.900    -1.438695    -0.009811    -0.010042      2337432 
   69.000    -0.456723    -0.003133    -0.003170      2326455 
   69.100    -0.091273    -0.000629    -0.000636      2345646 
   69.200    -0.423097    -0.002863    -0.002940      2325014 
   69.300    -0.037733    -0.000263    -0.000265      2312371 
   69.400    -0.124851    -0.000873    -0.000879      2318203 
   69.500     0.022767     0.000156     0.000160      2320140 
   69.600    -0.336904    -0.002319    -0.002356      2310810 
   69.700    -0.631806    -0.004354    -0.004453      2320766 
   69.800    -0.038647    -0.000268    -0.000272      2291008 
   69.900    -1.562900    -0.010953    -0.011013      2289217 
   70.000    -0.570970    -0.003987    -0.004061      2277393 
   70.100     0.468250     0.003273     0.003306      2309107 
   70.200    -0.271445    -0.001887    -0.001912      2301181 
   70.300     0.141110     0.000975     0.000995      2291708 
   70.400    -0.056034    -0.000393    -0.000400      2290700 
   70.500    -0.146295    -0.001036    -0.001045      2283809 
   70.600    -0.268682    -0.001882    -0.001915      2268295 
   70.700    -0.301993    -0.002090    -0.002132      2283408 
   70.800     0.443636     0.003086     0.003132      2281128 
   70.900     0.078139     0.000536     0.000544      2285018 
   71.000     0.259146     0.001782     0.001817      2278711 
   71.100     0.467637     0.003180     0.003259      2279787 
   71.200     0.207392     0.001447     0.001464      2248556 
   71.300     0.592042     0.004155     0.004177      2263379 
   71.400     0.514139     0.003531     0.003627      2281393 
   71.500     1.106540     0.007639     0.007858      2274674 
   71.600     1.157371     0.007992     0.008148      2280704 
   71.700    -0.067542    -0.000473    -0.000477      2275406 
   71.800    -0.070184    -0.000494    -0.000498      2249382 
   71.900    -0.535763    -0.003711    -0.003793      2259157 
   72.000    -0.040806    -0.000284    -0.000287      2287219 
   72.100     0.378528     0.002636     0.002684      2255502 
   72.200    -0.055272    -0.000389    -0.000392      2240526 
   72.300     0.540816     0.003786     0.003825      2253155 
   72.400    -0.021779    -0.000152    -0.000154      2247451 
   72.500    -0.335904    -0.002374    -0.002383      2252687 
   72.600     0.310732     0.002155     0.002198      2256795 
   72.700    -0.269319    -0.001887    -0.001914      2244376 
   72.800     0.167070     0.001156     0.001184      2225823 
   72.900    -0.005366    -0.000037    -0.000038      2259443 
   73.000     0.809119     0.005674     0.005773      2238255 
   73.100     0.509016     0.003580     0.003613      2239945 
   73.200     0.625116     0.004455     0.004494      2210003 
   73.300     0.622891     0.004405     0.004419      2221264 
   73.400     0.168392     0.001194     0.001205      2232503 
   73.500     0.105728     0.000752     0.000759      2206414 
   73.600     0.842716     0.005944     0.005997      2213455 
   73.700    -0.278642    -0.001955    -0.001979      2233600 
   73.800    -0.425408    -0.002990    -0.003048      2227469 
   73.900     0.374459     0.002694     0.002717      2199968 
   74.000     0.667939     0.004806     0.004854      2190883 
   74.100     0.970519     0.006992     0.007030      2200597 
   74.200     0.723058     0.005212     0.005248      2214602 
   74.300     0.565160     0.004054     0.004071      2196958 
   74.400     0.069876     0.000507     0.000508      2183237 
   74.500     0.413951     0.002973     0.003002      2189879 
   74.600     0.871626     0.006289     0.006300      2180168 
   74.700     0.664235     0.004851     0.004815      2161644 
   74.800     0.348572     0.002530     0.002514      2147043 
   74.900     0.783556     0.005556     0.005643      2162093 
   75.000     0.375337     0.002726     0.002743      2143508 
   75.100     0.966775     0.006952     0.007028      2155088 
   75.200     0.967360     0.006994     0.007045      2151179 
   75.300     0.694710     0.004977     0.005020      2165595 
   75.400     0.210557     0.001501     0.001522      2145133 
   75.500     0.440596     0.003169     0.003167      2129214 
   75.600    -0.897844    -0.006474    -0.006503      2150970 
   75.700    -0.046498    -0.000332    -0.000336      2159453 
   75.800     0.661780     0.004733     0.004831      2129239 
   75.900     0.236262     0.001660     0.001702      2124036 
   76.000    -0.098418    -0.000714    -0.000720      2106039 
   76.100     0.147510     0.001064     0.001075      2116595 
   76.200     0.432500     0.003139     0.003151      2131631 
   76.300     0.452011     0.003278     0.003307      2136511 
   76.400     0.515576     0.003701     0.003737      2141411 
   76.500     0.839131     0.006119     0.006132      2112813 
   76.600     0.376636     0.002761     0.002789      2099539 
   76.700     0.197739     0.001425     0.001448      2102430 
   76.800    -0.347211    -0.002518    -0.002574      2093863 
   76.900    -0.552589    -0.003975    -0.004050      2106599 
   77.000    -0.115070    -0.000840    -0.000847      2103656 
   77.100     0.202720     0.001468     0.001479      2100117 
   77.200    -0.005019    -0.000036    -0.000036      2119468 
   77.300    -0.112674    -0.000822    -0.000831      2107685 
   77.400     0.028904     0.000208     0.000211      2105851 
   77.500    -0.695359    -0.005113    -0.005183      2093879 
   77.600    -0.400428    -0.002953    -0.002985      2082941 
   77.700     0.231947     0.001725     0.001733      2088095 
   77.800     0.545919     0.003954     0.004046      2091893 
   77.900     0.910838     0.006688     0.006770      2096505 
   78.000     0.696641     0.005067     0.005124      2094786 
   78.100     1.703884     0.012351     0.012503      2099562 
   78.200     1.097598     0.007920     0.008005      2086465 
   78.300     1.029249     0.007656     0.007689      2062114 
   78.400    -0.030488    -0.000227    -0.000227      2066383 
   78.500     0.494909     0.003600     0.003660      2088911 
   78.600     1.203542     0.008852     0.008913      2076563 
   78.700     0.942617     0.007019     0.007012      2101504 
   78.800     1.056476     0.007898     0.007862      2078264 
   78.900     0.308376     0.002237     0.002262      2076855 
   79.000     0.178200     0.001290     0.001307      2057959 
   79.100    -0.384558    -0.002736    -0.002776      2077610 
   79.200    -0.361153    -0.002652    -0.002644      2052080 
   79.300     0.568508     0.004060     0.004174      2058153 
   79.400     0.162869     0.001180     0.001196      2061669 
   79.500     0.477323     0.003521     0.003571      2038711 
   79.600     0.739565     0.005451     0.005498      2031442 
   79.700     0.526323     0.003889     0.003950      2040054 
   79.800    -0.259369    -0.001859    -0.001920      2041187 
   79.900     0.665592     0.004906     0.005016      2034475 
   80.000     0.395516     0.002842     0.002925      2064677 
   80.100     0.225165     0.001641     0.001667      2042148 
   80.200     0.043579     0.000315     0.000319      2046840 
   80.300     0.347899     0.002538     0.002582      2049007 
   80.400    -0.150952    -0.001121    -0.001129      2044781 
   80.500     0.413641     0.003045     0.003078      2040273 
   80.600     0.391841     0.003003     0.002980      2031323 
   80.700    -0.217879    -0.001663    -0.001656      2010902 
   80.800    -0.066872    -0.000497    -0.000498      2035740 
   80.900     0.132728     0.001000     0.001001      2037266 
   81.000     0.252785     0.001885     0.001899      2023393 
   81.100    -0.226904    -0.001677    -0.001698      2011964 
   81.200    -0.762133    -0.005798    -0.005806      1989371 
   81.300     0.160783     0.001190     0.001211      2001661 
   81.400     0.324159     0.002413     0.002462      1994317 
   81.500     0.632330     0.004691     0.004755      1998283 
   81.600     0.869991     0.006600     0.006692      1980389 
   81.700    -0.279505    -0.002155    -0.002171      1971723 
   81.800    -0.446924    -0.003379    -0.003429      1967839 
   81.900    -0.182248    -0.001361    -0.001394      1978510 
   82.000    -0.943812    -0.007220    -0.007305      1972303 
   82.100     0.841917     0.006350     0.006419      1956996 
   82.200     0.163377     0.001226     0.001246      1948033 
   82.300    -0.057743    -0.000448    -0.000443      1953494 
   82.400    -0.366206    -0.002806    -0.002788      1967352 
   82.500     0.316361     0.002405     0.002416      1964166 
   82.600    -0.729337    -0.005623    -0.005622      1959697 
   82.700    -0.042531    -0.000331    -0.000328      1956310 
   82.800    -0.227122    -0.001719    -0.001736      1941330 
   82.900     0.415147     0.003093     0.003161      1940977 
   83.000     0.249914     0.001896     0.001914      1943893 
   83.100    -0.099482    -0.000767    -0.000773      1940845 
   83.200    -1.159960    -0.008868    -0.008835      1949594 
   83.300    -0.959331    -0.007402    -0.007413      1910854 
   83.400     0.168587     0.001286     0.001299      1936870 
   83.500     0.556238     0.004281     0.004308      1916743 
   83.600     0.635121     0.004837     0.004866      1928646 
   83.700     0.113271     0.000865     0.000868      1940131 
   83.800     0.190777     0.001454     0.001460      1917357 
   83.900    -0.301648    -0.002275    -0.002313      1915976 
   84.000     0.176887     0.001329     0.001356      1916064 
   84.100     0.391967     0.002986     0.003037      1909563 
   84.200    -0.290319    -0.002211    -0.002238      1917254 
   84.300     0.371925     0.002848     0.002869      1913734 
   84.400    -0.226375    -0.001703    -0.001745      1901915 
   84.500    -0.603502    -0.004545    -0.004627      1907382 
   84.600     0.226049     0.001720     0.001723      1899144 
   84.700    -0.322757    -0.002509    -0.002512      1900726 
   84.800     0.274928     0.002121     0.002135      1919394 
   84.900     0.287207     0.002234     0.002240      1908452 
   85.000    -0.743161    -0.005778    -0.005851      1894194 
   85.100    -0.155244    -0.001179    -0.001194      1906754 
   85.200     0.267790     0.002004     0.002034      1915553 
   85.300     0.787187     0.005902     0.006052      1898064 
   85.400     0.357736     0.002778     0.002819      1899190 
   85.500    -0.232234    -0.001767    -0.001806      1897935 
   85.600     0.401868     0.003100     0.003137      1906979 
   85.700    -0.617184    -0.004682    -0.004793      1891354 
   85.800    -0.253509    -0.001938    -0.001977      1889556 
   85.900     0.089258     0.000680     0.000695      1892854 
   86.000    -0.817176    -0.006378    -0.006434      1890274 
   86.100    -0.215670    -0.001660    -0.001690      1892707 
   86.200    -1.024098    -0.007823    -0.007976      1890215 
   86.300    -0.740767    -0.005714    -0.005793      1878526 
   86.400    -0.201792    -0.001549    -0.001570      1892827 
   86.500    -0.776639    -0.005945    -0.006071      1890555 
   86.600    -0.120585    -0.000952    -0.000956      1871524 
   86.700    -0.207213    -0.001569    -0.001595      1881592 
   86.800    -0.262777    -0.002022    -0.002032      1881078 
   86.900    -0.583417    -0.004511    -0.004536      1875035 
   87.000    -0.635739    -0.004845    -0.004968      1851512 
   87.100    -0.124154    -0.000945    -0.000965      1864095 
   87.200    -0.158795    -0.001197    -0.001237      1860668 
   87.300    -0.956213    -0.007281    -0.007482      1855386 
   87.400    -0.236812    -0.001806    -0.001838      1844733 
   87.500    -0.514137    -0.004024    -0.004059      1847384 
   87.600    -0.111209    -0.000877    -0.000875      1857087 
   87.700    -0.210760    -0.001688    -0.001683      1844919 
   87.800    -0.281850    -0.002211    -0.002227      1845636 
   87.900     0.460387     0.003591     0.003642      1842764 
   88.000     0.069764     0.000534     0.000545      1825296 
   88.100     0.051840     0.000403     0.000409      1830711 
   88.200     0.061956     0.000488     0.000492      1823925 
   88.300    -0.610119    -0.004814    -0.004858      1819847 
   88.400    -0.706428    -0.005538    -0.005587      1810244 
   88.500     0.164574     0.001275     0.001299      1813082 
   88.600     0.724281     0.005610     0.005718      1825845 
   88.700     0.810058     0.006306     0.006408      1809930 
   88.800     0.232053     0.001844     0.001858      1817216 
   88.900     0.031469     0.000246     0.000250      1815463 
   89.000     0.209503     0.001648     0.001665      1809918 
   89.100    -0.279921    -0.002228    -0.002247      1786007 
   89.200     0.841548     0.006518     0.006686      1802889 
   89.300     1.013625     0.007934     0.008059      1791473 
   89.400     0.132146     0.001018     0.001039      1808044 
   89.500     0.253865     0.001997     0.002033      1793727 
   89.600    -0.000568    -0.000004    -0.000005      1795970 
   89.700     0.083472     0.000659     0.000666      1797689 
   89.800     0.624800     0.004907     0.004918      1791336 
   89.900     0.995546     0.007915     0.007879      1798251 
   90.000     0.045747     0.000366     0.000364      1789083 
   90.100     0.344157     0.002742     0.002754      1782604 
   90.200    -0.566431    -0.004461    -0.004509      1768428 
   90.300    -0.926740    -0.007338    -0.007388      1765498 
   90.400     0.146420     0.001136     0.001166      1759481 
   90.500     0.070564     0.000551     0.000561      1760562 
   90.600     0.073420     0.000586     0.000592      1755146 
   90.700     0.302782     0.002342     0.002386      1762499 
   90.800    -0.259464    -0.002060    -0.002102      1758598 
   90.900    -0.023264    -0.000185    -0.000188      1766856 
   91.000     0.202945     0.001624     0.001632      1757396 
   91.100    -0.885577    -0.007094    -0.007107      1760939 
   91.200     0.269816     0.002127     0.002162      1748028 
   91.300    -0.104223    -0.000842    -0.000840      1737953 
   91.400    -0.022952    -0.000187    -0.000188      1721849 
   91.500    -0.069415    -0.000557    -0.000565      1744128 
   91.600     1.016608     0.008256     0.008312      1726943 
   91.700     0.826736     0.006679     0.006789      1722002 
   91.800     0.764942     0.006113     0.006228      1747781 
   91.900     0.606804     0.004891     0.004934      1741187 
   92.000     0.683695     0.005498     0.005549      1725249 
   92.100    -0.013823    -0.000110    -0.000112      1742686 
   92.200     0.688993     0.005507     0.005652      1720546 
   92.300     0.315870     0.002557     0.002570      1708714 
   92.400     0.660761     0.005363     0.005423      1709564 
   92.500     1.094050     0.008877     0.009069      1708624 
   92.600    -0.239620    -0.001958    -0.001986      1695942 
   92.700     0.216095     0.001738     0.001780      1691318 
   92.800    -0.093378    -0.000761    -0.000771      1691222 
   92.900    -0.373819    -0.002977    -0.003054      1719197 
   93.000     0.912292     0.007314     0.007512      1702127 
   93.100     0.735278     0.005907     0.006067      1682686 
   93.200     1.050960     0.008447     0.008667      1706804 
   93.300     0.405437     0.003299     0.003388      1696145 
   93.400    -0.596717    -0.004869    -0.004941      1689652 
   93.500     0.691910     0.005757     0.005773      1695721 
   93.600     0.433482     0.003584     0.003581      1687909 
   93.700     0.158880     0.001325     0.001316      1674672 
   93.800    -0.368579    -0.002999    -0.003045      1652375 
   93.900     0.178515     0.001476     0.001482      1675117 
   94.000    -0.214586    -0.001761    -0.001781      1660151 
   94.100     0.097734     0.000791     0.000808      1659819 
   94.200    -0.540039    -0.004377    -0.004536      1658980 
   94.300    -0.101686    -0.000817    -0.000832      1670994 
   94.400     0.249163     0.002022     0.002058      1650422 
   94.500    -0.006263    -0.000050    -0.000051      1655748 
   94.600     0.668191     0.005280     0.005466      1657498 
   94.700     0.658769     0.005293     0.005360      1644567 
   94.800     0.572232     0.004743     0.004762      1643409 
   94.900     0.163787     0.001357     0.001370      1637606 
   95.000     0.590737     0.004792     0.004867      1657141 
   95.100     1.142583     0.009072     0.009274      1648635 
   95.200     0.003681     0.000029     0.000030      1657576 
   95.300    -0.016600    -0.000135    -0.000138      1630555 
   95.400     0.207900     0.001698     0.001741      1652943 
   95.500     0.077104     0.000634     0.000640      1641277 
   95.600    -0.118666    -0.000969    -0.000984      1636359 
   95.700     0.112580     0.000911     0.000927      1646255 
   95.800     0.263729     0.002180     0.002199      1624692 
   95.900    -0.161821    -0.001305    -0.001320      1642922 
   96.000    -0.166734    -0.001366    -0.001382      1640682 
   96.100    -0.374437    -0.003046    -0.003078      1655676 
   96.200    -0.248362    -0.002025    -0.002060      1637335 
   96.300    -0.770868    -0.006345    -0.006384      1644290 
   96.400     0.342084     0.002858     0.002861      1615857 
   96.500    -0.070011    -0.000566    -0.000581      1646202 
   96.600    -0.650693    -0.005341    -0.005443      1630545 
   96.700    -0.229633    -0.001866    -0.001916      1612579 
   96.800    -0.344504    -0.002828    -0.002874      1604424 
   96.900    -0.149752    -0.001244    -0.001253      1613761 
   97.000     0.490775     0.004144     0.004110      1604983 
   97.100    -0.348064    -0.002881    -0.002945      1613263 
   97.200    -1.003617    -0.008182    -0.008320      1609104 
   97.300    -1.110356    -0.009026    -0.009186      1610524 
   97.400    -0.580190    -0.004801    -0.004824      1605030 
   97.500    -0.873346    -0.007219    -0.007267      1595115 
   97.600    -0.062154    -0.000520    -0.000524      1588614 
   97.700     0.378691     0.003082     0.003137      1592794 
   97.800    -0.705958    -0.005745    -0.005873      1598039 
   97.900    -0.062271    -0.000514    -0.000524      1586629 
   98.000     0.411764     0.003360     0.003430      1589639 
   98.100    -0.236882    -0.001976    -0.001985      1590690 
   98.200    -0.333356    -0.002783    -0.002767      1585592 
   98.300    -0.321418    -0.002599    -0.002661      1598881 
   98.400     0.827111     0.006914     0.007044      1604135 
   98.500    -0.145932    -0.001206    -0.001235      1591591 
   98.600    -0.463776    -0.003955    -0.003968      1553930 
   98.700    -0.041027    -0.000345    -0.000349      1569112 
   98.800    -0.491101    -0.004095    -0.004164      1567347 
   98.900    -1.170393    -0.009855    -0.009850      1548258 
   99.000    -0.997199    -0.008394    -0.008428      1550462 
   99.100     0.080948     0.000682     0.000687      1557674 
   99.200     0.372615     0.003197     0.003193      1552033 
   99.300     0.009234     0.000078     0.000079      1541072 
   99.400     0.247630     0.002083     0.002087      1549605 
   99.500     0.398506     0.003391     0.003421      1558044 
   99.600     0.342810     0.002922     0.002962      1544724 
   99.700     0.670332     0.005628     0.005709      1541698 
   99.800     0.499823     0.004040     0.004160      1549404 
   99.900    -0.398217    -0.003344    -0.003374      1532736 
  100.000     0.131440     0.001132     0.001146      1520887 
