fitting 1 exponentials + affine
seed: 6148094319 
   14.083501 
    0.471 
   10.953514 
    0.918 
   10.736491 
    0.933 
   10.721145 
    0.965 
   10.590819 
    0.948 
   10.583585 
    0.950 
   10.582935 
    0.953 
   10.582205 
    0.952 
   10.582192 
    0.952 
   10.582192 
    0.952 
   10.582192 
    0.952 
    0.952 
nagopt ncall: 1  oldvalue:     10.582191833 newvalue:    10.582191833
   10.582192 
    0.951857849 
error sd:     0.003253
halflife:    14.049 
mean (generations):    49.340 
    0.027460556    -0.000546416 
##end of run
