 ##Z-score and correlation:: ../../ancpop.list  binsize:     0.001000
    0.100    30.440398     0.165033     0.165222      5845721 
    0.200     8.893096     0.050501     0.050293      4349047 
    0.300     6.256490     0.034712     0.034619      4337738 
    0.400     5.075504     0.027831     0.027817      4282699 
    0.500     4.165333     0.022788     0.022682      4243582 
    0.600     3.173189     0.017225     0.017212      4225130 
    0.700     3.705740     0.020238     0.020064      4215047 
    0.800     3.418678     0.018668     0.018634      4191965 
    0.900     3.021177     0.016423     0.016401      4189362 
    1.000     3.460309     0.018685     0.018793      4189681 
    1.100     2.618692     0.014183     0.014144      4160954 
    1.200     2.022725     0.010916     0.010904      4179018 
    1.300     1.945922     0.010499     0.010531      4149021 
    1.400     1.654778     0.008964     0.009000      4111830 
    1.500     1.832255     0.009978     0.009941      4113453 
    1.600     2.815022     0.015335     0.015369      4117849 
    1.700     2.570574     0.013989     0.013940      4119602 
    1.800     1.676955     0.009021     0.009058      4109070 
    1.900     1.607288     0.008777     0.008772      4100449 
    2.000     0.630051     0.003463     0.003451      4082814 
    2.100     1.320127     0.007158     0.007135      4086704 
    2.200     1.578122     0.008471     0.008577      4090661 
    2.300     1.916661     0.010313     0.010391      4085597 
    2.400     1.831696     0.009849     0.009820      4073991 
    2.500     2.173514     0.011536     0.011646      4057447 
    2.600     2.046904     0.010991     0.011063      4049518 
    2.700     1.632842     0.008804     0.008862      4022477 
    2.800     1.939523     0.010552     0.010611      4037531 
    2.900     1.123298     0.006159     0.006169      4042025 
    3.000     0.973873     0.005306     0.005341      4036086 
    3.100     1.505814     0.008238     0.008222      4036852 
    3.200     1.767553     0.009634     0.009623      4039899 
    3.300     0.776792     0.004222     0.004235      4027770 
    3.400     1.006216     0.005463     0.005478      4029939 
    3.500     0.604079     0.003304     0.003307      4031106 
    3.600     1.299280     0.007065     0.007111      4022493 
    3.700     1.254143     0.006821     0.006860      4013089 
    3.800     1.102546     0.005961     0.006016      4009236 
    3.900     0.926598     0.005043     0.005099      3986507 
    4.000     0.641571     0.003537     0.003556      3985003 
    4.100     1.269478     0.007038     0.007048      3985777 
    4.200     0.335839     0.001841     0.001854      3980388 
    4.300     0.710216     0.003912     0.003911      3984376 
    4.400     0.264945     0.001452     0.001451      3961354 
    4.500     0.477251     0.002580     0.002599      3979899 
    4.600    -0.039442    -0.000218    -0.000217      3969251 
    4.700     0.067958     0.000371     0.000370      3973878 
    4.800     0.161996     0.000893     0.000890      3980875 
    4.900    -0.076723    -0.000423    -0.000423      3966655 
    5.000     0.434688     0.002388     0.002385      3976229 
    5.100     0.256481     0.001425     0.001419      3956205 
    5.200    -0.202455    -0.001122    -0.001113      3977293 
    5.300    -0.128885    -0.000708    -0.000706      3943555 
    5.400     0.365390     0.002020     0.002011      3975384 
    5.500     1.059745     0.005816     0.005816      3950498 
    5.600     0.500946     0.002756     0.002763      3949675 
    5.700     0.298710     0.001635     0.001638      3922765 
    5.800     0.065741     0.000359     0.000362      3909530 
    5.900    -0.075814    -0.000413    -0.000415      3929087 
    6.000    -0.464618    -0.002552    -0.002548      3944350 
    6.100     0.289791     0.001600     0.001606      3941015 
    6.200    -0.485259    -0.002659    -0.002678      3947263 
    6.300     0.288411     0.001598     0.001588      3952632 
    6.400    -0.161826    -0.000889    -0.000886      3948992 
    6.500     0.845318     0.004660     0.004642      3941074 
    6.600     0.571410     0.003112     0.003119      3939480 
    6.700    -0.537746    -0.002921    -0.002924      3922397 
    6.800    -1.348363    -0.007438    -0.007387      3916533 
    6.900    -0.728159    -0.003991    -0.003965      3914731 
    7.000    -0.925523    -0.005110    -0.005075      3949130 
    7.100     0.111635     0.000620     0.000614      3915023 
    7.200    -0.021362    -0.000117    -0.000116      3962061 
    7.300    -0.551427    -0.003045    -0.003037      3932157 
    7.400    -0.371653    -0.002053    -0.002043      3936374 
    7.500    -0.070281    -0.000391    -0.000387      3939029 
    7.600    -0.162687    -0.000900    -0.000895      3914073 
    7.700    -0.345851    -0.001892    -0.001905      3931378 
    7.800    -0.637708    -0.003553    -0.003533      3922416 
    7.900     0.197325     0.001091     0.001090      3897985 
    8.000    -0.483316    -0.002686    -0.002668      3928080 
    8.100    -0.039329    -0.000219    -0.000218      3907562 
    8.200    -0.319540    -0.001794    -0.001783      3924345 
    8.300    -1.085422    -0.006071    -0.006042      3930981 
    8.400    -0.976449    -0.005465    -0.005430      3946595 
    8.500    -0.809152    -0.004594    -0.004566      3937056 
    8.600     0.025394     0.000142     0.000142      3903191 
    8.700    -0.322611    -0.001782    -0.001785      3908980 
    8.800     0.159421     0.000880     0.000880      3911990 
    8.900    -0.061929    -0.000341    -0.000343      3936557 
    9.000     0.348697     0.001937     0.001937      3915492 
    9.100    -0.548322    -0.003074    -0.003054      3900237 
    9.200     0.137424     0.000770     0.000766      3883142 
    9.300    -0.684806    -0.003787    -0.003821      3898718 
    9.400    -0.585457    -0.003244    -0.003227      3895985 
    9.500     0.378363     0.002072     0.002080      3878646 
    9.600    -0.113157    -0.000630    -0.000624      3892444 
    9.700    -0.178733    -0.000998    -0.000996      3874753 
    9.800    -0.883569    -0.004880    -0.004905      3864594 
    9.900    -0.496120    -0.002744    -0.002751      3886103 
   10.000     0.307872     0.001734     0.001721      3876817 
   10.100     0.357660     0.001983     0.001981      3882786 
   10.200     0.411438     0.002272     0.002280      3886957 
   10.300     0.819261     0.004533     0.004520      3880871 
   10.400     0.089126     0.000497     0.000498      3865468 
   10.500     0.354864     0.001987     0.001988      3852100 
   10.600    -0.410106    -0.002293    -0.002285      3866673 
   10.700    -0.605819    -0.003425    -0.003420      3854747 
   10.800     0.052691     0.000298     0.000299      3860965 
   10.900    -0.164574    -0.000918    -0.000923      3858252 
   11.000    -0.998988    -0.005551    -0.005576      3847733 
   11.100    -0.420421    -0.002340    -0.002350      3841627 
   11.200     0.066882     0.000372     0.000371      3836654 
   11.300    -0.613856    -0.003420    -0.003394      3864090 
   11.400    -0.792496    -0.004413    -0.004391      3870214 
   11.500     0.174253     0.000969     0.000967      3868269 
   11.600     0.276417     0.001546     0.001544      3862688 
   11.700     0.144737     0.000823     0.000813      3823752 
   11.800     0.213053     0.001198     0.001197      3798839 
   11.900    -0.247123    -0.001386    -0.001382      3835870 
   12.000    -0.444901    -0.002472    -0.002466      3828812 
   12.100     0.327631     0.001825     0.001845      3822093 
   12.200     0.362550     0.002009     0.002031      3844128 
   12.300     0.059369     0.000328     0.000331      3825121 
   12.400     0.373069     0.002082     0.002092      3825019 
   12.500    -0.434225    -0.002414    -0.002428      3857925 
   12.600     0.150612     0.000832     0.000841      3859857 
   12.700     0.223472     0.001256     0.001262      3824640 
   12.800    -0.204709    -0.001157    -0.001158      3817200 
   12.900     0.143483     0.000810     0.000805      3826151 
   13.000     0.067989     0.000380     0.000380      3802404 
   13.100     0.013539     0.000076     0.000076      3789036 
   13.200    -0.137254    -0.000765    -0.000768      3789723 
   13.300     0.702571     0.003920     0.003926      3811332 
   13.400    -0.733165    -0.004120    -0.004106      3786374 
   13.500    -0.463192    -0.002596    -0.002605      3782000 
   13.600     0.309016     0.001735     0.001729      3806899 
   13.700     0.115698     0.000647     0.000645      3796515 
   13.800    -0.669094    -0.003714    -0.003730      3808278 
   13.900    -0.523548    -0.002947    -0.002942      3764391 
   14.000    -0.453667    -0.002568    -0.002561      3811283 
   14.100    -0.347569    -0.001943    -0.001969      3792048 
   14.200    -1.117943    -0.006220    -0.006282      3781459 
   14.300     0.177207     0.000982     0.000993      3777982 
   14.400     0.172368     0.000967     0.000972      3775848 
   14.500     0.265615     0.001480     0.001483      3778782 
   14.600     0.453165     0.002526     0.002547      3775214 
   14.700    -0.420005    -0.002395    -0.002366      3756706 
   14.800    -0.081013    -0.000456    -0.000456      3760784 
   14.900    -0.480261    -0.002716    -0.002735      3776631 
   15.000    -0.594247    -0.003377    -0.003396      3747762 
   15.100    -1.150827    -0.006518    -0.006520      3776333 
   15.200    -0.462499    -0.002643    -0.002646      3769458 
   15.300     0.046627     0.000266     0.000266      3769657 
   15.400    -0.066726    -0.000371    -0.000374      3778044 
   15.500     0.184797     0.001020     0.001039      3785486 
   15.600    -0.413740    -0.002326    -0.002329      3774903 
   15.700    -0.557833    -0.003185    -0.003176      3726742 
   15.800    -0.747737    -0.004229    -0.004248      3748209 
   15.900    -0.197186    -0.001106    -0.001108      3751226 
   16.000    -0.817735    -0.004658    -0.004661      3743482 
   16.100     0.658510     0.003770     0.003767      3768607 
   16.200     0.980937     0.005571     0.005537      3753554 
   16.300    -0.238885    -0.001361    -0.001353      3738926 
   16.400    -0.176122    -0.000989    -0.000993      3759897 
   16.500     0.809631     0.004594     0.004587      3751265 
   16.600     0.435935     0.002455     0.002461      3752180 
   16.700     0.277691     0.001558     0.001573      3718097 
   16.800    -0.204055    -0.001135    -0.001144      3741195 
   16.900    -0.012172    -0.000069    -0.000069      3729999 
   17.000    -0.496987    -0.002779    -0.002802      3736669 
   17.100     0.281678     0.001577     0.001584      3768674 
   17.200     1.126291     0.006328     0.006387      3749249 
   17.300     1.133594     0.006385     0.006419      3734550 
   17.400    -0.174671    -0.000984    -0.000979      3746216 
   17.500    -0.464802    -0.002612    -0.002611      3729099 
   17.600    -0.064996    -0.000372    -0.000372      3716393 
   17.700    -0.216546    -0.001236    -0.001238      3739768 
   17.800     0.229835     0.001292     0.001301      3738507 
   17.900    -0.289892    -0.001628    -0.001630      3731721 
   18.000     0.409426     0.002325     0.002317      3728584 
   18.100    -0.184288    -0.001040    -0.001041      3723973 
   18.200     0.010099     0.000057     0.000057      3729891 
   18.300     0.120052     0.000671     0.000673      3736523 
   18.400     0.210208     0.001186     0.001186      3732541 
   18.500    -0.848382    -0.004675    -0.004760      3735366 
   18.600    -0.102698    -0.000580    -0.000582      3705691 
   18.700    -0.536881    -0.003041    -0.003048      3701675 
   18.800    -0.017430    -0.000097    -0.000098      3733961 
   18.900    -0.301629    -0.001692    -0.001690      3726164 
   19.000    -0.265025    -0.001513    -0.001512      3708210 
   19.100     0.620892     0.003497     0.003524      3686836 
   19.200     0.155637     0.000870     0.000878      3687050 
   19.300     0.736246     0.004171     0.004174      3690355 
   19.400     0.632951     0.003576     0.003606      3723163 
   19.500     0.174777     0.000998     0.000997      3722981 
   19.600     0.622979     0.003580     0.003563      3676654 
   19.700     0.720171     0.004129     0.004126      3700569 
   19.800     0.095125     0.000536     0.000541      3716795 
   19.900    -0.262672    -0.001491    -0.001497      3693935 
   20.000     0.385985     0.002203     0.002200      3676486 
   20.100    -0.203614    -0.001154    -0.001165      3673204 
   20.200    -1.072754    -0.006125    -0.006132      3666741 
   20.300    -0.434243    -0.002452    -0.002449      3715512 
   20.400    -0.680325    -0.003847    -0.003853      3701193 
   20.500     0.134049     0.000748     0.000755      3714590 
   20.600     0.221816     0.001259     0.001266      3703341 
   20.700     0.538790     0.003083     0.003077      3693414 
   20.800     0.932492     0.005381     0.005332      3666982 
   20.900     0.373923     0.002136     0.002150      3700381 
   21.000     0.149890     0.000842     0.000847      3697630 
   21.100     0.135648     0.000760     0.000767      3661344 
   21.200     0.390285     0.002170     0.002210      3677858 
   21.300    -0.179461    -0.001015    -0.001029      3652061 
   21.400     0.292573     0.001678     0.001673      3667787 
   21.500     0.416843     0.002370     0.002384      3677357 
   21.600     0.261548     0.001498     0.001496      3670490 
   21.700    -0.067945    -0.000393    -0.000391      3675182 
   21.800     0.817498     0.004587     0.004608      3686538 
   21.900     0.196498     0.001135     0.001125      3677143 
   22.000    -0.158281    -0.000910    -0.000909      3639512 
   22.100     0.338400     0.001958     0.001941      3626018 
   22.200     0.075774     0.000427     0.000431      3627488 
   22.300    -0.275915    -0.001572    -0.001568      3648805 
   22.400    -0.559633    -0.003203    -0.003210      3650163 
   22.500    -0.386735    -0.002216    -0.002205      3667033 
   22.600     0.150764     0.000858     0.000854      3655003 
   22.700     0.063317     0.000359     0.000361      3655138 
   22.800     0.544159     0.003128     0.003141      3640559 
   22.900     0.041408     0.000238     0.000237      3607779 
   23.000    -0.136387    -0.000790    -0.000783      3637443 
   23.100    -0.536637    -0.003064    -0.003059      3634831 
   23.200     0.572266     0.003265     0.003287      3644974 
   23.300    -0.322855    -0.001849    -0.001841      3637883 
   23.400    -0.697409    -0.003971    -0.003951      3643812 
   23.500    -0.345845    -0.001955    -0.001977      3640221 
   23.600     0.068286     0.000395     0.000393      3635798 
   23.700    -0.327884    -0.001899    -0.001897      3620662 
   23.800    -0.010774    -0.000062    -0.000062      3638826 
   23.900    -0.300231    -0.001747    -0.001743      3629575 
   24.000     0.496534     0.002876     0.002869      3604874 
   24.100    -0.045180    -0.000261    -0.000261      3635255 
   24.200    -0.455403    -0.002617    -0.002609      3617646 
   24.300    -0.310810    -0.001807    -0.001792      3614805 
   24.400    -0.142131    -0.000816    -0.000818      3640488 
   24.500     0.095260     0.000544     0.000549      3624823 
   24.600    -0.220692    -0.001262    -0.001273      3629156 
   24.700    -0.547237    -0.003149    -0.003137      3637999 
   24.800    -0.526098    -0.003021    -0.003035      3609221 
   24.900    -0.496040    -0.002877    -0.002864      3605145 
   25.000     0.230619     0.001323     0.001327      3607994 
   25.100     0.438909     0.002536     0.002533      3614706 
   25.200    -0.059734    -0.000345    -0.000345      3604847 
   25.300     0.249333     0.001417     0.001428      3632450 
   25.400     0.405254     0.002312     0.002322      3636279 
   25.500     0.257118     0.001492     0.001479      3611175 
   25.600    -0.310256    -0.001806    -0.001800      3600561 
   25.700     0.348643     0.002019     0.002013      3579832 
   25.800    -0.102716    -0.000593    -0.000596      3582812 
   25.900    -0.025100    -0.000145    -0.000146      3580169 
   26.000     0.101891     0.000587     0.000589      3582431 
   26.100    -0.329098    -0.001900    -0.001907      3565199 
   26.200    -0.084929    -0.000494    -0.000492      3578337 
   26.300     0.076017     0.000434     0.000437      3560727 
   26.400     0.181926     0.001048     0.001043      3574110 
   26.500     0.608692     0.003500     0.003498      3568664 
   26.600     0.358315     0.002082     0.002100      3540031 
   26.700     0.011306     0.000066     0.000066      3556435 
   26.800    -0.590838    -0.003435    -0.003428      3538760 
   26.900     0.115624     0.000662     0.000675      3555314 
   27.000    -0.203857    -0.001171    -0.001182      3538393 
   27.100    -0.739436    -0.004255    -0.004269      3511698 
   27.200    -0.604507    -0.003478    -0.003498      3537702 
   27.300    -0.245992    -0.001434    -0.001439      3501022 
   27.400    -0.759002    -0.004426    -0.004429      3531616 
   27.500    -1.275241    -0.007388    -0.007417      3521347 
   27.600    -1.338236    -0.007756    -0.007836      3515735 
   27.700    -0.723361    -0.004209    -0.004231      3523400 
   27.800    -0.844181    -0.004926    -0.004942      3532331 
   27.900     0.290808     0.001696     0.001697      3543779 
   28.000    -1.022452    -0.005996    -0.006008      3530765 
   28.100    -0.228457    -0.001339    -0.001344      3517557 
   28.200    -0.308714    -0.001801    -0.001809      3520481 
   28.300    -0.097746    -0.000568    -0.000567      3516753 
   28.400    -0.161934    -0.000949    -0.000951      3510459 
   28.500    -0.151316    -0.000887    -0.000889      3493082 
   28.600    -0.485156    -0.002845    -0.002851      3495671 
   28.700    -0.826326    -0.004850    -0.004874      3497066 
   28.800    -0.351414    -0.002051    -0.002065      3532218 
   28.900    -0.173805    -0.001011    -0.001014      3524686 
   29.000    -0.141361    -0.000826    -0.000825      3516517 
   29.100    -0.093510    -0.000543    -0.000546      3509249 
   29.200     0.497041     0.002887     0.002908      3496247 
   29.300    -0.033829    -0.000194    -0.000196      3492510 
   29.400    -0.423245    -0.002408    -0.002465      3511051 
   29.500     0.119881     0.000698     0.000704      3481627 
   29.600    -0.343503    -0.001955    -0.001993      3490791 
   29.700    -1.143045    -0.006533    -0.006638      3464800 
   29.800    -0.392353    -0.002276    -0.002290      3443724 
   29.900     0.501680     0.002882     0.002903      3456512 
   30.000    -0.040663    -0.000235    -0.000237      3469990 
   30.100    -0.294005    -0.001704    -0.001733      3457147 
   30.200    -0.842839    -0.004878    -0.004939      3483510 
   30.300    -0.329247    -0.001919    -0.001934      3509394 
   30.400    -0.304029    -0.001771    -0.001787      3472974 
   30.500    -0.565002    -0.003296    -0.003317      3472758 
   30.600    -1.158684    -0.006697    -0.006745      3479903 
   30.700    -0.430153    -0.002461    -0.002514      3478200 
   30.800    -0.234266    -0.001375    -0.001388      3469037 
   30.900    -0.259276    -0.001504    -0.001523      3444734 
   31.000    -0.508472    -0.002925    -0.002972      3459979 
   31.100    -0.575120    -0.003303    -0.003385      3453319 
   31.200    -0.334941    -0.001930    -0.001973      3469404 
   31.300    -0.157199    -0.000912    -0.000931      3451322 
   31.400     0.519717     0.002979     0.003054      3448755 
   31.500     0.578398     0.003406     0.003413      3422020 
   31.600     0.766504     0.004462     0.004504      3428586 
   31.700     0.084140     0.000491     0.000494      3432554 
   31.800    -0.014465    -0.000085    -0.000086      3411795 
   31.900    -0.748002    -0.004368    -0.004402      3420047 
   32.000     0.060615     0.000356     0.000358      3441273 
   32.100    -0.347884    -0.002036    -0.002040      3463574 
   32.200    -0.634933    -0.003703    -0.003721      3421262 
   32.300    -0.465906    -0.002694    -0.002744      3439008 
   32.400    -0.051997    -0.000301    -0.000309      3439719 
   32.500    -0.363506    -0.002119    -0.002150      3449099 
   32.600    -0.439439    -0.002589    -0.002605      3420028 
   32.700    -0.236243    -0.001369    -0.001375      3414291 
   32.800     0.279464     0.001624     0.001640      3434131 
   32.900    -0.130733    -0.000764    -0.000770      3420352 
   33.000    -0.143760    -0.000840    -0.000851      3414019 
   33.100    -0.099511    -0.000584    -0.000589      3395417 
   33.200     0.019010     0.000110     0.000111      3395694 
   33.300     0.036254     0.000213     0.000215      3374399 
   33.400    -0.478666    -0.002836    -0.002852      3370944 
   33.500    -0.258550    -0.001508    -0.001524      3382549 
   33.600     0.351870     0.002056     0.002082      3401005 
   33.700     0.462826     0.002718     0.002752      3399309 
   33.800    -0.991985    -0.005855    -0.005912      3390825 
   33.900    -0.301115    -0.001777    -0.001803      3391308 
   34.000     0.216542     0.001288     0.001289      3384049 
   34.100     0.312115     0.001874     0.001873      3363548 
   34.200     0.127218     0.000766     0.000759      3369154 
   34.300     0.030726     0.000183     0.000181      3374639 
   34.400     0.258127     0.001500     0.001512      3378310 
   34.500     0.161065     0.000964     0.000961      3354560 
   34.600     0.255876     0.001526     0.001535      3344234 
   34.700     0.281157     0.001669     0.001685      3356851 
   34.800    -0.101190    -0.000603    -0.000600      3369564 
   34.900     0.243710     0.001461     0.001457      3351658 
   35.000    -0.389719    -0.002362    -0.002365      3336664 
   35.100    -0.249306    -0.001496    -0.001501      3341786 
   35.200    -0.198978    -0.001200    -0.001209      3324927 
   35.300     0.146956     0.000890     0.000893      3327994 
   35.400     0.582611     0.003505     0.003523      3327519 
   35.500    -0.007767    -0.000047    -0.000047      3336711 
   35.600     0.434263     0.002603     0.002627      3329153 
   35.700    -0.519642    -0.003139    -0.003130      3307236 
   35.800     0.295782     0.001791     0.001786      3297679 
   35.900     0.017748     0.000108     0.000108      3317689 
   36.000    -0.845811    -0.005146    -0.005134      3341551 
   36.100    -0.629772    -0.003832    -0.003825      3300456 
   36.200    -0.046618    -0.000285    -0.000283      3304839 
   36.300     0.389533     0.002342     0.002337      3309246 
   36.400     1.192590     0.007108     0.007140      3308438 
   36.500     0.044592     0.000266     0.000268      3296475 
   36.600    -0.760975    -0.004573    -0.004589      3271818 
   36.700    -0.405825    -0.002430    -0.002432      3270714 
   36.800     0.520150     0.003114     0.003134      3300504 
   36.900    -0.095557    -0.000577    -0.000576      3293299 
   37.000    -0.174601    -0.001060    -0.001050      3297251 
   37.100    -0.282163    -0.001713    -0.001695      3284746 
   37.200    -0.915078    -0.005478    -0.005518      3269770 
   37.300    -0.638237    -0.003825    -0.003839      3277516 
   37.400    -0.184180    -0.001093    -0.001096      3289261 
   37.500    -0.933953    -0.005603    -0.005634      3261090 
   37.600    -0.511049    -0.003063    -0.003079      3248700 
   37.700    -0.720024    -0.004304    -0.004306      3290031 
   37.800    -0.475594    -0.002811    -0.002824      3283321 
   37.900     0.212990     0.001254     0.001278      3311517 
   38.000     0.345371     0.002091     0.002098      3273290 
   38.100    -0.679372    -0.004106    -0.004113      3276291 
   38.200    -0.283087    -0.001695    -0.001698      3296348 
   38.300    -0.441103    -0.002626    -0.002637      3271043 
   38.400    -0.135867    -0.000820    -0.000819      3260534 
   38.500     0.318039     0.001922     0.001929      3269400 
   38.600    -0.020246    -0.000121    -0.000122      3268972 
   38.700     0.005705     0.000034     0.000035      3272151 
   38.800    -0.040918    -0.000246    -0.000248      3269305 
   38.900     1.167875     0.006996     0.007019      3282735 
   39.000     1.364658     0.008351     0.008300      3280245 
   39.100     0.334494     0.002056     0.002059      3240761 
   39.200     0.282032     0.001728     0.001715      3261572 
   39.300    -0.053154    -0.000323    -0.000322      3258173 
   39.400    -0.021078    -0.000128    -0.000128      3259726 
   39.500    -0.052235    -0.000317    -0.000318      3251081 
   39.600     0.000817     0.000005     0.000005      3250286 
   39.700    -0.121274    -0.000738    -0.000740      3248416 
   39.800    -0.431948    -0.002668    -0.002628      3231775 
   39.900     0.543991     0.003301     0.003302      3217280 
   40.000     0.732011     0.004472     0.004467      3197417 
   40.100     0.498187     0.003024     0.003048      3203471 
   40.200     0.336992     0.002073     0.002086      3213047 
   40.300     0.974341     0.005935     0.005959      3229311 
   40.400    -0.082681    -0.000507    -0.000500      3233883 
   40.500     0.661429     0.004063     0.004052      3220578 
   40.600     0.016041     0.000099     0.000099      3204112 
   40.700     0.321843     0.001977     0.001981      3193792 
   40.800    -0.466895    -0.002818    -0.002844      3219363 
   40.900     0.261466     0.001613     0.001600      3177636 
   41.000    -0.315878    -0.001968    -0.001961      3165747 
   41.100     0.553061     0.003447     0.003457      3164874 
   41.200    -0.203837    -0.001247    -0.001256      3195973 
   41.300     0.118300     0.000732     0.000736      3191546 
   41.400    -0.312607    -0.001925    -0.001934      3190855 
   41.500    -0.352594    -0.002154    -0.002166      3186863 
   41.600    -0.617406    -0.003796    -0.003785      3164210 
   41.700    -0.129601    -0.000795    -0.000798      3168175 
   41.800    -0.488373    -0.003017    -0.003022      3174551 
   41.900    -0.387472    -0.002374    -0.002395      3156800 
   42.000     0.420292     0.002579     0.002607      3140127 
   42.100     0.477952     0.002921     0.002952      3155242 
   42.200    -0.262012    -0.001633    -0.001645      3116296 
   42.300     0.297093     0.001843     0.001838      3118662 
   42.400     0.523384     0.003283     0.003260      3131543 
   42.500     0.314437     0.001939     0.001935      3148623 
   42.600    -0.204662    -0.001255    -0.001268      3128028 
   42.700    -0.234860    -0.001436    -0.001451      3130607 
   42.800     0.244822     0.001507     0.001513      3135199 
   42.900     0.097536     0.000598     0.000599      3129557 
   43.000     0.160203     0.001009     0.000999      3141326 
   43.100     0.146763     0.000914     0.000909      3117374 
   43.200    -0.023746    -0.000147    -0.000146      3100312 
   43.300    -0.045773    -0.000283    -0.000284      3094000 
   43.400    -0.139560    -0.000862    -0.000868      3093978 
   43.500     0.361887     0.002259     0.002266      3097944 
   43.600     0.656439     0.004135     0.004105      3093457 
   43.700     0.934605     0.005788     0.005784      3091323 
   43.800     0.151084     0.000949     0.000947      3083501 
   43.900    -0.632825    -0.003976    -0.003973      3083600 
   44.000     0.079372     0.000498     0.000498      3084166 
   44.100    -0.494096    -0.003081    -0.003079      3074758 
   44.200     0.501844     0.003123     0.003139      3048754 
   44.300     0.086657     0.000544     0.000542      3081920 
   44.400     0.705824     0.004367     0.004382      3086165 
   44.500     0.268140     0.001674     0.001683      3046706 
   44.600    -0.094501    -0.000588    -0.000595      3038680 
   44.700    -0.231317    -0.001455    -0.001466      3026125 
   44.800    -0.133240    -0.000839    -0.000840      3044912 
   44.900    -0.112206    -0.000693    -0.000698      3041054 
   45.000     0.115148     0.000716     0.000718      3029414 
   45.100     0.194912     0.001200     0.001206      3053319 
   45.200     0.308788     0.001940     0.001950      3048130 
   45.300     0.553598     0.003484     0.003488      3025852 
   45.400    -0.042406    -0.000265    -0.000264      3030490 
   45.500     0.031898     0.000198     0.000199      3050175 
   45.600     0.579112     0.003583     0.003642      3016377 
   45.700    -0.244577    -0.001520    -0.001538      3016955 
   45.800     0.141796     0.000894     0.000892      2999407 
   45.900     0.240413     0.001508     0.001510      3033717 
   46.000     0.857774     0.005375     0.005413      3014358 
   46.100     0.596021     0.003721     0.003738      3032010 
   46.200     0.247682     0.001561     0.001565      3015074 
   46.300     0.190996     0.001204     0.001212      3015150 
   46.400    -0.054723    -0.000347    -0.000349      3004207 
   46.500     0.132116     0.000845     0.000848      3001829 
   46.600     0.058939     0.000373     0.000374      2992316 
   46.700     0.199980     0.001253     0.001254      3005388 
   46.800    -0.076064    -0.000474    -0.000476      3003162 
   46.900     0.591802     0.003732     0.003718      2994986 
   47.000    -0.184797    -0.001155    -0.001163      2973216 
   47.100     0.156907     0.000978     0.000982      2994539 
   47.200    -0.162276    -0.001023    -0.001023      2965289 
   47.300    -0.459628    -0.002924    -0.002907      2945231 
   47.400    -0.306855    -0.001934    -0.001946      2968851 
   47.500     0.272432     0.001711     0.001715      2982389 
   47.600     0.309254     0.001944     0.001951      2973166 
   47.700     0.306253     0.001933     0.001934      2969545 
   47.800     0.306702     0.001943     0.001940      2973205 
   47.900     0.293020     0.001864     0.001877      2920406 
   48.000     0.244207     0.001585     0.001572      2940659 
   48.100     0.157706     0.001019     0.001013      2956865 
   48.200    -0.698612    -0.004504    -0.004479      2929184 
   48.300    -0.762459    -0.004906    -0.004865      2944288 
   48.400    -0.532688    -0.003413    -0.003398      2925862 
   48.500    -0.529333    -0.003336    -0.003367      2923251 
   48.600    -0.161029    -0.001023    -0.001019      2929842 
   48.700    -0.365911    -0.002343    -0.002352      2915364 
   48.800    -0.516735    -0.003354    -0.003321      2898595 
   48.900    -0.351360    -0.002237    -0.002241      2916154 
   49.000    -0.499883    -0.003180    -0.003195      2935382 
   49.100     0.316938     0.002008     0.002025      2894057 
   49.200     0.702194     0.004515     0.004513      2910953 
   49.300    -0.674730    -0.004315    -0.004315      2900063 
   49.400    -0.639958    -0.004068    -0.004064      2905983 
   49.500    -0.064953    -0.000413    -0.000413      2915878 
   49.600    -0.385756    -0.002476    -0.002468      2934154 
   49.700    -0.232379    -0.001479    -0.001471      2942724 
   49.800     0.194382     0.001237     0.001242      2904929 
   49.900    -1.016444    -0.006497    -0.006479      2898826 
   50.000    -0.391248    -0.002503    -0.002527      2878245 
   50.100    -0.865736    -0.005580    -0.005630      2855949 
   50.200    -0.467923    -0.003030    -0.003042      2851914 
   50.300    -0.323555    -0.002084    -0.002092      2873801 
   50.400    -0.175154    -0.001117    -0.001132      2823164 
   50.500    -0.803153    -0.005067    -0.005134      2872203 
   50.600     0.071298     0.000460     0.000461      2891804 
   50.700     0.226174     0.001425     0.001455      2883632 
   50.800    -0.098502    -0.000628    -0.000633      2861068 
   50.900    -0.029332    -0.000190    -0.000190      2843687 
   51.000    -0.624089    -0.004064    -0.004033      2840712 
   51.100    -0.322747    -0.002111    -0.002108      2813900 
   51.200    -0.730752    -0.004726    -0.004757      2841632 
   51.300     0.059708     0.000383     0.000387      2846713 
   51.400    -0.565744    -0.003681    -0.003704      2834400 
   51.500    -0.763083    -0.004904    -0.004949      2845002 
   51.600    -0.580440    -0.003683    -0.003756      2838902 
   51.700    -1.240952    -0.007997    -0.008072      2823584 
   51.800    -0.593838    -0.003851    -0.003886      2839006 
   51.900    -0.312974    -0.002081    -0.002075      2826875 
   52.000     0.023566     0.000154     0.000155      2810688 
   52.100    -0.304590    -0.001991    -0.001991      2803569 
   52.200    -0.005607    -0.000036    -0.000037      2798406 
   52.300     0.179930     0.001147     0.001168      2797962 
   52.400     0.458976     0.002939     0.002995      2775742 
   52.500    -0.950600    -0.006198    -0.006232      2791142 
   52.600    -0.632306    -0.004144    -0.004143      2787782 
   52.700    -0.126881    -0.000825    -0.000823      2807265 
   52.800    -0.039227    -0.000257    -0.000258      2793351 
   52.900     0.496993     0.003213     0.003234      2781290 
   53.000     0.060299     0.000392     0.000393      2775355 
   53.100     0.209221     0.001347     0.001364      2797663 
   53.200     0.878207     0.005658     0.005680      2795140 
   53.300     0.663016     0.004288     0.004310      2776002 
   53.400    -0.264539    -0.001702    -0.001722      2778475 
   53.500    -0.551236    -0.003550    -0.003579      2778238 
   53.600     0.439649     0.002873     0.002885      2762976 
   53.700     0.637010     0.004155     0.004186      2765817 
   53.800    -0.146225    -0.000937    -0.000950      2753727 
   53.900    -0.052724    -0.000346    -0.000346      2780763 
   54.000     0.193541     0.001277     0.001289      2739532 
   54.100    -0.226227    -0.001476    -0.001500      2745099 
   54.200     0.188686     0.001225     0.001236      2735788 
   54.300     0.627598     0.004053     0.004093      2712713 
   54.400     0.253978     0.001664     0.001670      2730439 
   54.500     0.847505     0.005568     0.005632      2729069 
   54.600     0.378440     0.002521     0.002541      2724614 
   54.700     0.169112     0.001123     0.001127      2742737 
   54.800     0.463269     0.003030     0.003077      2746355 
   54.900     0.426129     0.002766     0.002820      2722654 
   55.000    -0.263622    -0.001709    -0.001735      2723404 
   55.100    -0.384267    -0.002479    -0.002533      2716512 
   55.200     0.063376     0.000414     0.000417      2714359 
   55.300    -0.470557    -0.003082    -0.003098      2739169 
   55.400    -0.676617    -0.004542    -0.004499      2714303 
   55.500    -0.957448    -0.006372    -0.006385      2717684 
   55.600    -0.596983    -0.003914    -0.003955      2722920 
   55.700    -0.789161    -0.005104    -0.005158      2714510 
   55.800    -0.507996    -0.003368    -0.003362      2690487 
   55.900    -0.450393    -0.002974    -0.003012      2688647 
   56.000     0.064754     0.000434     0.000435      2711327 
   56.100    -0.197932    -0.001302    -0.001309      2687231 
   56.200    -0.965222    -0.006312    -0.006406      2679767 
   56.300    -1.027659    -0.006770    -0.006859      2686695 
   56.400    -0.104426    -0.000696    -0.000696      2689045 
   56.500    -0.273819    -0.001808    -0.001828      2711561 
   56.600     0.113270     0.000755     0.000754      2706099 
   56.700     0.186886     0.001219     0.001237      2694580 
   56.800     0.095167     0.000616     0.000625      2692310 
   56.900     0.347057     0.002310     0.002308      2684079 
   57.000    -0.091184    -0.000615    -0.000618      2661560 
   57.100     0.381933     0.002569     0.002568      2650057 
   57.200     0.357154     0.002394     0.002401      2663570 
   57.300     0.616531     0.004049     0.004080      2667248 
   57.400     0.347235     0.002299     0.002318      2639615 
   57.500    -0.697507    -0.004633    -0.004645      2651192 
   57.600    -0.384339    -0.002585    -0.002592      2638692 
   57.700    -0.662629    -0.004412    -0.004418      2651900 
   57.800     0.424890     0.002799     0.002830      2650456 
   57.900     0.091728     0.000626     0.000625      2619914 
   58.000    -0.495689    -0.003368    -0.003321      2648231 
   58.100    -0.748726    -0.005052    -0.005030      2639321 
   58.200    -0.691745    -0.004700    -0.004720      2633082 
   58.300    -0.097506    -0.000661    -0.000661      2623915 
   58.400     0.906576     0.006115     0.006106      2623237 
   58.500    -0.458589    -0.003093    -0.003077      2625394 
   58.600    -0.448561    -0.003043    -0.003029      2622795 
   58.700    -0.436987    -0.003001    -0.002979      2623644 
   58.800     0.164156     0.001116     0.001108      2632092 
   58.900     0.346131     0.002338     0.002347      2596008 
   59.000    -0.067749    -0.000455    -0.000451      2593844 
   59.100     0.082510     0.000558     0.000563      2576615 
   59.200    -0.598196    -0.004084    -0.004104      2580676 
   59.300    -0.380431    -0.002548    -0.002538      2608652 
   59.400     0.122740     0.000842     0.000832      2602141 
   59.500     0.184450     0.001252     0.001247      2608750 
   59.600     0.513273     0.003483     0.003479      2591458 
   59.700    -0.519174    -0.003565    -0.003595      2572695 
   59.800    -0.736606    -0.004978    -0.005016      2592992 
   59.900    -0.770575    -0.005309    -0.005270      2587926 
   60.000    -0.952228    -0.006471    -0.006434      2581124 
   60.100    -0.499108    -0.003341    -0.003372      2568052 
   60.200    -0.653676    -0.004371    -0.004379      2595686 
   60.300    -0.411113    -0.002769    -0.002796      2555947 
   60.400     0.061726     0.000420     0.000421      2566814 
   60.500     0.037460     0.000254     0.000255      2555734 
   60.600    -0.497418    -0.003391    -0.003380      2562425 
   60.700    -0.486689    -0.003269    -0.003295      2588702 
   60.800     0.069801     0.000476     0.000476      2582481 
   60.900    -0.200005    -0.001349    -0.001347      2555934 
   61.000    -0.177944    -0.001217    -0.001207      2550816 
   61.100    -0.457037    -0.003120    -0.003092      2532997 
   61.200    -0.085015    -0.000585    -0.000580      2521915 
   61.300     0.601165     0.004053     0.004090      2531468 
   61.400    -0.119857    -0.000814    -0.000818      2527843 
   61.500    -0.259915    -0.001756    -0.001764      2555859 
   61.600    -0.655937    -0.004504    -0.004532      2529777 
   61.700    -0.369452    -0.002523    -0.002556      2516461 
   61.800     0.115585     0.000788     0.000805      2511660 
   61.900    -0.358665    -0.002470    -0.002493      2512762 
   62.000     0.191981     0.001328     0.001324      2502367 
   62.100     0.623577     0.004275     0.004333      2500293 
   62.200     0.284225     0.001938     0.001949      2524839 
   62.300     0.763690     0.005246     0.005252      2514619 
   62.400     0.064196     0.000441     0.000443      2496278 
   62.500    -0.125774    -0.000873    -0.000875      2477843 
   62.600    -0.093380    -0.000650    -0.000651      2471404 
   62.700    -0.017223    -0.000118    -0.000119      2499563 
   62.800     0.201612     0.001406     0.001413      2476814 
   62.900     0.324328     0.002226     0.002272      2480676 
   63.000     0.198914     0.001406     0.001404      2469750 
   63.100     0.121174     0.000839     0.000843      2478798 
   63.200     0.589331     0.004063     0.004084      2507414 
   63.300    -0.004485    -0.000031    -0.000031      2496709 
   63.400     0.179975     0.001264     0.001253      2460287 
   63.500    -0.651463    -0.004534    -0.004504      2473463 
   63.600    -0.653437    -0.004547    -0.004547      2487766 
   63.700    -0.902660    -0.006309    -0.006305      2488338 
   63.800    -1.057318    -0.007288    -0.007325      2479032 
   63.900    -0.251275    -0.001731    -0.001729      2468147 
   64.000    -0.330445    -0.002325    -0.002307      2430443 
   64.100     0.628633     0.004415     0.004362      2454188 
   64.200     0.385338     0.002676     0.002665      2460279 
   64.300     0.593693     0.004132     0.004141      2449461 
   64.400     0.407884     0.002827     0.002834      2436824 
   64.500    -0.140996    -0.000988    -0.000990      2431342 
   64.600     0.876663     0.006117     0.006133      2441825 
   64.700     0.577670     0.004012     0.004044      2444858 
   64.800     0.204525     0.001438     0.001444      2427948 
   64.900    -0.013239    -0.000094    -0.000094      2415078 
   65.000     0.136084     0.000962     0.000966      2411025 
   65.100     0.343739     0.002391     0.002400      2431195 
   65.200     0.011275     0.000079     0.000079      2417661 
   65.300    -0.160519    -0.001123    -0.001125      2427199 
   65.400     0.113632     0.000805     0.000794      2416146 
   65.500    -1.192749    -0.008288    -0.008316      2427799 
   65.600    -0.793867    -0.005619    -0.005664      2417873 
   65.700    -0.111727    -0.000801    -0.000796      2408549 
   65.800    -0.271667    -0.001934    -0.001927      2418109 
   65.900    -0.096663    -0.000682    -0.000688      2399673 
   66.000    -0.494983    -0.003511    -0.003521      2399800 
   66.100    -0.103365    -0.000734    -0.000732      2392391 
   66.200     0.689686     0.004892     0.004881      2389689 
   66.300     0.020258     0.000144     0.000144      2384949 
   66.400     0.519876     0.003700     0.003692      2395785 
   66.500     0.103370     0.000734     0.000737      2379243 
   66.600     0.139808     0.001001     0.001000      2380076 
   66.700    -0.239905    -0.001714    -0.001696      2418012 
   66.800    -0.002840    -0.000020    -0.000020      2391373 
   66.900    -0.530158    -0.003710    -0.003731      2393341 
   67.000    -0.064693    -0.000459    -0.000460      2387087 
   67.100     0.101129     0.000719     0.000720      2382766 
   67.200    -0.108371    -0.000765    -0.000767      2375540 
   67.300    -0.202921    -0.001443    -0.001448      2387929 
   67.400     0.557060     0.003979     0.003980      2380140 
   67.500     1.078805     0.007688     0.007644      2385539 
   67.600     0.645278     0.004579     0.004560      2356229 
   67.700    -0.391542    -0.002784    -0.002787      2361463 
   67.800    -0.397288    -0.002798    -0.002842      2357242 
   67.900     0.224939     0.001592     0.001606      2370252 
   68.000     0.988603     0.007029     0.007117      2358031 
   68.100     0.523141     0.003707     0.003755      2354348 
   68.200    -0.004963    -0.000035    -0.000036      2361631 
   68.300    -0.260916    -0.001902    -0.001898      2347303 
   68.400     0.187284     0.001353     0.001351      2338872 
   68.500    -0.114953    -0.000815    -0.000818      2345308 
   68.600     0.452058     0.003221     0.003209      2319269 
   68.700     0.351570     0.002488     0.002476      2338719 
   68.800     0.264828     0.001872     0.001890      2353197 
   68.900     1.241494     0.008736     0.008835      2337432 
   69.000     0.553514     0.003976     0.003971      2326455 
   69.100     0.871005     0.006182     0.006235      2345646 
   69.200     0.089772     0.000632     0.000638      2325014 
   69.300    -0.423120    -0.003012    -0.003023      2312371 
   69.400     0.224511     0.001605     0.001606      2318203 
   69.500     0.027334     0.000193     0.000196      2320140 
   69.600     0.265432     0.001893     0.001907      2310810 
   69.700    -0.075554    -0.000539    -0.000542      2320766 
   69.800     0.352799     0.002513     0.002534      2291008 
   69.900     0.722979     0.005257     0.005294      2289217 
   70.000     0.637784     0.004642     0.004701      2277393 
   70.100     0.741150     0.005348     0.005352      2309107 
   70.200     0.813489     0.005883     0.005895      2301181 
   70.300    -0.028369    -0.000205    -0.000206      2291708 
   70.400    -0.017339    -0.000126    -0.000126      2290700 
   70.500    -0.193995    -0.001431    -0.001423      2283809 
   70.600     0.286382     0.002045     0.002070      2268295 
   70.700     0.093248     0.000660     0.000676      2283408 
   70.800     0.280269     0.002004     0.002033      2281128 
   70.900     0.567133     0.004037     0.004086      2285018 
   71.000     0.544347     0.003920     0.003930      2278711 
   71.100    -0.171051    -0.001223    -0.001234      2279787 
   71.200     0.179798     0.001319     0.001314      2248556 
   71.300     0.247780     0.001808     0.001805      2263379 
   71.400     0.221808     0.001548     0.001581      2281393 
   71.500     0.184197     0.001327     0.001347      2274674 
   71.600     0.728697     0.005160     0.005247      2280704 
   71.700     0.432467     0.003120     0.003140      2275406 
   71.800    -0.016882    -0.000122    -0.000123      2249382 
   71.900     0.277878     0.001981     0.002016      2259157 
   72.000     0.997676     0.007144     0.007169      2287219 
   72.100     0.325801     0.002374     0.002355      2255502 
   72.200    -0.030199    -0.000220    -0.000222      2240526 
   72.300     0.451812     0.003332     0.003326      2253155 
   72.400     0.799713     0.005821     0.005877      2247451 
   72.500     0.914763     0.006639     0.006688      2252687 
   72.600     0.995707     0.007235     0.007220      2256795 
   72.700     0.559924     0.004109     0.004075      2244376 
   72.800    -0.464434    -0.003386    -0.003406      2225823 
   72.900    -0.199783    -0.001418    -0.001449      2259443 
   73.000    -0.212652    -0.001545    -0.001555      2238255 
   73.100    -0.111990    -0.000814    -0.000826      2239945 
   73.200     0.322124     0.002381     0.002392      2210003 
   73.300    -0.226862    -0.001672    -0.001667      2221264 
   73.400    -0.389487    -0.002869    -0.002887      2232503 
   73.500    -0.444753    -0.003245    -0.003258      2206414 
   73.600     0.625338     0.004551     0.004547      2213455 
   73.700    -0.040824    -0.000295    -0.000298      2233600 
   73.800     0.279771     0.002063     0.002078      2227469 
   73.900     0.632998     0.004717     0.004759      2199968 
   74.000     0.423713     0.003157     0.003183      2190883 
   74.100     0.832035     0.006214     0.006215      2200597 
   74.200     0.341604     0.002559     0.002552      2214602 
   74.300    -0.064645    -0.000481    -0.000478      2196958 
   74.400     0.036104     0.000265     0.000267      2183237 
   74.500     0.317140     0.002344     0.002344      2189879 
   74.600    -0.086023    -0.000639    -0.000637      2180168 
   74.700    -0.654120    -0.004915    -0.004854      2161644 
   74.800    -0.441810    -0.003350    -0.003319      2147043 
   74.900    -0.346989    -0.002550    -0.002578      2162093 
   75.000     0.259954     0.001937     0.001943      2143508 
   75.100     0.447697     0.003294     0.003305      2155088 
   75.200     0.679193     0.004987     0.005009      2151179 
   75.300     0.384032     0.002781     0.002831      2165595 
   75.400     0.739386     0.005414     0.005462      2145133 
   75.500    -0.384386    -0.002830    -0.002817      2129214 
   75.600    -0.073243    -0.000540    -0.000538      2150970 
   75.700    -0.305346    -0.002262    -0.002256      2159453 
   75.800     0.346787     0.002602     0.002603      2129239 
   75.900     0.503820     0.003720     0.003777      2124036 
   76.000    -0.171783    -0.001294    -0.001287      2106039 
   76.100    -0.573046    -0.004261    -0.004248      2116595 
   76.200    -0.464861    -0.003447    -0.003435      2131631 
   76.300    -0.092056    -0.000685    -0.000683      2136511 
   76.400     0.315700     0.002398     0.002354      2141411 
   76.500     0.533340     0.004028     0.004011      2112813 
   76.600     0.394757     0.002988     0.002983      2099539 
   76.700    -0.159701    -0.001203    -0.001200      2102430 
   76.800    -0.415486    -0.003161    -0.003128      2093863 
   76.900    -0.484119    -0.003579    -0.003623      2106599 
   77.000    -0.352646    -0.002666    -0.002647      2103656 
   77.100    -0.140672    -0.001047    -0.001052      2100117 
   77.200    -0.332850    -0.002480    -0.002481      2119468 
   77.300     0.436008     0.003224     0.003264      2107685 
   77.400     0.733997     0.005427     0.005487      2105851 
   77.500    -0.116662    -0.000880    -0.000884      2093879 
   77.600     0.132911     0.001022     0.001017      2082941 
   77.700     0.256415     0.001953     0.001942      2088095 
   77.800    -0.036186    -0.000271    -0.000272      2091893 
   77.900     0.379964     0.002911     0.002886      2096505 
   78.000     0.356343     0.002641     0.002674      2094786 
   78.100     0.681620     0.004981     0.005064      2099562 
   78.200     0.167354     0.001255     0.001252      2086465 
   78.300     0.102375     0.000791     0.000779      2062114 
   78.400     0.391965     0.003000     0.002972      2066383 
   78.500    -0.093823    -0.000708    -0.000709      2088911 
   78.600     0.086963     0.000659     0.000657      2076563 
   78.700    -0.342864    -0.002631    -0.002598      2101504 
   78.800     0.279408     0.002163     0.002133      2078264 
   78.900    -0.077608    -0.000601    -0.000594      2076855 
   79.000     0.833312     0.006317     0.006366      2057959 
   79.100     0.371110     0.002789     0.002800      2077610 
   79.200    -0.011697    -0.000088    -0.000088      2052080 
   79.300     0.478124     0.003612     0.003623      2058153 
   79.400    -0.716238    -0.005484    -0.005468      2061669 
   79.500    -0.114052    -0.000880    -0.000878      2038711 
   79.600     0.508862     0.003843     0.003872      2031442 
   79.700     0.293618     0.002313     0.002279      2040054 
   79.800     0.454779     0.003469     0.003492      2041187 
   79.900     0.623613     0.004794     0.004824      2034475 
   80.000    -0.282387    -0.002135    -0.002154      2064677 
   80.100    -0.421591    -0.003224    -0.003234      2042148 
   80.200     0.314393     0.002390     0.002405      2046840 
   80.300    -0.234388    -0.001795    -0.001792      2049007 
   80.400     0.340146     0.002646     0.002623      2044781 
   80.500     1.183182     0.009209     0.009097      2040273 
   80.600    -0.782285    -0.006074    -0.006006      2031323 
   80.700    -0.245330    -0.001928    -0.001911      2010902 
   80.800    -1.173917    -0.009163    -0.009086      2035740 
   80.900    -0.636271    -0.004976    -0.004909      2037266 
   81.000    -0.754654    -0.005888    -0.005815      2023393 
   81.100    -0.406874    -0.003147    -0.003180      2011964 
   81.200    -0.635667    -0.004990    -0.004926      1989371 
   81.300     0.327075     0.002535     0.002535      2001661 
   81.400     0.033273     0.000260     0.000260      1994317 
   81.500    -0.412363    -0.003214    -0.003223      1998283 
   81.600    -0.721173    -0.005667    -0.005685      1980389 
   81.700    -0.962862    -0.007633    -0.007587      1971723 
   81.800    -0.081330    -0.000643    -0.000642      1967839 
   81.900    -0.479515    -0.003746    -0.003809      1978510 
   82.000    -0.312329    -0.002474    -0.002471      1972303 
   82.100    -0.385297    -0.003031    -0.003053      1956996 
   82.200    -0.489828    -0.003874    -0.003861      1948033 
   82.300     0.028483     0.000231     0.000228      1953494 
   82.400     0.355963     0.002801     0.002817      1967352 
   82.500     0.027357     0.000216     0.000215      1964166 
   82.600    -0.472039    -0.003691    -0.003691      1959697 
   82.700    -0.815685    -0.006501    -0.006443      1956310 
   82.800    -0.366077    -0.002851    -0.002883      1941330 
   82.900    -0.494645    -0.003911    -0.003899      1940977 
   83.000    -0.489425    -0.003869    -0.003842      1943893 
   83.100    -0.896923    -0.007167    -0.007091      1940845 
   83.200    -0.889965    -0.007099    -0.007013      1949594 
   83.300    -0.913329    -0.007342    -0.007255      1910854 
   83.400    -0.465003    -0.003756    -0.003682      1936870 
   83.500    -0.389112    -0.003137    -0.003098      1916743 
   83.600    -0.823664    -0.006543    -0.006463      1928646 
   83.700    -1.204023    -0.009540    -0.009458      1940131 
   83.800    -0.073547    -0.000592    -0.000583      1917357 
   83.900    -0.066613    -0.000532    -0.000530      1915976 
   84.000     0.136370     0.001068     0.001071      1916064 
   84.100    -0.472740    -0.003797    -0.003780      1909563 
   84.200    -0.877016    -0.007043    -0.006938      1917254 
   84.300    -0.460266    -0.003691    -0.003624      1913734 
   84.400     0.218588     0.001741     0.001742      1901915 
   84.500    -0.354949    -0.002809    -0.002797      1907382 
   84.600    -0.224348    -0.001786    -0.001778      1899144 
   84.700     0.058467     0.000471     0.000470      1900726 
   84.800    -0.625460    -0.005037    -0.004973      1919394 
   84.900    -0.653511    -0.005224    -0.005234      1908452 
   85.000    -0.908510    -0.007266    -0.007275      1894194 
   85.100    -0.825206    -0.006551    -0.006565      1906754 
   85.200    -0.296033    -0.002308    -0.002322      1915553 
   85.300    -1.107293    -0.008829    -0.008832      1898064 
   85.400    -0.373195    -0.003015    -0.002990      1899190 
   85.500     0.199251     0.001613     0.001609      1897935 
   85.600    -0.970113    -0.007747    -0.007824      1906979 
   85.700     0.203389     0.001628     0.001634      1891354 
   85.800    -0.258467    -0.002085    -0.002088      1889556 
   85.900    -0.888399    -0.007050    -0.007077      1892854 
   86.000    -1.228080    -0.009840    -0.009882      1890274 
   86.100    -0.739421    -0.005975    -0.005917      1892707 
   86.200    -0.932294    -0.007382    -0.007457      1890215 
   86.300    -0.486233    -0.003908    -0.003895      1878526 
   86.400    -0.187944    -0.001500    -0.001502      1892827 
   86.500     0.208569     0.001664     0.001680      1890555 
   86.600     0.489435     0.003996     0.003975      1871524 
   86.700     0.089533     0.000713     0.000711      1881592 
   86.800     0.001865     0.000015     0.000015      1881078 
   86.900    -0.025782    -0.000206    -0.000203      1875035 
   87.000    -0.193193    -0.001551    -0.001556      1851512 
   87.100    -0.252974    -0.002018    -0.002027      1864095 
   87.200    -0.561796    -0.004436    -0.004482      1860668 
   87.300     0.352145     0.002808     0.002830      1855386 
   87.400    -0.084748    -0.000682    -0.000687      1844733 
   87.500    -0.456555    -0.003727    -0.003710      1847384 
   87.600     0.123504     0.001021     0.001014      1857087 
   87.700    -0.683728    -0.005668    -0.005639      1844919 
   87.800    -0.194467    -0.001605    -0.001583      1845636 
   87.900    -0.472351    -0.003857    -0.003801      1842764 
   88.000    -0.321404    -0.002630    -0.002607      1825296 
   88.100    -0.342438    -0.002869    -0.002820      1830711 
   88.200    -0.838916    -0.006873    -0.006810      1823925 
   88.300    -0.924994    -0.007551    -0.007555      1819847 
   88.400    -0.966821    -0.008007    -0.007942      1810244 
   88.500    -0.131753    -0.001080    -0.001077      1813082 
   88.600    -0.850213    -0.007010    -0.006894      1825845 
   88.700     0.211993     0.001742     0.001742      1809930 
   88.800     0.111629     0.000916     0.000914      1817216 
   88.900     0.411477     0.003415     0.003382      1815463 
   89.000    -0.156502    -0.001293    -0.001277      1809918 
   89.100    -0.493762    -0.004121    -0.004084      1786007 
   89.200    -0.620662    -0.005048    -0.005072      1802889 
   89.300    -0.619816    -0.004991    -0.005051      1791473 
   89.400    -1.025072    -0.008225    -0.008350      1808044 
   89.500    -0.151011    -0.001253    -0.001255      1793727 
   89.600    -0.245069    -0.002001    -0.002026      1795970 
   89.700     0.064778     0.000530     0.000529      1797689 
   89.800    -0.228525    -0.001902    -0.001872      1791336 
   89.900    -0.060712    -0.000495    -0.000497      1798251 
   90.000    -0.268019    -0.002186    -0.002188      1789083 
   90.100    -0.825737    -0.006702    -0.006802      1782604 
   90.200    -0.951477    -0.007777    -0.007879      1768428 
   90.300    -1.610139    -0.013387    -0.013394      1765498 
   90.400    -0.929946    -0.007596    -0.007574      1759481 
   90.500    -0.863478    -0.007034    -0.007077      1760562 
   90.600    -0.572073    -0.004695    -0.004676      1755146 
   90.700    -0.915307    -0.007730    -0.007664      1762499 
   90.800    -0.994647    -0.008243    -0.008241      1758598 
   90.900    -0.710185    -0.005771    -0.005839      1766856 
   91.000    -0.522456    -0.004382    -0.004348      1757396 
   91.100    -0.777080    -0.006485    -0.006476      1760939 
   91.200    -0.068686    -0.000567    -0.000570      1748028 
   91.300     0.657209     0.005525     0.005524      1737953 
   91.400     0.531107     0.004521     0.004459      1721849 
   91.500    -0.198904    -0.001662    -0.001670      1744128 
   91.600    -0.335111    -0.002820    -0.002800      1726943 
   91.700    -0.030243    -0.000254    -0.000254      1722002 
   91.800     0.131894     0.001112     0.001095      1747781 
   91.900     0.019518     0.000163     0.000161      1741187 
   92.000    -0.085302    -0.000719    -0.000708      1725249 
   92.100    -0.419655    -0.003484    -0.003455      1742686 
   92.200    -0.619268    -0.005203    -0.005163      1720546 
   92.300    -0.592524    -0.004978    -0.004943      1708714 
   92.400    -0.329486    -0.002785    -0.002804      1709564 
   92.500    -0.383001    -0.003242    -0.003240      1708624 
   92.600    -0.184030    -0.001543    -0.001537      1695942 
   92.700     0.407591     0.003432     0.003435      1691318 
   92.800     0.026685     0.000223     0.000224      1691222 
   92.900     0.118242     0.000988     0.000991      1719197 
   93.000    -0.255918    -0.002212    -0.002207      1702127 
   93.100    -0.081584    -0.000687    -0.000693      1682686 
   93.200     0.778706     0.006558     0.006630      1706804 
   93.300     0.439288     0.003701     0.003741      1696145 
   93.400     0.088698     0.000756     0.000759      1689652 
   93.500     0.196523     0.001687     0.001686      1695721 
   93.600     1.159667     0.010037     0.009947      1687909 
   93.700     0.024143     0.000210     0.000207      1674672 
   93.800    -0.049030    -0.000417    -0.000421      1652375 
   93.900    -0.444820    -0.003787    -0.003809      1675117 
   94.000     0.347657     0.003009     0.002990      1660151 
   94.100    -0.083522    -0.000719    -0.000712      1659819 
   94.200     0.088711     0.000767     0.000764      1658980 
   94.300     0.157452     0.001327     0.001339      1670994 
   94.400     0.894948     0.007642     0.007680      1650422 
   94.500     0.370114     0.003108     0.003131      1655748 
   94.600     0.054864     0.000458     0.000470      1657498 
   94.700    -0.084685    -0.000723    -0.000727      1644567 
   94.800    -0.452962    -0.003890    -0.003880      1643409 
   94.900    -0.187122    -0.001619    -0.001622      1637606 
   95.000    -0.078099    -0.000664    -0.000665      1657141 
   95.100     0.498576     0.004235     0.004254      1648635 
   95.200     0.519070     0.004415     0.004478      1657576 
   95.300    -0.678418    -0.005857    -0.005903      1630555 
   95.400    -0.253907    -0.002130    -0.002170      1652943 
   95.500     0.052717     0.000451     0.000454      1641277 
   95.600     0.181428     0.001564     0.001572      1636359 
   95.700     0.472917     0.004078     0.004085      1646255 
   95.800     0.640725     0.005605     0.005583      1624692 
   95.900     0.263168     0.002267     0.002257      1642922 
   96.000     0.673386     0.005772     0.005826      1640682 
   96.100    -0.439823    -0.003763    -0.003754      1655676 
   96.200     0.134090     0.001138     0.001135      1637335 
   96.300    -0.363851    -0.003127    -0.003098      1644290 
   96.400     0.353544     0.003105     0.003083      1615857 
   96.500    -0.299158    -0.002531    -0.002554      1646202 
   96.600    -0.340454    -0.002950    -0.002935      1630545 
   96.700     0.128968     0.001114     0.001118      1612579 
   96.800     0.067119     0.000572     0.000576      1604424 
   96.900    -0.455413    -0.003952    -0.003911      1613761 
   97.000    -0.676222    -0.006070    -0.005914      1604983 
   97.100    -0.264234    -0.002344    -0.002296      1613263 
   97.200    -0.620548    -0.005453    -0.005393      1609104 
   97.300     0.152826     0.001320     0.001311      1610524 
   97.400     0.187108     0.001644     0.001616      1605030 
   97.500    -0.442269    -0.003865    -0.003849      1595115 
   97.600     0.191526     0.001709     0.001690      1588614 
   97.700     0.447624     0.003930     0.003898      1592794 
   97.800    -0.340102    -0.002985    -0.002971      1598039 
   97.900    -0.162838    -0.001397    -0.001407      1586629 
   98.000    -0.112440    -0.000974    -0.000966      1589639 
   98.100    -1.038253    -0.009130    -0.008994      1590690 
   98.200    -0.148589    -0.001313    -0.001290      1585592 
   98.300    -0.215898    -0.001854    -0.001849      1598881 
   98.400     1.216785     0.010464     0.010505      1604135 
   98.500    -0.265584    -0.002346    -0.002347      1591591 
   98.600    -0.195458    -0.001728    -0.001744      1553930 
   98.700    -0.290529    -0.002528    -0.002573      1569112 
   98.800     0.024407     0.000216     0.000214      1567347 
   98.900    -0.766262    -0.006920    -0.006829      1548258 
   99.000    -0.320125    -0.002836    -0.002853      1550462 
   99.100    -0.548633    -0.004866    -0.004883      1557674 
   99.200    -0.765003    -0.006851    -0.006855      1552033 
   99.300    -0.629375    -0.005588    -0.005572      1541072 
   99.400     0.691147     0.006167     0.006147      1549605 
   99.500     0.185860     0.001658     0.001661      1558044 
   99.600    -0.048098    -0.000435    -0.000435      1544724 
   99.700    -0.179830    -0.001610    -0.001610      1541698 
   99.800    -0.278959    -0.002441    -0.002486      1549404 
   99.900     0.404505     0.003616     0.003632      1532736 
  100.000    -0.067000    -0.000613    -0.000611      1520887 
