fitting 1 exponentials + affine
seed: 6168573205 
   22.018857 
    0.727 
   13.434236 
    0.961 
   13.180629 
    0.965 
   13.031463 
    0.969 
   12.977291 
    0.971 
   12.974298 
    0.971 
   12.958342 
    0.974 
   12.957573 
    0.973 
   12.957169 
    0.973 
   12.956374 
    0.973 
   12.956370 
    0.973 
   12.956366 
    0.973 
   12.956365 
    0.973 
    0.973 
nagopt ncall: 1  oldvalue:     12.956365499 newvalue:    12.956365494
   12.956365 
    0.972875832 
error sd:     0.003599
halflife:    25.206 
mean (generations):    27.499 
    0.030847448    -0.000262427 
##end of run
