 ##Z-score and correlation:: ../../ancpop.list  binsize:     0.001000
    0.100    32.859820     0.173572     0.173472      5845721 
    0.200    10.307825     0.056506     0.056750      4349047 
    0.300     6.793278     0.036610     0.036642      4337738 
    0.400     6.553402     0.034974     0.035076      4282699 
    0.500     5.893694     0.031248     0.031268      4243582 
    0.600     4.255528     0.022564     0.022590      4225130 
    0.700     4.302515     0.022494     0.022689      4215047 
    0.800     4.425566     0.023212     0.023330      4191965 
    0.900     3.357326     0.017697     0.017751      4189362 
    1.000     3.311928     0.017404     0.017373      4189681 
    1.100     3.473570     0.018247     0.018268      4160954 
    1.200     3.786240     0.019791     0.019889      4179018 
    1.300     4.124569     0.021733     0.021912      4149021 
    1.400     3.947326     0.020787     0.020952      4111830 
    1.500     4.382675     0.023242     0.023323      4113453 
    1.600     3.654173     0.019354     0.019368      4117849 
    1.700     3.854056     0.020267     0.020206      4119602 
    1.800     3.878785     0.020363     0.020440      4109070 
    1.900     3.477768     0.018336     0.018359      4100449 
    2.000     3.826793     0.020282     0.020272      4082814 
    2.100     4.191453     0.021747     0.021920      4086704 
    2.200     4.697097     0.024372     0.024544      4090661 
    2.300     4.088527     0.021601     0.021669      4085597 
    2.400     3.845150     0.020194     0.020149      4073991 
    2.500     3.464328     0.018100     0.018182      4057447 
    2.600     3.452869     0.018221     0.018371      4049518 
    2.700     2.273278     0.011884     0.011956      4022477 
    2.800     2.924916     0.015618     0.015602      4037531 
    2.900     1.907083     0.010318     0.010296      4042025 
    3.000     1.599759     0.008473     0.008498      4036086 
    3.100     1.439840     0.007621     0.007631      4036852 
    3.200     1.371745     0.007322     0.007289      4039899 
    3.300     1.724929     0.009268     0.009212      4027770 
    3.400     1.543443     0.008245     0.008199      4029939 
    3.500     2.148619     0.011390     0.011388      4031106 
    3.600     2.972461     0.015925     0.015741      4022493 
    3.700     2.467870     0.013297     0.013164      4013089 
    3.800     1.640200     0.008823     0.008735      4009236 
    3.900     2.314377     0.012333     0.012354      3986507 
    4.000     2.715458     0.014578     0.014612      3985003 
    4.100     1.661478     0.009054     0.008964      3985777 
    4.200     1.461638     0.007901     0.007906      3980388 
    4.300     1.767569     0.009568     0.009508      3984376 
    4.400     1.896081     0.010249     0.010155      3961354 
    4.500     1.904076     0.010257     0.010184      3979899 
    4.600     1.738400     0.009261     0.009307      3969251 
    4.700     0.556659     0.002983     0.002984      3973878 
    4.800     1.400246     0.007528     0.007484      3980875 
    4.900     1.795303     0.009757     0.009609      3966655 
    5.000     1.568169     0.008426     0.008355      3976229 
    5.100     1.342394     0.007227     0.007178      3956205 
    5.200     1.468738     0.007828     0.007783      3977293 
    5.300     1.801443     0.009550     0.009575      3943555 
    5.400     1.731284     0.009187     0.009216      3975384 
    5.500     0.971109     0.005190     0.005197      3950498 
    5.600     1.378655     0.007405     0.007370      3949675 
    5.700     0.804233     0.004289     0.004300      3922765 
    5.800     0.843887     0.004498     0.004533      3909530 
    5.900     1.278140     0.006825     0.006805      3929087 
    6.000     0.912528     0.004920     0.004894      3944350 
    6.100     0.849891     0.004579     0.004624      3941015 
    6.200     0.832704     0.004473     0.004465      3947263 
    6.300     0.531795     0.002861     0.002841      3952632 
    6.400     1.212980     0.006446     0.006427      3948992 
    6.500     1.003775     0.005394     0.005365      3941074 
    6.600    -0.224484    -0.001199    -0.001193      3939480 
    6.700     1.332469     0.007180     0.007152      3922397 
    6.800     0.778002     0.004223     0.004179      3916533 
    6.900     0.675336     0.003628     0.003623      3914731 
    7.000     0.544377     0.002916     0.002900      3949130 
    7.100    -0.082178    -0.000444    -0.000440      3915023 
    7.200    -0.060751    -0.000327    -0.000324      3962061 
    7.300     0.673331     0.003648     0.003635      3932157 
    7.400     1.002609     0.005417     0.005403      3936374 
    7.500     1.192328     0.006362     0.006332      3939029 
    7.600     0.641885     0.003451     0.003411      3914073 
    7.700    -0.017239    -0.000093    -0.000092      3931378 
    7.800     0.515482     0.002794     0.002777      3922416 
    7.900     0.445331     0.002399     0.002407      3897985 
    8.000     0.381423     0.002074     0.002058      3928080 
    8.100     0.511701     0.002773     0.002766      3907562 
    8.200     1.165358     0.006371     0.006325      3924345 
    8.300     1.278134     0.006937     0.006865      3930981 
    8.400     0.459088     0.002505     0.002471      3946595 
    8.500     0.924692     0.005000     0.004990      3937056 
    8.600     0.100592     0.000545     0.000544      3903191 
    8.700     0.463516     0.002526     0.002515      3908980 
    8.800     0.875739     0.004731     0.004715      3911990 
    8.900     1.285561     0.006947     0.006912      3936557 
    9.000     0.099403     0.000534     0.000532      3915492 
    9.100    -0.159759    -0.000872    -0.000870      3900237 
    9.200    -0.470648    -0.002589    -0.002567      3883142 
    9.300    -0.496864    -0.002682    -0.002699      3898718 
    9.400    -0.293147    -0.001590    -0.001576      3895985 
    9.500     0.326911     0.001762     0.001760      3878646 
    9.600     0.116751     0.000634     0.000628      3892444 
    9.700     0.519987     0.002782     0.002799      3874753 
    9.800     0.506503     0.002758     0.002747      3864594 
    9.900    -0.241219    -0.001295    -0.001302      3886103 
   10.000     0.199256     0.001090     0.001083      3876817 
   10.100    -0.709799    -0.003878    -0.003869      3882786 
   10.200    -0.191823    -0.001040    -0.001042      3886957 
   10.300    -0.529989    -0.002857    -0.002859      3880871 
   10.400    -0.070162    -0.000381    -0.000380      3865468 
   10.500     0.507679     0.002773     0.002747      3852100 
   10.600     0.807118     0.004366     0.004364      3866673 
   10.700     1.217742     0.006685     0.006755      3854747 
   10.800     0.815434     0.004459     0.004481      3860965 
   10.900     0.601033     0.003303     0.003298      3858252 
   11.000     0.173455     0.000956     0.000956      3847733 
   11.100    -0.026294    -0.000144    -0.000143      3841627 
   11.200     0.128070     0.000707     0.000699      3836654 
   11.300     0.025734     0.000141     0.000140      3864090 
   11.400    -0.485301    -0.002664    -0.002629      3870214 
   11.500    -0.063456    -0.000345    -0.000345      3868269 
   11.600    -0.165508    -0.000911    -0.000903      3862688 
   11.700    -0.231533    -0.001286    -0.001271      3823752 
   11.800     0.313930     0.001719     0.001722      3798839 
   11.900     0.040865     0.000223     0.000223      3835870 
   12.000    -0.234767    -0.001287    -0.001283      3828812 
   12.100     0.721051     0.003922     0.003951      3822093 
   12.200     1.183937     0.006459     0.006470      3844128 
   12.300     0.707380     0.003837     0.003871      3825121 
   12.400     0.214307     0.001160     0.001164      3825019 
   12.500     0.446326     0.002419     0.002452      3857925 
   12.600     0.163272     0.000881     0.000891      3859857 
   12.700    -0.914514    -0.004948    -0.005010      3824640 
   12.800     0.693038     0.003791     0.003788      3817200 
   12.900     0.389528     0.002128     0.002140      3826151 
   13.000     0.448223     0.002441     0.002455      3802404 
   13.100     0.037376     0.000203     0.000204      3789036 
   13.200     0.722149     0.003936     0.003928      3789723 
   13.300     0.332116     0.001785     0.001805      3811332 
   13.400     0.736797     0.004021     0.004031      3786374 
   13.500    -0.392249    -0.002154    -0.002163      3782000 
   13.600    -0.364787    -0.002007    -0.002006      3806899 
   13.700    -0.820210    -0.004467    -0.004473      3796515 
   13.800    -0.624248    -0.003370    -0.003403      3808278 
   13.900    -0.281634    -0.001533    -0.001541      3764391 
   14.000     0.034625     0.000190     0.000191      3811283 
   14.100    -0.485422    -0.002658    -0.002668      3792048 
   14.200    -0.123449    -0.000668    -0.000674      3781459 
   14.300     0.101118     0.000550     0.000554      3777982 
   14.400    -0.091258    -0.000496    -0.000497      3775848 
   14.500    -0.103829    -0.000571    -0.000567      3778782 
   14.600    -0.041080    -0.000222    -0.000223      3775214 
   14.700     0.288115     0.001596     0.001579      3756706 
   14.800    -0.105263    -0.000576    -0.000577      3760784 
   14.900    -0.214582    -0.001173    -0.001187      3776631 
   15.000    -0.507647    -0.002800    -0.002818      3747762 
   15.100    -0.227695    -0.001239    -0.001256      3776333 
   15.200    -0.759621    -0.004198    -0.004232      3769458 
   15.300    -1.133960    -0.006260    -0.006264      3769657 
   15.400    -0.017582    -0.000096    -0.000097      3778044 
   15.500     0.738518     0.003991     0.004007      3785486 
   15.600     0.802617     0.004463     0.004406      3774903 
   15.700     0.269580     0.001486     0.001473      3726742 
   15.800    -0.276857    -0.001542    -0.001525      3748209 
   15.900     0.456782     0.002504     0.002519      3751226 
   16.000     0.440190     0.002443     0.002447      3743482 
   16.100    -0.047205    -0.000264    -0.000263      3768607 
   16.200     0.251715     0.001398     0.001393      3753554 
   16.300     0.240110     0.001330     0.001333      3738926 
   16.400     0.097294     0.000537     0.000538      3759897 
   16.500    -0.024815    -0.000135    -0.000136      3751265 
   16.600     1.034318     0.005738     0.005722      3752180 
   16.700     0.861515     0.004729     0.004785      3718097 
   16.800     0.455081     0.002501     0.002507      3741195 
   16.900    -0.274791    -0.001514    -0.001511      3729999 
   17.000    -0.175002    -0.000959    -0.000969      3736669 
   17.100     0.683485     0.003721     0.003727      3768674 
   17.200     0.376529     0.002060     0.002064      3749249 
   17.300    -0.277312    -0.001507    -0.001521      3734550 
   17.400     0.438269     0.002399     0.002403      3746216 
   17.500    -0.104028    -0.000572    -0.000570      3729099 
   17.600    -0.020255    -0.000112    -0.000113      3716393 
   17.700     0.627384     0.003461     0.003480      3739768 
   17.800     0.061867     0.000341     0.000342      3738507 
   17.900     0.564761     0.003150     0.003144      3731721 
   18.000     0.083168     0.000459     0.000457      3728584 
   18.100     0.153491     0.000841     0.000846      3723973 
   18.200    -0.333290    -0.001827    -0.001830      3729891 
   18.300    -0.365074    -0.002020    -0.002019      3736523 
   18.400     0.343427     0.001891     0.001895      3732541 
   18.500    -0.368726    -0.002024    -0.002033      3735366 
   18.600     0.694653     0.003834     0.003818      3705691 
   18.700    -0.180551    -0.000991    -0.000999      3701675 
   18.800     0.400038     0.002203     0.002200      3733961 
   18.900    -0.563321    -0.003071    -0.003089      3726164 
   19.000     0.079171     0.000437     0.000439      3708210 
   19.100    -0.053272    -0.000292    -0.000294      3686836 
   19.200    -0.201307    -0.001095    -0.001106      3687050 
   19.300    -0.324623    -0.001796    -0.001809      3690355 
   19.400    -0.399898    -0.002223    -0.002225      3723163 
   19.500     0.487076     0.002708     0.002701      3722981 
   19.600     0.536879     0.002977     0.002974      3676654 
   19.700     0.307095     0.001715     0.001706      3700569 
   19.800     0.543843     0.002985     0.002999      3716795 
   19.900     0.232686     0.001286     0.001290      3693935 
   20.000    -0.624527    -0.003523    -0.003520      3676486 
   20.100     0.004470     0.000025     0.000025      3673204 
   20.200     0.046670     0.000261     0.000260      3666741 
   20.300     0.236900     0.001283     0.001289      3715512 
   20.400     0.300105     0.001660     0.001658      3701193 
   20.500     0.111997     0.000623     0.000622      3714590 
   20.600     0.592163     0.003310     0.003315      3703341 
   20.700     0.986256     0.005453     0.005491      3693414 
   20.800     0.598191     0.003306     0.003325      3666982 
   20.900     0.076608     0.000425     0.000424      3700381 
   21.000    -0.051033    -0.000282    -0.000283      3697630 
   21.100     0.842307     0.004644     0.004688      3661344 
   21.200    -0.024291    -0.000133    -0.000134      3677858 
   21.300    -0.530908    -0.002919    -0.002963      3652061 
   21.400     0.420155     0.002378     0.002346      3667787 
   21.500     0.677679     0.003795     0.003792      3677357 
   21.600     0.842747     0.004704     0.004704      3670490 
   21.700     0.032812     0.000185     0.000185      3675182 
   21.800     0.444046     0.002457     0.002464      3686538 
   21.900     0.064195     0.000359     0.000359      3677143 
   22.000     0.323252     0.001815     0.001804      3639512 
   22.100     0.085772     0.000489     0.000483      3626018 
   22.200     0.112441     0.000629     0.000631      3627488 
   22.300    -0.252239    -0.001416    -0.001400      3648805 
   22.400    -0.225484    -0.001270    -0.001263      3650163 
   22.500     0.005924     0.000033     0.000033      3667033 
   22.600    -0.749747    -0.004197    -0.004175      3655003 
   22.700     0.531574     0.002972     0.002957      3655138 
   22.800     0.163132     0.000915     0.000914      3640559 
   22.900     0.185436     0.001044     0.001038      3607779 
   23.000    -0.377591    -0.002116    -0.002107      3637443 
   23.100     0.185071     0.001025     0.001032      3634831 
   23.200    -0.023593    -0.000132    -0.000133      3644974 
   23.300     0.481718     0.002715     0.002703      3637883 
   23.400    -0.184826    -0.001029    -0.001029      3643812 
   23.500    -0.575089    -0.003233    -0.003230      3640221 
   23.600    -0.426717    -0.002444    -0.002421      3635798 
   23.700    -0.193682    -0.001108    -0.001104      3620662 
   23.800    -0.269856    -0.001542    -0.001529      3638826 
   23.900    -0.004802    -0.000027    -0.000027      3629575 
   24.000     0.869741     0.004912     0.004931      3604874 
   24.100     0.612907     0.003468     0.003449      3635255 
   24.200    -0.256739    -0.001447    -0.001448      3617646 
   24.300    -0.962453    -0.005479    -0.005420      3614805 
   24.400     0.412176     0.002360     0.002316      3640488 
   24.500     0.139054     0.000779     0.000779      3624823 
   24.600     0.511496     0.002879     0.002876      3629156 
   24.700     0.200943     0.001137     0.001136      3637999 
   24.800     0.463650     0.002600     0.002623      3609221 
   24.900     1.255684     0.007160     0.007081      3605145 
   25.000     0.225975     0.001295     0.001283      3607994 
   25.100    -0.522620    -0.002939    -0.002941      3614706 
   25.200     0.037522     0.000210     0.000212      3604847 
   25.300     0.120611     0.000677     0.000675      3632450 
   25.400     0.376923     0.002113     0.002116      3636279 
   25.500    -0.121853    -0.000683    -0.000685      3611175 
   25.600    -0.056403    -0.000319    -0.000321      3600561 
   25.700    -0.287422    -0.001629    -0.001623      3579832 
   25.800    -0.242345    -0.001359    -0.001357      3582812 
   25.900     0.188996     0.001072     0.001063      3580169 
   26.000    -0.777650    -0.004420    -0.004404      3582431 
   26.100    -0.777041    -0.004414    -0.004393      3565199 
   26.200     0.027135     0.000153     0.000153      3578337 
   26.300    -0.487324    -0.002755    -0.002752      3560727 
   26.400    -0.654694    -0.003703    -0.003697      3574110 
   26.500     0.313751     0.001750     0.001769      3568664 
   26.600     0.774745     0.004353     0.004395      3540031 
   26.700     0.643240     0.003615     0.003624      3556435 
   26.800    -0.306194    -0.001743    -0.001744      3538760 
   26.900     0.057438     0.000322     0.000325      3555314 
   27.000    -0.279042    -0.001588    -0.001588      3538393 
   27.100    -0.346724    -0.001971    -0.001979      3511698 
   27.200    -0.034970    -0.000197    -0.000197      3537702 
   27.300     0.010036     0.000057     0.000057      3501022 
   27.400    -0.103531    -0.000595    -0.000593      3531616 
   27.500     0.091248     0.000518     0.000522      3521347 
   27.600     0.299785     0.001688     0.001700      3515735 
   27.700    -0.649312    -0.003659    -0.003686      3523400 
   27.800    -0.565346    -0.003225    -0.003224      3532331 
   27.900     0.316018     0.001800     0.001802      3543779 
   28.000    -0.279482    -0.001579    -0.001588      3530765 
   28.100    -0.420478    -0.002398    -0.002385      3517557 
   28.200    -0.654198    -0.003792    -0.003740      3520481 
   28.300    -0.457633    -0.002629    -0.002617      3516753 
   28.400    -0.535305    -0.003067    -0.003049      3510459 
   28.500    -0.115552    -0.000656    -0.000656      3493082 
   28.600    -1.162252    -0.006631    -0.006669      3495671 
   28.700    -0.343734    -0.001976    -0.001966      3497066 
   28.800    -0.740157    -0.004218    -0.004224      3532218 
   28.900    -0.483944    -0.002753    -0.002777      3524686 
   29.000    -1.143816    -0.006549    -0.006547      3516517 
   29.100    -0.719561    -0.004090    -0.004107      3509249 
   29.200     0.197971     0.001124     0.001131      3496247 
   29.300    -0.793231    -0.004520    -0.004537      3492510 
   29.400    -0.700896    -0.003969    -0.004021      3511051 
   29.500    -0.690683    -0.003943    -0.003970      3481627 
   29.600     0.420020     0.002389     0.002412      3490791 
   29.700     0.610001     0.003507     0.003495      3464800 
   29.800     0.957820     0.005490     0.005471      3443724 
   29.900     0.472138     0.002686     0.002688      3456512 
   30.000    -0.034244    -0.000193    -0.000196      3469990 
   30.100     0.641819     0.003672     0.003694      3457147 
   30.200     0.152373     0.000864     0.000875      3483510 
   30.300    -0.385430    -0.002193    -0.002207      3509394 
   30.400    -0.054037    -0.000308    -0.000309      3472974 
   30.500     0.822014     0.004671     0.004703      3472758 
   30.600     0.125013     0.000711     0.000718      3479903 
   30.700     0.039881     0.000228     0.000230      3478200 
   30.800     0.011442     0.000065     0.000066      3469037 
   30.900    -0.369223    -0.002131    -0.002145      3444734 
   31.000     0.100619     0.000577     0.000579      3459979 
   31.100    -0.409771    -0.002308    -0.002342      3453319 
   31.200    -0.370902    -0.002124    -0.002148      3469404 
   31.300     0.457753     0.002622     0.002644      3451322 
   31.400     0.362319     0.002033     0.002072      3448755 
   31.500     1.020503     0.005884     0.005884      3422020 
   31.600     0.452414     0.002606     0.002601      3428586 
   31.700    -0.122254    -0.000712    -0.000708      3432554 
   31.800    -0.790709    -0.004611    -0.004597      3411795 
   31.900    -1.166160    -0.006746    -0.006757      3420047 
   32.000    -0.471562    -0.002710    -0.002722      3441273 
   32.100    -0.097403    -0.000559    -0.000557      3463574 
   32.200     0.518819     0.002958     0.002962      3421262 
   32.300    -0.289832    -0.001675    -0.001672      3439008 
   32.400    -0.478335    -0.002781    -0.002803      3439719 
   32.500    -0.296343    -0.001701    -0.001707      3449099 
   32.600     0.185944     0.001074     0.001078      3420028 
   32.700     0.055299     0.000317     0.000318      3414291 
   32.800     0.056474     0.000322     0.000325      3434131 
   32.900    -0.745219    -0.004319    -0.004310      3420352 
   33.000    -0.410530    -0.002354    -0.002380      3414019 
   33.100    -0.469585    -0.002702    -0.002731      3395417 
   33.200     0.123159     0.000705     0.000711      3395694 
   33.300    -0.197798    -0.001152    -0.001159      3374399 
   33.400     0.433102     0.002519     0.002523      3370944 
   33.500    -0.497379    -0.002869    -0.002881      3382549 
   33.600    -0.536583    -0.003115    -0.003121      3401005 
   33.700     0.956204     0.005600     0.005634      3399309 
   33.800     0.221097     0.001293     0.001293      3390825 
   33.900     0.163074     0.000952     0.000950      3391308 
   34.000    -0.263751    -0.001546    -0.001548      3384049 
   34.100    -0.589169    -0.003444    -0.003448      3363548 
   34.200    -0.975165    -0.005739    -0.005689      3369154 
   34.300    -0.440491    -0.002583    -0.002550      3374639 
   34.400    -0.162811    -0.000934    -0.000939      3378310 
   34.500     0.265230     0.001535     0.001539      3354560 
   34.600    -0.118895    -0.000693    -0.000695      3344234 
   34.700    -0.372384    -0.002193    -0.002195      3356851 
   34.800     0.073082     0.000428     0.000425      3369564 
   34.900    -0.228736    -0.001344    -0.001339      3351658 
   35.000    -1.022293    -0.006050    -0.006033      3336664 
   35.100    -0.521091    -0.003045    -0.003040      3341786 
   35.200    -0.370566    -0.002172    -0.002181      3324927 
   35.300     0.183636     0.001085     0.001096      3327994 
   35.400    -0.299619    -0.001766    -0.001785      3327519 
   35.500    -0.035518    -0.000208    -0.000209      3336711 
   35.600     0.439056     0.002574     0.002578      3329153 
   35.700    -0.037302    -0.000220    -0.000219      3307236 
   35.800    -0.022754    -0.000134    -0.000134      3297679 
   35.900    -1.443566    -0.008502    -0.008497      3317689 
   36.000    -1.824552    -0.010760    -0.010788      3341551 
   36.100    -0.907157    -0.005346    -0.005349      3300456 
   36.200    -0.464712    -0.002804    -0.002744      3304839 
   36.300    -0.018510    -0.000109    -0.000109      3309246 
   36.400    -0.652254    -0.003801    -0.003812      3308438 
   36.500    -0.656599    -0.003820    -0.003827      3296475 
   36.600    -1.055058    -0.006232    -0.006285      3271818 
   36.700    -1.304693    -0.007586    -0.007643      3270714 
   36.800    -0.648780    -0.003755    -0.003814      3300504 
   36.900    -0.658986    -0.003859    -0.003873      3293299 
   37.000    -0.406986    -0.002352    -0.002382      3297251 
   37.100    -0.530459    -0.003170    -0.003158      3284746 
   37.200    -0.687771    -0.004093    -0.004074      3269770 
   37.300    -0.448103    -0.002622    -0.002649      3277516 
   37.400    -0.075375    -0.000437    -0.000441      3289261 
   37.500    -1.116867    -0.006494    -0.006574      3261090 
   37.600    -0.572713    -0.003361    -0.003395      3248700 
   37.700     0.288378     0.001658     0.001677      3290031 
   37.800     0.187958     0.001097     0.001105      3283321 
   37.900     0.117442     0.000690     0.000693      3311517 
   38.000    -0.159356    -0.000938    -0.000943      3273290 
   38.100    -0.436576    -0.002548    -0.002558      3276291 
   38.200    -1.101986    -0.006456    -0.006512      3296348 
   38.300    -0.617754    -0.003656    -0.003657      3271043 
   38.400    -1.088309    -0.006371    -0.006427      3260534 
   38.500    -1.384644    -0.008129    -0.008242      3269400 
   38.600    -1.006220    -0.005961    -0.005997      3268972 
   38.700    -0.688180    -0.004092    -0.004082      3272151 
   38.800    -0.822211    -0.004878    -0.004877      3269305 
   38.900    -0.789688    -0.004760    -0.004745      3282735 
   39.000    -0.320484    -0.001928    -0.001936      3280245 
   39.100    -0.444380    -0.002655    -0.002673      3240761 
   39.200    -0.772754    -0.004611    -0.004608      3261572 
   39.300    -0.424910    -0.002513    -0.002522      3258173 
   39.400    -0.240922    -0.001422    -0.001426      3259726 
   39.500     0.041606     0.000241     0.000247      3251081 
   39.600    -0.540070    -0.003227    -0.003228      3250286 
   39.700    -0.713737    -0.004202    -0.004232      3248416 
   39.800    -0.376717    -0.002242    -0.002221      3231775 
   39.900    -1.088855    -0.006411    -0.006438      3217280 
   40.000    -0.182991    -0.001088    -0.001095      3197417 
   40.100    -0.552901    -0.003308    -0.003311      3203471 
   40.200    -0.437112    -0.002608    -0.002631      3213047 
   40.300    -0.184577    -0.001088    -0.001101      3229311 
   40.400    -0.165624    -0.000991    -0.000990      3233883 
   40.500    -0.119159    -0.000712    -0.000714      3220578 
   40.600    -0.346291    -0.002098    -0.002084      3204112 
   40.700     0.062291     0.000377     0.000376      3193792 
   40.800    -0.099094    -0.000590    -0.000593      3219363 
   40.900    -0.812248    -0.004877    -0.004889      3177636 
   41.000    -0.854315    -0.005140    -0.005173      3165747 
   41.100    -0.633075    -0.003810    -0.003834      3164874 
   41.200    -0.627965    -0.003739    -0.003750      3195973 
   41.300    -0.152474    -0.000912    -0.000924      3191546 
   41.400    -0.342500    -0.002072    -0.002074      3190855 
   41.500     0.255606     0.001541     0.001542      3186863 
   41.600     0.251767     0.001524     0.001523      3164210 
   41.700     0.300981     0.001793     0.001821      3168175 
   41.800     0.733914     0.004341     0.004375      3174551 
   41.900    -0.067532    -0.000401    -0.000407      3156800 
   42.000    -0.699925    -0.004195    -0.004250      3140127 
   42.100    -0.840453    -0.004999    -0.005061      3155242 
   42.200    -0.401739    -0.002426    -0.002442      3116296 
   42.300    -0.556573    -0.003391    -0.003403      3118662 
   42.400    -0.654940    -0.003959    -0.003997      3131543 
   42.500    -0.629359    -0.003797    -0.003803      3148623 
   42.600    -0.101597    -0.000605    -0.000616      3128028 
   42.700     0.345501     0.002069     0.002087      3130607 
   42.800    -0.906977    -0.005380    -0.005461      3135199 
   42.900    -0.536220    -0.003205    -0.003225      3129557 
   43.000    -0.165027    -0.001003    -0.001003      3141326 
   43.100    -0.066040    -0.000401    -0.000399      3117374 
   43.200    -0.592036    -0.003577    -0.003580      3100312 
   43.300    -0.469119    -0.002840    -0.002840      3094000 
   43.400    -0.262052    -0.001590    -0.001594      3093978 
   43.500     0.223644     0.001357     0.001365      3097944 
   43.600     0.715588     0.004372     0.004353      3093457 
   43.700    -0.374810    -0.002251    -0.002265      3091323 
   43.800    -0.251213    -0.001530    -0.001533      3083501 
   43.900    -0.090006    -0.000548    -0.000548      3083600 
   44.000    -0.544607    -0.003287    -0.003311      3084166 
   44.100    -0.304184    -0.001841    -0.001850      3074758 
   44.200    -0.691677    -0.004210    -0.004241      3048754 
   44.300    -0.297124    -0.001801    -0.001810      3081920 
   44.400    -0.199219    -0.001205    -0.001215      3086165 
   44.500    -1.110930    -0.006689    -0.006760      3046706 
   44.600    -0.603948    -0.003691    -0.003741      3038680 
   44.700    -0.188897    -0.001171    -0.001175      3026125 
   44.800    -0.705763    -0.004296    -0.004317      3044912 
   44.900    -0.936239    -0.005651    -0.005697      3041054 
   45.000    -0.510870    -0.003035    -0.003093      3029414 
   45.100    -0.423264    -0.002541    -0.002534      3053319 
   45.200    -0.029396    -0.000178    -0.000179      3048130 
   45.300    -0.201856    -0.001218    -0.001237      3025852 
   45.400     0.007212     0.000045     0.000045      3030490 
   45.500    -0.027032    -0.000165    -0.000166      3050175 
   45.600    -0.460757    -0.002821    -0.002827      3016377 
   45.700     0.696820     0.004224     0.004258      3016955 
   45.800     0.008346     0.000051     0.000051      2999407 
   45.900     0.076394     0.000465     0.000470      3033717 
   46.000    -0.094633    -0.000578    -0.000582      3014358 
   46.100     0.579579     0.003528     0.003535      3032010 
   46.200    -0.395435    -0.002434    -0.002420      3015074 
   46.300    -0.610027    -0.003741    -0.003761      3015150 
   46.400    -0.972147    -0.005941    -0.006005      3004207 
   46.500     0.172881     0.001056     0.001067      3001829 
   46.600    -0.104914    -0.000649    -0.000653      2992316 
   46.700    -0.510645    -0.003138    -0.003143      3005388 
   46.800    -0.169712    -0.001027    -0.001035      3003162 
   46.900     0.540669     0.003349     0.003319      2994986 
   47.000     0.518511     0.003169     0.003191      2973216 
   47.100    -0.409059    -0.002517    -0.002527      2994539 
   47.200    -0.286912    -0.001762    -0.001763      2965289 
   47.300     0.021754     0.000134     0.000135      2945231 
   47.400     0.792738     0.004898     0.004901      2968851 
   47.500     0.225302     0.001395     0.001387      2982389 
   47.600     0.601174     0.003694     0.003734      2973166 
   47.700     1.166159     0.007146     0.007141      2969545 
   47.800     0.961371     0.005911     0.005918      2973205 
   47.900     1.606301     0.009897     0.010042      2920406 
   48.000     1.187534     0.007312     0.007338      2940659 
   48.100     0.330720     0.002044     0.002049      2956865 
   48.200     0.117434     0.000721     0.000725      2929184 
   48.300    -0.522050    -0.003222    -0.003240      2944288 
   48.400     0.096059     0.000597     0.000598      2925862 
   48.500    -0.474216    -0.002924    -0.002947      2923251 
   48.600    -0.786040    -0.004817    -0.004862      2929842 
   48.700    -0.513284    -0.003200    -0.003211      2915364 
   48.800    -0.446403    -0.002810    -0.002812      2898595 
   48.900    -0.023276    -0.000145    -0.000146      2916154 
   49.000     0.009749     0.000061     0.000061      2935382 
   49.100    -0.168503    -0.001044    -0.001052      2894057 
   49.200     0.028140     0.000171     0.000173      2910953 
   49.300    -0.304527    -0.001902    -0.001892      2900063 
   49.400    -0.704930    -0.004386    -0.004390      2905983 
   49.500     0.246653     0.001540     0.001529      2915878 
   49.600     0.417299     0.002626     0.002623      2934154 
   49.700     0.196381     0.001214     0.001224      2942724 
   49.800     0.167066     0.001036     0.001043      2904929 
   49.900     0.389220     0.002455     0.002448      2898826 
   50.000     1.406282     0.008849     0.008866      2878245 
   50.100     0.983448     0.006168     0.006213      2855949 
   50.200     0.468078     0.002973     0.002972      2851914 
   50.300    -0.071293    -0.000449    -0.000450      2873801 
   50.400    -0.070183    -0.000437    -0.000443      2823164 
   50.500     0.115868     0.000728     0.000729      2872203 
   50.600    -0.486025    -0.003037    -0.003063      2891804 
   50.700    -0.038804    -0.000243    -0.000244      2883632 
   50.800     0.673564     0.004176     0.004199      2861068 
   50.900     0.011842     0.000074     0.000074      2843687 
   51.000    -0.351181    -0.002225    -0.002223      2840712 
   51.100     0.649971     0.004168     0.004149      2813900 
   51.200     0.454741     0.002857     0.002863      2841632 
   51.300     0.239681     0.001522     0.001508      2846713 
   51.400    -0.440793    -0.002836    -0.002803      2834400 
   51.500     0.142306     0.000897     0.000897      2845002 
   51.600    -0.248257    -0.001573    -0.001573      2838902 
   51.700    -0.552870    -0.003541    -0.003539      2823584 
   51.800    -0.612248    -0.003881    -0.003894      2839006 
   51.900    -0.165811    -0.001052    -0.001053      2826875 
   52.000    -0.120875    -0.000764    -0.000771      2810688 
   52.100    -0.897659    -0.005724    -0.005730      2803569 
   52.200    -0.045178    -0.000282    -0.000287      2798406 
   52.300    -0.029279    -0.000182    -0.000184      2797962 
   52.400     0.039667     0.000250     0.000252      2775742 
   52.500     0.292962     0.001869     0.001869      2791142 
   52.600     0.423224     0.002694     0.002704      2787782 
   52.700    -0.152714    -0.000956    -0.000959      2807265 
   52.800    -0.525335    -0.003347    -0.003367      2793351 
   52.900    -0.000259    -0.000002    -0.000002      2781290 
   53.000     0.195850     0.001258     0.001252      2775355 
   53.100    -0.752439    -0.004829    -0.004816      2797663 
   53.200    -0.898996    -0.005681    -0.005699      2795140 
   53.300     0.095612     0.000603     0.000606      2776002 
   53.400     0.228640     0.001431     0.001448      2778475 
   53.500    -0.827507    -0.005226    -0.005283      2778238 
   53.600    -0.588953    -0.003787    -0.003800      2762976 
   53.700     0.433712     0.002765     0.002794      2765817 
   53.800     0.233856     0.001484     0.001502      2753727 
   53.900     0.530559     0.003366     0.003394      2780763 
   54.000    -0.470394    -0.003012    -0.003034      2739532 
   54.100    -1.340200    -0.008532    -0.008532      2745099 
   54.200    -0.228650    -0.001466    -0.001476      2735788 
   54.300    -0.127640    -0.000816    -0.000825      2712713 
   54.400     0.357787     0.002294     0.002300      2730439 
   54.500    -0.666616    -0.004278    -0.004272      2729069 
   54.600    -0.361240    -0.002357    -0.002323      2724614 
   54.700    -0.331624    -0.002148    -0.002145      2742737 
   54.800    -0.304250    -0.001933    -0.001959      2746355 
   54.900    -0.456755    -0.002966    -0.002980      2722654 
   55.000    -0.904223    -0.005757    -0.005829      2723404 
   55.100    -0.161364    -0.001031    -0.001038      2716512 
   55.200    -0.111454    -0.000719    -0.000722      2714359 
   55.300    -0.116718    -0.000757    -0.000760      2739169 
   55.400     0.647304     0.004294     0.004233      2714303 
   55.500     0.268254     0.001742     0.001741      2717684 
   55.600     0.197283     0.001267     0.001287      2722920 
   55.700    -0.357964    -0.002313    -0.002315      2714510 
   55.800    -0.500508    -0.003222    -0.003250      2690487 
   55.900    -0.290735    -0.001889    -0.001899      2688647 
   56.000     0.159876     0.001034     0.001041      2711327 
   56.100     0.123662     0.000798     0.000804      2687231 
   56.200    -0.076661    -0.000497    -0.000505      2679767 
   56.300    -0.479030    -0.003111    -0.003149      2686695 
   56.400     0.177761     0.001172     0.001168      2689045 
   56.500    -0.017786    -0.000116    -0.000116      2711561 
   56.600    -0.566252    -0.003656    -0.003659      2706099 
   56.700    -0.729022    -0.004692    -0.004733      2694580 
   56.800    -0.170716    -0.001090    -0.001105      2692310 
   56.900    -0.657874    -0.004301    -0.004316      2684079 
   57.000    -1.238887    -0.008076    -0.008192      2661560 
   57.100    -0.686911    -0.004459    -0.004527      2650057 
   57.200    -0.697695    -0.004572    -0.004580      2663570 
   57.300    -0.379629    -0.002482    -0.002488      2667248 
   57.400    -0.527197    -0.003436    -0.003492      2639615 
   57.500    -0.556521    -0.003566    -0.003602      2651192 
   57.600    -0.180411    -0.001158    -0.001175      2638692 
   57.700    -0.324741    -0.002102    -0.002122      2651900 
   57.800    -0.259478    -0.001681    -0.001693      2650456 
   57.900    -1.051024    -0.006781    -0.006893      2619914 
   58.000    -1.173082    -0.007563    -0.007644      2648231 
   58.100    -0.946132    -0.006238    -0.006193      2639321 
   58.200    -0.512870    -0.003404    -0.003392      2633082 
   58.300    -0.858455    -0.005665    -0.005697      2623915 
   58.400    -0.369851    -0.002420    -0.002433      2623237 
   58.500    -0.052296    -0.000344    -0.000343      2625394 
   58.600    -0.600273    -0.003945    -0.003952      2622795 
   58.700    -0.163874    -0.001083    -0.001080      2623644 
   58.800    -0.518141    -0.003413    -0.003419      2632092 
   58.900    -0.126758    -0.000840    -0.000845      2596008 
   59.000    -0.354246    -0.002359    -0.002374      2593844 
   59.100    -0.326323    -0.002186    -0.002212      2576615 
   59.200    -0.919166    -0.006130    -0.006168      2580676 
   59.300    -0.922332    -0.006079    -0.006108      2608652 
   59.400    -0.536327    -0.003594    -0.003598      2602141 
   59.500    -0.478273    -0.003209    -0.003197      2608750 
   59.600    -0.028091    -0.000186    -0.000187      2591458 
   59.700     0.150182     0.001010     0.001011      2572695 
   59.800    -0.192787    -0.001281    -0.001293      2592992 
   59.900    -0.178207    -0.001220    -0.001201      2587926 
   60.000    -0.590454    -0.003937    -0.003914      2581124 
   60.100    -0.094504    -0.000625    -0.000632      2568052 
   60.200    -0.584962    -0.003846    -0.003865      2595686 
   60.300    -1.086068    -0.007178    -0.007202      2555947 
   60.400    -0.912557    -0.005993    -0.006060      2566814 
   60.500    -1.292097    -0.008623    -0.008710      2555734 
   60.600    -1.658763    -0.011164    -0.011216      2562425 
   60.700    -1.145992    -0.007501    -0.007621      2588702 
   60.800    -0.023108    -0.000152    -0.000153      2582481 
   60.900    -0.322365    -0.002144    -0.002144      2555934 
   61.000    -0.306457    -0.002010    -0.002020      2550816 
   61.100    -0.275124    -0.001815    -0.001822      2532997 
   61.200    -0.460085    -0.003075    -0.003088      2521915 
   61.300    -0.540163    -0.003635    -0.003637      2531468 
   61.400     0.150422     0.001004     0.001011      2527843 
   61.500    -0.068522    -0.000452    -0.000456      2555859 
   61.600    -0.627775    -0.004257    -0.004245      2529777 
   61.700    -1.214928    -0.008305    -0.008304      2516461 
   61.800    -0.555489    -0.003759    -0.003786      2511660 
   61.900     0.141631     0.000945     0.000964      2512762 
   62.000    -0.378011    -0.002568    -0.002552      2502367 
   62.100    -0.281268    -0.001877    -0.001883      2500293 
   62.200     0.428400     0.002879     0.002875      2524839 
   62.300     0.095369     0.000640     0.000643      2514619 
   62.400     0.347267     0.002355     0.002376      2496278 
   62.500    -0.646695    -0.004483    -0.004488      2477843 
   62.600    -0.662526    -0.004519    -0.004507      2471404 
   62.700    -0.410491    -0.002754    -0.002787      2499563 
   62.800    -0.174525    -0.001177    -0.001187      2476814 
   62.900    -0.778379    -0.005208    -0.005269      2480676 
   63.000    -0.296395    -0.002029    -0.002052      2469750 
   63.100    -0.783212    -0.005324    -0.005353      2478798 
   63.200    -0.089261    -0.000598    -0.000601      2507414 
   63.300    -0.520646    -0.003500    -0.003504      2496709 
   63.400    -1.175324    -0.007861    -0.007915      2460287 
   63.500    -0.145094    -0.000981    -0.000983      2473463 
   63.600    -0.229680    -0.001568    -0.001556      2487766 
   63.700    -0.174079    -0.001199    -0.001196      2488338 
   63.800    -0.159471    -0.001088    -0.001093      2479032 
   63.900    -0.358933    -0.002440    -0.002441      2468147 
   64.000    -0.523934    -0.003575    -0.003609      2430443 
   64.100    -0.194418    -0.001329    -0.001329      2454188 
   64.200     0.063833     0.000439     0.000439      2460279 
   64.300     0.006742     0.000046     0.000047      2449461 
   64.400     0.621440     0.004229     0.004291      2436824 
   64.500     0.159436     0.001083     0.001104      2431342 
   64.600    -0.177534    -0.001186    -0.001212      2441825 
   64.700     0.208623     0.001404     0.001447      2444858 
   64.800     0.327752     0.002214     0.002257      2427948 
   64.900     0.637562     0.004338     0.004369      2415078 
   65.000     0.552549     0.003781     0.003794      2411025 
   65.100     0.534279     0.003618     0.003649      2431195 
   65.200     0.855288     0.005774     0.005856      2417661 
   65.300    -0.000385    -0.000003    -0.000003      2427199 
   65.400     0.140114     0.000967     0.000964      2416146 
   65.500     0.417306     0.002894     0.002870      2427799 
   65.600     0.022801     0.000156     0.000157      2417873 
   65.700     0.346639     0.002420     0.002420      2408549 
   65.800     0.722216     0.004954     0.004964      2418109 
   65.900     0.440038     0.002966     0.003032      2399673 
   66.000     1.184280     0.008050     0.008209      2399800 
   66.100     0.662355     0.004630     0.004631      2392391 
   66.200     0.458159     0.003131     0.003172      2389689 
   66.300     0.835082     0.005744     0.005776      2384949 
   66.400     0.753090     0.005342     0.005277      2395785 
   66.500     1.113530     0.007702     0.007699      2379243 
   66.600     0.696590     0.004766     0.004826      2380076 
   66.700     0.474740     0.003216     0.003257      2418012 
   66.800     0.233493     0.001583     0.001610      2391373 
   66.900    -0.000865    -0.000006    -0.000006      2393341 
   67.000     0.378162     0.002593     0.002626      2387087 
   67.100     0.376982     0.002573     0.002608      2382766 
   67.200     1.346415     0.009191     0.009334      2375540 
   67.300     0.057385     0.000394     0.000396      2387929 
   67.400    -0.225451    -0.001546    -0.001555      2380140 
   67.500    -0.127154    -0.000890    -0.000885      2385539 
   67.600    -0.459486    -0.003200    -0.003199      2356229 
   67.700    -0.282998    -0.001939    -0.001965      2361463 
   67.800    -0.016267    -0.000114    -0.000114      2357242 
   67.900     0.393660     0.002703     0.002759      2370252 
   68.000     0.548949     0.003804     0.003873      2358031 
   68.100     0.454371     0.003182     0.003189      2354348 
   68.200    -0.411324    -0.002793    -0.002867      2361631 
   68.300     0.366236     0.002538     0.002555      2347303 
   68.400    -0.545079    -0.003789    -0.003790      2338872 
   68.500    -0.117825    -0.000813    -0.000816      2345308 
   68.600    -0.653694    -0.004557    -0.004567      2319269 
   68.700     0.046771     0.000321     0.000323      2338719 
   68.800     0.138811     0.000934     0.000952      2353197 
   68.900    -0.516149    -0.003534    -0.003599      2337432 
   69.000    -0.359386    -0.002507    -0.002511      2326455 
   69.100     0.301896     0.002102     0.002102      2345646 
   69.200    -1.047238    -0.007184    -0.007343      2325014 
   69.300     0.195519     0.001357     0.001370      2312371 
   69.400    -0.518274    -0.003630    -0.003631      2318203 
   69.500    -0.390146    -0.002673    -0.002730      2320140 
   69.600    -0.180375    -0.001233    -0.001260      2310810 
   69.700     0.472140     0.003290     0.003330      2320766 
   69.800     0.119992     0.000836     0.000848      2291008 
   69.900     0.061665     0.000440     0.000438      2289217 
   70.000    -0.561510    -0.003985    -0.004009      2277393 
   70.100     0.597102     0.004201     0.004222      2309107 
   70.200     0.694992     0.004892     0.004916      2301181 
   70.300     0.230636     0.001601     0.001628      2291708 
   70.400     0.083482     0.000588     0.000596      2290700 
   70.500     0.243681     0.001696     0.001728      2283809 
   70.600    -0.172774    -0.001204    -0.001223      2268295 
   70.700    -0.417978    -0.002874    -0.002935      2283408 
   70.800     0.324792     0.002238     0.002270      2281128 
   70.900     0.178914     0.001241     0.001251      2285018 
   71.000    -0.529021    -0.003711    -0.003708      2278711 
   71.100    -0.083281    -0.000583    -0.000581      2279787 
   71.200     0.279371     0.001998     0.001987      2248556 
   71.300     0.219855     0.001558     0.001567      2263379 
   71.400     0.480380     0.003316     0.003401      2281393 
   71.500     1.023333     0.007111     0.007281      2274674 
   71.600     0.375718     0.002570     0.002623      2280704 
   71.700    -0.316969    -0.002231    -0.002239      2275406 
   71.800     0.049066     0.000347     0.000347      2249382 
   71.900     0.319333     0.002254     0.002272      2259157 
   72.000     0.005842     0.000041     0.000041      2287219 
   72.100    -0.362580    -0.002512    -0.002542      2255502 
   72.200    -0.446481    -0.003129    -0.003151      2240526 
   72.300    -0.079210    -0.000555    -0.000561      2253155 
   72.400     0.517468     0.003702     0.003718      2247451 
   72.500     0.293435     0.002073     0.002098      2252687 
   72.600     0.597942     0.004187     0.004225      2256795 
   72.700     0.605328     0.004309     0.004328      2244376 
   72.800     0.351732     0.002508     0.002504      2225823 
   72.900     0.733426     0.005114     0.005193      2259443 
   73.000     0.897623     0.006335     0.006389      2238255 
   73.100     0.783528     0.005555     0.005579      2239945 
   73.200     0.119501     0.000866     0.000867      2210003 
   73.300    -0.649702    -0.004661    -0.004650      2221264 
   73.400    -0.706468    -0.005126    -0.005159      2232503 
   73.500    -1.005232    -0.007315    -0.007247      2206414 
   73.600    -0.303122    -0.002162    -0.002163      2213455 
   73.700    -1.013942    -0.007251    -0.007334      2233600 
   73.800    -0.885522    -0.006359    -0.006430      2227469 
   73.900    -0.577108    -0.004226    -0.004229      2199968 
   74.000     0.102355     0.000752     0.000753      2190883 
   74.100    -0.002577    -0.000019    -0.000019      2200597 
   74.200     0.365333     0.002597     0.002629      2214602 
   74.300     0.028274     0.000205     0.000205      2196958 
   74.400     0.209185     0.001517     0.001528      2183237 
   74.500    -0.361157    -0.002610    -0.002625      2189879 
   74.600    -0.787138    -0.005683    -0.005689      2180168 
   74.700    -0.279772    -0.001987    -0.002015      2161644 
   74.800     0.138872     0.000997     0.001004      2147043 
   74.900     0.278641     0.001996     0.002014      2162093 
   75.000     0.464465     0.003355     0.003347      2143508 
   75.100     0.050173     0.000361     0.000361      2155088 
   75.200    -0.200566    -0.001451    -0.001437      2151179 
   75.300     0.602134     0.004334     0.004353      2165595 
   75.400     0.437516     0.003161     0.003182      2145133 
   75.500    -0.251951    -0.001816    -0.001817      2129214 
   75.600    -0.376518    -0.002777    -0.002761      2150970 
   75.700    -0.020482    -0.000147    -0.000148      2159453 
   75.800    -0.192022    -0.001388    -0.001395      2129239 
   75.900    -0.728212    -0.005218    -0.005309      2124036 
   76.000    -0.191600    -0.001420    -0.001415      2106039 
   76.100     0.650212     0.004761     0.004745      2116595 
   76.200     0.834786     0.006247     0.006148      2131631 
   76.300     1.076197     0.007825     0.007841      2136511 
   76.400     0.431305     0.003171     0.003161      2141411 
   76.500     0.788702     0.005892     0.005794      2112813 
   76.600     0.217385     0.001589     0.001592      2099539 
   76.700     0.077495     0.000565     0.000566      2102430 
   76.800     0.223507     0.001642     0.001653      2093863 
   76.900     0.267557     0.001937     0.001949      2106599 
   77.000     0.639585     0.004634     0.004687      2103656 
   77.100     0.508090     0.003633     0.003683      2100117 
   77.200     0.649242     0.004657     0.004709      2119468 
   77.300     0.291154     0.002100     0.002127      2107685 
   77.400     0.508780     0.003712     0.003732      2105851 
   77.500     0.727453     0.005361     0.005377      2093879 
   77.600     0.450728     0.003322     0.003330      2082941 
   77.700     0.554181     0.004078     0.004081      2088095 
   77.800     0.903010     0.006583     0.006625      2091893 
   77.900     1.672895     0.012045     0.012123      2096505 
   78.000     1.546883     0.011228     0.011298      2094786 
   78.100     1.521288     0.010953     0.011110      2099562 
   78.200     0.962935     0.006967     0.006972      2086465 
   78.300     0.631786     0.004688     0.004647      2062114 
   78.400     0.350321     0.002531     0.002572      2066383 
   78.500     0.489627     0.003551     0.003603      2088911 
   78.600     0.463303     0.003447     0.003472      2076563 
   78.700     0.536043     0.003936     0.003932      2101504 
   78.800     0.593345     0.004401     0.004360      2078264 
   78.900     0.671716     0.004887     0.004894      2076855 
   79.000     0.421392     0.003100     0.003122      2057959 
   79.100     0.784662     0.005693     0.005744      2077610 
   79.200     0.709535     0.005170     0.005188      2052080 
   79.300     1.182546     0.008462     0.008639      2058153 
   79.400     1.540802     0.011026     0.011199      2061669 
   79.500     0.673728     0.004949     0.004974      2038711 
   79.600     0.361822     0.002642     0.002690      2031442 
   79.700     0.178255     0.001299     0.001323      2040054 
   79.800     0.249394     0.001789     0.001833      2041187 
   79.900     0.190888     0.001397     0.001414      2034475 
   80.000     1.158428     0.008411     0.008528      2064677 
   80.100     0.446867     0.003275     0.003307      2042148 
   80.200     1.608976     0.011868     0.011958      2046840 
   80.300     0.319542     0.002301     0.002347      2049007 
   80.400    -0.653169    -0.004747    -0.004813      2044781 
   80.500    -0.234183    -0.001721    -0.001734      2040273 
   80.600    -0.359789    -0.002725    -0.002721      2031323 
   80.700    -0.218934    -0.001644    -0.001655      2010902 
   80.800     0.315836     0.002314     0.002322      2035740 
   80.900     0.743682     0.005530     0.005545      2037266 
   81.000     0.418478     0.003081     0.003106      2023393 
   81.100     0.647544     0.004710     0.004778      2011964 
   81.200     0.004415     0.000033     0.000033      1989371 
   81.300     0.464599     0.003484     0.003457      2001661 
   81.400     0.540822     0.003975     0.004047      1994317 
   81.500     0.393736     0.002892     0.002938      1998283 
   81.600     0.481247     0.003545     0.003608      1980389 
   81.700     0.180245     0.001343     0.001371      1971723 
   81.800     0.339642     0.002494     0.002576      1967839 
   81.900    -0.340076    -0.002519    -0.002581      1978510 
   82.000    -0.331213    -0.002501    -0.002522      1972303 
   82.100    -0.138566    -0.001028    -0.001046      1956996 
   82.200    -0.297585    -0.002269    -0.002257      1948033 
   82.300    -0.553898    -0.004230    -0.004208      1953494 
   82.400    -0.475237    -0.003607    -0.003620      1967352 
   82.500    -0.893280    -0.006789    -0.006757      1964166 
   82.600    -0.678627    -0.005156    -0.005184      1959697 
   82.700    -0.272027    -0.002083    -0.002075      1956310 
   82.800    -0.514618    -0.003841    -0.003888      1941330 
   82.900    -0.638642    -0.004773    -0.004842      1940977 
   83.000    -0.313116    -0.002402    -0.002407      1943893 
   83.100    -0.523478    -0.004003    -0.004024      1940845 
   83.200    -0.480234    -0.003648    -0.003650      1949594 
   83.300    -0.639622    -0.004924    -0.004899      1910854 
   83.400    -0.613407    -0.004631    -0.004667      1936870 
   83.500    -0.130113    -0.000994    -0.000992      1916743 
   83.600    -0.650207    -0.004917    -0.004902      1928646 
   83.700    -0.389781    -0.002973    -0.002977      1940131 
   83.800    -0.205613    -0.001562    -0.001577      1917357 
   83.900    -0.687215    -0.005148    -0.005206      1915976 
   84.000    -0.624920    -0.004670    -0.004743      1916064 
   84.100    -1.078722    -0.008188    -0.008309      1909563 
   84.200    -0.759067    -0.005781    -0.005845      1917254 
   84.300    -0.948630    -0.007113    -0.007183      1913734 
   84.400    -1.404758    -0.010670    -0.010710      1901915 
   84.500    -0.706689    -0.005375    -0.005376      1907382 
   84.600    -0.233816    -0.001775    -0.001780      1899144 
   84.700    -1.106155    -0.008563    -0.008557      1900726 
   84.800    -0.480627    -0.003725    -0.003716      1919394 
   84.900    -0.782872    -0.006076    -0.006046      1908452 
   85.000    -0.126528    -0.000981    -0.000980      1894194 
   85.100    -0.567480    -0.004376    -0.004362      1906754 
   85.200     0.035514     0.000269     0.000268      1915553 
   85.300     0.014531     0.000111     0.000112      1898064 
   85.400    -0.383224    -0.002923    -0.002942      1899190 
   85.500    -0.146411    -0.001096    -0.001123      1897935 
   85.600    -0.144419    -0.001105    -0.001114      1906979 
   85.700    -0.345058    -0.002654    -0.002676      1891354 
   85.800     0.524334     0.004015     0.004028      1889556 
   85.900    -0.181239    -0.001362    -0.001386      1892854 
   86.000    -0.408338    -0.003088    -0.003132      1890274 
   86.100    -0.310428    -0.002368    -0.002375      1892707 
   86.200    -0.427090    -0.003230    -0.003258      1890215 
   86.300    -0.678682    -0.005268    -0.005280      1878526 
   86.400     1.117561     0.008464     0.008564      1892827 
   86.500     0.408507     0.003141     0.003182      1890555 
   86.600    -0.449146    -0.003450    -0.003446      1871524 
   86.700    -0.826775    -0.006242    -0.006287      1881592 
   86.800     0.246211     0.001886     0.001889      1881078 
   86.900     0.417754     0.003182     0.003192      1875035 
   87.000    -0.142323    -0.001078    -0.001102      1851512 
   87.100     0.263205     0.002008     0.002040      1864095 
   87.200     0.046063     0.000344     0.000352      1860668 
   87.300     0.065058     0.000500     0.000509      1855386 
   87.400    -0.020141    -0.000157    -0.000157      1844733 
   87.500     0.321805     0.002473     0.002490      1847384 
   87.600     0.275191     0.002159     0.002134      1857087 
   87.700    -0.538342    -0.004202    -0.004179      1844919 
   87.800     0.224915     0.001737     0.001744      1845636 
   87.900    -0.105627    -0.000813    -0.000813      1842764 
   88.000     0.239351     0.001844     0.001872      1825296 
   88.100     0.504468     0.003826     0.003889      1830711 
   88.200     0.279906     0.002153     0.002178      1823925 
   88.300     0.120831     0.000937     0.000948      1819847 
   88.400     0.189337     0.001481     0.001487      1810244 
   88.500    -0.032312    -0.000253    -0.000253      1813082 
   88.600    -0.381009    -0.002925    -0.002991      1825845 
   88.700    -1.373833    -0.010721    -0.010892      1809930 
   88.800    -0.101644    -0.000798    -0.000802      1817216 
   88.900     0.017871     0.000140     0.000141      1815463 
   89.000    -0.263294    -0.002061    -0.002060      1809918 
   89.100    -0.403849    -0.003147    -0.003174      1786007 
   89.200    -0.848555    -0.006494    -0.006612      1802889 
   89.300    -0.525357    -0.004054    -0.004148      1791473 
   89.400    -0.286816    -0.002241    -0.002281      1808044 
   89.500     0.467909     0.003719     0.003769      1793727 
   89.600     0.178854     0.001380     0.001422      1795970 
   89.700     0.398463     0.003117     0.003122      1797689 
   89.800     1.053558     0.008536     0.008382      1791336 
   89.900     0.105288     0.000834     0.000828      1798251 
   90.000    -0.205146    -0.001642    -0.001643      1789083 
   90.100    -0.197332    -0.001550    -0.001567      1782604 
   90.200     0.808269     0.006473     0.006552      1768428 
   90.300    -0.243306    -0.001954    -0.001952      1765498 
   90.400     0.105768     0.000846     0.000842      1759481 
   90.500     0.261717     0.002071     0.002092      1760562 
   90.600     0.074491     0.000589     0.000591      1755146 
   90.700    -0.572676    -0.004462    -0.004518      1762499 
   90.800    -0.323423    -0.002591    -0.002606      1758598 
   90.900     0.158129     0.001230     0.001260      1766856 
   91.000     0.114035     0.000897     0.000900      1757396 
   91.100     0.105815     0.000838     0.000846      1760939 
   91.200     0.375836     0.002987     0.003019      1748028 
   91.300     0.064718     0.000516     0.000514      1737953 
   91.400    -0.855879    -0.006925    -0.006842      1721849 
   91.500     0.392476     0.003090     0.003120      1744128 
   91.600     1.127541     0.009128     0.009132      1726943 
   91.700     0.333128     0.002702     0.002707      1722002 
   91.800    -0.384728    -0.003054    -0.003080      1747781 
   91.900    -0.798467    -0.006332    -0.006365      1741187 
   92.000    -0.402955    -0.003197    -0.003213      1725249 
   92.100    -0.327856    -0.002608    -0.002620      1742686 
   92.200    -0.640657    -0.005177    -0.005208      1720546 
   92.300    -0.301990    -0.002389    -0.002413      1708714 
   92.400     0.520022     0.004107     0.004160      1709564 
   92.500    -0.135789    -0.001088    -0.001100      1708624 
   92.600    -0.104217    -0.000813    -0.000830      1695942 
   92.700     0.465764     0.003796     0.003799      1691318 
   92.800     0.518827     0.004164     0.004209      1691222 
   92.900     0.864339     0.006808     0.006907      1719197 
   93.000    -0.050546    -0.000400    -0.000407      1702127 
   93.100    -0.362027    -0.002907    -0.002955      1682686 
   93.200    -0.907915    -0.007204    -0.007299      1706804 
   93.300     0.405142     0.003246     0.003319      1696145 
   93.400     0.611350     0.004824     0.004924      1689652 
   93.500    -0.015048    -0.000120    -0.000123      1695721 
   93.600     0.203465     0.001653     0.001668      1687909 
   93.700     0.572850     0.004709     0.004730      1674672 
   93.800    -0.090703    -0.000731    -0.000744      1652375 
   93.900    -0.211066    -0.001692    -0.001728      1675117 
   94.000    -0.299814    -0.002425    -0.002480      1660151 
   94.100     0.417238     0.003359     0.003450      1659819 
   94.200     0.349178     0.002803     0.002863      1658980 
   94.300    -0.417137    -0.003331    -0.003419      1670994 
   94.400    -0.322067    -0.002608    -0.002671      1650422 
   94.500     0.304433     0.002477     0.002500      1655748 
   94.600     0.903549     0.007175     0.007435      1657498 
   94.700     0.302729     0.002407     0.002461      1644567 
   94.800     0.543997     0.004364     0.004422      1643409 
   94.900    -0.347031    -0.002790    -0.002866      1637606 
   95.000    -1.187257    -0.009389    -0.009719      1657141 
   95.100    -0.984406    -0.007799    -0.008060      1648635 
   95.200    -0.193971    -0.001524    -0.001572      1657576 
   95.300     0.516696     0.004093     0.004235      1630555 
   95.400     0.014935     0.000119     0.000123      1652943 
   95.500     0.284143     0.002276     0.002340      1641277 
   95.600     0.133706     0.001077     0.001091      1636359 
   95.700     0.276798     0.002227     0.002251      1646255 
   95.800     0.181532     0.001497     0.001501      1624692 
   95.900     0.832106     0.006648     0.006756      1642922 
   96.000     0.982856     0.008031     0.008098      1640682 
   96.100     0.418224     0.003441     0.003443      1655676 
   96.200     0.045919     0.000370     0.000376      1637335 
   96.300     0.592941     0.004791     0.004813      1644290 
   96.400     0.580227     0.004716     0.004733      1615857 
   96.500     0.421138     0.003336     0.003401      1646202 
   96.600     0.287045     0.002378     0.002375      1630545 
   96.700     1.250633     0.010424     0.010417      1612579 
   96.800     0.104104     0.000850     0.000863      1604424 
   96.900     0.859473     0.007061     0.007094      1613761 
   97.000    -0.087780    -0.000736    -0.000729      1604983 
   97.100     0.926920     0.007637     0.007730      1613263 
   97.200     0.320698     0.002676     0.002667      1609104 
   97.300     0.125160     0.001025     0.001039      1610524 
   97.400    -0.268938    -0.002219    -0.002218      1605030 
   97.500    -0.246395    -0.002037    -0.002059      1595115 
   97.600     0.904933     0.007528     0.007577      1588614 
   97.700     0.435561     0.003572     0.003600      1592794 
   97.800     0.825723     0.006859     0.006880      1598039 
   97.900     0.426878     0.003530     0.003569      1586629 
   98.000     0.398584     0.003364     0.003328      1589639 
   98.100     0.882004     0.007244     0.007320      1590690 
   98.200     0.913927     0.007616     0.007604      1585592 
   98.300     0.113013     0.000934     0.000930      1598881 
   98.400     0.445281     0.003672     0.003704      1604135 
   98.500     0.642377     0.005276     0.005348      1591591 
   98.600     0.725412     0.006044     0.006169      1553930 
   98.700     0.500952     0.004256     0.004294      1569112 
   98.800    -0.014461    -0.000124    -0.000123      1567347 
   98.900     0.587191     0.005009     0.004980      1548258 
   99.000     1.008586     0.008530     0.008547      1550462 
   99.100     0.299246     0.002541     0.002533      1557674 
   99.200     0.347496     0.002965     0.002941      1552033 
   99.300     0.124297     0.001029     0.001044      1541072 
   99.400     0.484062     0.004099     0.004105      1549605 
   99.500     0.680251     0.005835     0.005802      1558044 
   99.600     0.052129     0.000447     0.000445      1544724 
   99.700     0.259851     0.002167     0.002187      1541698 
   99.800     0.967938     0.008202     0.008220      1549404 
   99.900     0.515751     0.004450     0.004377      1532736 
  100.000     0.331016     0.002862     0.002841      1520887 
