fitting 1 exponentials + affine
seed: 6261849098 
   10.495808 
    0.852 
   10.466486 
    0.908 
   10.465790 
    0.900 
   10.465740 
    0.901 
   10.465735 
    0.902 
   10.465734 
    0.902 
   10.465734 
    0.902 
   10.465734 
    0.902 
   10.465734 
    0.902 
   10.465734 
    0.902 
   10.465734 
    0.902 
   10.465734 
    0.902 
   10.465734 
    0.902 
   10.465734 
    0.902 
    0.902 
nagopt ncall: 1  oldvalue:     10.465733579 newvalue:    10.465733579
   10.465734 
    0.901798416 
error sd:     0.003235
halflife:     6.706 
mean (generations):   103.364 
    0.023409485     0.000013244 
##end of run
