 ##Z-score and correlation:: ../../ancpop.list  binsize:     0.001000
    0.100    31.080476     0.165145     0.166184      5845721 
    0.200     8.869723     0.049525     0.049324      4349047 
    0.300     5.264346     0.028298     0.028446      4337738 
    0.400     3.436625     0.018396     0.018389      4282699 
    0.500     3.106231     0.016776     0.016836      4243582 
    0.600     2.411850     0.012915     0.012913      4225130 
    0.700     2.058944     0.011120     0.011047      4215047 
    0.800     1.759858     0.009586     0.009493      4191965 
    0.900     1.542860     0.008265     0.008226      4189362 
    1.000     1.071017     0.005653     0.005668      4189681 
    1.100     1.307707     0.006966     0.006955      4160954 
    1.200     1.662682     0.008930     0.008835      4179018 
    1.300     1.532274     0.008193     0.008169      4149021 
    1.400     0.862207     0.004614     0.004609      4111830 
    1.500     0.771808     0.004135     0.004140      4113453 
    1.600     1.312289     0.007112     0.007077      4117849 
    1.700     0.038789     0.000209     0.000208      4119602 
    1.800     0.574790     0.003059     0.003077      4109070 
    1.900     0.195306     0.001038     0.001045      4100449 
    2.000     0.817585     0.004463     0.004395      4082814 
    2.100    -0.311733    -0.001650    -0.001655      4086704 
    2.200    -0.120586    -0.000641    -0.000646      4090661 
    2.300     0.040417     0.000214     0.000217      4085597 
    2.400     0.307417     0.001632     0.001642      4073991 
    2.500    -0.473091    -0.002494    -0.002511      4057447 
    2.600     0.357023     0.001926     0.001913      4049518 
    2.700     0.953917     0.005102     0.005096      4022477 
    2.800     0.384277     0.002056     0.002067      4037531 
    2.900     0.406361     0.002190     0.002210      4042025 
    3.000     0.605278     0.003262     0.003297      4036086 
    3.100     0.985839     0.005390     0.005368      4036852 
    3.200     1.443315     0.007817     0.007822      4039899 
    3.300     0.737608     0.004010     0.003981      4027770 
    3.400    -0.290800    -0.001562    -0.001565      4029939 
    3.500     0.226405     0.001220     0.001226      4031106 
    3.600     0.204128     0.001104     0.001100      4022493 
    3.700     0.352261     0.001932     0.001921      4013089 
    3.800     0.730349     0.003972     0.003964      4009236 
    3.900     0.187283     0.001017     0.001019      3986507 
    4.000     0.289528     0.001577     0.001574      3985003 
    4.100     0.449975     0.002479     0.002458      3985777 
    4.200     0.504343     0.002733     0.002743      3980388 
    4.300     0.254171     0.001402     0.001397      3984376 
    4.400     0.010150     0.000056     0.000055      3961354 
    4.500    -0.224270    -0.001223    -0.001214      3979899 
    4.600     0.065288     0.000356     0.000356      3969251 
    4.700     0.548936     0.002983     0.002978      3973878 
    4.800     0.983415     0.005369     0.005349      3980875 
    4.900     0.663873     0.003598     0.003597      3966655 
    5.000    -0.218687    -0.001178    -0.001179      3976229 
    5.100    -0.736039    -0.004044    -0.004022      3956205 
    5.200    -0.333620    -0.001812    -0.001804      3977293 
    5.300     0.301399     0.001644     0.001641      3943555 
    5.400     0.105872     0.000575     0.000570      3975384 
    5.500     0.249798     0.001367     0.001360      3950498 
    5.600     0.429424     0.002335     0.002327      3949675 
    5.700     0.217468     0.001186     0.001184      3922765 
    5.800     0.460862     0.002506     0.002512      3909530 
    5.900    -0.234919    -0.001275    -0.001277      3929087 
    6.000     1.054722     0.005747     0.005773      3944350 
    6.100     0.899225     0.004903     0.004952      3941015 
    6.200    -0.327618    -0.001799    -0.001797      3947263 
    6.300     0.130568     0.000711     0.000710      3952632 
    6.400    -0.142766    -0.000771    -0.000776      3948992 
    6.500    -0.065152    -0.000359    -0.000356      3941074 
    6.600    -0.441276    -0.002398    -0.002394      3939480 
    6.700    -0.229452    -0.001248    -0.001237      3922397 
    6.800    -0.148116    -0.000809    -0.000800      3916533 
    6.900    -0.187623    -0.001019    -0.001014      3914731 
    7.000     0.100533     0.000543     0.000544      3949130 
    7.100     0.662128     0.003630     0.003618      3915023 
    7.200     0.412694     0.002254     0.002248      3962061 
    7.300    -0.427318    -0.002316    -0.002326      3932157 
    7.400     0.338890     0.001853     0.001840      3936374 
    7.500    -1.052305    -0.005677    -0.005711      3939029 
    7.600    -0.097061    -0.000533    -0.000528      3914073 
    7.700     0.158065     0.000855     0.000858      3931378 
    7.800    -1.328019    -0.007159    -0.007160      3922416 
    7.900    -0.966413    -0.005308    -0.005291      3897985 
    8.000    -0.411553    -0.002278    -0.002261      3928080 
    8.100    -0.741277    -0.004092    -0.004055      3907562 
    8.200    -0.071309    -0.000395    -0.000393      3924345 
    8.300    -0.286431    -0.001575    -0.001580      3930981 
    8.400    -0.193360    -0.001049    -0.001057      3946595 
    8.500     0.537861     0.002927     0.002920      3937056 
    8.600    -0.444900    -0.002439    -0.002438      3903191 
    8.700     0.068954     0.000377     0.000376      3908980 
    8.800    -0.354081    -0.001926    -0.001921      3911990 
    8.900    -0.463801    -0.002499    -0.002529      3936557 
    9.000    -0.051259    -0.000280    -0.000281      3915492 
    9.100     0.111143     0.000612     0.000613      3900237 
    9.200     0.454267     0.002485     0.002494      3883142 
    9.300    -0.362491    -0.001967    -0.001986      3898718 
    9.400    -0.457960    -0.002524    -0.002518      3895985 
    9.500     0.232465     0.001259     0.001264      3878646 
    9.600     0.124066     0.000682     0.000678      3892444 
    9.700     0.629478     0.003464     0.003464      3874753 
    9.800     0.335100     0.001855     0.001858      3864594 
    9.900     0.373693     0.002048     0.002044      3886103 
   10.000     0.858585     0.004783     0.004712      3876817 
   10.100     0.438841     0.002406     0.002406      3882786 
   10.200     0.028337     0.000155     0.000155      3886957 
   10.300     0.532862     0.002926     0.002915      3880871 
   10.400     0.483080     0.002675     0.002658      3865468 
   10.500    -0.002388    -0.000013    -0.000013      3852100 
   10.600     0.427897     0.002346     0.002355      3866673 
   10.700     0.761262     0.004240     0.004269      3854747 
   10.800     0.217418     0.001203     0.001210      3860965 
   10.900    -0.250427    -0.001400    -0.001390      3858252 
   11.000    -0.521356    -0.002906    -0.002882      3847733 
   11.100    -0.428776    -0.002369    -0.002345      3841627 
   11.200     0.544842     0.003012     0.002996      3836654 
   11.300     0.345508     0.001929     0.001901      3864090 
   11.400    -0.100474    -0.000556    -0.000550      3870214 
   11.500     0.299240     0.001652     0.001647      3868269 
   11.600     0.552079     0.003082     0.003054      3862688 
   11.700     0.421514     0.002356     0.002332      3823752 
   11.800     0.022929     0.000129     0.000128      3798839 
   11.900     0.526575     0.002915     0.002914      3835870 
   12.000    -0.106461    -0.000593    -0.000591      3828812 
   12.100    -0.206233    -0.001146    -0.001151      3822093 
   12.200    -0.430985    -0.002379    -0.002384      3844128 
   12.300     0.258680     0.001431     0.001435      3825121 
   12.400    -0.258250    -0.001436    -0.001438      3825019 
   12.500    -0.177523    -0.000987    -0.000988      3857925 
   12.600    -0.161658    -0.000890    -0.000891      3859857 
   12.700    -0.577338    -0.003220    -0.003206      3824640 
   12.800    -0.172869    -0.000952    -0.000952      3817200 
   12.900     0.531811     0.003010     0.003000      3826151 
   13.000     0.178041     0.000994     0.000996      3802404 
   13.100     0.803793     0.004488     0.004473      3789036 
   13.200     0.212431     0.001177     0.001181      3789723 
   13.300    -0.228991    -0.001265    -0.001274      3811332 
   13.400    -0.291404    -0.001634    -0.001639      3786374 
   13.500    -0.481736    -0.002696    -0.002698      3782000 
   13.600    -0.470379    -0.002625    -0.002635      3806899 
   13.700     0.106377     0.000587     0.000592      3796515 
   13.800     0.456148     0.002523     0.002537      3808278 
   13.900     0.068635     0.000380     0.000383      3764391 
   14.000     0.494325     0.002763     0.002764      3811283 
   14.100     0.226909     0.001278     0.001273      3792048 
   14.200     0.203375     0.001139     0.001142      3781459 
   14.300     0.049471     0.000276     0.000277      3777982 
   14.400     0.362960     0.002038     0.002029      3775848 
   14.500     0.133920     0.000761     0.000748      3778782 
   14.600    -0.272209    -0.001527    -0.001525      3775214 
   14.700    -0.082404    -0.000468    -0.000464      3756706 
   14.800     0.106429     0.000608     0.000602      3760784 
   14.900     0.085013     0.000480     0.000478      3776631 
   15.000     0.464903     0.002652     0.002641      3747762 
   15.100    -0.272053    -0.001539    -0.001534      3776333 
   15.200    -0.286956    -0.001656    -0.001636      3769458 
   15.300    -0.300398    -0.001710    -0.001701      3769657 
   15.400     0.633264     0.003521     0.003528      3778044 
   15.500    -0.156010    -0.000868    -0.000868      3785486 
   15.600    -0.119269    -0.000671    -0.000664      3774903 
   15.700    -0.072066    -0.000408    -0.000404      3726742 
   15.800     0.379946     0.002171     0.002139      3748209 
   15.900     0.433949     0.002454     0.002444      3751226 
   16.000    -0.317835    -0.001811    -0.001798      3743482 
   16.100     0.582070     0.003249     0.003266      3768607 
   16.200     0.868491     0.004812     0.004842      3753554 
   16.300     0.290803     0.001627     0.001641      3738926 
   16.400    -0.605128    -0.003367    -0.003414      3759897 
   16.500    -1.061971    -0.005874    -0.005935      3751265 
   16.600    -0.474299    -0.002649    -0.002655      3752180 
   16.700    -0.561812    -0.003135    -0.003158      3718097 
   16.800    -0.099442    -0.000547    -0.000555      3741195 
   16.900    -0.397001    -0.002234    -0.002234      3729999 
   17.000    -0.089135    -0.000496    -0.000498      3736669 
   17.100     0.245845     0.001373     0.001371      3768674 
   17.200    -0.717371    -0.004002    -0.004017      3749249 
   17.300    -0.766564    -0.004284    -0.004308      3734550 
   17.400    -0.175330    -0.000977    -0.000980      3746216 
   17.500     0.103045     0.000576     0.000578      3729099 
   17.600     0.323239     0.001816     0.001821      3716393 
   17.700     0.312470     0.001743     0.001760      3739768 
   17.800    -0.240502    -0.001357    -0.001360      3738507 
   17.900    -0.937648    -0.005240    -0.005270      3731721 
   18.000    -0.226651    -0.001258    -0.001263      3728584 
   18.100     0.198952     0.001119     0.001117      3723973 
   18.200     0.732044     0.004124     0.004090      3729891 
   18.300    -0.145227    -0.000807    -0.000807      3736523 
   18.400    -0.093550    -0.000520    -0.000525      3732541 
   18.500    -0.163494    -0.000901    -0.000912      3735366 
   18.600    -0.091610    -0.000511    -0.000509      3705691 
   18.700    -0.311695    -0.001751    -0.001745      3701675 
   18.800     0.516256     0.002902     0.002889      3733961 
   18.900     0.547779     0.003048     0.003038      3726164 
   19.000    -0.132633    -0.000740    -0.000744      3708210 
   19.100    -0.067768    -0.000380    -0.000381      3686836 
   19.200    -0.353176    -0.001969    -0.001986      3687050 
   19.300    -0.203130    -0.001140    -0.001142      3690355 
   19.400     0.358724     0.002028     0.002021      3723163 
   19.500     0.125806     0.000702     0.000702      3722981 
   19.600     0.116959     0.000662     0.000662      3676654 
   19.700     0.069482     0.000392     0.000391      3700569 
   19.800    -0.037684    -0.000213    -0.000212      3716795 
   19.900    -0.483219    -0.002724    -0.002743      3693935 
   20.000     1.072503     0.006035     0.006047      3676486 
   20.100     0.743230     0.004195     0.004183      3673204 
   20.200     0.450560     0.002566     0.002553      3666741 
   20.300     0.234082     0.001304     0.001304      3715512 
   20.400    -0.614344    -0.003420    -0.003439      3701193 
   20.500    -0.354782    -0.001981    -0.001983      3714590 
   20.600     0.611942     0.003405     0.003427      3703341 
   20.700    -0.011596    -0.000065    -0.000065      3693414 
   20.800    -0.153418    -0.000873    -0.000871      3666982 
   20.900    -0.536423    -0.003046    -0.003033      3700381 
   21.000    -0.086364    -0.000489    -0.000487      3697630 
   21.100     0.161706     0.000905     0.000913      3661344 
   21.200     0.586441     0.003233     0.003281      3677858 
   21.300     0.250285     0.001397     0.001408      3652061 
   21.400     0.478928     0.002705     0.002705      3667787 
   21.500    -0.345663    -0.001952    -0.001972      3677357 
   21.600     0.541824     0.003055     0.003053      3670490 
   21.700     0.042946     0.000247     0.000244      3675182 
   21.800    -0.234331    -0.001339    -0.001328      3686538 
   21.900    -0.003604    -0.000020    -0.000020      3677143 
   22.000     1.069971     0.006091     0.006049      3639512 
   22.100     0.030275     0.000174     0.000172      3626018 
   22.200     0.131598     0.000746     0.000748      3627488 
   22.300     0.150969     0.000861     0.000863      3648805 
   22.400    -0.438069    -0.002506    -0.002499      3650163 
   22.500    -0.857152    -0.004958    -0.004882      3667033 
   22.600     0.030920     0.000180     0.000176      3655003 
   22.700     0.052766     0.000304     0.000301      3655138 
   22.800     0.384557     0.002204     0.002214      3640559 
   22.900    -0.773412    -0.004472    -0.004418      3607779 
   23.000    -0.499675    -0.002884    -0.002858      3637443 
   23.100    -0.591182    -0.003357    -0.003352      3634831 
   23.200    -0.407499    -0.002301    -0.002314      3644974 
   23.300     0.465403     0.002628     0.002634      3637883 
   23.400    -0.179999    -0.001023    -0.001022      3643812 
   23.500    -0.394851    -0.002253    -0.002255      3640221 
   23.600    -0.334988    -0.001924    -0.001920      3635798 
   23.700     0.074487     0.000433     0.000430      3620662 
   23.800    -0.148891    -0.000865    -0.000855      3638826 
   23.900     0.062250     0.000359     0.000357      3629575 
   24.000    -0.328190    -0.001896    -0.001895      3604874 
   24.100    -0.487064    -0.002818    -0.002787      3635255 
   24.200    -0.290823    -0.001676    -0.001655      3617646 
   24.300    -0.691822    -0.004040    -0.003990      3614805 
   24.400     0.095520     0.000550     0.000546      3640488 
   24.500    -0.535697    -0.003087    -0.003088      3624823 
   24.600     0.351268     0.002011     0.002012      3629156 
   24.700     1.187919     0.006894     0.006821      3637999 
   24.800     0.175126     0.001012     0.001011      3609221 
   24.900    -0.361440    -0.002091    -0.002077      3605145 
   25.000    -0.798931    -0.004620    -0.004581      3607994 
   25.100    -0.742943    -0.004245    -0.004246      3614706 
   25.200    -0.885794    -0.005089    -0.005107      3604847 
   25.300     0.189158     0.001088     0.001088      3632450 
   25.400     0.407049     0.002330     0.002315      3636279 
   25.500     0.268358     0.001554     0.001534      3611175 
   25.600    -0.321375    -0.001856    -0.001841      3600561 
   25.700     0.428038     0.002496     0.002454      3579832 
   25.800     0.019310     0.000109     0.000109      3582812 
   25.900     0.577407     0.003282     0.003292      3580169 
   26.000     0.532701     0.003005     0.003028      3582431 
   26.100     0.082098     0.000473     0.000469      3565199 
   26.200    -0.144242    -0.000835    -0.000827      3578337 
   26.300    -0.504754    -0.002913    -0.002901      3560727 
   26.400    -0.981203    -0.005577    -0.005574      3574110 
   26.500    -0.995261    -0.005755    -0.005750      3568664 
   26.600    -0.197332    -0.001132    -0.001139      3540031 
   26.700    -0.446546    -0.002590    -0.002578      3556435 
   26.800    -0.718329    -0.004159    -0.004143      3538760 
   26.900    -0.220854    -0.001260    -0.001270      3555314 
   27.000    -0.687915    -0.003978    -0.003978      3538393 
   27.100    -0.231589    -0.001341    -0.001344      3511698 
   27.200     0.348699     0.002020     0.002003      3537702 
   27.300     0.703893     0.004042     0.004052      3501022 
   27.400     0.997981     0.005789     0.005781      3531616 
   27.500    -0.030604    -0.000175    -0.000175      3521347 
   27.600     0.545928     0.003163     0.003149      3515735 
   27.700     0.403601     0.002338     0.002348      3523400 
   27.800     0.226608     0.001331     0.001322      3532331 
   27.900     0.855724     0.004946     0.004941      3543779 
   28.000    -0.223951    -0.001287    -0.001291      3530765 
   28.100     0.135081     0.000783     0.000783      3517557 
   28.200     0.097648     0.000568     0.000567      3520481 
   28.300     0.528731     0.003069     0.003060      3516753 
   28.400     0.515338     0.002987     0.002976      3510459 
   28.500     0.726683     0.004192     0.004209      3493082 
   28.600     0.312618     0.001810     0.001809      3495671 
   28.700     0.160767     0.000932     0.000938      3497066 
   28.800     0.122114     0.000704     0.000702      3532218 
   28.900     0.452516     0.002609     0.002624      3524686 
   29.000     0.319159     0.001845     0.001849      3516517 
   29.100     1.246535     0.007193     0.007223      3509249 
   29.200     0.757857     0.004381     0.004388      3496247 
   29.300     0.852549     0.004923     0.004924      3492510 
   29.400     0.389918     0.002238     0.002256      3511051 
   29.500     0.055042     0.000316     0.000319      3481627 
   29.600    -0.053436    -0.000306    -0.000309      3490791 
   29.700    -0.419052    -0.002419    -0.002411      3464800 
   29.800    -0.454132    -0.002614    -0.002623      3443724 
   29.900     0.525826     0.003017     0.003032      3456512 
   30.000     0.501125     0.002882     0.002918      3469990 
   30.100     0.670202     0.003891     0.003928      3457147 
   30.200    -0.373726    -0.002161    -0.002164      3483510 
   30.300     0.169959     0.000973     0.000979      3509394 
   30.400     0.538510     0.003125     0.003140      3472974 
   30.500    -0.017231    -0.000099    -0.000100      3472758 
   30.600    -0.237917    -0.001371    -0.001384      3479903 
   30.700    -0.561690    -0.003281    -0.003290      3478200 
   30.800     0.493673     0.002861     0.002890      3469037 
   30.900     0.184881     0.001055     0.001074      3444734 
   31.000    -0.236965    -0.001371    -0.001388      3459979 
   31.100    -0.496404    -0.002856    -0.002910      3453319 
   31.200     0.279257     0.001605     0.001621      3469404 
   31.300    -0.197327    -0.001136    -0.001149      3451322 
   31.400    -1.168598    -0.006698    -0.006756      3448755 
   31.500     0.220651     0.001285     0.001283      3422020 
   31.600    -0.740662    -0.004331    -0.004305      3428586 
   31.700     0.220132     0.001272     0.001280      3432554 
   31.800     0.180213     0.001050     0.001053      3411795 
   31.900     0.482679     0.002822     0.002792      3420047 
   32.000     1.125319     0.006549     0.006539      3441273 
   32.100     0.578044     0.003368     0.003342      3463574 
   32.200     0.369476     0.002160     0.002151      3421262 
   32.300     0.373465     0.002177     0.002190      3439008 
   32.400     0.155373     0.000911     0.000917      3439719 
   32.500     0.063608     0.000368     0.000369      3449099 
   32.600     0.488779     0.002836     0.002859      3420028 
   32.700     1.173331     0.006737     0.006757      3414291 
   32.800     0.537085     0.003102     0.003116      3434131 
   32.900     0.224521     0.001302     0.001308      3420352 
   33.000     0.419027     0.002424     0.002427      3414019 
   33.100     0.263538     0.001526     0.001542      3395417 
   33.200     0.549829     0.003192     0.003200      3395694 
   33.300    -1.062841    -0.006252    -0.006217      3374399 
   33.400     0.185812     0.001099     0.001089      3370944 
   33.500    -0.428950    -0.002513    -0.002500      3382549 
   33.600    -0.019481    -0.000113    -0.000113      3401005 
   33.700     0.091724     0.000536     0.000535      3399309 
   33.800     0.154557     0.000908     0.000904      3390825 
   33.900    -0.447839    -0.002610    -0.002607      3391308 
   34.000     0.110027     0.000645     0.000642      3384049 
   34.100     0.450010     0.002655     0.002657      3363548 
   34.200     0.548949     0.003289     0.003241      3369154 
   34.300     1.134682     0.006700     0.006607      3374639 
   34.400     0.570416     0.003310     0.003325      3378310 
   34.500     0.045189     0.000267     0.000268      3354560 
   34.600    -0.308868    -0.001839    -0.001829      3344234 
   34.700     0.005041     0.000030     0.000030      3356851 
   34.800    -0.441412    -0.002611    -0.002605      3369564 
   34.900    -0.185374    -0.001088    -0.001093      3351658 
   35.000     0.116002     0.000695     0.000690      3336664 
   35.100     0.385873     0.002290     0.002287      3341786 
   35.200     0.003069     0.000018     0.000018      3324927 
   35.300    -0.101130    -0.000606    -0.000609      3327994 
   35.400    -0.377972    -0.002273    -0.002266      3327519 
   35.500    -0.399655    -0.002378    -0.002367      3336711 
   35.600    -0.053641    -0.000319    -0.000318      3329153 
   35.700    -0.257599    -0.001528    -0.001523      3307236 
   35.800    -0.438995    -0.002630    -0.002630      3297679 
   35.900    -0.840990    -0.004996    -0.004999      3317689 
   36.000     0.218670     0.001297     0.001297      3341551 
   36.100     0.390949     0.002330     0.002346      3300456 
   36.200     0.104599     0.000638     0.000631      3304839 
   36.300    -0.473276    -0.002848    -0.002837      3309246 
   36.400     0.544367     0.003251     0.003260      3308438 
   36.500     0.734626     0.004411     0.004414      3296475 
   36.600     0.105930     0.000634     0.000639      3271818 
   36.700     0.533155     0.003186     0.003198      3270714 
   36.800     0.206253     0.001223     0.001229      3300504 
   36.900    -0.028821    -0.000172    -0.000173      3293299 
   37.000     0.226589     0.001378     0.001357      3297251 
   37.100    -0.245760    -0.001478    -0.001473      3284746 
   37.200    -0.684560    -0.004090    -0.004086      3269770 
   37.300    -0.292944    -0.001748    -0.001754      3277516 
   37.400    -0.113703    -0.000670    -0.000675      3289261 
   37.500    -0.352689    -0.002122    -0.002115      3261090 
   37.600     0.141022     0.000848     0.000849      3248700 
   37.700    -0.451290    -0.002665    -0.002678      3290031 
   37.800     0.248143     0.001461     0.001465      3283321 
   37.900    -0.219025    -0.001293    -0.001305      3311517 
   38.000     0.005156     0.000030     0.000031      3273290 
   38.100    -0.695981    -0.004175    -0.004177      3276291 
   38.200    -0.186476    -0.001104    -0.001111      3296348 
   38.300     0.049368     0.000296     0.000296      3271043 
   38.400     0.663432     0.003923     0.003947      3260534 
   38.500     0.772638     0.004639     0.004649      3269400 
   38.600    -0.000912    -0.000005    -0.000005      3268972 
   38.700     0.466636     0.002808     0.002815      3272151 
   38.800    -0.168049    -0.001000    -0.001015      3269305 
   38.900    -0.906520    -0.005476    -0.005438      3282735 
   39.000     0.081492     0.000492     0.000494      3280245 
   39.100     0.078491     0.000481     0.000482      3240761 
   39.200    -0.152848    -0.000924    -0.000922      3261572 
   39.300    -0.413267    -0.002453    -0.002470      3258173 
   39.400    -0.002372    -0.000014    -0.000014      3259726 
   39.500     0.093685     0.000556     0.000563      3251081 
   39.600    -0.449301    -0.002724    -0.002721      3250286 
   39.700    -0.203762    -0.001241    -0.001234      3248416 
   39.800    -0.682589    -0.004107    -0.004124      3231775 
   39.900     0.223620     0.001339     0.001361      3217280 
   40.000     0.188832     0.001135     0.001142      3197417 
   40.100    -0.109811    -0.000664    -0.000669      3203471 
   40.200    -0.051924    -0.000315    -0.000319      3213047 
   40.300     0.519446     0.003135     0.003150      3229311 
   40.400     0.199327     0.001205     0.001204      3233883 
   40.500    -0.423322    -0.002576    -0.002566      3220578 
   40.600    -0.578720    -0.003551    -0.003524      3204112 
   40.700     0.081320     0.000497     0.000497      3193792 
   40.800    -0.366470    -0.002197    -0.002218      3219363 
   40.900    -0.285289    -0.001760    -0.001735      3177636 
   41.000     0.010237     0.000062     0.000062      3165747 
   41.100     0.511384     0.003127     0.003156      3164874 
   41.200     0.426712     0.002583     0.002604      3195973 
   41.300    -0.391257    -0.002383    -0.002390      3191546 
   41.400    -0.040959    -0.000249    -0.000248      3190855 
   41.500    -0.761913    -0.004632    -0.004636      3186863 
   41.600    -0.927174    -0.005724    -0.005695      3164210 
   41.700    -0.521805    -0.003213    -0.003207      3168175 
   41.800    -1.035833    -0.006272    -0.006288      3174551 
   41.900     0.302972     0.001845     0.001866      3156800 
   42.000    -0.463025    -0.002827    -0.002862      3140127 
   42.100    -0.843367    -0.005060    -0.005144      3155242 
   42.200    -0.818596    -0.005017    -0.005039      3116296 
   42.300     0.406193     0.002499     0.002495      3118662 
   42.400    -0.393432    -0.002433    -0.002432      3131543 
   42.500    -0.079950    -0.000491    -0.000487      3148623 
   42.600    -0.622490    -0.003778    -0.003809      3128028 
   42.700     0.139006     0.000842     0.000849      3130607 
   42.800    -0.262480    -0.001606    -0.001623      3135199 
   42.900    -0.118926    -0.000722    -0.000731      3129557 
   43.000     1.093591     0.006728     0.006709      3141326 
   43.100     0.262530     0.001608     0.001610      3117374 
   43.200     0.715437     0.004371     0.004393      3100312 
   43.300     0.138585     0.000858     0.000864      3094000 
   43.400     1.274323     0.007917     0.007933      3093978 
   43.500     0.702838     0.004352     0.004347      3097944 
   43.600     0.161630     0.001007     0.000998      3093457 
   43.700    -0.613192    -0.003798    -0.003803      3091323 
   43.800    -0.324075    -0.002009    -0.002014      3083501 
   43.900    -0.213540    -0.001324    -0.001324      3083600 
   44.000     0.387547     0.002405     0.002420      3084166 
   44.100     0.522863     0.003198     0.003228      3074758 
   44.200    -0.382727    -0.002354    -0.002384      3048754 
   44.300    -0.531305    -0.003310    -0.003307      3081920 
   44.400    -0.132055    -0.000814    -0.000821      3086165 
   44.500     0.669324     0.004138     0.004171      3046706 
   44.600     0.683196     0.004208     0.004263      3038680 
   44.700     0.602554     0.003721     0.003753      3026125 
   44.800    -0.194934    -0.001204    -0.001212      3044912 
   44.900    -0.200524    -0.001239    -0.001245      3041054 
   45.000    -0.386681    -0.002395    -0.002414      3029414 
   45.100    -0.745477    -0.004525    -0.004586      3053319 
   45.200    -0.562357    -0.003501    -0.003486      3048130 
   45.300    -0.491803    -0.002993    -0.003059      3025852 
   45.400    -0.260338    -0.001625    -0.001633      3030490 
   45.500    -0.866252    -0.005387    -0.005403      3050175 
   45.600    -0.757532    -0.004764    -0.004755      3016377 
   45.700    -0.152586    -0.000951    -0.000955      3016955 
   45.800     0.225421     0.001399     0.001398      2999407 
   45.900     0.761947     0.004764     0.004770      3033717 
   46.000     0.797458     0.004968     0.004991      3014358 
   46.100     1.205590     0.007487     0.007505      3032010 
   46.200     0.908337     0.005702     0.005657      3015074 
   46.300     0.600416     0.003796     0.003796      3015150 
   46.400     0.204239     0.001283     0.001289      3004207 
   46.500     0.701011     0.004449     0.004431      3001829 
   46.600     0.870713     0.005489     0.005495      2992316 
   46.700     0.600560     0.003766     0.003776      3005388 
   46.800    -0.113654    -0.000711    -0.000710      3003162 
   46.900     0.392123     0.002463     0.002460      2994986 
   47.000     0.606526     0.003810     0.003781      2973216 
   47.100     0.513360     0.003230     0.003247      2994539 
   47.200     0.464069     0.002921     0.002896      2965289 
   47.300    -0.250410    -0.001574    -0.001570      2945231 
   47.400     0.098907     0.000620     0.000625      2968851 
   47.500     0.702061     0.004362     0.004429      2982389 
   47.600     0.413504     0.002629     0.002637      2973166 
   47.700     0.123321     0.000782     0.000780      2969545 
   47.800     0.743234     0.004708     0.004692      2973205 
   47.900     0.669393     0.004276     0.004285      2920406 
   48.000     0.086693     0.000555     0.000552      2940659 
   48.100     0.123210     0.000790     0.000784      2956865 
   48.200     0.423930     0.002720     0.002717      2929184 
   48.300     0.300562     0.001902     0.001887      2944288 
   48.400     0.592658     0.003731     0.003741      2925862 
   48.500     0.169239     0.001047     0.001070      2923251 
   48.600    -0.156839    -0.001006    -0.001004      2929842 
   48.700    -0.446754    -0.002865    -0.002894      2915364 
   48.800     0.300310     0.001947     0.001939      2898595 
   48.900     0.147364     0.000936     0.000941      2916154 
   49.000     0.067772     0.000426     0.000431      2935382 
   49.100    -0.007780    -0.000049    -0.000050      2894057 
   49.200    -0.314947    -0.001990    -0.001992      2910953 
   49.300    -0.289030    -0.001827    -0.001836      2900063 
   49.400    -0.866446    -0.005568    -0.005573      2905983 
   49.500    -0.735226    -0.004696    -0.004679      2915878 
   49.600    -0.179724    -0.001146    -0.001143      2934154 
   49.700    -0.075742    -0.000480    -0.000480      2942724 
   49.800     0.339670     0.002174     0.002176      2904929 
   49.900    -0.003845    -0.000025    -0.000025      2898826 
   50.000     0.259954     0.001678     0.001676      2878245 
   50.100     0.694153     0.004509     0.004503      2855949 
   50.200     0.485215     0.003170     0.003147      2851914 
   50.300     0.438370     0.002844     0.002827      2873801 
   50.400     0.398423     0.002562     0.002579      2823164 
   50.500     0.837269     0.005396     0.005344      2872203 
   50.600     1.336411     0.008576     0.008562      2891804 
   50.700    -0.010488    -0.000067    -0.000067      2883632 
   50.800     0.640385     0.004145     0.004124      2861068 
   50.900     0.465820     0.003015     0.002995      2843687 
   51.000     0.501551     0.003230     0.003208      2840712 
   51.100     0.609878     0.003981     0.003955      2813900 
   51.200     0.198397     0.001285     0.001277      2841632 
   51.300     0.449265     0.002883     0.002882      2846713 
   51.400     0.211438     0.001367     0.001363      2834400 
   51.500     0.015855     0.000102     0.000102      2845002 
   51.600     0.167164     0.001073     0.001081      2838902 
   51.700     0.819973     0.005202     0.005231      2823584 
   51.800     0.724009     0.004707     0.004678      2839006 
   51.900     0.686015     0.004477     0.004472      2826875 
   52.000     0.828773     0.005393     0.005389      2810688 
   52.100     0.117713     0.000761     0.000759      2803569 
   52.200    -0.037077    -0.000236    -0.000240      2798406 
   52.300     0.620773     0.003926     0.003972      2797962 
   52.400    -0.171044    -0.001105    -0.001119      2775742 
   52.500     0.019527     0.000126     0.000126      2791142 
   52.600     1.345889     0.008593     0.008654      2787782 
   52.700     0.605328     0.003882     0.003890      2807265 
   52.800     0.024365     0.000156     0.000158      2793351 
   52.900     0.234932     0.001510     0.001527      2781290 
   53.000    -0.103921    -0.000679    -0.000680      2775355 
   53.100    -0.233025    -0.001534    -0.001530      2797663 
   53.200     0.530437     0.003453     0.003465      2795140 
   53.300    -0.388102    -0.002514    -0.002522      2776002 
   53.400    -0.614230    -0.003980    -0.003999      2778475 
   53.500     0.598701     0.003880     0.003906      2778238 
   53.600    -0.124780    -0.000810    -0.000812      2762976 
   53.700    -0.455964    -0.002935    -0.002951      2765817 
   53.800     0.328442     0.002103     0.002126      2753727 
   53.900     0.736612     0.004773     0.004801      2780763 
   54.000    -0.235472    -0.001510    -0.001542      2739532 
   54.100    -0.821481    -0.005243    -0.005343      2745099 
   54.200     0.054678     0.000351     0.000356      2735788 
   54.300     0.001563     0.000010     0.000010      2712713 
   54.400    -0.483429    -0.003157    -0.003196      2730439 
   54.500    -0.437683    -0.002881    -0.002896      2729069 
   54.600    -0.277594    -0.001830    -0.001829      2724614 
   54.700    -0.105576    -0.000692    -0.000699      2742737 
   54.800     0.115274     0.000751     0.000760      2746355 
   54.900    -0.126099    -0.000826    -0.000836      2722654 
   55.000     0.344078     0.002253     0.002276      2723404 
   55.100    -0.219325    -0.001442    -0.001463      2716512 
   55.200    -0.325104    -0.002145    -0.002161      2714359 
   55.300     0.466589     0.003069     0.003077      2739169 
   55.400    -0.194795    -0.001300    -0.001289      2714303 
   55.500     0.375468     0.002453     0.002484      2717684 
   55.600     0.205361     0.001356     0.001359      2722920 
   55.700    -0.477168    -0.003135    -0.003144      2714510 
   55.800     0.127389     0.000828     0.000841      2690487 
   55.900     0.539748     0.003534     0.003589      2688647 
   56.000     0.135141     0.000902     0.000903      2711327 
   56.100     0.459128     0.003024     0.003047      2687231 
   56.200     0.015272     0.000103     0.000102      2679767 
   56.300     0.365112     0.002409     0.002435      2686695 
   56.400     0.078058     0.000512     0.000518      2689045 
   56.500     0.419311     0.002756     0.002773      2711561 
   56.600    -0.147593    -0.000962    -0.000971      2706099 
   56.700    -0.460379    -0.003019    -0.003052      2694580 
   56.800    -0.170166    -0.001098    -0.001115      2692310 
   56.900    -0.213684    -0.001416    -0.001422      2684079 
   57.000    -0.283222    -0.001872    -0.001898      2661560 
   57.100    -0.692261    -0.004531    -0.004595      2650057 
   57.200    -0.393449    -0.002589    -0.002632      2663570 
   57.300    -0.170745    -0.001117    -0.001132      2667248 
   57.400     0.015555     0.000102     0.000104      2639615 
   57.500    -0.055952    -0.000372    -0.000373      2651192 
   57.600     0.359819     0.002391     0.002407      2638692 
   57.700    -0.472038    -0.003121    -0.003128      2651900 
   57.800    -0.500147    -0.003257    -0.003276      2650456 
   57.900     0.029709     0.000196     0.000198      2619914 
   58.000     0.677968     0.004491     0.004517      2648231 
   58.100     0.639983     0.004233     0.004247      2639321 
   58.200     0.110353     0.000734     0.000740      2633082 
   58.300    -0.110789    -0.000741    -0.000745      2623915 
   58.400     0.496027     0.003304     0.003315      2623237 
   58.500     0.973900     0.006532     0.006521      2625394 
   58.600     0.883206     0.005900     0.005926      2622795 
   58.700     0.298681     0.001998     0.002010      2623644 
   58.800     0.248892     0.001671     0.001674      2632092 
   58.900     0.422305     0.002856     0.002860      2596008 
   59.000     0.587465     0.003963     0.003983      2593844 
   59.100     0.062583     0.000417     0.000422      2576615 
   59.200    -0.190793    -0.001298    -0.001303      2580676 
   59.300     0.437618     0.002932     0.002923      2608652 
   59.400    -0.577360    -0.003882    -0.003846      2602141 
   59.500    -0.450331    -0.003055    -0.003048      2608750 
   59.600     0.161504     0.001086     0.001093      2591458 
   59.700    -0.647790    -0.004342    -0.004409      2572695 
   59.800    -0.802182    -0.005354    -0.005460      2592992 
   59.900    -0.308156    -0.002096    -0.002107      2587926 
   60.000    -0.254015    -0.001735    -0.001722      2581124 
   60.100    -0.661212    -0.004485    -0.004494      2568052 
   60.200     0.056528     0.000379     0.000384      2595686 
   60.300    -0.102000    -0.000696    -0.000698      2555947 
   60.400    -0.544730    -0.003712    -0.003731      2566814 
   60.500    -0.028852    -0.000196    -0.000197      2555734 
   60.600    -0.664394    -0.004476    -0.004527      2562425 
   60.700    -0.494873    -0.003316    -0.003337      2588702 
   60.800    -0.351462    -0.002362    -0.002383      2582481 
   60.900    -0.045061    -0.000301    -0.000303      2555934 
   61.000    -0.298848    -0.001998    -0.002007      2550816 
   61.100    -0.433686    -0.002951    -0.002942      2532997 
   61.200    -0.604792    -0.004096    -0.004099      2521915 
   61.300     0.519646     0.003488     0.003524      2531468 
   61.400     0.150932     0.001036     0.001036      2527843 
   61.500    -0.646631    -0.004374    -0.004376      2555859 
   61.600     0.392405     0.002664     0.002674      2529777 
   61.700     0.422897     0.002910     0.002947      2516461 
   61.800    -0.346229    -0.002364    -0.002385      2511660 
   61.900    -0.926482    -0.006334    -0.006375      2512762 
   62.000     0.086316     0.000595     0.000593      2502367 
   62.100    -0.419137    -0.002813    -0.002861      2500293 
   62.200     0.077245     0.000526     0.000531      2524839 
   62.300    -0.104704    -0.000721    -0.000716      2514619 
   62.400    -0.423287    -0.002877    -0.002894      2496278 
   62.500    -0.220457    -0.001512    -0.001530      2477843 
   62.600    -0.386080    -0.002674    -0.002685      2471404 
   62.700    -0.190122    -0.001292    -0.001311      2499563 
   62.800     0.109841     0.000744     0.000760      2476814 
   62.900    -0.283308    -0.001920    -0.001955      2480676 
   63.000    -1.171816    -0.008247    -0.008209      2469750 
   63.100    -0.427873    -0.003005    -0.002981      2478798 
   63.200    -0.445401    -0.003046    -0.003061      2507414 
   63.300     0.030073     0.000207     0.000207      2496709 
   63.400    -0.079065    -0.000542    -0.000543      2460287 
   63.500     0.412891     0.002835     0.002856      2473463 
   63.600     0.277895     0.001911     0.001915      2487766 
   63.700    -0.394558    -0.002669    -0.002709      2488338 
   63.800    -0.536360    -0.003611    -0.003682      2479032 
   63.900    -0.074509    -0.000506    -0.000512      2468147 
   64.000    -0.104508    -0.000721    -0.000735      2430443 
   64.100     0.563481     0.003948     0.003936      2454188 
   64.200     0.981155     0.006923     0.006895      2460279 
   64.300     0.944488     0.006581     0.006631      2449461 
   64.400     0.123975     0.000851     0.000872      2436824 
   64.500    -0.130345    -0.000898    -0.000920      2431342 
   64.600     0.317943     0.002218     0.002250      2441825 
   64.700     0.142947     0.000987     0.001006      2444858 
   64.800    -0.118724    -0.000819    -0.000821      2427948 
   64.900     0.524006     0.003726     0.003695      2415078 
   65.000     0.198686     0.001402     0.001395      2411025 
   65.100    -0.443479    -0.003044    -0.003082      2431195 
   65.200    -0.237224    -0.001673    -0.001681      2417661 
   65.300    -0.191434    -0.001346    -0.001340      2427199 
   65.400     0.364774     0.002562     0.002588      2416146 
   65.500    -0.280615    -0.001965    -0.001978      2427799 
   65.600     0.216631     0.001526     0.001541      2417873 
   65.700     0.120620     0.000870     0.000862      2408549 
   65.800    -0.618427    -0.004427    -0.004420      2418109 
   65.900    -1.003356    -0.006932    -0.007099      2399673 
   66.000    -0.312148    -0.002167    -0.002208      2399800 
   66.100     0.141892     0.000979     0.000995      2392391 
   66.200    -0.963036    -0.006828    -0.006889      2389689 
   66.300    -0.824537    -0.005832    -0.005803      2384949 
   66.400     0.741812     0.005232     0.005228      2395785 
   66.500    -0.696475    -0.004864    -0.004877      2379243 
   66.600     0.251507     0.001771     0.001789      2380076 
   66.700    -0.535557    -0.003706    -0.003747      2418012 
   66.800    -0.375324    -0.002630    -0.002662      2391373 
   66.900    -0.775856    -0.005398    -0.005454      2393341 
   67.000    -0.916108    -0.006415    -0.006496      2387087 
   67.100    -0.396611    -0.002782    -0.002812      2382766 
   67.200    -0.398262    -0.002788    -0.002794      2375540 
   67.300     0.376919     0.002632     0.002652      2387929 
   67.400    -0.484961    -0.003414    -0.003441      2380140 
   67.500     0.884149     0.006222     0.006250      2385539 
   67.600     0.821420     0.005813     0.005831      2356229 
   67.700     0.058342     0.000409     0.000409      2361463 
   67.800     0.316868     0.002245     0.002271      2357242 
   67.900    -0.190140    -0.001350    -0.001361      2370252 
   68.000    -0.166308    -0.001173    -0.001199      2358031 
   68.100    -0.243091    -0.001738    -0.001750      2354348 
   68.200    -0.163725    -0.001159    -0.001168      2361631 
   68.300    -0.229723    -0.001618    -0.001622      2347303 
   68.400     0.083850     0.000603     0.000597      2338872 
   68.500    -0.154262    -0.001098    -0.001098      2345308 
   68.600    -0.398948    -0.002834    -0.002813      2319269 
   68.700     0.844891     0.006023     0.005994      2338719 
   68.800     0.497816     0.003510     0.003500      2353197 
   68.900    -0.389464    -0.002721    -0.002754      2337432 
   69.000     0.125886     0.000884     0.000889      2326455 
   69.100     0.352415     0.002490     0.002481      2345646 
   69.200     0.180798     0.001254     0.001272      2325014 
   69.300     0.506596     0.003565     0.003552      2312371 
   69.400    -0.124643    -0.000889    -0.000880      2318203 
   69.500    -0.289329    -0.002030    -0.002055      2320140 
   69.600    -0.563880    -0.003961    -0.004002      2310810 
   69.700    -0.206251    -0.001462    -0.001479      2320766 
   69.800    -0.275726    -0.001975    -0.001982      2291008 
   69.900    -0.101261    -0.000733    -0.000735      2289217 
   70.000    -0.401890    -0.002917    -0.002923      2277393 
   70.100    -0.276343    -0.001980    -0.001986      2309107 
   70.200     0.315543     0.002269     0.002257      2301181 
   70.300    -0.615669    -0.004369    -0.004398      2291708 
   70.400    -0.376529    -0.002701    -0.002720      2290700 
   70.500    -0.365871    -0.002612    -0.002636      2283809 
   70.600    -0.385040    -0.002767    -0.002784      2268295 
   70.700     0.008377     0.000060     0.000060      2283408 
   70.800     0.867087     0.006198     0.006200      2281128 
   70.900     0.169861     0.001211     0.001215      2285018 
   71.000    -0.130590    -0.000929    -0.000935      2278711 
   71.100     0.112415     0.000796     0.000798      2279787 
   71.200    -0.032095    -0.000235    -0.000232      2248556 
   71.300    -0.276189    -0.001962    -0.001976      2263379 
   71.400    -0.307176    -0.002202    -0.002232      2281393 
   71.500    -0.544965    -0.003896    -0.003923      2274674 
   71.600    -0.004285    -0.000030    -0.000030      2280704 
   71.700    -0.178418    -0.001285    -0.001286      2275406 
   71.800    -0.244026    -0.001770    -0.001776      2249382 
   71.900     0.303232     0.002139     0.002168      2259157 
   72.000     0.085170     0.000597     0.000599      2287219 
   72.100     0.257064     0.001821     0.001839      2255502 
   72.200     0.449975     0.003187     0.003224      2240526 
   72.300     0.488325     0.003537     0.003521      2253155 
   72.400    -0.309532    -0.002254    -0.002235      2247451 
   72.500    -0.072763    -0.000527    -0.000526      2252687 
   72.600    -0.491850    -0.003551    -0.003555      2256795 
   72.700    -0.636831    -0.004625    -0.004625      2244376 
   72.800    -0.288163    -0.002100    -0.002098      2225823 
   72.900     0.553910     0.003907     0.003981      2259443 
   73.000    -0.095916    -0.000700    -0.000700      2238255 
   73.100    -1.196090    -0.008577    -0.008636      2239945 
   73.200    -0.186899    -0.001377    -0.001374      2210003 
   73.300    -0.830379    -0.006120    -0.006031      2221264 
   73.400    -0.689527    -0.005058    -0.005047      2232503 
   73.500    -0.216100    -0.001565    -0.001572      2206414 
   73.600    -0.521484    -0.003810    -0.003779      2213455 
   73.700    -0.497546    -0.003607    -0.003616      2233600 
   73.800    -0.156323    -0.001126    -0.001141      2227469 
   73.900    -0.065929    -0.000491    -0.000493      2199968 
   74.000    -0.296841    -0.002214    -0.002214      2190883 
   74.100     0.003692     0.000027     0.000027      2200597 
   74.200     0.377771     0.002776     0.002778      2214602 
   74.300     0.794578     0.005817     0.005842      2196958 
   74.400     0.366401     0.002715     0.002720      2183237 
   74.500    -0.218179    -0.001605    -0.001617      2189879 
   74.600    -0.846927    -0.006168    -0.006167      2180168 
   74.700     0.020539     0.000151     0.000152      2161644 
   74.800     0.674479     0.005051     0.005032      2147043 
   74.900     0.234012     0.001710     0.001724      2162093 
   75.000    -0.030054    -0.000221    -0.000222      2143508 
   75.100     0.310527     0.002308     0.002299      2155088 
   75.200     0.117799     0.000876     0.000872      2151179 
   75.300     0.056513     0.000416     0.000419      2165595 
   75.400     0.221277     0.001628     0.001644      2145133 
   75.500    -0.492485    -0.003683    -0.003674      2129214 
   75.600     0.126525     0.000966     0.000954      2150970 
   75.700     0.440769     0.003300     0.003302      2159453 
   75.800     1.164669     0.008705     0.008735      2129239 
   75.900     0.650471     0.004798     0.004844      2124036 
   76.000    -0.094754    -0.000714    -0.000714      2106039 
   76.100     0.030494     0.000223     0.000227      2116595 
   76.200    -0.136063    -0.001012    -0.001013      2131631 
   76.300    -0.447873    -0.003317    -0.003338      2136511 
   76.400     0.047609     0.000356     0.000359      2141411 
   76.500    -0.468220    -0.003549    -0.003548      2112813 
   76.600    -0.728643    -0.005512    -0.005552      2099539 
   76.700    -0.330651    -0.002507    -0.002521      2102430 
   76.800    -0.485404    -0.003672    -0.003716      2093863 
   76.900    -0.031623    -0.000235    -0.000240      2106599 
   77.000    -0.393023    -0.002924    -0.002942      2103656 
   77.100    -0.788957    -0.005809    -0.005905      2100117 
   77.200    -0.279282    -0.002023    -0.002064      2119468 
   77.300    -0.292213    -0.002171    -0.002182      2107685 
   77.400     0.177199     0.001310     0.001323      2105851 
   77.500    -0.248549    -0.001887    -0.001888      2093879 
   77.600    -0.503255    -0.003837    -0.003844      2082941 
   77.700    -0.175932    -0.001351    -0.001338      2088095 
   77.800     0.013494     0.000103     0.000102      2091893 
   77.900    -0.096560    -0.000729    -0.000723      2096505 
   78.000    -0.373841    -0.002764    -0.002790      2094786 
   78.100    -0.273406    -0.002028    -0.002048      2099562 
   78.200    -0.306444    -0.002303    -0.002318      2086465 
   78.300     0.170277     0.001297     0.001295      2062114 
   78.400    -0.462983    -0.003536    -0.003538      2066383 
   78.500     0.075620     0.000575     0.000576      2088911 
   78.600     0.006302     0.000048     0.000048      2076563 
   78.700    -0.150426    -0.001125    -0.001130      2101504 
   78.800    -0.962839    -0.007253    -0.007208      2078264 
   78.900    -0.430896    -0.003216    -0.003227      2076855 
   79.000    -0.367018    -0.002732    -0.002773      2057959 
   79.100    -0.644786    -0.004696    -0.004819      2077610 
   79.200    -0.617472    -0.004648    -0.004647      2052080 
   79.300     0.500830     0.003732     0.003757      2058153 
   79.400     0.128225     0.000963     0.000969      2061669 
   79.500    -0.125909    -0.000932    -0.000955      2038711 
   79.600     0.516521     0.003903     0.003931      2031442 
   79.700    -0.145571    -0.001088    -0.001108      2040054 
   79.800    -0.587552    -0.004314    -0.004436      2041187 
   79.900    -1.016394    -0.007653    -0.007752      2034475 
   80.000    -0.850134    -0.006374    -0.006408      2064677 
   80.100    -0.269080    -0.002024    -0.002044      2042148 
   80.200    -0.099533    -0.000746    -0.000759      2046840 
   80.300     0.028189     0.000217     0.000216      2049007 
   80.400     0.373387     0.002855     0.002862      2044781 
   80.500     0.516053     0.003891     0.003910      2040273 
   80.600     0.104770     0.000806     0.000806      2031323 
   80.700    -0.102233    -0.000784    -0.000786      2010902 
   80.800     0.003686     0.000028     0.000028      2035740 
   80.900    -0.403966    -0.003089    -0.003080      2037266 
   81.000    -0.753347    -0.005730    -0.005745      2023393 
   81.100    -0.738649    -0.005538    -0.005651      2011964 
   81.200    -0.077720    -0.000593    -0.000591      1989371 
   81.300    -0.749280    -0.005718    -0.005747      2001661 
   81.400    -0.040116    -0.000308    -0.000310      1994317 
   81.500     0.333257     0.002550     0.002553      1998283 
   81.600     0.283354     0.002197     0.002201      1980389 
   81.700    -0.050326    -0.000386    -0.000390      1971723 
   81.800     0.419033     0.003216     0.003249      1967839 
   81.900    -0.737461    -0.005604    -0.005686      1978510 
   82.000    -0.688184    -0.005370    -0.005393      1972303 
   82.100    -0.358579    -0.002753    -0.002763      1956996 
   82.200    -0.068757    -0.000535    -0.000532      1948033 
   82.300     0.316984     0.002466     0.002462      1953494 
   82.400     0.407206     0.003220     0.003217      1967352 
   82.500     0.414758     0.003238     0.003250      1964166 
   82.600    -0.184195    -0.001443    -0.001434      1959697 
   82.700    -0.718081    -0.005579    -0.005591      1956310 
   82.800     0.046704     0.000358     0.000362      1941330 
   82.900     0.380494     0.002958     0.002992      1940977 
   83.000     0.006516     0.000050     0.000051      1943893 
   83.100    -0.355414    -0.002740    -0.002759      1940845 
   83.200    -0.679028    -0.005271    -0.005251      1949594 
   83.300    -0.021028    -0.000163    -0.000164      1910854 
   83.400     0.624849     0.004898     0.004924      1936870 
   83.500     0.458582     0.003551     0.003580      1916743 
   83.600     1.351190     0.010577     0.010519      1928646 
   83.700     0.198176     0.001536     0.001534      1940131 
   83.800     0.539180     0.004156     0.004230      1917357 
   83.900    -0.283353    -0.002195    -0.002226      1915976 
   84.000    -0.088698    -0.000675    -0.000689      1916064 
   84.100     0.597825     0.004648     0.004666      1909563 
   84.200     0.494642     0.003856     0.003842      1917254 
   84.300    -0.125531    -0.000982    -0.000979      1913734 
   84.400     0.525828     0.004046     0.004076      1901915 
   84.500     0.176263     0.001362     0.001368      1907382 
   84.600    -0.131010    -0.001020    -0.001027      1899144 
   84.700    -0.571814    -0.004490    -0.004508      1900726 
   84.800     0.198443     0.001580     0.001564      1919394 
   84.900     0.240477     0.001922     0.001914      1908452 
   85.000     0.436489     0.003477     0.003491      1894194 
   85.100    -0.492218    -0.003871    -0.003892      1906754 
   85.200     0.204074     0.001585     0.001596      1915553 
   85.300    -0.187622    -0.001476    -0.001497      1898064 
   85.400     0.473258     0.003744     0.003791      1899190 
   85.500     0.879736     0.006961     0.007037      1897935 
   85.600    -0.623906    -0.004918    -0.004969      1906979 
   85.700    -0.655529    -0.005224    -0.005283      1891354 
   85.800    -0.522487    -0.004184    -0.004249      1889556 
   85.900    -0.567717    -0.004471    -0.004514      1892854 
   86.000    -0.602273    -0.004790    -0.004801      1890274 
   86.100    -0.549256    -0.004361    -0.004363      1892707 
   86.200    -0.595246    -0.004702    -0.004724      1890215 
   86.300    -0.023657    -0.000192    -0.000190      1878526 
   86.400    -0.184842    -0.001473    -0.001472      1892827 
   86.500     0.752895     0.006059     0.006062      1890555 
   86.600     0.686072     0.005412     0.005437      1871524 
   86.700    -0.263024    -0.002088    -0.002084      1881592 
   86.800     0.510980     0.004049     0.004016      1881078 
   86.900     0.764596     0.006161     0.006098      1875035 
   87.000     0.332233     0.002643     0.002660      1851512 
   87.100     0.337982     0.002703     0.002719      1864095 
   87.200     0.187545     0.001480     0.001499      1860668 
   87.300    -0.663204    -0.005131    -0.005233      1855386 
   87.400    -0.047637    -0.000380    -0.000379      1844733 
   87.500     0.329208     0.002624     0.002662      1847384 
   87.600     0.298455     0.002437     0.002435      1857087 
   87.700     0.459844     0.003711     0.003720      1844919 
   87.800    -0.042741    -0.000345    -0.000345      1845636 
   87.900    -0.613183    -0.004888    -0.004909      1842764 
   88.000     0.214519     0.001697     0.001737      1825296 
   88.100     0.648101     0.005172     0.005237      1830711 
   88.200     0.372835     0.003070     0.003043      1823925 
   88.300    -0.326885    -0.002648    -0.002666      1819847 
   88.400     0.006262     0.000050     0.000051      1810244 
   88.500    -0.819193    -0.006543    -0.006652      1813082 
   88.600    -0.908868    -0.007401    -0.007362      1825845 
   88.700    -0.682676    -0.005526    -0.005552      1809930 
   88.800    -0.078458    -0.000632    -0.000634      1817216 
   88.900     0.535259     0.004287     0.004330      1815463 
   89.000     0.020456     0.000167     0.000167      1809918 
   89.100    -0.431246    -0.003539    -0.003535      1786007 
   89.200    -1.105488    -0.008775    -0.008949      1802889 
   89.300    -0.845798    -0.006815    -0.006866      1791473 
   89.400    -1.164787    -0.009554    -0.009567      1808044 
   89.500    -0.739193    -0.006051    -0.006076      1793727 
   89.600    -0.334931    -0.002744    -0.002758      1795970 
   89.700    -1.102279    -0.009047    -0.009014      1797689 
   89.800    -1.213553    -0.009923    -0.009925      1791336 
   89.900    -0.509035    -0.004157    -0.004140      1798251 
   90.000     0.324049     0.002675     0.002680      1789083 
   90.100     0.438302     0.003648     0.003628      1782604 
   90.200     0.090079     0.000735     0.000741      1768428 
   90.300     0.362744     0.002979     0.002988      1765498 
   90.400     0.508454     0.004130     0.004154      1759481 
   90.500    -0.232921    -0.001917    -0.001925      1760562 
   90.600    -0.744128    -0.006165    -0.006148      1755146 
   90.700    -0.156979    -0.001309    -0.001292      1762499 
   90.800    -0.532499    -0.004414    -0.004432      1758598 
   90.900    -0.705300    -0.005752    -0.005850      1766856 
   91.000    -0.195339    -0.001609    -0.001608      1757396 
   91.100    -0.245944    -0.002063    -0.002053      1760939 
   91.200    -0.372980    -0.003059    -0.003092      1748028 
   91.300    -0.361098    -0.003023    -0.002992      1737953 
   91.400    -0.499077    -0.004145    -0.004150      1721849 
   91.500     0.138568     0.001145     0.001153      1744128 
   91.600     0.378076     0.003228     0.003212      1726943 
   91.700     0.438922     0.003716     0.003692      1722002 
   91.800     0.478530     0.003995     0.003993      1747781 
   91.900     0.442779     0.003731     0.003692      1741187 
   92.000     0.626809     0.005124     0.005127      1725249 
   92.100     0.745895     0.006121     0.006182      1742686 
   92.200     0.207938     0.001733     0.001745      1720546 
   92.300    -0.093850    -0.000784    -0.000777      1708714 
   92.400    -0.148336    -0.001247    -0.001245      1709564 
   92.500    -0.098018    -0.000809    -0.000815      1708624 
   92.600    -0.034383    -0.000289    -0.000288      1695942 
   92.700    -0.457240    -0.003838    -0.003823      1691318 
   92.800     0.527646     0.004501     0.004440      1691222 
   92.900     0.077645     0.000654     0.000649      1719197 
   93.000     0.365020     0.003016     0.003066      1702127 
   93.100    -0.051698    -0.000434    -0.000436      1682686 
   93.200    -1.022582    -0.008605    -0.008645      1706804 
   93.300    -0.941907    -0.007959    -0.007969      1696145 
   93.400    -0.229273    -0.001894    -0.001907      1689652 
   93.500    -0.131312    -0.001104    -0.001103      1695721 
   93.600     0.419256     0.003579     0.003540      1687909 
   93.700     0.638347     0.005456     0.005411      1674672 
   93.800    -0.665123    -0.005716    -0.005667      1652375 
   93.900     0.457862     0.003976     0.003936      1675117 
   94.000    -0.221941    -0.001926    -0.001919      1660151 
   94.100     0.231765     0.002032     0.002008      1659819 
   94.200     0.685975     0.005819     0.005838      1658980 
   94.300     0.317726     0.002657     0.002684      1670994 
   94.400    -0.244748    -0.002074    -0.002079      1650422 
   94.500     0.565895     0.004663     0.004718      1655748 
   94.600     0.772034     0.006423     0.006509      1657498 
   94.700     0.579859     0.004841     0.004808      1644567 
   94.800     0.966440     0.008218     0.008121      1643409 
   94.900     0.882166     0.007485     0.007495      1637606 
   95.000     0.525598     0.004404     0.004442      1657141 
   95.100    -0.289626    -0.002397    -0.002440      1648635 
   95.200     0.331134     0.002790     0.002796      1657576 
   95.300    -0.170007    -0.001436    -0.001434      1630555 
   95.400     0.697280     0.005721     0.005808      1652943 
   95.500     0.999100     0.008302     0.008469      1641277 
   95.600     0.427401     0.003666     0.003637      1636359 
   95.700     0.430047     0.003658     0.003653      1646255 
   95.800     0.318585     0.002762     0.002738      1624692 
   95.900     0.448983     0.003775     0.003780      1642922 
   96.000     0.127014     0.001089     0.001085      1640682 
   96.100    -0.438072    -0.003706    -0.003689      1655676 
   96.200     0.418471     0.003553     0.003537      1637335 
   96.300     0.498214     0.004296     0.004279      1644290 
   96.400     0.648977     0.005604     0.005555      1615857 
   96.500     1.036501     0.008884     0.008843      1646202 
   96.600     0.905655     0.007808     0.007770      1630545 
   96.700    -0.218619    -0.001866    -0.001858      1612579 
   96.800    -0.537190    -0.004525    -0.004575      1604424 
   96.900    -0.539714    -0.004619    -0.004635      1613761 
   97.000    -0.691855    -0.005956    -0.005894      1604983 
   97.100    -0.882621    -0.007472    -0.007562      1613263 
   97.200    -0.557139    -0.004697    -0.004732      1609104 
   97.300     0.145789     0.001255     0.001260      1610524 
   97.400    -0.011165    -0.000096    -0.000095      1605030 
   97.500    -0.408353    -0.003509    -0.003506      1595115 
   97.600     0.032595     0.000284     0.000282      1588614 
   97.700    -0.153269    -0.001345    -0.001327      1592794 
   97.800    -0.275859    -0.002424    -0.002411      1598039 
   97.900     0.098099     0.000835     0.000834      1586629 
   98.000     0.145462     0.001249     0.001238      1589639 
   98.100     0.291821     0.002505     0.002489      1590690 
   98.200     0.145734     0.001274     0.001242      1585592 
   98.300     0.061279     0.000535     0.000528      1598881 
   98.400    -0.215372    -0.001868    -0.001867      1604135 
   98.500    -0.421263    -0.003634    -0.003632      1591591 
   98.600    -0.269305    -0.002394    -0.002378      1553930 
   98.700    -0.159316    -0.001402    -0.001388      1569112 
   98.800     0.073234     0.000649     0.000636      1567347 
   98.900     0.519781     0.004638     0.004573      1548258 
   99.000    -0.143164    -0.001285    -0.001274      1550462 
   99.100     0.764151     0.006620     0.006642      1557674 
   99.200     0.561983     0.004952     0.004880      1552033 
   99.300     0.723982     0.006399     0.006345      1541072 
   99.400    -0.185121    -0.001585    -0.001588      1549605 
   99.500    -0.149289    -0.001292    -0.001298      1558044 
   99.600     0.185863     0.001646     0.001641      1544724 
   99.700    -0.704905    -0.006209    -0.006188      1541698 
   99.800    -0.326825    -0.002796    -0.002853      1549404 
   99.900    -0.150587    -0.001306    -0.001323      1532736 
  100.000    -0.938044    -0.008233    -0.008266      1520887 
