fitting 1 exponentials + affine
seed: 6260309118 
   11.026670 
    0.769 
   10.981116 
    0.901 
   10.953249 
    0.863 
   10.953174 
    0.859 
   10.953152 
    0.860 
   10.953152 
    0.860 
   10.953151 
    0.860 
   10.953151 
    0.860 
   10.953151 
    0.860 
   10.953151 
    0.860 
   10.953151 
    0.860 
   10.953151 
    0.860 
    0.860 
nagopt ncall: 1  oldvalue:     10.953151030 newvalue:    10.953151030
   10.953151 
    0.860184581 
error sd:     0.003310
halflife:     4.602 
mean (generations):   150.608 
    0.039638383    -0.000208078 
##end of run
