 ##Z-score and correlation:: ../../ancpop.list  binsize:     0.001000
    0.100    32.472125     0.171502     0.171904      5845721 
    0.200     8.891852     0.048804     0.048840      4349047 
    0.300     5.764368     0.030796     0.030868      4337738 
    0.400     3.981280     0.021320     0.021253      4282699 
    0.500     3.404948     0.018018     0.018060      4243582 
    0.600     3.269296     0.017283     0.017387      4225130 
    0.700     2.322939     0.012255     0.012249      4215047 
    0.800     2.649569     0.013906     0.013970      4191965 
    0.900     1.899031     0.010014     0.010067      4189362 
    1.000     1.048743     0.005481     0.005509      4189681 
    1.100     1.524210     0.008038     0.008048      4160954 
    1.200     0.812518     0.004271     0.004257      4179018 
    1.300     0.402998     0.002128     0.002126      4149021 
    1.400     0.334462     0.001784     0.001796      4111830 
    1.500     0.681986     0.003625     0.003607      4113453 
    1.600     0.180223     0.000972     0.000961      4117849 
    1.700     0.576867     0.003085     0.003062      4119602 
    1.800     0.566130     0.002980     0.002987      4109070 
    1.900     0.313396     0.001672     0.001675      4100449 
    2.000     0.017136     0.000091     0.000091      4082814 
    2.100    -0.099481    -0.000527    -0.000525      4086704 
    2.200    -0.050284    -0.000265    -0.000265      4090661 
    2.300     1.078878     0.005712     0.005754      4085597 
    2.400     1.175007     0.006235     0.006208      4073991 
    2.500     0.675207     0.003553     0.003559      4057447 
    2.600     0.999559     0.005331     0.005324      4049518 
    2.700     1.382750     0.007333     0.007395      4022477 
    2.800     0.198290     0.001051     0.001055      4037531 
    2.900     0.213341     0.001135     0.001142      4042025 
    3.000    -0.424463    -0.002230    -0.002264      4036086 
    3.100     0.317229     0.001674     0.001691      4036852 
    3.200     0.437602     0.002318     0.002332      4039899 
    3.300    -0.470800    -0.002511    -0.002506      4027770 
    3.400    -0.576964    -0.003080    -0.003072      4029939 
    3.500     0.121333     0.000642     0.000643      4031106 
    3.600    -0.272218    -0.001479    -0.001458      4022493 
    3.700    -0.101680    -0.000543    -0.000544      4013089 
    3.800    -0.029884    -0.000159    -0.000159      4009236 
    3.900    -0.030524    -0.000163    -0.000163      3986507 
    4.000    -0.147950    -0.000794    -0.000792      3985003 
    4.100     0.538281     0.002899     0.002892      3985777 
    4.200     1.036583     0.005484     0.005536      3980388 
    4.300     0.125442     0.000678     0.000672      3984376 
    4.400    -0.037873    -0.000206    -0.000202      3961354 
    4.500     0.473232     0.002533     0.002528      3979899 
    4.600     1.185884     0.006313     0.006350      3969251 
    4.700     0.382876     0.002028     0.002046      3973878 
    4.800     0.433471     0.002313     0.002315      3980875 
    4.900    -0.022702    -0.000122    -0.000121      3966655 
    5.000     0.450928     0.002384     0.002408      3976229 
    5.100     0.373042     0.001975     0.001988      3956205 
    5.200     0.819377     0.004423     0.004350      3977293 
    5.300     0.390730     0.002091     0.002087      3943555 
    5.400    -0.304120    -0.001615    -0.001620      3975384 
    5.500     0.097075     0.000520     0.000519      3950498 
    5.600     0.011028     0.000058     0.000059      3949675 
    5.700     0.024904     0.000132     0.000133      3922765 
    5.800    -0.765400    -0.004079    -0.004111      3909530 
    5.900    -0.007194    -0.000038    -0.000038      3929087 
    6.000    -0.244789    -0.001308    -0.001306      3944350 
    6.100    -0.851667    -0.004564    -0.004608      3941015 
    6.200    -0.374834    -0.001997    -0.002001      3947263 
    6.300    -0.102485    -0.000552    -0.000545      3952632 
    6.400    -0.779212    -0.004106    -0.004112      3948992 
    6.500    -0.545125    -0.002895    -0.002914      3941074 
    6.600     0.002926     0.000015     0.000015      3939480 
    6.700    -0.475638    -0.002521    -0.002525      3922397 
    6.800    -0.518984    -0.002754    -0.002749      3916533 
    6.900    -0.985498    -0.005243    -0.005241      3914731 
    7.000    -0.586932    -0.003141    -0.003150      3949130 
    7.100    -0.229812    -0.001214    -0.001230      3915023 
    7.200    -0.618090    -0.003236    -0.003279      3962061 
    7.300     0.098903     0.000526     0.000528      3932157 
    7.400    -0.365983    -0.001945    -0.001962      3936374 
    7.500     0.569921     0.003021     0.003031      3939029 
    7.600     0.536213     0.002875     0.002858      3914073 
    7.700    -0.386739    -0.002062    -0.002071      3931378 
    7.800    -0.165473    -0.000894    -0.000889      3922416 
    7.900    -0.285097    -0.001527    -0.001528      3897985 
    8.000    -0.624960    -0.003353    -0.003351      3928080 
    8.100    -0.322084    -0.001728    -0.001726      3907562 
    8.200    -0.408246    -0.002190    -0.002185      3924345 
    8.300    -0.430044    -0.002311    -0.002306      3930981 
    8.400    -1.028720    -0.005542    -0.005543      3946595 
    8.500    -0.705828    -0.003790    -0.003801      3937056 
    8.600    -0.773599    -0.004147    -0.004168      3903191 
    8.700    -0.613674    -0.003305    -0.003283      3908980 
    8.800    -0.392445    -0.002089    -0.002108      3911990 
    8.900     0.325784     0.001703     0.001725      3936557 
    9.000    -0.466826    -0.002496    -0.002519      3915492 
    9.100    -0.784658    -0.004245    -0.004254      3900237 
    9.200    -0.390768    -0.002112    -0.002110      3883142 
    9.300     0.119812     0.000641     0.000650      3898718 
    9.400     0.008655     0.000046     0.000047      3895985 
    9.500    -0.474348    -0.002516    -0.002555      3878646 
    9.600    -0.139888    -0.000749    -0.000750      3892444 
    9.700    -0.242793    -0.001288    -0.001300      3874753 
    9.800     0.405789     0.002236     0.002217      3864594 
    9.900     0.393483     0.002124     0.002116      3886103 
   10.000     0.190083     0.001030     0.001027      3876817 
   10.100     0.254215     0.001363     0.001363      3882786 
   10.200    -0.063425    -0.000343    -0.000341      3886957 
   10.300     0.368514     0.001988     0.001978      3880871 
   10.400     0.422293     0.002276     0.002274      3865468 
   10.500    -0.115881    -0.000625    -0.000625      3852100 
   10.600    -0.184914    -0.000996    -0.000993      3866673 
   10.700    -0.561244    -0.003046    -0.003070      3854747 
   10.800    -0.215398    -0.001171    -0.001174      3860965 
   10.900     0.137201     0.000751     0.000748      3858252 
   11.000     0.456505     0.002482     0.002485      3847733 
   11.100     0.324815     0.001762     0.001764      3841627 
   11.200    -0.152825    -0.000827    -0.000824      3836654 
   11.300    -0.218520    -0.001180    -0.001178      3864090 
   11.400     0.236353     0.001288     0.001282      3870214 
   11.500     0.585006     0.003179     0.003162      3868269 
   11.600     0.536021     0.002928     0.002915      3862688 
   11.700    -0.035313    -0.000194    -0.000193      3823752 
   11.800    -0.457661    -0.002492    -0.002487      3798839 
   11.900    -0.777841    -0.004245    -0.004250      3835870 
   12.000    -0.946511    -0.005034    -0.005120      3828812 
   12.100    -0.063046    -0.000340    -0.000343      3822093 
   12.200    -0.271367    -0.001477    -0.001482      3844128 
   12.300    -0.100991    -0.000548    -0.000548      3825121 
   12.400     0.226912     0.001226     0.001237      3825019 
   12.500    -0.651752    -0.003504    -0.003550      3857925 
   12.600     0.195899     0.001058     0.001061      3859857 
   12.700     0.136938     0.000744     0.000746      3824640 
   12.800    -0.161501    -0.000871    -0.000873      3817200 
   12.900     0.590086     0.003215     0.003200      3826151 
   13.000     0.800954     0.004364     0.004365      3802404 
   13.100     0.195972     0.001068     0.001069      3789036 
   13.200    -0.570668    -0.003094    -0.003096      3789723 
   13.300    -0.073474    -0.000402    -0.000402      3811332 
   13.400    -0.245453    -0.001343    -0.001341      3786374 
   13.500    -0.308748    -0.001700    -0.001696      3782000 
   13.600    -0.798573    -0.004386    -0.004380      3806899 
   13.700    -0.006926    -0.000038    -0.000038      3796515 
   13.800     0.430108     0.002339     0.002329      3808278 
   13.900     0.193561     0.001067     0.001058      3764391 
   14.000     0.285853     0.001553     0.001559      3811283 
   14.100    -0.184471    -0.001009    -0.001016      3792048 
   14.200     0.201802     0.001106     0.001113      3781459 
   14.300    -0.313334    -0.001702    -0.001707      3777982 
   14.400    -0.153402    -0.000842    -0.000839      3775848 
   14.500     0.487162     0.002663     0.002655      3778782 
   14.600     0.600370     0.003280     0.003292      3775214 
   14.700     0.127736     0.000706     0.000700      3756706 
   14.800    -0.152289    -0.000833    -0.000831      3760784 
   14.900     0.338427     0.001841     0.001853      3776631 
   15.000    -0.321100    -0.001774    -0.001764      3747762 
   15.100     0.438858     0.002429     0.002425      3776333 
   15.200     0.574541     0.003229     0.003195      3769458 
   15.300    -0.021735    -0.000121    -0.000119      3769657 
   15.400    -0.417807    -0.002274    -0.002272      3778044 
   15.500    -0.144834    -0.000787    -0.000790      3785486 
   15.600     0.135092     0.000735     0.000729      3774903 
   15.700    -0.700547    -0.003822    -0.003779      3726742 
   15.800    -0.416572    -0.002290    -0.002274      3748209 
   15.900    -0.385440    -0.002103    -0.002095      3751226 
   16.000     0.406249     0.002250     0.002245      3743482 
   16.100     0.488460     0.002683     0.002692      3768607 
   16.200    -0.101638    -0.000561    -0.000557      3753554 
   16.300    -0.354908    -0.001975    -0.001969      3738926 
   16.400     0.651090     0.003585     0.003585      3759897 
   16.500     0.485772     0.002674     0.002669      3751265 
   16.600     0.155108     0.000851     0.000853      3752180 
   16.700    -0.319982    -0.001729    -0.001752      3718097 
   16.800     0.209891     0.001140     0.001151      3741195 
   16.900     1.236468     0.006723     0.006780      3729999 
   17.000     0.773379     0.004175     0.004234      3736669 
   17.100    -0.408191    -0.002228    -0.002232      3768674 
   17.200     0.564034     0.003113     0.003119      3749249 
   17.300     0.358918     0.001978     0.001987      3734550 
   17.400     0.241308     0.001332     0.001325      3746216 
   17.500     0.207683     0.001126     0.001131      3729099 
   17.600    -0.216581    -0.001184    -0.001194      3716393 
   17.700    -0.334213    -0.001850    -0.001851      3739768 
   17.800     0.017666     0.000097     0.000097      3738507 
   17.900    -0.566181    -0.003130    -0.003134      3731721 
   18.000    -0.809453    -0.004423    -0.004449      3728584 
   18.100    -0.647579    -0.003522    -0.003553      3723973 
   18.200     0.158284     0.000884     0.000879      3729891 
   18.300     0.606341     0.003342     0.003337      3736523 
   18.400     0.770405     0.004272     0.004246      3732541 
   18.500     0.196063     0.001059     0.001069      3735366 
   18.600     0.656723     0.003641     0.003608      3705691 
   18.700    -0.367721    -0.002034    -0.002029      3701675 
   18.800    -0.048242    -0.000263    -0.000264      3733961 
   18.900     0.504879     0.002767     0.002762      3726164 
   19.000     0.141254     0.000765     0.000771      3708210 
   19.100    -0.584169    -0.003192    -0.003220      3686836 
   19.200    -0.006750    -0.000037    -0.000037      3687050 
   19.300    -0.433030    -0.002397    -0.002399      3690355 
   19.400     0.003419     0.000019     0.000019      3723163 
   19.500     0.398695     0.002177     0.002191      3722981 
   19.600     0.607620     0.003363     0.003372      3676654 
   19.700    -0.018747    -0.000104    -0.000105      3700569 
   19.800    -0.140469    -0.000777    -0.000779      3716795 
   19.900    -0.993268    -0.005468    -0.005505      3693935 
   20.000    -0.832784    -0.004612    -0.004589      3676486 
   20.100     0.006102     0.000034     0.000034      3673204 
   20.200     0.061656     0.000345     0.000346      3666741 
   20.300    -0.006114    -0.000034    -0.000034      3715512 
   20.400     0.649556     0.003617     0.003587      3701193 
   20.500    -0.290690    -0.001596    -0.001601      3714590 
   20.600    -0.817090    -0.004581    -0.004548      3703341 
   20.700    -0.247297    -0.001397    -0.001380      3693414 
   20.800    -0.108334    -0.000606    -0.000608      3666982 
   20.900    -0.520360    -0.002897    -0.002903      3700381 
   21.000     0.092489     0.000514     0.000516      3697630 
   21.100     0.032968     0.000183     0.000184      3661344 
   21.200    -0.073252    -0.000404    -0.000406      3677858 
   21.300     0.127048     0.000703     0.000709      3652061 
   21.400     0.977422     0.005487     0.005469      3667787 
   21.500    -0.230709    -0.001298    -0.001292      3677357 
   21.600    -0.618958    -0.003430    -0.003437      3670490 
   21.700    -1.353270    -0.007576    -0.007536      3675182 
   21.800    -0.771902    -0.004299    -0.004290      3686538 
   21.900    -0.466113    -0.002619    -0.002607      3677143 
   22.000     0.046900     0.000264     0.000263      3639512 
   22.100    -0.352632    -0.001992    -0.001986      3626018 
   22.200    -0.449195    -0.002496    -0.002503      3627488 
   22.300     0.215268     0.001197     0.001196      3648805 
   22.400    -0.247666    -0.001396    -0.001393      3650163 
   22.500    -0.447510    -0.002530    -0.002493      3667033 
   22.600    -0.318638    -0.001772    -0.001768      3655003 
   22.700    -0.376221    -0.002104    -0.002099      3655138 
   22.800     0.053932     0.000298     0.000299      3640559 
   22.900     1.175667     0.006614     0.006578      3607779 
   23.000    -0.253234    -0.001426    -0.001430      3637443 
   23.100     0.642211     0.003582     0.003591      3634831 
   23.200    -0.402678    -0.002252    -0.002269      3644974 
   23.300     0.430458     0.002408     0.002406      3637883 
   23.400     0.587665     0.003288     0.003278      3643812 
   23.500    -0.584439    -0.003264    -0.003269      3640221 
   23.600    -0.114844    -0.000644    -0.000646      3635798 
   23.700    -0.321873    -0.001810    -0.001815      3620662 
   23.800    -0.237710    -0.001328    -0.001338      3638826 
   23.900     0.036689     0.000207     0.000208      3629575 
   24.000    -0.817487    -0.004643    -0.004610      3604874 
   24.100    -0.020644    -0.000115    -0.000115      3635255 
   24.200    -0.377554    -0.002115    -0.002123      3617646 
   24.300    -0.879495    -0.004981    -0.004964      3614805 
   24.400    -0.693781    -0.003885    -0.003865      3640488 
   24.500     0.319532     0.001770     0.001798      3624823 
   24.600    -0.136660    -0.000769    -0.000768      3629156 
   24.700    -0.249145    -0.001400    -0.001397      3637999 
   24.800     0.090341     0.000504     0.000508      3609221 
   24.900     0.734604     0.004097     0.004103      3605145 
   25.000     0.027440     0.000153     0.000154      3607994 
   25.100     0.474373     0.002669     0.002659      3614706 
   25.200     0.323493     0.001830     0.001821      3604847 
   25.300     0.079579     0.000443     0.000444      3632450 
   25.400    -0.199499    -0.001120    -0.001108      3636279 
   25.500     0.711634     0.004020     0.003992      3611175 
   25.600     0.509009     0.002861     0.002870      3600561 
   25.700     0.341295     0.001937     0.001920      3579832 
   25.800     0.458070     0.002559     0.002572      3582812 
   25.900    -0.033786    -0.000190    -0.000191      3580169 
   26.000     0.853213     0.004835     0.004820      3582431 
   26.100    -0.423547    -0.002422    -0.002409      3565199 
   26.200     0.055744     0.000315     0.000313      3578337 
   26.300    -0.472068    -0.002633    -0.002645      3560727 
   26.400    -0.612939    -0.003394    -0.003431      3574110 
   26.500    -0.419010    -0.002352    -0.002361      3568664 
   26.600     0.178457     0.001005     0.001008      3540031 
   26.700     0.135401     0.000760     0.000762      3556435 
   26.800    -0.575352    -0.003277    -0.003264      3538760 
   26.900    -1.304449    -0.007329    -0.007432      3555314 
   27.000    -0.322651    -0.001800    -0.001815      3538393 
   27.100     0.347867     0.001974     0.001978      3511698 
   27.200    -0.304303    -0.001713    -0.001711      3537702 
   27.300    -0.011693    -0.000066    -0.000066      3501022 
   27.400    -0.171134    -0.000978    -0.000975      3531616 
   27.500    -0.487387    -0.002747    -0.002756      3521347 
   27.600    -0.709091    -0.003968    -0.004037      3515735 
   27.700    -0.266963    -0.001495    -0.001519      3523400 
   27.800     0.080334     0.000457     0.000457      3532331 
   27.900     0.344362     0.001963     0.001979      3543779 
   28.000    -0.036428    -0.000208    -0.000206      3530765 
   28.100    -0.443606    -0.002525    -0.002522      3517557 
   28.200    -0.645266    -0.003638    -0.003669      3520481 
   28.300    -0.843235    -0.004818    -0.004808      3516753 
   28.400    -0.194193    -0.001112    -0.001100      3510459 
   28.500    -0.115109    -0.000664    -0.000659      3493082 
   28.600     0.305585     0.001759     0.001763      3495671 
   28.700     0.005948     0.000034     0.000034      3497066 
   28.800    -0.111319    -0.000629    -0.000629      3532218 
   28.900    -0.046784    -0.000263    -0.000265      3524686 
   29.000     0.194235     0.001083     0.001091      3516517 
   29.100    -0.268197    -0.001516    -0.001516      3509249 
   29.200     0.130077     0.000725     0.000734      3496247 
   29.300     0.559981     0.003146     0.003172      3492510 
   29.400    -0.067767    -0.000378    -0.000382      3511051 
   29.500     0.296498     0.001672     0.001679      3481627 
   29.600     0.006852     0.000039     0.000039      3490791 
   29.700     0.449738     0.002538     0.002563      3464800 
   29.800     1.202574     0.006796     0.006851      3443724 
   29.900     0.568563     0.003209     0.003229      3456512 
   30.000     0.431845     0.002431     0.002461      3469990 
   30.100     0.347726     0.001931     0.001977      3457147 
   30.200    -0.466271    -0.002631    -0.002658      3483510 
   30.300    -0.163979    -0.000924    -0.000929      3509394 
   30.400    -0.137520    -0.000783    -0.000791      3472974 
   30.500    -0.335891    -0.001911    -0.001929      3472758 
   30.600     0.686845     0.003846     0.003907      3479903 
   30.700     0.638683     0.003612     0.003634      3478200 
   30.800     0.485921     0.002769     0.002782      3469037 
   30.900     0.280372     0.001587     0.001609      3444734 
   31.000    -0.429369    -0.002444    -0.002468      3459979 
   31.100     0.369286     0.002074     0.002123      3453319 
   31.200     0.251252     0.001415     0.001440      3469404 
   31.300    -0.040290    -0.000229    -0.000230      3451322 
   31.400     0.052823     0.000298     0.000303      3448755 
   31.500    -0.285024    -0.001635    -0.001641      3422020 
   31.600    -0.493227    -0.002790    -0.002797      3428586 
   31.700    -0.517746    -0.002955    -0.002976      3432554 
   31.800    -1.305099    -0.007475    -0.007529      3411795 
   31.900    -0.278796    -0.001576    -0.001589      3420047 
   32.000     0.032797     0.000187     0.000189      3441273 
   32.100     0.190828     0.001090     0.001094      3463574 
   32.200     0.149981     0.000856     0.000863      3421262 
   32.300     0.936133     0.005428     0.005410      3439008 
   32.400     0.683512     0.003876     0.003918      3439719 
   32.500     0.064747     0.000368     0.000372      3449099 
   32.600     0.219458     0.001253     0.001272      3420028 
   32.700     0.303752     0.001689     0.001719      3414291 
   32.800     0.546884     0.003104     0.003128      3434131 
   32.900    -0.607547    -0.003436    -0.003482      3420352 
   33.000     0.591341     0.003382     0.003409      3414019 
   33.100     0.672650     0.003847     0.003897      3395417 
   33.200     0.760515     0.004334     0.004378      3395694 
   33.300     0.545442     0.003137     0.003145      3374399 
   33.400     0.653192     0.003728     0.003772      3370944 
   33.500     0.294121     0.001692     0.001696      3382549 
   33.600     1.168355     0.006686     0.006769      3401005 
   33.700     0.531904     0.003050     0.003085      3399309 
   33.800     0.143244     0.000831     0.000833      3390825 
   33.900     0.107839     0.000622     0.000627      3391308 
   34.000     1.206558     0.006947     0.006984      3384049 
   34.100    -0.937416    -0.005452    -0.005498      3363548 
   34.200     0.509716     0.002971     0.002981      3369154 
   34.300     0.134733     0.000778     0.000780      3374639 
   34.400     1.287084     0.007400     0.007439      3378310 
   34.500     0.809885     0.004716     0.004702      3354560 
   34.600     0.032629     0.000190     0.000190      3344234 
   34.700    -0.376236    -0.002182    -0.002191      3356851 
   34.800     0.207764     0.001215     0.001202      3369564 
   34.900     0.052267     0.000305     0.000306      3351658 
   35.000     0.370897     0.002189     0.002184      3336664 
   35.100    -0.313578    -0.001846    -0.001839      3341786 
   35.200    -0.685307    -0.004016    -0.004039      3324927 
   35.300    -0.146048    -0.000844    -0.000854      3327994 
   35.400     0.017239     0.000101     0.000102      3327519 
   35.500     0.350694     0.002043     0.002055      3336711 
   35.600     0.569439     0.003323     0.003326      3329153 
   35.700    -0.385781    -0.002226    -0.002253      3307236 
   35.800     0.668530     0.003909     0.003928      3297679 
   35.900     0.478467     0.002791     0.002815      3317689 
   36.000     0.623683     0.003652     0.003650      3341551 
   36.100    -0.112337    -0.000656    -0.000662      3300456 
   36.200     0.291588     0.001687     0.001707      3304839 
   36.300     0.693884     0.004010     0.004060      3309246 
   36.400     0.166739     0.000964     0.000976      3308438 
   36.500    -0.300894    -0.001763    -0.001772      3296475 
   36.600    -0.867402    -0.005142    -0.005166      3271818 
   36.700    -0.393457    -0.002284    -0.002321      3270714 
   36.800    -0.071163    -0.000415    -0.000421      3300504 
   36.900     0.341881     0.001993     0.001999      3293299 
   37.000    -0.215514    -0.001257    -0.001261      3297251 
   37.100     0.250498     0.001475     0.001479      3284746 
   37.200     0.417737     0.002430     0.002441      3269770 
   37.300     0.327286     0.001902     0.001918      3277516 
   37.400     0.501439     0.002888     0.002924      3289261 
   37.500     0.378870     0.002205     0.002225      3261090 
   37.600     0.221569     0.001289     0.001316      3248700 
   37.700     0.309340     0.001784     0.001820      3290031 
   37.800     0.395386     0.002281     0.002329      3283321 
   37.900     0.233767     0.001340     0.001371      3311517 
   38.000    -0.072790    -0.000429    -0.000434      3273290 
   38.100     0.414301     0.002417     0.002449      3276291 
   38.200     0.090817     0.000529     0.000534      3296348 
   38.300    -0.530100    -0.003108    -0.003118      3271043 
   38.400    -0.468578    -0.002758    -0.002763      3260534 
   38.500    -0.232262    -0.001343    -0.001360      3269400 
   38.600     0.093781     0.000547     0.000552      3268972 
   38.700    -0.901390    -0.005336    -0.005325      3272151 
   38.800    -0.640874    -0.003714    -0.003748      3269305 
   38.900     0.089757     0.000519     0.000524      3282735 
   39.000    -0.018410    -0.000108    -0.000109      3280245 
   39.100    -0.439897    -0.002607    -0.002617      3240761 
   39.200    -0.512151    -0.003014    -0.003028      3261572 
   39.300    -0.313816    -0.001827    -0.001844      3258173 
   39.400    -0.365267    -0.002162    -0.002164      3259726 
   39.500    -0.536162    -0.003128    -0.003166      3251081 
   39.600     0.975689     0.005782     0.005792      3250286 
   39.700    -0.133095    -0.000784    -0.000794      3248416 
   39.800    -0.290421    -0.001696    -0.001701      3231775 
   39.900     1.048196     0.006070     0.006181      3217280 
   40.000     0.659983     0.003891     0.003925      3197417 
   40.100     0.878964     0.005223     0.005268      3203471 
   40.200     0.137930     0.000810     0.000823      3213047 
   40.300     0.663380     0.003854     0.003915      3229311 
   40.400     0.258755     0.001519     0.001518      3233883 
   40.500     0.266306     0.001564     0.001582      3220578 
   40.600     0.943399     0.005629     0.005603      3204112 
   40.700     0.453455     0.002691     0.002703      3193792 
   40.800     0.332475     0.001939     0.001963      3219363 
   40.900     0.125798     0.000747     0.000751      3177636 
   41.000     0.186697     0.001102     0.001116      3165747 
   41.100     0.050599     0.000305     0.000307      3164874 
   41.200    -0.964260    -0.005704    -0.005742      3195973 
   41.300     0.175335     0.001038     0.001053      3191546 
   41.400     0.436956     0.002590     0.002625      3190855 
   41.500     0.940051     0.005602     0.005666      3186863 
   41.600     0.809668     0.004860     0.004892      3164210 
   41.700     0.851012     0.005068     0.005104      3168175 
   41.800     0.775399     0.004606     0.004648      3174551 
   41.900     0.430135     0.002574     0.002601      3156800 
   42.000    -0.052398    -0.000314    -0.000318      3140127 
   42.100    -0.308947    -0.001826    -0.001858      3155242 
   42.200     0.677991     0.004122     0.004159      3116296 
   42.300     0.053305     0.000322     0.000326      3118662 
   42.400     0.372902     0.002267     0.002300      3131543 
   42.500     0.175748     0.001056     0.001063      3148623 
   42.600    -0.708318    -0.004204    -0.004263      3128028 
   42.700    -1.021248    -0.006061    -0.006140      3130607 
   42.800    -0.163788    -0.000964    -0.000983      3135199 
   42.900     0.661244     0.003969     0.003977      3129557 
   43.000     0.568655     0.003397     0.003426      3141326 
   43.100     0.784354     0.004641     0.004695      3117374 
   43.200     0.245149     0.001467     0.001484      3100312 
   43.300     0.657770     0.003936     0.003984      3094000 
   43.400     0.474957     0.002855     0.002888      3093978 
   43.500    -0.088574    -0.000529    -0.000536      3097944 
   43.600    -0.119451    -0.000712    -0.000711      3093457 
   43.700    -0.001120    -0.000007    -0.000007      3091323 
   43.800     0.207294     0.001252     0.001260      3083501 
   43.900    -0.268069    -0.001631    -0.001641      3083600 
   44.000     0.269700     0.001631     0.001654      3084166 
   44.100     0.203442     0.001210     0.001234      3074758 
   44.200     0.237380     0.001435     0.001457      3048754 
   44.300    -0.026119    -0.000157    -0.000160      3081920 
   44.400     0.040827     0.000244     0.000248      3086165 
   44.500     0.613650     0.003705     0.003739      3046706 
   44.600     0.483914     0.002950     0.002972      3038680 
   44.700     0.276518     0.001675     0.001702      3026125 
   44.800     0.553436     0.003358     0.003384      3044912 
   44.900     0.201270     0.001219     0.001229      3041054 
   45.000    -0.591412    -0.003574    -0.003628      3029414 
   45.100    -0.685285    -0.004072    -0.004152      3053319 
   45.200     0.126201     0.000762     0.000765      3048130 
   45.300     0.308021     0.001876     0.001894      3025852 
   45.400     0.284697     0.001693     0.001726      3030490 
   45.500     0.219560     0.001318     0.001339      3050175 
   45.600     0.230790     0.001410     0.001422      3016377 
   45.700     0.407688     0.002460     0.002512      3016955 
   45.800    -0.243231    -0.001467    -0.001491      2999407 
   45.900    -0.337152    -0.002036    -0.002064      3033717 
   46.000    -0.166553    -0.001010    -0.001020      3014358 
   46.100     0.061538     0.000374     0.000376      3032010 
   46.200    -0.116016    -0.000696    -0.000710      3015074 
   46.300     0.372082     0.002270     0.002279      3015150 
   46.400    -0.050756    -0.000313    -0.000314      3004207 
   46.500    -0.379598    -0.002341    -0.002377      3001829 
   46.600     0.677383     0.004142     0.004189      2992316 
   46.700    -0.417661    -0.002518    -0.002562      3005388 
   46.800     0.394144     0.002343     0.002392      3003162 
   46.900     0.061061     0.000373     0.000375      2994986 
   47.000     0.074706     0.000456     0.000461      2973216 
   47.100    -0.072012    -0.000435    -0.000441      2994539 
   47.200    -0.063830    -0.000391    -0.000394      2965289 
   47.300    -0.204535    -0.001259    -0.001261      2945231 
   47.400    -0.444462    -0.002731    -0.002767      2968851 
   47.500    -0.331932    -0.002045    -0.002057      2982389 
   47.600     0.149565     0.000926     0.000924      2973166 
   47.700    -0.605593    -0.003691    -0.003699      2969545 
   47.800    -0.742056    -0.004516    -0.004533      2973205 
   47.900    -0.635413    -0.003898    -0.003960      2920406 
   48.000    -0.552832    -0.003432    -0.003468      2940659 
   48.100    -0.424218    -0.002643    -0.002657      2956865 
   48.200    -0.653936    -0.004010    -0.004055      2929184 
   48.300    -0.805067    -0.005019    -0.005020      2944288 
   48.400    -1.145261    -0.007093    -0.007149      2925862 
   48.500    -1.621426    -0.009936    -0.010072      2923251 
   48.600    -0.702094    -0.004343    -0.004365      2929842 
   48.700    -1.093422    -0.006806    -0.006858      2915364 
   48.800    -1.256878    -0.007858    -0.007856      2898595 
   48.900    -0.473313    -0.002954    -0.002953      2916154 
   49.000     0.712929     0.004378     0.004462      2935382 
   49.100    -0.115509    -0.000706    -0.000719      2894057 
   49.200    -0.490095    -0.003029    -0.003056      2910953 
   49.300     0.216276     0.001332     0.001338      2900063 
   49.400    -0.068465    -0.000423    -0.000426      2905983 
   49.500     0.590590     0.003630     0.003669      2915878 
   49.600     0.379542     0.002343     0.002353      2934154 
   49.700    -0.025191    -0.000156    -0.000156      2942724 
   49.800    -0.509516    -0.003159    -0.003185      2904929 
   49.900    -1.226423    -0.007708    -0.007713      2898826 
   50.000    -0.167583    -0.001061    -0.001060      2878245 
   50.100    -0.305101    -0.001925    -0.001944      2855949 
   50.200    -0.432810    -0.002724    -0.002727      2851914 
   50.300    -0.431971    -0.002719    -0.002738      2873801 
   50.400    -0.553703    -0.003475    -0.003546      2823164 
   50.500     0.225166     0.001419     0.001432      2872203 
   50.600    -0.275950    -0.001743    -0.001751      2891804 
   50.700     0.207485     0.001309     0.001322      2883632 
   50.800    -0.000750    -0.000005    -0.000005      2861068 
   50.900     0.298598     0.001869     0.001877      2843687 
   51.000    -0.154743    -0.000976    -0.000974      2840712 
   51.100    -0.613989    -0.003867    -0.003890      2813900 
   51.200    -0.480893    -0.003035    -0.003051      2841632 
   51.300    -0.360974    -0.002295    -0.002290      2846713 
   51.400    -0.606833    -0.003869    -0.003873      2834400 
   51.500    -1.212110    -0.007512    -0.007654      2845002 
   51.600    -0.433594    -0.002732    -0.002760      2838902 
   51.700     0.201809     0.001266     0.001284      2823584 
   51.800     0.389217     0.002471     0.002485      2839006 
   51.900    -0.287732    -0.001805    -0.001825      2826875 
   52.000    -0.577756    -0.003611    -0.003655      2810688 
   52.100    -0.392550    -0.002471    -0.002482      2803569 
   52.200    -0.160861    -0.000993    -0.001017      2798406 
   52.300     0.349410     0.002178     0.002227      2797962 
   52.400    -0.670804    -0.004232    -0.004308      2775742 
   52.500    -0.778332    -0.004889    -0.004966      2791142 
   52.600    -0.134853    -0.000849    -0.000864      2787782 
   52.700    -0.118243    -0.000745    -0.000749      2807265 
   52.800    -0.841888    -0.005312    -0.005420      2793351 
   52.900    -0.927713    -0.005884    -0.005959      2781290 
   53.000    -0.294674    -0.001890    -0.001891      2775355 
   53.100    -0.276875    -0.001767    -0.001782      2797663 
   53.200    -1.234332    -0.007860    -0.007913      2795140 
   53.300    -0.991279    -0.006332    -0.006409      2776002 
   53.400    -0.991803    -0.006265    -0.006326      2778475 
   53.500    -0.415931    -0.002666    -0.002666      2778238 
   53.600    -1.040050    -0.006570    -0.006625      2762976 
   53.700    -0.044016    -0.000280    -0.000280      2765817 
   53.800    -0.127709    -0.000801    -0.000811      2753727 
   53.900     0.123758     0.000775     0.000786      2780763 
   54.000     0.119797     0.000757     0.000772      2739532 
   54.100     0.132602     0.000836     0.000854      2745099 
   54.200     0.147271     0.000940     0.000945      2735788 
   54.300     0.761074     0.004792     0.004836      2712713 
   54.400     1.173596     0.007479     0.007547      2730439 
   54.500     0.633250     0.004031     0.004081      2729069 
   54.600     0.818646     0.005327     0.005321      2724614 
   54.700    -0.085300    -0.000546    -0.000547      2742737 
   54.800     0.196868     0.001249     0.001267      2746355 
   54.900     0.271910     0.001734     0.001757      2722654 
   55.000     0.011354     0.000072     0.000073      2723404 
   55.100     0.006471     0.000042     0.000042      2716512 
   55.200    -0.144494    -0.000925    -0.000939      2714359 
   55.300     0.521000     0.003316     0.003358      2739169 
   55.400     0.277819     0.001774     0.001790      2714303 
   55.500     0.217870     0.001394     0.001406      2717684 
   55.600     0.431330     0.002728     0.002764      2722920 
   55.700     0.312401     0.001974     0.002013      2714510 
   55.800     0.902669     0.005728     0.005822      2690487 
   55.900     0.071187     0.000452     0.000463      2688647 
   56.000     0.100080     0.000632     0.000649      2711327 
   56.100     0.628487     0.004011     0.004068      2687231 
   56.200     0.087115     0.000562     0.000568      2679767 
   56.300     0.431924     0.002764     0.002811      2686695 
   56.400     0.377367     0.002437     0.002454      2689045 
   56.500    -0.132033    -0.000841    -0.000853      2711561 
   56.600    -0.003301    -0.000021    -0.000021      2706099 
   56.700     0.192628     0.001226     0.001242      2694580 
   56.800    -0.546342    -0.003548    -0.003584      2692310 
   56.900     0.343348     0.002237     0.002250      2684079 
   57.000    -0.593666    -0.003780    -0.003880      2661560 
   57.100    -0.411595    -0.002634    -0.002676      2650057 
   57.200    -0.126170    -0.000819    -0.000831      2663570 
   57.300     0.261057     0.001687     0.001700      2667248 
   57.400     0.031363     0.000203     0.000204      2639615 
   57.500    -0.154490    -0.000997    -0.001010      2651192 
   57.600    -1.017528    -0.006630    -0.006718      2638692 
   57.700     0.022529     0.000147     0.000147      2651900 
   57.800     0.085226     0.000548     0.000553      2650456 
   57.900     0.204488     0.001327     0.001351      2619914 
   58.000    -0.165872    -0.001068    -0.001084      2648231 
   58.100    -0.170130    -0.001096    -0.001114      2639321 
   58.200    -0.138053    -0.000908    -0.000915      2633082 
   58.300     0.777732     0.005107     0.005182      2623915 
   58.400     0.393167     0.002563     0.002601      2623237 
   58.500     0.667222     0.004305     0.004357      2625394 
   58.600     0.255717     0.001647     0.001671      2622795 
   58.700     0.086663     0.000568     0.000569      2623644 
   58.800     0.256924     0.001676     0.001695      2632092 
   58.900     1.042536     0.006763     0.006933      2596008 
   59.000     0.426767     0.002802     0.002854      2593844 
   59.100     0.485486     0.003221     0.003277      2576615 
   59.200    -0.006986    -0.000046    -0.000047      2580676 
   59.300    -0.047707    -0.000313    -0.000316      2608652 
   59.400    -0.045902    -0.000300    -0.000304      2602141 
   59.500     0.024298     0.000160     0.000160      2608750 
   59.600    -0.641162    -0.004270    -0.004255      2591458 
   59.700     0.180137     0.001180     0.001196      2572695 
   59.800    -0.918996    -0.006065    -0.006104      2592992 
   59.900    -0.138632    -0.000920    -0.000924      2587926 
   60.000    -0.018226    -0.000122    -0.000122      2581124 
   60.100    -0.491411    -0.003192    -0.003249      2568052 
   60.200    -0.199181    -0.001307    -0.001319      2595686 
   60.300    -0.449789    -0.002968    -0.003032      2555947 
   60.400     0.067018     0.000449     0.000449      2566814 
   60.500    -0.541931    -0.003561    -0.003633      2555734 
   60.600     0.116101     0.000772     0.000778      2562425 
   60.700     0.490372     0.003211     0.003238      2588702 
   60.800     0.125241     0.000816     0.000831      2582481 
   60.900     0.136239     0.000889     0.000900      2555934 
   61.000    -0.001420    -0.000009    -0.000009      2550816 
   61.100     0.280813     0.001865     0.001864      2532997 
   61.200    -0.180014    -0.001192    -0.001196      2521915 
   61.300     0.228475     0.001502     0.001524      2531468 
   61.400    -0.709712    -0.004703    -0.004753      2527843 
   61.500     0.076551     0.000506     0.000511      2555859 
   61.600    -0.547709    -0.003616    -0.003676      2529777 
   61.700    -0.537952    -0.003590    -0.003639      2516461 
   61.800    -0.509726    -0.003392    -0.003452      2511660 
   61.900    -0.125512    -0.000832    -0.000852      2512762 
   62.000    -0.036440    -0.000241    -0.000244      2502367 
   62.100    -0.269926    -0.001797    -0.001807      2500293 
   62.200    -0.548593    -0.003644    -0.003663      2524839 
   62.300    -0.677228    -0.004518    -0.004560      2514619 
   62.400    -0.676237    -0.004511    -0.004541      2496278 
   62.500    -1.253911    -0.008459    -0.008504      2477843 
   62.600     0.466273     0.003150     0.003168      2471404 
   62.700    -0.313072    -0.002090    -0.002112      2499563 
   62.800     0.324669     0.002187     0.002209      2476814 
   62.900     0.923367     0.006169     0.006265      2480676 
   63.000     0.421411     0.002851     0.002878      2469750 
   63.100    -0.101560    -0.000674    -0.000688      2478798 
   63.200    -0.492878    -0.003264    -0.003308      2507414 
   63.300    -0.189627    -0.001266    -0.001279      2496709 
   63.400     0.168611     0.001157     0.001156      2460287 
   63.500     0.114022     0.000766     0.000779      2473463 
   63.600     0.374967     0.002528     0.002543      2487766 
   63.700    -0.388386    -0.002605    -0.002624      2488338 
   63.800    -0.597941    -0.004005    -0.004064      2479032 
   63.900    -0.199691    -0.001340    -0.001360      2468147 
   64.000    -0.327620    -0.002220    -0.002258      2430443 
   64.100    -0.434496    -0.002931    -0.002963      2454188 
   64.200    -0.820227    -0.005470    -0.005569      2460279 
   64.300     0.114875     0.000766     0.000776      2449461 
   64.400    -0.370746    -0.002497    -0.002542      2436824 
   64.500    -0.597335    -0.004049    -0.004125      2431342 
   64.600    -0.618936    -0.004155    -0.004221      2441825 
   64.700    -0.611915    -0.004083    -0.004173      2444858 
   64.800    -0.812266    -0.005465    -0.005591      2427948 
   64.900     0.393696     0.002671     0.002706      2415078 
   65.000     0.157368     0.001072     0.001084      2411025 
   65.100    -0.050835    -0.000346    -0.000351      2431195 
   65.200    -0.018221    -0.000124    -0.000126      2417661 
   65.300    -0.136374    -0.000933    -0.000945      2427199 
   65.400    -0.233009    -0.001599    -0.001611      2416146 
   65.500    -0.435313    -0.002939    -0.002980      2427799 
   65.600    -0.476426    -0.003239    -0.003298      2417873 
   65.700    -0.238115    -0.001650    -0.001671      2408549 
   65.800     0.142365     0.000987     0.000991      2418109 
   65.900     0.533332     0.003602     0.003706      2399673 
   66.000    -0.213162    -0.001467    -0.001492      2399800 
   66.100     0.219349     0.001537     0.001551      2392391 
   66.200     0.260962     0.001821     0.001827      2389689 
   66.300    -0.352372    -0.002445    -0.002446      2384949 
   66.400    -0.661450    -0.004525    -0.004572      2395785 
   66.500    -0.645728    -0.004413    -0.004467      2379243 
   66.600    -0.084817    -0.000577    -0.000578      2380076 
   66.700     0.232254     0.001565     0.001586      2418012 
   66.800     0.510887     0.003537     0.003562      2391373 
   66.900     0.685058     0.004755     0.004794      2393341 
   67.000     0.131574     0.000899     0.000915      2387087 
   67.100    -0.400521    -0.002759    -0.002785      2382766 
   67.200     0.128521     0.000878     0.000886      2375540 
   67.300     0.754237     0.005074     0.005171      2387929 
   67.400     0.221052     0.001502     0.001525      2380140 
   67.500     0.813830     0.005554     0.005588      2385539 
   67.600     0.248620     0.001696     0.001715      2356229 
   67.700    -0.013061    -0.000089    -0.000091      2361463 
   67.800    -0.001898    -0.000013    -0.000013      2357242 
   67.900     0.222865     0.001553     0.001572      2370252 
   68.000    -0.657154    -0.004559    -0.004607      2358031 
   68.100     0.230794     0.001607     0.001623      2354348 
   68.200     0.020609     0.000141     0.000144      2361631 
   68.300    -0.457272    -0.003142    -0.003210      2347303 
   68.400    -0.019186    -0.000134    -0.000134      2338872 
   68.500     0.322964     0.002208     0.002241      2345308 
   68.600    -0.825094    -0.005681    -0.005754      2319269 
   68.700    -0.670381    -0.004625    -0.004665      2338719 
   68.800     0.471318     0.003237     0.003294      2353197 
   68.900     0.342498     0.002353     0.002398      2337432 
   69.000    -0.129699    -0.000901    -0.000909      2326455 
   69.100     0.324212     0.002269     0.002286      2345646 
   69.200    -0.289863    -0.001990    -0.002033      2325014 
   69.300     0.308017     0.002128     0.002156      2312371 
   69.400     0.176664     0.001222     0.001232      2318203 
   69.500     0.206422     0.001441     0.001450      2320140 
   69.600     0.274349     0.001923     0.001937      2310810 
   69.700    -0.018183    -0.000126    -0.000129      2320766 
   69.800    -0.294338    -0.002058    -0.002088      2291008 
   69.900     0.913509     0.006564     0.006620      2289217 
   70.000     0.127163     0.000899     0.000918      2277393 
   70.100     0.634757     0.004482     0.004556      2309107 
   70.200     0.177965     0.001249     0.001266      2301181 
   70.300     0.288590     0.002040     0.002058      2291708 
   70.400     0.489644     0.003451     0.003499      2290700 
   70.500     0.560344     0.003951     0.003988      2283809 
   70.600    -0.136756    -0.000953    -0.000974      2268295 
   70.700     0.127432     0.000866     0.000895      2283408 
   70.800     0.572896     0.003927     0.004009      2281128 
   70.900     1.106524     0.007626     0.007731      2285018 
   71.000     0.555741     0.003816     0.003886      2278711 
   71.100     0.528477     0.003681     0.003729      2279787 
   71.200     0.275307     0.001939     0.001971      2248556 
   71.300    -0.002394    -0.000017    -0.000017      2263379 
   71.400    -0.100130    -0.000691    -0.000706      2281393 
   71.500    -0.245028    -0.001681    -0.001728      2274674 
   71.600     0.251878     0.001732     0.001765      2280704 
   71.700     0.328712     0.002308     0.002327      2275406 
   71.800    -0.247038    -0.001708    -0.001746      2249382 
   71.900     0.453610     0.003169     0.003229      2259157 
   72.000    -0.705103    -0.004924    -0.004959      2287219 
   72.100    -0.585163    -0.004010    -0.004100      2255502 
   72.200     0.429519     0.002985     0.003041      2240526 
   72.300     1.362821     0.009605     0.009735      2253155 
   72.400     0.514640     0.003647     0.003670      2247451 
   72.500     0.141590     0.001014     0.001016      2252687 
   72.600     0.163847     0.001136     0.001153      2256795 
   72.700     0.641246     0.004513     0.004530      2244376 
   72.800    -0.140132    -0.000994    -0.001002      2225823 
   72.900    -0.519436    -0.003601    -0.003681      2259443 
   73.000    -0.303936    -0.002130    -0.002144      2238255 
   73.100    -0.414280    -0.002941    -0.002960      2239945 
   73.200     0.132208     0.000954     0.000962      2210003 
   73.300     0.391398     0.002794     0.002805      2221264 
   73.400    -0.265857    -0.001883    -0.001892      2232503 
   73.500    -0.023377    -0.000166    -0.000168      2206414 
   73.600    -0.116124    -0.000819    -0.000833      2213455 
   73.700    -0.356912    -0.002559    -0.002589      2233600 
   73.800     0.112682     0.000814     0.000820      2227469 
   73.900    -0.002097    -0.000015    -0.000015      2199968 
   74.000     0.938802     0.006780     0.006778      2190883 
   74.100     1.027903     0.007294     0.007390      2200597 
   74.200     0.223997     0.001580     0.001603      2214602 
   74.300    -0.311570    -0.002227    -0.002241      2196958 
   74.400    -0.371599    -0.002666    -0.002695      2183237 
   74.500     0.511405     0.003657     0.003720      2189879 
   74.600     1.003987     0.007271     0.007268      2180168 
   74.700     0.519624     0.003695     0.003727      2161644 
   74.800    -0.462313    -0.003349    -0.003370      2147043 
   74.900    -0.705927    -0.005063    -0.005144      2162093 
   75.000    -0.595193    -0.004212    -0.004281      2143508 
   75.100    -0.426708    -0.003049    -0.003098      2155088 
   75.200    -0.670930    -0.004746    -0.004818      2151179 
   75.300     0.110964     0.000795     0.000798      2165595 
   75.400     0.451461     0.003244     0.003274      2145133 
   75.500     0.711222     0.005108     0.005128      2129214 
   75.600     0.100563     0.000725     0.000728      2150970 
   75.700     0.028249     0.000202     0.000205      2159453 
   75.800     0.404152     0.002956     0.002992      2129239 
   75.900     0.335554     0.002395     0.002428      2124036 
   76.000     0.327546     0.002396     0.002418      2106039 
   76.100     0.221162     0.001577     0.001613      2116595 
   76.200     0.167191     0.001202     0.001224      2131631 
   76.300     0.072078     0.000513     0.000522      2136511 
   76.400     0.300112     0.002149     0.002166      2141411 
   76.500    -0.498938    -0.003608    -0.003626      2112813 
   76.600    -0.540551    -0.004005    -0.004012      2099539 
   76.700    -0.237434    -0.001701    -0.001745      2102430 
   76.800     0.462503     0.003344     0.003398      2093863 
   76.900     0.371856     0.002698     0.002730      2106599 
   77.000    -0.414010    -0.003058    -0.003080      2103656 
   77.100     0.073786     0.000523     0.000532      2100117 
   77.200    -0.157903    -0.001118    -0.001137      2119468 
   77.300    -0.193503    -0.001415    -0.001435      2107685 
   77.400     0.007506     0.000055     0.000055      2105851 
   77.500     0.873545     0.006495     0.006524      2093879 
   77.600     0.737242     0.005447     0.005453      2082941 
   77.700     0.859577     0.006390     0.006428      2088095 
   77.800     1.436118     0.010381     0.010643      2091893 
   77.900     0.184701     0.001359     0.001363      2096505 
   78.000     0.786646     0.005761     0.005847      2094786 
   78.100     0.468889     0.003381     0.003447      2099562 
   78.200     0.287722     0.002098     0.002110      2086465 
   78.300    -0.340993    -0.002528    -0.002547      2062114 
   78.400     0.286760     0.002104     0.002138      2066383 
   78.500     0.045877     0.000339     0.000343      2088911 
   78.600     0.129476     0.000945     0.000962      2076563 
   78.700     0.085520     0.000622     0.000626      2101504 
   78.800    -0.028637    -0.000211    -0.000212      2078264 
   78.900     0.010572     0.000078     0.000078      2076855 
   79.000     0.232586     0.001685     0.001711      2057959 
   79.100    -0.096744    -0.000697    -0.000710      2077610 
   79.200     0.535554     0.003867     0.003955      2052080 
   79.300     0.702281     0.005130     0.005172      2058153 
   79.400    -0.847901    -0.006199    -0.006246      2061669 
   79.500    -0.002574    -0.000019    -0.000019      2038711 
   79.600    -0.477411    -0.003458    -0.003545      2031442 
   79.700    -0.219607    -0.001600    -0.001634      2040054 
   79.800    -0.921888    -0.006638    -0.006770      2041187 
   79.900    -0.266389    -0.001933    -0.001959      2034475 
   80.000    -0.150657    -0.001096    -0.001117      2064677 
   80.100    -0.119305    -0.000884    -0.000889      2042148 
   80.200    -1.189840    -0.008678    -0.008881      2046840 
   80.300    -0.426015    -0.003161    -0.003166      2049007 
   80.400    -0.437415    -0.003294    -0.003296      2044781 
   80.500     0.567607     0.004202     0.004252      2040273 
   80.600    -0.041183    -0.000307    -0.000310      2031323 
   80.700     0.185690     0.001383     0.001395      2010902 
   80.800    -0.188212    -0.001393    -0.001403      2035740 
   80.900    -0.001092    -0.000008    -0.000008      2037266 
   81.000    -0.894616    -0.006666    -0.006728      2023393 
   81.100    -0.539724    -0.004043    -0.004096      2011964 
   81.200    -0.399120    -0.003015    -0.003049      1989371 
   81.300    -0.870892    -0.006463    -0.006562      2001661 
   81.400    -0.469420    -0.003495    -0.003554      1994317 
   81.500    -0.448975    -0.003354    -0.003411      1998283 
   81.600    -0.333695    -0.002486    -0.002538      1980389 
   81.700     0.002430     0.000018     0.000019      1971723 
   81.800    -0.039279    -0.000297    -0.000303      1967839 
   81.900    -0.451692    -0.003399    -0.003480      1978510 
   82.000    -0.405622    -0.003093    -0.003148      1972303 
   82.100    -0.836041    -0.006307    -0.006407      1956996 
   82.200    -0.788872    -0.006013    -0.006025      1948033 
   82.300    -0.554085    -0.004264    -0.004248      1953494 
   82.400    -0.956514    -0.007292    -0.007317      1967352 
   82.500    -0.805520    -0.006085    -0.006143      1964166 
   82.600    -1.256550    -0.009562    -0.009653      1959697 
   82.700    -0.771821    -0.005871    -0.005935      1956310 
   82.800    -0.176757    -0.001336    -0.001346      1941330 
   82.900    -0.528757    -0.003999    -0.004023      1940977 
   83.000     0.112196     0.000850     0.000859      1943893 
   83.100     0.451456     0.003430     0.003483      1940845 
   83.200    -0.646337    -0.004911    -0.004962      1949594 
   83.300    -1.372858    -0.010398    -0.010519      1910854 
   83.400    -0.477495    -0.003756    -0.003737      1936870 
   83.500    -1.013155    -0.007780    -0.007808      1916743 
   83.600    -0.913861    -0.007019    -0.007075      1928646 
   83.700    -0.003303    -0.000025    -0.000025      1940131 
   83.800     0.100196     0.000774     0.000778      1917357 
   83.900     0.068154     0.000514     0.000523      1915976 
   84.000     0.965046     0.007332     0.007438      1916064 
   84.100     0.561401     0.004194     0.004296      1909563 
   84.200     0.650964     0.004950     0.004995      1917254 
   84.300     0.276985     0.002137     0.002129      1913734 
   84.400     0.413506     0.003105     0.003165      1901915 
   84.500     0.000082     0.000001     0.000001      1907382 
   84.600    -0.334660    -0.002527    -0.002551      1899144 
   84.700     0.061468     0.000473     0.000477      1900726 
   84.800    -0.488214    -0.003745    -0.003752      1919394 
   84.900    -0.793249    -0.006184    -0.006241      1908452 
   85.000    -0.057777    -0.000451    -0.000455      1894194 
   85.100    -0.019320    -0.000148    -0.000148      1906754 
   85.200     0.175460     0.001293     0.001315      1915553 
   85.300     0.037436     0.000284     0.000287      1898064 
   85.400     0.160727     0.001240     0.001246      1899190 
   85.500    -0.354830    -0.002746    -0.002769      1897935 
   85.600    -0.437469    -0.003352    -0.003392      1906979 
   85.700    -0.737314    -0.005606    -0.005700      1891354 
   85.800    -1.175812    -0.009064    -0.009254      1889556 
   85.900    -0.095771    -0.000733    -0.000741      1892854 
   86.000    -0.633074    -0.004923    -0.004923      1890274 
   86.100    -0.221686    -0.001728    -0.001735      1892707 
   86.200     0.019256     0.000146     0.000149      1890215 
   86.300     0.545299     0.004273     0.004286      1878526 
   86.400     0.331896     0.002521     0.002539      1892827 
   86.500    -0.116168    -0.000902    -0.000909      1890555 
   86.600    -0.440176    -0.003449    -0.003457      1871524 
   86.700    -0.645936    -0.005028    -0.005005      1881592 
   86.800    -1.298185    -0.010088    -0.010063      1881078 
   86.900    -0.878110    -0.006803    -0.006795      1875035 
   87.000    -1.105878    -0.008637    -0.008695      1851512 
   87.100    -1.430076    -0.011246    -0.011241      1864095 
   87.200    -1.057979    -0.008202    -0.008252      1860668 
   87.300    -1.195828    -0.009269    -0.009451      1855386 
   87.400     0.512834     0.003978     0.003991      1844733 
   87.500     0.244589     0.001934     0.001933      1847384 
   87.600     0.256667     0.002033     0.002026      1857087 
   87.700    -0.513983    -0.004098    -0.004097      1844919 
   87.800    -0.029617    -0.000236    -0.000235      1845636 
   87.900     0.494722     0.003932     0.003906      1842764 
   88.000     0.176138     0.001377     0.001387      1825296 
   88.100     0.223022     0.001730     0.001740      1830711 
   88.200     0.172753     0.001355     0.001369      1823925 
   88.300    -0.495032    -0.004000    -0.004009      1819847 
   88.400    -0.087387    -0.000697    -0.000700      1810244 
   88.500     0.349500     0.002765     0.002767      1813082 
   88.600    -0.616314    -0.004851    -0.004891      1825845 
   88.700    -0.089767    -0.000708    -0.000718      1809930 
   88.800     0.224162     0.001749     0.001775      1817216 
   88.900    -0.357996    -0.002803    -0.002817      1815463 
   89.000    -0.816864    -0.006449    -0.006466      1809918 
   89.100    -1.203945    -0.009555    -0.009607      1786007 
   89.200    -0.446354    -0.003456    -0.003522      1802889 
   89.300    -0.381801    -0.003022    -0.003085      1791473 
   89.400    -0.183684    -0.001460    -0.001480      1808044 
   89.500    -0.302927    -0.002404    -0.002436      1793727 
   89.600    -0.290142    -0.002275    -0.002339      1795970 
   89.700    -0.275389    -0.002176    -0.002216      1797689 
   89.800    -0.401069    -0.003158    -0.003189      1791336 
   89.900    -0.722846    -0.005629    -0.005755      1798251 
   90.000     0.373671     0.002934     0.002989      1789083 
   90.100    -0.131834    -0.001035    -0.001038      1782604 
   90.200    -0.122311    -0.000958    -0.000974      1768428 
   90.300    -1.006983    -0.007895    -0.008010      1765498 
   90.400    -0.526792    -0.004139    -0.004201      1759481 
   90.500    -0.152488    -0.001209    -0.001211      1760562 
   90.600    -0.022517    -0.000182    -0.000181      1755146 
   90.700     0.309554     0.002445     0.002465      1762499 
   90.800    -0.560034    -0.004564    -0.004583      1758598 
   90.900    -0.341079    -0.002698    -0.002760      1766856 
   91.000     0.314212     0.002468     0.002513      1757396 
   91.100    -0.180756    -0.001459    -0.001465      1760939 
   91.200    -0.275557    -0.002187    -0.002236      1748028 
   91.300     0.426729     0.003373     0.003401      1737953 
   91.400    -0.858647    -0.006862    -0.006935      1721849 
   91.500    -0.542413    -0.004300    -0.004371      1744128 
   91.600    -0.017786    -0.000146    -0.000145      1726943 
   91.700    -0.233474    -0.001878    -0.001892      1722002 
   91.800     0.088620     0.000718     0.000720      1747781 
   91.900     0.281079     0.002292     0.002305      1741187 
   92.000    -0.119952    -0.000952    -0.000966      1725249 
   92.100     0.066843     0.000544     0.000548      1742686 
   92.200     0.952732     0.007569     0.007753      1720546 
   92.300     0.390375     0.003145     0.003177      1708714 
   92.400    -0.796589    -0.006500    -0.006534      1709564 
   92.500    -0.336287    -0.002664    -0.002750      1708624 
   92.600     0.202596     0.001641     0.001667      1695942 
   92.700     0.513776     0.004216     0.004231      1691318 
   92.800     1.142650     0.009394     0.009402      1691222 
   92.900     0.998887     0.008023     0.008146      1719197 
   93.000    -0.089294    -0.000734    -0.000736      1702127 
   93.100    -0.912477    -0.007653    -0.007644      1682686 
   93.200    -0.793385    -0.006431    -0.006508      1706804 
   93.300    -0.824874    -0.006706    -0.006781      1696145 
   93.400    -0.096848    -0.000781    -0.000791      1689652 
   93.500    -0.352777    -0.002918    -0.002958      1695721 
   93.600     0.524093     0.004306     0.004303      1687909 
   93.700     0.916507     0.007695     0.007659      1674672 
   93.800     0.604438     0.005067     0.005086      1652375 
   93.900     0.645033     0.005417     0.005414      1675117 
   94.000     0.358709     0.002991     0.003007      1660151 
   94.100     0.711084     0.005881     0.005904      1659819 
   94.200     0.280982     0.002296     0.002322      1658980 
   94.300     0.623378     0.005158     0.005209      1670994 
   94.400    -0.017017    -0.000140    -0.000143      1650422 
   94.500     0.753196     0.006044     0.006196      1655748 
   94.600    -0.001108    -0.000009    -0.000009      1657498 
   94.700     0.569208     0.004596     0.004689      1644567 
   94.800    -0.232206    -0.001904    -0.001929      1643409 
   94.900    -0.412828    -0.003396    -0.003463      1637606 
   95.000    -0.068032    -0.000551    -0.000559      1657141 
   95.100     0.047712     0.000378     0.000387      1648635 
   95.200     0.970162     0.007810     0.007961      1657576 
   95.300     0.787284     0.006415     0.006570      1630555 
   95.400     0.877829     0.007232     0.007394      1652943 
   95.500     0.202717     0.001672     0.001686      1641277 
   95.600     0.334334     0.002743     0.002792      1636359 
   95.700     0.445531     0.003663     0.003685      1646255 
   95.800    -0.109108    -0.000919    -0.000922      1624692 
   95.900    -0.277373    -0.002259    -0.002261      1642922 
   96.000    -0.065635    -0.000543    -0.000547      1640682 
   96.100    -0.342992    -0.002831    -0.002831      1655676 
   96.200    -0.085354    -0.000704    -0.000708      1637335 
   96.300     0.311481     0.002551     0.002571      1644290 
   96.400     0.079650     0.000666     0.000666      1615857 
   96.500    -0.063374    -0.000515    -0.000525      1646202 
   96.600    -0.034779    -0.000285    -0.000289      1630545 
   96.700    -0.010056    -0.000083    -0.000084      1612579 
   96.800    -0.143660    -0.001202    -0.001206      1604424 
   96.900    -0.334761    -0.002769    -0.002768      1613761 
   97.000     0.318342     0.002627     0.002655      1604983 
   97.100    -0.025927    -0.000213    -0.000216      1613263 
   97.200    -0.002517    -0.000021    -0.000021      1609104 
   97.300    -0.316892    -0.002617    -0.002652      1610524 
   97.400    -0.432889    -0.003538    -0.003571      1605030 
   97.500    -0.288696    -0.002387    -0.002413      1595115 
   97.600     0.066998     0.000564     0.000569      1588614 
   97.700     0.037183     0.000307     0.000313      1592794 
   97.800     0.624069     0.005176     0.005238      1598039 
   97.900     1.076861     0.008863     0.008994      1586629 
   98.000     0.390863     0.003327     0.003295      1589639 
   98.100     0.348980     0.002901     0.002923      1590690 
   98.200     0.240612     0.002002     0.002010      1585592 
   98.300    -0.274981    -0.002288    -0.002309      1598881 
   98.400    -0.235025    -0.001948    -0.001990      1604135 
   98.500    -0.334182    -0.002791    -0.002839      1591591 
   98.600    -0.255101    -0.002131    -0.002176      1553930 
   98.700    -0.671820    -0.005741    -0.005792      1569112 
   98.800    -0.245161    -0.002135    -0.002109      1567347 
   98.900    -0.136993    -0.001183    -0.001183      1548258 
   99.000     0.236946     0.002051     0.002043      1550462 
   99.100    -0.685888    -0.005794    -0.005841      1557674 
   99.200    -0.134880    -0.001138    -0.001159      1552033 
   99.300    -0.070621    -0.000595    -0.000607      1541072 
   99.400    -0.549877    -0.004572    -0.004633      1549605 
   99.500     0.082406     0.000709     0.000714      1558044 
   99.600     0.007276     0.000062     0.000063      1544724 
   99.700     0.492142     0.004129     0.004219      1541698 
   99.800    -0.632598    -0.005261    -0.005376      1549404 
   99.900    -0.459577    -0.003913    -0.003946      1532736 
  100.000    -0.076872    -0.000662    -0.000668      1520887 
