fitting 1 exponentials + affine
seed: 6145996140 
   27.355500 
    0.684 
   27.247033 
    0.692 
   25.920168 
    0.771 
   25.016765 
    0.808 
   24.954710 
    0.810 
   20.854417 
    0.900 
   19.440295 
    0.918 
   16.945650 
    0.943 
   16.866261 
    0.944 
   14.468976 
    0.990 
   13.312644 
    0.971 
   12.602577 
    0.977 
   12.557100 
    0.978 
   12.540615 
    0.978 
   12.459940 
    0.983 
   12.418090 
    0.981 
   12.417539 
    0.982 
   12.417412 
    0.981 
   12.417185 
    0.981 
   12.416971 
    0.981 
   12.416964 
    0.981 
   12.416964 
    0.981 
   12.416962 
    0.981 
   12.416962 
    0.981 
   12.416962 
    0.981 
   12.416962 
    0.981 
    0.981 
nagopt ncall: 1  oldvalue:     12.416962175 newvalue:    12.416962175
   12.416962 
    0.981350878 
error sd:     0.003524
halflife:    36.820 
mean (generations):    18.825 
    0.030640483    -0.000582801 
##end of run
