 ##Z-score and correlation:: ../../ancpop.list  binsize:     0.001000
    0.100    34.127450     0.177194     0.177948      5845721 
    0.200    11.030559     0.060254     0.060183      4349047 
    0.300     6.811465     0.036167     0.036265      4337738 
    0.400     6.075740     0.031885     0.031903      4282699 
    0.500     5.749856     0.030064     0.030064      4243582 
    0.600     5.511614     0.028669     0.028731      4225130 
    0.700     5.433858     0.028451     0.028519      4215047 
    0.800     4.652677     0.024370     0.024370      4191965 
    0.900     5.050013     0.026236     0.026474      4189362 
    1.000     4.811591     0.024967     0.025026      4189681 
    1.100     4.627647     0.024047     0.023804      4160954 
    1.200     5.118071     0.026891     0.026732      4179018 
    1.300     4.755908     0.024808     0.024873      4149021 
    1.400     4.434300     0.023223     0.023226      4111830 
    1.500     3.728253     0.019341     0.019438      4113453 
    1.600     3.852762     0.020116     0.020047      4117849 
    1.700     4.211387     0.022124     0.021962      4119602 
    1.800     4.676320     0.024158     0.024174      4109070 
    1.900     4.412569     0.023042     0.023033      4100449 
    2.000     3.977850     0.021162     0.021074      4082814 
    2.100     3.971818     0.020507     0.020655      4086704 
    2.200     3.806203     0.019624     0.019874      4090661 
    2.300     2.926527     0.015187     0.015339      4085597 
    2.400     3.062372     0.016001     0.015990      4073991 
    2.500     3.689271     0.019263     0.019404      4057447 
    2.600     3.807868     0.020066     0.020050      4049518 
    2.700     3.634369     0.018889     0.019038      4022477 
    2.800     3.584881     0.018821     0.018837      4037531 
    2.900     3.277713     0.017241     0.017301      4042025 
    3.000     3.589157     0.018772     0.019019      4036086 
    3.100     3.121746     0.016497     0.016567      4036852 
    3.200     2.612355     0.013723     0.013779      4039899 
    3.300     2.285152     0.012001     0.012009      4027770 
    3.400     1.712612     0.009046     0.009016      4029939 
    3.500     2.772531     0.014622     0.014651      4031106 
    3.600     2.521831     0.013266     0.013308      4022493 
    3.700     2.768171     0.014649     0.014698      4013089 
    3.800     2.996394     0.015792     0.015737      4009236 
    3.900     2.690224     0.014254     0.014297      3986507 
    4.000     2.547587     0.013496     0.013572      3985003 
    4.100     1.958695     0.010448     0.010496      3985777 
    4.200     1.964202     0.010471     0.010525      3980388 
    4.300     1.823136     0.009809     0.009721      3984376 
    4.400     2.130162     0.011489     0.011341      3961354 
    4.500     1.979103     0.010550     0.010451      3979899 
    4.600     2.340650     0.012425     0.012385      3969251 
    4.700     2.398044     0.012674     0.012614      3973878 
    4.800     1.866496     0.009935     0.009837      3980875 
    4.900     1.787132     0.009488     0.009455      3966655 
    5.000     2.098777     0.011017     0.011077      3976229 
    5.100     1.994530     0.010572     0.010555      3956205 
    5.200     1.989811     0.010495     0.010440      3977293 
    5.300     1.417504     0.007482     0.007457      3943555 
    5.400     1.726856     0.009167     0.009142      3975384 
    5.500     1.809850     0.009533     0.009531      3950498 
    5.600     1.735510     0.009219     0.009251      3949675 
    5.700     1.482125     0.007857     0.007884      3922765 
    5.800     2.357627     0.012491     0.012554      3909530 
    5.900     1.592173     0.008518     0.008431      3929087 
    6.000     1.329671     0.007157     0.007088      3944350 
    6.100     2.250617     0.011975     0.011981      3941015 
    6.200     1.425025     0.007553     0.007526      3947263 
    6.300     1.760278     0.009367     0.009293      3952632 
    6.400     1.727993     0.009064     0.009085      3948992 
    6.500     1.263630     0.006675     0.006694      3941074 
    6.600     1.763697     0.009282     0.009304      3939480 
    6.700     1.043239     0.005537     0.005547      3922397 
    6.800     1.549458     0.008264     0.008175      3916533 
    6.900     1.948147     0.010324     0.010326      3914731 
    7.000     1.798784     0.009570     0.009516      3949130 
    7.100     1.930041     0.010174     0.010199      3915023 
    7.200     1.223779     0.006407     0.006429      3962061 
    7.300     1.222889     0.006545     0.006509      3932157 
    7.400     1.817285     0.009697     0.009630      3936374 
    7.500     1.576634     0.008333     0.008377      3939029 
    7.600     0.660886     0.003542     0.003497      3914073 
    7.700     1.174055     0.006231     0.006213      3931378 
    7.800     0.085183     0.000455     0.000451      3922416 
    7.900     0.111670     0.000600     0.000595      3897985 
    8.000     0.405090     0.002166     0.002160      3928080 
    8.100     0.452349     0.002403     0.002401      3907562 
    8.200     0.363150     0.001948     0.001934      3924345 
    8.300     0.535592     0.002876     0.002840      3930981 
    8.400     0.930673     0.005047     0.004980      3946595 
    8.500     1.000530     0.005352     0.005311      3937056 
    8.600     1.011697     0.005488     0.005436      3903191 
    8.700     0.282691     0.001527     0.001525      3908980 
    8.800     0.885695     0.004661     0.004704      3911990 
    8.900     0.379849     0.002014     0.002005      3936557 
    9.000     1.344284     0.007234     0.007138      3915492 
    9.100     1.483132     0.008031     0.007988      3900237 
    9.200     1.906708     0.010182     0.010181      3883142 
    9.300     1.883035     0.010017     0.010113      3898718 
    9.400     1.163993     0.006340     0.006262      3895985 
    9.500     1.953791     0.010468     0.010533      3878646 
    9.600     1.752829     0.009402     0.009357      3892444 
    9.700     2.003516     0.010734     0.010712      3874753 
    9.800     1.794605     0.009659     0.009581      3864594 
    9.900     1.337675     0.007215     0.007132      3886103 
   10.000     0.752465     0.004051     0.004007      3876817 
   10.100     0.618213     0.003301     0.003295      3882786 
   10.200     0.884716     0.004751     0.004696      3886957 
   10.300     1.211546     0.006479     0.006426      3880871 
   10.400     1.293228     0.007003     0.006899      3865468 
   10.500     0.540460     0.002897     0.002879      3852100 
   10.600    -0.121855    -0.000650    -0.000649      3866673 
   10.700     0.942951     0.005106     0.005121      3854747 
   10.800     0.469873     0.002563     0.002539      3860965 
   10.900     0.542060     0.002932     0.002923      3858252 
   11.000     1.207112     0.006498     0.006480      3847733 
   11.100     1.035838     0.005637     0.005572      3841627 
   11.200     1.442772     0.007920     0.007816      3836654 
   11.300     1.585556     0.008662     0.008513      3864090 
   11.400     0.904366     0.004883     0.004863      3870214 
   11.500     1.030487     0.005553     0.005537      3868269 
   11.600     0.455973     0.002467     0.002460      3862688 
   11.700     0.389870     0.002120     0.002108      3823752 
   11.800     0.170500     0.000926     0.000925      3798839 
   11.900     0.147815     0.000792     0.000793      3835870 
   12.000     0.449237     0.002414     0.002423      3828812 
   12.100     0.384352     0.002069     0.002092      3822093 
   12.200     0.709322     0.003804     0.003840      3844128 
   12.300     0.598824     0.003204     0.003239      3825121 
   12.400     0.267761     0.001435     0.001444      3825019 
   12.500     0.375086     0.002017     0.002031      3857925 
   12.600     0.465483     0.002483     0.002495      3859857 
   12.700     0.769029     0.004130     0.004161      3824640 
   12.800     1.228872     0.006595     0.006608      3817200 
   12.900     0.495407     0.002694     0.002691      3826151 
   13.000     0.034070     0.000183     0.000183      3802404 
   13.100     0.822753     0.004457     0.004474      3789036 
   13.200     0.648787     0.003502     0.003517      3789723 
   13.300     0.664490     0.003541     0.003591      3811332 
   13.400     0.213088     0.001148     0.001155      3786374 
   13.500    -0.412543    -0.002242    -0.002241      3782000 
   13.600     0.004549     0.000025     0.000025      3806899 
   13.700     0.155045     0.000837     0.000836      3796515 
   13.800    -0.128670    -0.000691    -0.000695      3808278 
   13.900     0.427250     0.002305     0.002313      3764391 
   14.000     0.151190     0.000813     0.000819      3811283 
   14.100     0.243323     0.001326     0.001333      3792048 
   14.200     0.165477     0.000888     0.000897      3781459 
   14.300     0.278223     0.001481     0.001508      3777982 
   14.400    -0.063618    -0.000347    -0.000347      3775848 
   14.500     0.127217     0.000690     0.000692      3778782 
   14.600     0.580215     0.003126     0.003162      3775214 
   14.700     1.050845     0.005782     0.005771      3756706 
   14.800     0.953437     0.005098     0.005169      3760784 
   14.900     0.287567     0.001545     0.001557      3776631 
   15.000     0.428327     0.002352     0.002330      3747762 
   15.100     0.687241     0.003726     0.003741      3776333 
   15.200     0.346107     0.001900     0.001898      3769458 
   15.300     1.044080     0.005652     0.005651      3769657 
   15.400     1.523602     0.008234     0.008284      3778044 
   15.500     0.672525     0.003605     0.003629      3785486 
   15.600     0.355733     0.001941     0.001932      3774903 
   15.700     0.652018     0.003557     0.003554      3726742 
   15.800     0.255876     0.001401     0.001399      3748209 
   15.900    -0.318832    -0.001723    -0.001731      3751226 
   16.000    -0.591297    -0.003271    -0.003245      3743482 
   16.100    -0.006035    -0.000033    -0.000033      3768607 
   16.200    -0.130475    -0.000720    -0.000716      3753554 
   16.300    -0.047264    -0.000257    -0.000258      3738926 
   16.400    -0.181632    -0.000979    -0.000980      3759897 
   16.500     0.250466     0.001355     0.001361      3751265 
   16.600     0.618222     0.003326     0.003316      3752180 
   16.700     1.595278     0.008575     0.008655      3718097 
   16.800     0.576851     0.003101     0.003135      3741195 
   16.900     0.205074     0.001117     0.001121      3729999 
   17.000     0.265192     0.001427     0.001450      3736669 
   17.100    -0.149828    -0.000814    -0.000812      3768674 
   17.200    -0.309547    -0.001667    -0.001679      3749249 
   17.300     0.587341     0.003202     0.003212      3734550 
   17.400    -0.024952    -0.000136    -0.000136      3746216 
   17.500     1.381088     0.007382     0.007475      3729099 
   17.600     0.480446     0.002609     0.002642      3716393 
   17.700     0.465834     0.002513     0.002552      3739768 
   17.800     0.072906     0.000391     0.000394      3738507 
   17.900    -0.478825    -0.002597    -0.002609      3731721 
   18.000     0.041457     0.000226     0.000227      3728584 
   18.100     0.233073     0.001262     0.001274      3723973 
   18.200     0.123969     0.000678     0.000678      3729891 
   18.300     0.868523     0.004719     0.004736      3736523 
   18.400     0.281668     0.001519     0.001538      3732541 
   18.500    -0.322505    -0.001712    -0.001741      3735366 
   18.600     0.107585     0.000586     0.000585      3705691 
   18.700     0.489705     0.002698     0.002694      3701675 
   18.800     0.068224     0.000367     0.000370      3733961 
   18.900    -0.133474    -0.000717    -0.000722      3726164 
   19.000    -0.030282    -0.000161    -0.000164      3708210 
   19.100    -0.336037    -0.001824    -0.001845      3686836 
   19.200     0.030194     0.000162     0.000164      3687050 
   19.300     0.159509     0.000862     0.000872      3690355 
   19.400    -0.182354    -0.000984    -0.000997      3723163 
   19.500     1.044256     0.005654     0.005694      3722981 
   19.600     0.952682     0.005231     0.005230      3676654 
   19.700     0.784961     0.004357     0.004332      3700569 
   19.800    -0.263637    -0.001440    -0.001438      3716795 
   19.900     0.224525     0.001228     0.001238      3693935 
   20.000    -0.612387    -0.003362    -0.003365      3676486 
   20.100    -0.878878    -0.004824    -0.004834      3673204 
   20.200     0.228950     0.001257     0.001265      3666741 
   20.300    -0.269083    -0.001450    -0.001465      3715512 
   20.400    -0.265680    -0.001450    -0.001449      3701193 
   20.500    -0.376213    -0.002053    -0.002059      3714590 
   20.600    -1.028431    -0.005623    -0.005624      3703341 
   20.700    -0.347497    -0.001910    -0.001912      3693414 
   20.800    -0.307927    -0.001691    -0.001703      3666982 
   20.900    -0.938655    -0.005151    -0.005134      3700381 
   21.000    -0.845341    -0.004640    -0.004634      3697630 
   21.100    -1.029384    -0.005607    -0.005645      3661344 
   21.200    -0.370117    -0.002001    -0.002022      3677858 
   21.300    -0.942681    -0.005132    -0.005212      3652061 
   21.400     0.071975     0.000396     0.000395      3667787 
   21.500     0.104115     0.000570     0.000574      3677357 
   21.600    -0.259756    -0.001418    -0.001421      3670490 
   21.700     0.095465     0.000523     0.000522      3675182 
   21.800    -0.883127    -0.004839    -0.004828      3686538 
   21.900    -0.162756    -0.000891    -0.000886      3677143 
   22.000    -0.502127    -0.002769    -0.002761      3639512 
   22.100    -0.910494    -0.005023    -0.005015      3626018 
   22.200     0.042273     0.000231     0.000233      3627488 
   22.300    -0.617054    -0.003334    -0.003372      3648805 
   22.400    -0.496428    -0.002731    -0.002736      3650163 
   22.500     0.479336     0.002667     0.002648      3667033 
   22.600     1.568395     0.008618     0.008587      3655003 
   22.700     0.126389     0.000696     0.000693      3655138 
   22.800     0.232331     0.001268     0.001283      3640559 
   22.900     0.099975     0.000560     0.000559      3607779 
   23.000    -0.296241    -0.001655    -0.001645      3637443 
   23.100     0.131929     0.000725     0.000733      3634831 
   23.200    -0.039277    -0.000217    -0.000218      3644974 
   23.300     0.504371     0.002794     0.002802      3637883 
   23.400     0.394133     0.002198     0.002193      3643812 
   23.500    -0.510390    -0.002803    -0.002819      3640221 
   23.600    -1.393187    -0.007814    -0.007783      3635798 
   23.700    -0.392039    -0.002197    -0.002203      3620662 
   23.800     0.345140     0.001927     0.001911      3638826 
   23.900    -0.150831    -0.000843    -0.000845      3629575 
   24.000    -0.165591    -0.000924    -0.000916      3604874 
   24.100    -0.040723    -0.000227    -0.000226      3635255 
   24.200    -0.039121    -0.000214    -0.000216      3617646 
   24.300    -0.507816    -0.002835    -0.002809      3614805 
   24.400    -0.659167    -0.003642    -0.003644      3640488 
   24.500     0.417390     0.002295     0.002316      3624823 
   24.600     0.256654     0.001397     0.001421      3629156 
   24.700    -0.203665    -0.001123    -0.001129      3637999 
   24.800    -0.531464    -0.002958    -0.002970      3609221 
   24.900     0.311070     0.001720     0.001728      3605145 
   25.000     0.289761     0.001580     0.001589      3607994 
   25.100     0.122648     0.000676     0.000680      3614706 
   25.200    -0.358130    -0.001979    -0.001992      3604847 
   25.300    -0.409573    -0.002258    -0.002267      3632450 
   25.400    -0.418712    -0.002336    -0.002331      3636279 
   25.500    -0.225564    -0.001255    -0.001252      3611175 
   25.600    -0.710801    -0.003940    -0.003966      3600561 
   25.700     0.226109     0.001256     0.001255      3579832 
   25.800     0.196573     0.001085     0.001091      3582812 
   25.900    -0.941583    -0.005217    -0.005269      3580169 
   26.000    -0.331811    -0.001834    -0.001841      3582431 
   26.100    -0.602628    -0.003351    -0.003355      3565199 
   26.200     0.231790     0.001294     0.001299      3578337 
   26.300    -0.180049    -0.000998    -0.001001      3560727 
   26.400     0.391963     0.002175     0.002192      3574110 
   26.500     0.663976     0.003670     0.003714      3568664 
   26.600    -0.219237    -0.001215    -0.001235      3540031 
   26.700    -0.213994    -0.001186    -0.001197      3556435 
   26.800    -0.684187    -0.003793    -0.003823      3538760 
   26.900     0.345187     0.001913     0.001941      3555314 
   27.000     0.683930     0.003789     0.003842      3538393 
   27.100     0.249277     0.001411     0.001417      3511698 
   27.200    -0.208995    -0.001171    -0.001174      3537702 
   27.300     0.022072     0.000123     0.000123      3501022 
   27.400     0.355747     0.001987     0.001994      3531616 
   27.500    -0.344193    -0.001900    -0.001922      3521347 
   27.600     0.068238     0.000379     0.000385      3515735 
   27.700    -0.193974    -0.001084    -0.001094      3523400 
   27.800    -0.177727    -0.000978    -0.000993      3532331 
   27.900    -0.259692    -0.001443    -0.001455      3543779 
   28.000     0.431223     0.002433     0.002419      3530765 
   28.100    -1.126428    -0.006379    -0.006382      3517557 
   28.200    -1.383444    -0.007859    -0.007854      3520481 
   28.300    -0.583665    -0.003268    -0.003292      3516753 
   28.400    -0.156429    -0.000876    -0.000877      3510459 
   28.500    -0.244199    -0.001388    -0.001385      3493082 
   28.600    -0.368091    -0.002089    -0.002087      3495671 
   28.700     0.598614     0.003385     0.003386      3497066 
   28.800     0.167926     0.000943     0.000940      3532218 
   28.900    -0.244652    -0.001365    -0.001380      3524686 
   29.000    -0.202100    -0.001139    -0.001140      3516517 
   29.100    -1.167479    -0.006573    -0.006605      3509249 
   29.200    -0.307383    -0.001748    -0.001740      3496247 
   29.300     0.010401     0.000058     0.000058      3492510 
   29.400    -0.081083    -0.000444    -0.000449      3511051 
   29.500    -0.701914    -0.003964    -0.003973      3481627 
   29.600    -0.309650    -0.001725    -0.001748      3490791 
   29.700    -0.613513    -0.003425    -0.003456      3464800 
   29.800     0.119968     0.000672     0.000681      3443724 
   29.900    -0.324627    -0.001794    -0.001813      3456512 
   30.000    -0.332780    -0.001837    -0.001870      3469990 
   30.100     0.097101     0.000542     0.000551      3457147 
   30.200    -0.655339    -0.003663    -0.003700      3483510 
   30.300    -0.660106    -0.003663    -0.003702      3509394 
   30.400    -0.566465    -0.003156    -0.003231      3472974 
   30.500     0.084177     0.000480     0.000483      3472758 
   30.600    -0.760380    -0.004300    -0.004342      3479903 
   30.700    -0.597347    -0.003341    -0.003386      3478200 
   30.800    -0.457630    -0.002577    -0.002602      3469037 
   30.900     0.140289     0.000776     0.000796      3444734 
   31.000     0.035547     0.000199     0.000202      3459979 
   31.100    -0.789700    -0.004383    -0.004506      3453319 
   31.200    -1.068909    -0.005956    -0.006050      3469404 
   31.300    -0.924586    -0.005129    -0.005228      3451322 
   31.400    -1.058984    -0.005888    -0.005973      3448755 
   31.500    -0.818413    -0.004574    -0.004629      3422020 
   31.600    -1.307561    -0.007250    -0.007384      3428586 
   31.700    -0.792652    -0.004418    -0.004498      3432554 
   31.800    -0.427302    -0.002415    -0.002469      3411795 
   31.900    -0.196023    -0.001117    -0.001121      3420047 
   32.000    -1.207955    -0.006756    -0.006868      3441273 
   32.100    -0.301650    -0.001688    -0.001712      3463574 
   32.200    -0.775383    -0.004299    -0.004391      3421262 
   32.300    -0.122422    -0.000695    -0.000704      3439008 
   32.400    -1.094408    -0.006087    -0.006246      3439719 
   32.500    -0.313598    -0.001749    -0.001777      3449099 
   32.600    -0.624084    -0.003476    -0.003542      3420028 
   32.700    -1.270243    -0.006987    -0.007137      3414291 
   32.800    -0.988175    -0.005501    -0.005588      3434131 
   32.900    -0.521209    -0.002856    -0.002936      3420352 
   33.000     0.052195     0.000288     0.000296      3414019 
   33.100    -1.411887    -0.007853    -0.008048      3395417 
   33.200    -1.435692    -0.008046    -0.008171      3395694 
   33.300    -0.211976    -0.001185    -0.001208      3374399 
   33.400    -0.382178    -0.002148    -0.002176      3370944 
   33.500    -0.234477    -0.001315    -0.001333      3382549 
   33.600     0.260263     0.001448     0.001478      3401005 
   33.700    -0.472462    -0.002650    -0.002706      3399309 
   33.800    -0.457351    -0.002587    -0.002611      3390825 
   33.900    -0.198267    -0.001114    -0.001132      3391308 
   34.000    -0.895588    -0.005053    -0.005120      3384049 
   34.100    -0.095289    -0.000548    -0.000553      3363548 
   34.200     0.221795     0.001269     0.001272      3369154 
   34.300     0.011563     0.000065     0.000066      3374639 
   34.400     0.045726     0.000257     0.000261      3378310 
   34.500    -0.213493    -0.001212    -0.001217      3354560 
   34.600    -0.655513    -0.003742    -0.003778      3344234 
   34.700    -0.163864    -0.000941    -0.000952      3356851 
   34.800     0.560726     0.003189     0.003199      3369564 
   34.900    -0.445091    -0.002531    -0.002552      3351658 
   35.000     0.265915     0.001549     0.001554      3336664 
   35.100    -0.332524    -0.001907    -0.001922      3341786 
   35.200    -0.985603    -0.005648    -0.005711      3324927 
   35.300    -0.755123    -0.004321    -0.004383      3327994 
   35.400    -0.418896    -0.002418    -0.002449      3327519 
   35.500     0.094277     0.000540     0.000543      3336711 
   35.600    -0.025699    -0.000148    -0.000148      3329153 
   35.700    -0.539941    -0.003139    -0.003136      3307236 
   35.800    -0.491205    -0.002831    -0.002836      3297679 
   35.900    -1.006679    -0.005819    -0.005806      3317689 
   36.000    -0.504120    -0.002902    -0.002915      3341551 
   36.100    -1.089623    -0.006345    -0.006322      3300456 
   36.200    -0.789901    -0.004567    -0.004556      3304839 
   36.300    -0.503111    -0.002871    -0.002902      3309246 
   36.400    -0.305083    -0.001726    -0.001751      3308438 
   36.500    -0.247819    -0.001415    -0.001422      3296475 
   36.600    -0.250466    -0.001439    -0.001457      3271818 
   36.700    -0.578751    -0.003325    -0.003347      3270714 
   36.800    -0.411258    -0.002342    -0.002360      3300504 
   36.900    -0.829315    -0.004729    -0.004804      3293299 
   37.000    -1.274193    -0.007381    -0.007392      3297251 
   37.100    -0.765684    -0.004400    -0.004430      3284746 
   37.200    -0.557390    -0.003200    -0.003209      3269770 
   37.300    -0.025171    -0.000145    -0.000146      3277516 
   37.400     0.112079     0.000648     0.000648      3289261 
   37.500    -0.112720    -0.000654    -0.000654      3261090 
   37.600    -0.398994    -0.002309    -0.002324      3248700 
   37.700    -0.328069    -0.001869    -0.001903      3290031 
   37.800    -0.664650    -0.003812    -0.003844      3283321 
   37.900    -0.481274    -0.002767    -0.002808      3311517 
   38.000    -0.343917    -0.001972    -0.001993      3273290 
   38.100    -0.373493    -0.002153    -0.002177      3276291 
   38.200    -0.457314    -0.002628    -0.002660      3296348 
   38.300    -0.220092    -0.001253    -0.001257      3271043 
   38.400     0.146277     0.000846     0.000852      3260534 
   38.500     0.704355     0.004066     0.004118      3269400 
   38.600    -0.044258    -0.000255    -0.000259      3268972 
   38.700    -0.347861    -0.002003    -0.002015      3272151 
   38.800    -1.718023    -0.009867    -0.010012      3269305 
   38.900    -1.221614    -0.007056    -0.007091      3282735 
   39.000    -0.848994    -0.004899    -0.004948      3280245 
   39.100     0.602072     0.003524     0.003550      3240761 
   39.200    -0.044145    -0.000258    -0.000259      3261572 
   39.300    -0.322384    -0.001860    -0.001880      3258173 
   39.400     0.160499     0.000929     0.000929      3259726 
   39.500    -0.002226    -0.000013    -0.000013      3251081 
   39.600    -1.230292    -0.007086    -0.007161      3250286 
   39.700    -0.487388    -0.002794    -0.002839      3248416 
   39.800    -0.025878    -0.000150    -0.000152      3231775 
   39.900    -0.464727    -0.002707    -0.002739      3217280 
   40.000     0.243547     0.001407     0.001434      3197417 
   40.100    -0.977996    -0.005702    -0.005790      3203471 
   40.200     0.097358     0.000565     0.000575      3213047 
   40.300    -0.068603    -0.000396    -0.000403      3229311 
   40.400     0.323886     0.001879     0.001886      3233883 
   40.500    -0.497932    -0.002899    -0.002914      3220578 
   40.600    -0.113640    -0.000678    -0.000676      3204112 
   40.700    -0.551973    -0.003249    -0.003268      3193792 
   40.800    -0.283070    -0.001636    -0.001650      3219363 
   40.900    -0.197358    -0.001171    -0.001168      3177636 
   41.000    -0.353941    -0.002105    -0.002111      3165747 
   41.100    -0.530002    -0.003135    -0.003160      3164874 
   41.200    -0.664378    -0.003876    -0.003892      3195973 
   41.300    -0.618207    -0.003620    -0.003642      3191546 
   41.400    -0.274526    -0.001620    -0.001639      3190855 
   41.500    -0.791995    -0.004682    -0.004690      3186863 
   41.600    -0.085697    -0.000511    -0.000509      3164210 
   41.700    -1.027570    -0.006204    -0.006169      3168175 
   41.800    -1.147038    -0.006767    -0.006837      3174551 
   41.900    -0.582405    -0.003408    -0.003438      3156800 
   42.000    -0.599393    -0.003564    -0.003597      3140127 
   42.100    -0.571783    -0.003380    -0.003396      3155242 
   42.200    -0.815695    -0.004847    -0.004894      3116296 
   42.300    -0.806339    -0.004808    -0.004859      3118662 
   42.400    -0.935284    -0.005610    -0.005641      3131543 
   42.500    -1.121018    -0.006617    -0.006645      3148623 
   42.600    -0.455093    -0.002711    -0.002725      3128028 
   42.700    -0.552499    -0.003261    -0.003270      3130607 
   42.800    -0.188061    -0.001104    -0.001113      3135199 
   42.900    -0.502266    -0.002969    -0.002971      3129557 
   43.000    -0.317631    -0.001893    -0.001889      3141326 
   43.100    -0.457599    -0.002739    -0.002741      3117374 
   43.200    -0.984214    -0.005812    -0.005865      3100312 
   43.300    -0.941744    -0.005642    -0.005649      3094000 
   43.400    -1.472278    -0.008829    -0.008857      3093978 
   43.500    -0.696585    -0.004198    -0.004203      3097944 
   43.600    -0.624249    -0.003826    -0.003752      3093457 
   43.700    -0.753914    -0.004515    -0.004558      3091323 
   43.800    -0.237929    -0.001436    -0.001443      3083501 
   43.900    -0.988737    -0.005971    -0.005982      3083600 
   44.000    -1.241443    -0.007496    -0.007466      3084166 
   44.100    -0.554836    -0.003305    -0.003335      3074758 
   44.200     0.868499     0.005188     0.005240      3048754 
   44.300     0.388031     0.002352     0.002350      3081920 
   44.400    -0.402746    -0.002410    -0.002432      3086165 
   44.500     0.137933     0.000832     0.000836      3046706 
   44.600    -0.483606    -0.002866    -0.002948      3038680 
   44.700    -0.229987    -0.001395    -0.001407      3026125 
   44.800     0.152871     0.000917     0.000921      3044912 
   44.900     0.033572     0.000201     0.000203      3041054 
   45.000    -0.037699    -0.000224    -0.000229      3029414 
   45.100    -0.328610    -0.001967    -0.001969      3053319 
   45.200    -0.301339    -0.001821    -0.001820      3048130 
   45.300     0.586478     0.003526     0.003539      3025852 
   45.400     0.523062     0.003152     0.003183      3030490 
   45.500     0.305430     0.001847     0.001856      3050175 
   45.600     0.778457     0.004707     0.004735      3016377 
   45.700     0.854548     0.005161     0.005238      3016955 
   45.800     0.110387     0.000671     0.000674      2999407 
   45.900     0.352269     0.002119     0.002121      3033717 
   46.000    -0.468312    -0.002810    -0.002833      3014358 
   46.100    -0.592645    -0.003587    -0.003581      3032010 
   46.200    -0.244781    -0.001503    -0.001495      3015074 
   46.300     0.015857     0.000097     0.000096      3015150 
   46.400    -0.453183    -0.002744    -0.002749      3004207 
   46.500     0.684616     0.004198     0.004196      3001829 
   46.600     0.648285     0.003976     0.003972      2992316 
   46.700     0.029343     0.000179     0.000180      3005388 
   46.800    -0.418328    -0.002516    -0.002548      3003162 
   46.900    -0.468296    -0.002848    -0.002859      2994986 
   47.000    -0.066110    -0.000397    -0.000403      2973216 
   47.100    -0.355853    -0.002137    -0.002164      2994539 
   47.200     0.142322     0.000866     0.000867      2965289 
   47.300    -0.403056    -0.002489    -0.002505      2945231 
   47.400    -0.898920    -0.005488    -0.005537      2968851 
   47.500     0.154464     0.000945     0.000944      2982389 
   47.600     0.296346     0.001796     0.001805      2973166 
   47.700     0.401496     0.002435     0.002461      2969545 
   47.800    -0.524765    -0.003169    -0.003208      2973205 
   47.900    -0.423323    -0.002586    -0.002613      2920406 
   48.000    -0.731452    -0.004483    -0.004509      2940659 
   48.100    -0.019293    -0.000119    -0.000120      2956865 
   48.200     0.101533     0.000621     0.000633      2929184 
   48.300     0.156196     0.000957     0.000959      2944288 
   48.400    -0.115140    -0.000699    -0.000705      2925862 
   48.500     0.511714     0.003118     0.003144      2923251 
   48.600     0.376687     0.002341     0.002325      2929842 
   48.700     0.104736     0.000652     0.000650      2915364 
   48.800     0.356761     0.002224     0.002199      2898595 
   48.900    -0.004150    -0.000026    -0.000026      2916154 
   49.000     0.718466     0.004399     0.004405      2935382 
   49.100    -0.203599    -0.001246    -0.001248      2894057 
   49.200    -0.100783    -0.000615    -0.000618      2910953 
   49.300     0.738975     0.004511     0.004528      2900063 
   49.400    -0.137344    -0.000844    -0.000849      2905983 
   49.500     0.225837     0.001394     0.001396      2915878 
   49.600     0.562770     0.003442     0.003439      2934154 
   49.700    -0.274792    -0.001677    -0.001674      2942724 
   49.800    -0.377831    -0.002338    -0.002341      2904929 
   49.900     0.329270     0.002031     0.002038      2898826 
   50.000    -0.670774    -0.004153    -0.004184      2878245 
   50.100    -0.337050    -0.002101    -0.002096      2855949 
   50.200     0.645811     0.004056     0.004056      2851914 
   50.300    -0.169110    -0.001050    -0.001045      2873801 
   50.400     0.329454     0.002062     0.002080      2823164 
   50.500    -0.161082    -0.000994    -0.001001      2872203 
   50.600     0.186175     0.001149     0.001162      2891804 
   50.700    -0.136242    -0.000853    -0.000849      2883632 
   50.800     0.726130     0.004458     0.004487      2861068 
   50.900     0.251668     0.001565     0.001557      2843687 
   51.000     0.590407     0.003629     0.003633      2840712 
   51.100     0.741755     0.004627     0.004652      2813900 
   51.200     0.110286     0.000676     0.000683      2841632 
   51.300    -0.286105    -0.001793    -0.001799      2846713 
   51.400    -0.800701    -0.004998    -0.005023      2834400 
   51.500    -0.267724    -0.001659    -0.001669      2845002 
   51.600     0.074324     0.000456     0.000462      2838902 
   51.700     1.081383     0.006641     0.006723      2823584 
   51.800    -0.025007    -0.000155    -0.000156      2839006 
   51.900     0.838902     0.005185     0.005228      2826875 
   52.000    -0.258463    -0.001611    -0.001626      2810688 
   52.100    -0.018149    -0.000113    -0.000115      2803569 
   52.200    -0.164378    -0.001010    -0.001040      2798406 
   52.300     0.067042     0.000414     0.000423      2797962 
   52.400     0.416614     0.002597     0.002650      2775742 
   52.500     0.869642     0.005408     0.005486      2791142 
   52.600     0.303378     0.001911     0.001937      2787782 
   52.700    -0.235216    -0.001464    -0.001468      2807265 
   52.800     0.608003     0.003749     0.003798      2793351 
   52.900     0.571832     0.003531     0.003582      2781290 
   53.000    -0.044424    -0.000278    -0.000281      2775355 
   53.100     0.303247     0.001890     0.001908      2797663 
   53.200    -0.053947    -0.000331    -0.000338      2795140 
   53.300     0.409559     0.002559     0.002579      2776002 
   53.400     0.766950     0.004824     0.004832      2778475 
   53.500     0.313734     0.001960     0.001991      2778238 
   53.600     0.063837     0.000398     0.000404      2762976 
   53.700     0.429692     0.002696     0.002705      2765817 
   53.800     0.263867     0.001650     0.001662      2753727 
   53.900     0.761419     0.004743     0.004783      2780763 
   54.000    -0.328480    -0.002061    -0.002098      2739532 
   54.100    -0.441701    -0.002761    -0.002801      2745099 
   54.200    -0.566775    -0.003582    -0.003607      2735788 
   54.300     0.508823     0.003181     0.003210      2712713 
   54.400     0.583633     0.003694     0.003701      2730439 
   54.500    -0.139913    -0.000891    -0.000888      2729069 
   54.600    -0.576332    -0.003676    -0.003679      2724614 
   54.700    -0.160997    -0.001022    -0.001028      2742737 
   54.800    -0.579214    -0.003634    -0.003691      2746355 
   54.900     0.029273     0.000187     0.000188      2722654 
   55.000     0.132847     0.000840     0.000851      2723404 
   55.100    -0.027267    -0.000171    -0.000174      2716512 
   55.200    -0.170178    -0.001102    -0.001099      2714359 
   55.300     0.191150     0.001209     0.001218      2739169 
   55.400    -0.441170    -0.002843    -0.002837      2714303 
   55.500    -0.660026    -0.004256    -0.004277      2717684 
   55.600     0.345655     0.002202     0.002213      2722920 
   55.700     0.213835     0.001362     0.001370      2714510 
   55.800    -0.499228    -0.003165    -0.003194      2690487 
   55.900     0.763625     0.004870     0.004925      2688647 
   56.000     0.224775     0.001408     0.001429      2711327 
   56.100     0.542528     0.003440     0.003445      2687231 
   56.200     0.726908     0.004670     0.004683      2679767 
   56.300     0.420311     0.002709     0.002716      2686695 
   56.400    -0.041304    -0.000271    -0.000267      2689045 
   56.500     0.312249     0.002026     0.002024      2711561 
   56.600     0.400947     0.002536     0.002540      2706099 
   56.700    -0.243964    -0.001551    -0.001552      2694580 
   56.800     0.438473     0.002753     0.002789      2692310 
   56.900     0.532712     0.003414     0.003427      2684079 
   57.000     0.530950     0.003380     0.003412      2661560 
   57.100     0.746509     0.004737     0.004801      2650057 
   57.200     0.971194     0.006292     0.006313      2663570 
   57.300     1.045993     0.006664     0.006761      2667248 
   57.400     0.617508     0.003962     0.004016      2639615 
   57.500     0.869873     0.005608     0.005600      2651192 
   57.600     0.944097     0.006028     0.006110      2638692 
   57.700    -0.161569    -0.001024    -0.001029      2651900 
   57.800     0.267227     0.001685     0.001694      2650456 
   57.900     0.319754     0.002075     0.002081      2619914 
   58.000     0.678594     0.004331     0.004364      2648231 
   58.100     0.493098     0.003182     0.003187      2639321 
   58.200     0.177863     0.001161     0.001155      2633082 
   58.300    -0.090756    -0.000592    -0.000590      2623915 
   58.400     0.173732     0.001137     0.001137      2623237 
   58.500    -0.879292    -0.005677    -0.005669      2625394 
   58.600    -0.295509    -0.001949    -0.001934      2622795 
   58.700    -0.240445    -0.001558    -0.001547      2623644 
   58.800    -0.150484    -0.000976    -0.000973      2632092 
   58.900     0.175644     0.001148     0.001154      2596008 
   59.000     1.021348     0.006696     0.006736      2593844 
   59.100    -0.242457    -0.001582    -0.001594      2576615 
   59.200     0.118951     0.000786     0.000781      2580676 
   59.300     0.746007     0.004800     0.004810      2608652 
   59.400     0.433956     0.002864     0.002852      2602141 
   59.500    -0.220516    -0.001424    -0.001428      2608750 
   59.600    -0.561700    -0.003653    -0.003647      2591458 
   59.700    -0.426556    -0.002781    -0.002803      2572695 
   59.800     0.870452     0.005656     0.005711      2592992 
   59.900    -0.016808    -0.000112    -0.000111      2587926 
   60.000     0.187151     0.001241     0.001228      2581124 
   60.100    -0.197153    -0.001300    -0.001290      2568052 
   60.200    -0.868089    -0.005611    -0.005617      2595686 
   60.300    -0.643318    -0.004156    -0.004187      2555947 
   60.400    -0.114245    -0.000744    -0.000749      2566814 
   60.500     0.851602     0.005501     0.005588      2555734 
   60.600    -0.169474    -0.001107    -0.001118      2562425 
   60.700     0.311526     0.002006     0.002029      2588702 
   60.800     0.682331     0.004399     0.004432      2582481 
   60.900    -0.038854    -0.000253    -0.000253      2555934 
   61.000     0.182744     0.001183     0.001174      2550816 
   61.100    -0.523473    -0.003447    -0.003436      2532997 
   61.200     0.016537     0.000110     0.000109      2521915 
   61.300     0.248932     0.001620     0.001638      2531468 
   61.400     0.093609     0.000615     0.000614      2527843 
   61.500    -0.706644    -0.004632    -0.004635      2555859 
   61.600     0.007554     0.000050     0.000050      2529777 
   61.700     0.425602     0.002842     0.002850      2516461 
   61.800     1.053543     0.006979     0.006996      2511660 
   61.900     0.818862     0.005368     0.005399      2512762 
   62.000     0.407430     0.002662     0.002660      2502367 
   62.100     0.508507     0.003300     0.003354      2500293 
   62.200     0.056600     0.000370     0.000371      2524839 
   62.300     0.081354     0.000538     0.000537      2514619 
   62.400    -0.100819    -0.000671    -0.000675      2496278 
   62.500     1.105438     0.007392     0.007358      2477843 
   62.600    -0.017554    -0.000119    -0.000118      2471404 
   62.700     1.072100     0.007119     0.007155      2499563 
   62.800     0.801510     0.005346     0.005382      2476814 
   62.900     0.715994     0.004765     0.004796      2480676 
   63.000     0.369237     0.002441     0.002454      2469750 
   63.100     0.477298     0.003104     0.003156      2478798 
   63.200     1.365015     0.008937     0.008997      2507414 
   63.300     1.181657     0.007773     0.007818      2496709 
   63.400     0.754731     0.005101     0.005085      2460287 
   63.500    -0.453152    -0.003055    -0.003067      2473463 
   63.600    -0.387599    -0.002615    -0.002599      2487766 
   63.700     0.105974     0.000695     0.000704      2488338 
   63.800     0.233568     0.001551     0.001560      2479032 
   63.900     0.409476     0.002759     0.002755      2468147 
   64.000     0.087672     0.000590     0.000595      2430443 
   64.100    -0.212348    -0.001428    -0.001427      2454188 
   64.200     0.377103     0.002521     0.002518      2460279 
   64.300     0.502983     0.003379     0.003377      2449461 
   64.400     1.278313     0.008633     0.008652      2436824 
   64.500    -0.224986    -0.001532    -0.001545      2431342 
   64.600     0.481293     0.003217     0.003262      2441825 
   64.700    -0.003087    -0.000020    -0.000021      2444858 
   64.800     0.416730     0.002782     0.002817      2427948 
   64.900    -0.058407    -0.000400    -0.000397      2415078 
   65.000     0.197266     0.001345     0.001349      2411025 
   65.100     0.912146     0.006133     0.006199      2431195 
   65.200    -0.688493    -0.004623    -0.004658      2417661 
   65.300    -1.175460    -0.008000    -0.007948      2427199 
   65.400    -0.737745    -0.004984    -0.004995      2416146 
   65.500    -0.553663    -0.003688    -0.003713      2427799 
   65.600    -0.025736    -0.000172    -0.000174      2417873 
   65.700     0.061930     0.000420     0.000422      2408549 
   65.800     0.394255     0.002671     0.002678      2418109 
   65.900     0.494425     0.003301     0.003377      2399673 
   66.000     0.237311     0.001590     0.001629      2399800 
   66.100     0.597797     0.004011     0.004085      2392391 
   66.200     0.772712     0.005264     0.005279      2389689 
   66.300     0.120094     0.000813     0.000821      2384949 
   66.400    -0.049177    -0.000335    -0.000340      2395785 
   66.500    -0.012656    -0.000087    -0.000087      2379243 
   66.600    -0.107358    -0.000723    -0.000731      2380076 
   66.700    -0.650620    -0.004398    -0.004415      2418012 
   66.800    -0.421019    -0.002875    -0.002889      2391373 
   66.900    -1.079040    -0.007338    -0.007313      2393341 
   67.000    -0.062792    -0.000424    -0.000429      2387087 
   67.100    -0.322636    -0.002175    -0.002190      2382766 
   67.200    -0.822271    -0.005637    -0.005646      2375540 
   67.300    -0.993337    -0.006759    -0.006787      2387929 
   67.400    -0.796198    -0.005412    -0.005410      2380140 
   67.500    -0.278279    -0.001909    -0.001913      2385539 
   67.600     0.275246     0.001901     0.001896      2356229 
   67.700     0.716730     0.004937     0.004912      2361463 
   67.800    -0.430729    -0.002967    -0.002975      2357242 
   67.900     0.034533     0.000238     0.000239      2370252 
   68.000    -0.084428    -0.000573    -0.000581      2358031 
   68.100    -0.127904    -0.000880    -0.000874      2354348 
   68.200     0.130029     0.000882     0.000889      2361631 
   68.300     0.616039     0.004178     0.004210      2347303 
   68.400    -0.519698    -0.003554    -0.003559      2338872 
   68.500    -0.352894    -0.002396    -0.002397      2345308 
   68.600     0.233525     0.001589     0.001601      2319269 
   68.700     0.120672     0.000821     0.000829      2338719 
   68.800     0.093335     0.000630     0.000641      2353197 
   68.900    -0.011877    -0.000080    -0.000081      2337432 
   69.000    -0.303861    -0.002079    -0.002086      2326455 
   69.100    -0.836468    -0.005626    -0.005697      2345646 
   69.200    -0.717430    -0.004818    -0.004900      2325014 
   69.300    -0.910792    -0.006187    -0.006257      2312371 
   69.400    -0.863033    -0.005963    -0.005900      2318203 
   69.500    -0.081103    -0.000561    -0.000559      2320140 
   69.600    -0.676141    -0.004684    -0.004679      2310810 
   69.700    -0.450366    -0.003098    -0.003122      2320766 
   69.800     0.439443     0.003069     0.003079      2291008 
   69.900     0.187748     0.001307     0.001312      2289217 
   70.000     0.484492     0.003368     0.003408      2277393 
   70.100     0.189306     0.001306     0.001319      2309107 
   70.200    -0.166281    -0.001134    -0.001149      2301181 
   70.300     0.515356     0.003534     0.003594      2291708 
   70.400    -0.056039    -0.000388    -0.000391      2290700 
   70.500     0.019731     0.000139     0.000139      2283809 
   70.600     0.254504     0.001756     0.001785      2268295 
   70.700     0.785655     0.005355     0.005459      2283408 
   70.800    -0.229658    -0.001579    -0.001593      2281128 
   70.900     0.046281     0.000317     0.000319      2285018 
   71.000    -0.450380    -0.003062    -0.003092      2278711 
   71.100     0.199382     0.001357     0.001371      2279787 
   71.200     0.068747     0.000482     0.000483      2248556 
   71.300    -0.296827    -0.002055    -0.002072      2263379 
   71.400    -0.050338    -0.000340    -0.000347      2281393 
   71.500     0.252890     0.001732     0.001767      2274674 
   71.600     0.099689     0.000688     0.000694      2280704 
   71.700    -0.200982    -0.001409    -0.001400      2275406 
   71.800    -0.668452    -0.004662    -0.004685      2249382 
   71.900    -1.079002    -0.007411    -0.007472      2259157 
   72.000    -0.420933    -0.002919    -0.002917      2287219 
   72.100     0.367747     0.002510     0.002531      2255502 
   72.200     0.059980     0.000413     0.000419      2240526 
   72.300    -0.645735    -0.004480    -0.004524      2253155 
   72.400    -0.822362    -0.005783    -0.005745      2247451 
   72.500     0.155859     0.001096     0.001083      2252687 
   72.600     0.204570     0.001415     0.001411      2256795 
   72.700     0.221265     0.001541     0.001540      2244376 
   72.800    -0.178938    -0.001258    -0.001262      2225823 
   72.900    -0.208319    -0.001437    -0.001450      2259443 
   73.000    -0.178028    -0.001248    -0.001255      2238255 
   73.100    -0.637955    -0.004501    -0.004503      2239945 
   73.200    -0.503572    -0.003632    -0.003607      2210003 
   73.300    -0.203981    -0.001473    -0.001448      2221264 
   73.400     0.209062     0.001452     0.001466      2232503 
   73.500     0.044246     0.000310     0.000310      2206414 
   73.600     0.646771     0.004613     0.004574      2213455 
   73.700     0.344408     0.002466     0.002448      2233600 
   73.800    -0.250100    -0.001775    -0.001772      2227469 
   73.900     0.198887     0.001428     0.001432      2199968 
   74.000     0.079560     0.000567     0.000568      2190883 
   74.100    -0.271816    -0.001965    -0.001967      2200597 
   74.200    -0.602484    -0.004304    -0.004288      2214602 
   74.300     0.181863     0.001292     0.001285      2196958 
   74.400     0.377092     0.002642     0.002681      2183237 
   74.500     0.067128     0.000476     0.000481      2189879 
   74.600    -0.076860    -0.000536    -0.000542      2180168 
   74.700    -0.639935    -0.004477    -0.004517      2161644 
   74.800    -0.550431    -0.003982    -0.003971      2147043 
   74.900     0.006336     0.000045     0.000045      2162093 
   75.000     0.117545     0.000858     0.000846      2143508 
   75.100    -0.384998    -0.002798    -0.002761      2155088 
   75.200     0.105464     0.000750     0.000741      2151179 
   75.300    -0.001992    -0.000014    -0.000014      2165595 
   75.400    -0.107085    -0.000751    -0.000764      2145133 
   75.500     0.249119     0.001785     0.001783      2129214 
   75.600     0.519109     0.003740     0.003727      2150970 
   75.700     0.644111     0.004517     0.004585      2159453 
   75.800     0.517842     0.003649     0.003711      2129239 
   75.900     0.318199     0.002268     0.002282      2124036 
   76.000    -0.119613    -0.000859    -0.000867      2106039 
   76.100    -1.318982    -0.009348    -0.009520      2116595 
   76.200    -0.504383    -0.003666    -0.003638      2131631 
   76.300     0.099619     0.000702     0.000710      2136511 
   76.400     0.344043     0.002500     0.002473      2141411 
   76.500    -0.830022    -0.006114    -0.006014      2112813 
   76.600    -0.489161    -0.003632    -0.003608      2099539 
   76.700    -0.212293    -0.001519    -0.001525      2102430 
   76.800     0.433588     0.003105     0.003133      2093863 
   76.900     0.075048     0.000534     0.000539      2106599 
   77.000     0.012049     0.000088     0.000087      2103656 
   77.100    -0.515336    -0.003663    -0.003688      2100117 
   77.200     0.046928     0.000333     0.000334      2119468 
   77.300     0.672988     0.004843     0.004878      2107685 
   77.400     0.256657     0.001816     0.001845      2105851 
   77.500     0.138057     0.000992     0.001005      2093879 
   77.600    -0.101229    -0.000735    -0.000740      2082941 
   77.700    -0.035105    -0.000257    -0.000257      2088095 
   77.800    -0.400963    -0.002883    -0.002918      2091893 
   77.900    -0.759989    -0.005565    -0.005565      2096505 
   78.000    -0.164202    -0.001170    -0.001182      2094786 
   78.100     0.291261     0.002072     0.002096      2099562 
   78.200     0.369068     0.002686     0.002666      2086465 
   78.300    -0.485547    -0.003521    -0.003509      2062114 
   78.400    -0.814075    -0.005879    -0.005926      2066383 
   78.500    -0.488880    -0.003506    -0.003558      2088911 
   78.600    -0.182932    -0.001319    -0.001331      2076563 
   78.700    -0.995613    -0.007195    -0.007204      2101504 
   78.800     0.090954     0.000673     0.000666      2078264 
   78.900    -0.105585    -0.000773    -0.000765      2076855 
   79.000     1.117942     0.008137     0.008170      2057959 
   79.100     1.402481     0.009893     0.010009      2077610 
   79.200     0.428979     0.003092     0.003095      2052080 
   79.300     0.365944     0.002638     0.002655      2058153 
   79.400     0.428731     0.003089     0.003106      2061669 
   79.500    -0.747475    -0.005427    -0.005458      2038711 
   79.600    -0.391609    -0.002883    -0.002867      2031442 
   79.700     0.933395     0.006759     0.006868      2040054 
   79.800     0.164609     0.001199     0.001210      2041187 
   79.900    -0.237834    -0.001743    -0.001750      2034475 
   80.000    -0.134625    -0.000983    -0.000990      2064677 
   80.100    -0.113320    -0.000838    -0.000839      2042148 
   80.200    -0.022918    -0.000166    -0.000168      2046840 
   80.300     0.161410     0.001167     0.001167      2049007 
   80.400     0.262873     0.001939     0.001943      2044781 
   80.500     0.581324     0.004297     0.004309      2040273 
   80.600     0.280564     0.002122     0.002107      2031323 
   80.700     0.949225     0.007192     0.007093      2010902 
   80.800     0.261826     0.001913     0.001902      2035740 
   80.900    -0.071958    -0.000540    -0.000534      2037266 
   81.000     0.152678     0.001131     0.001128      2023393 
   81.100     0.103850     0.000762     0.000769      2011964 
   81.200    -0.353106    -0.002631    -0.002637      1989371 
   81.300    -0.074106    -0.000545    -0.000543      2001661 
   81.400    -0.840979    -0.006064    -0.006202      1994317 
   81.500    -0.015232    -0.000113    -0.000113      1998283 
   81.600    -0.636309    -0.004726    -0.004799      1980389 
   81.700     0.089140     0.000665     0.000676      1971723 
   81.800     0.597702     0.004348     0.004469      1967839 
   81.900    -0.132726    -0.000982    -0.001012      1978510 
   82.000    -0.082818    -0.000625    -0.000628      1972303 
   82.100     0.170030     0.001274     0.001285      1956996 
   82.200    -0.076338    -0.000584    -0.000582      1948033 
   82.300     0.737856     0.005700     0.005673      1953494 
   82.400     0.129100     0.000988     0.000981      1967352 
   82.500     0.107497     0.000811     0.000814      1964166 
   82.600    -0.407689    -0.003128    -0.003114      1959697 
   82.700    -0.400687    -0.003031    -0.003033      1956310 
   82.800    -0.210013    -0.001561    -0.001572      1941330 
   82.900     0.336649     0.002503     0.002530      1940977 
   83.000     0.426711     0.003202     0.003223      1943893 
   83.100     0.774435     0.005890     0.005881      1940845 
   83.200     0.518454     0.003917     0.003907      1949594 
   83.300     0.312087     0.002398     0.002376      1910854 
   83.400     0.061233     0.000462     0.000462      1936870 
   83.500     0.003521     0.000027     0.000026      1916743 
   83.600    -0.450934    -0.003379    -0.003363      1928646 
   83.700    -0.173231    -0.001336    -0.001324      1940131 
   83.800    -0.080808    -0.000619    -0.000615      1917357 
   83.900    -1.035594    -0.007758    -0.007795      1915976 
   84.000    -0.338428    -0.002506    -0.002537      1916064 
   84.100    -0.436587    -0.003234    -0.003282      1909563 
   84.200    -0.078500    -0.000597    -0.000595      1917254 
   84.300     0.257669     0.001951     0.001944      1913734 
   84.400     0.176691     0.001337     0.001354      1901915 
   84.500    -0.094133    -0.000721    -0.000713      1907382 
   84.600    -0.320129    -0.002440    -0.002416      1899144 
   84.700    -0.099639    -0.000772    -0.000763      1900726 
   84.800    -0.550895    -0.004265    -0.004213      1919394 
   84.900    -0.710872    -0.005513    -0.005506      1908452 
   85.000    -0.114221    -0.000891    -0.000883      1894194 
   85.100    -0.059043    -0.000452    -0.000446      1906754 
   85.200     0.591614     0.004452     0.004458      1915553 
   85.300     0.835916     0.006427     0.006402      1898064 
   85.400     0.543922     0.004115     0.004107      1899190 
   85.500     0.670977     0.005115     0.005124      1897935 
   85.600     0.871069     0.006621     0.006661      1906979 
   85.700     0.471799     0.003604     0.003615      1891354 
   85.800     0.600848     0.004657     0.004667      1889556 
   85.900    -0.554400    -0.004220    -0.004222      1892854 
   86.000    -0.363025    -0.002790    -0.002786      1890274 
   86.100    -0.466790    -0.003565    -0.003539      1892707 
   86.200    -0.811015    -0.006100    -0.006064      1890215 
   86.300    -0.138480    -0.001060    -0.001061      1878526 
   86.400    -0.076082    -0.000578    -0.000577      1892827 
   86.500    -0.034873    -0.000266    -0.000267      1890555 
   86.600     0.408643     0.003130     0.003117      1871524 
   86.700     0.215098     0.001635     0.001641      1881592 
   86.800    -0.452163    -0.003450    -0.003441      1881078 
   86.900     0.820887     0.006237     0.006275      1875035 
   87.000    -0.134652    -0.001022    -0.001042      1851512 
   87.100    -0.146349    -0.001095    -0.001117      1864095 
   87.200    -0.231293    -0.001728    -0.001759      1860668 
   87.300     0.786278     0.005920     0.006017      1855386 
   87.400     1.255628     0.009556     0.009643      1844733 
   87.500     2.117216     0.016352     0.016319      1847384 
   87.600     0.702900     0.005423     0.005416      1857087 
   87.700    -0.078375    -0.000606    -0.000606      1844919 
   87.800     0.993734     0.007645     0.007653      1845636 
   87.900     1.095633     0.008331     0.008269      1842764 
   88.000     0.416576     0.003199     0.003251      1825296 
   88.100    -0.052404    -0.000399    -0.000404      1830711 
   88.200     0.849396     0.006611     0.006607      1823925 
   88.300     0.305469     0.002382     0.002376      1819847 
   88.400     0.337616     0.002582     0.002600      1810244 
   88.500    -0.094741    -0.000733    -0.000737      1813082 
   88.600    -0.722473    -0.005500    -0.005578      1825845 
   88.700     0.103647     0.000807     0.000813      1809930 
   88.800     0.572936     0.004451     0.004441      1817216 
   88.900     0.687048     0.005307     0.005334      1815463 
   89.000     0.411953     0.003207     0.003206      1809918 
   89.100     0.545307     0.004254     0.004286      1786007 
   89.200     1.340765     0.010558     0.010662      1802889 
   89.300     0.978726     0.007487     0.007637      1791473 
   89.400     1.184685     0.009171     0.009345      1808044 
   89.500    -0.079852    -0.000625    -0.000632      1793727 
   89.600     0.254129     0.001952     0.001984      1795970 
   89.700    -0.305220    -0.002363    -0.002394      1797689 
   89.800     0.168660     0.001313     0.001333      1791336 
   89.900    -0.077246    -0.000604    -0.000606      1798251 
   90.000     0.019061     0.000149     0.000149      1789083 
   90.100     0.571355     0.004478     0.004459      1782604 
   90.200     0.925555     0.007162     0.007195      1768428 
   90.300     0.362323     0.002888     0.002855      1765498 
   90.400     0.301664     0.002366     0.002357      1759481 
   90.500     0.433182     0.003376     0.003401      1760562 
   90.600    -0.762947    -0.006036    -0.006017      1755146 
   90.700     0.518033     0.004055     0.004053      1762499 
   90.800    -0.024518    -0.000194    -0.000194      1758598 
   90.900     0.407895     0.003111     0.003195      1766856 
   91.000    -0.106588    -0.000823    -0.000831      1757396 
   91.100    -0.303027    -0.002359    -0.002377      1760939 
   91.200     0.620449     0.004859     0.004880      1748028 
   91.300     0.031158     0.000243     0.000245      1737953 
   91.400     0.062299     0.000490     0.000495      1721849 
   91.500    -0.521898    -0.004077    -0.004145      1744128 
   91.600     0.127465     0.001009     0.001015      1726943 
   91.700    -0.582196    -0.004606    -0.004705      1722002 
   91.800    -0.827273    -0.006600    -0.006650      1747781 
   91.900    -0.401610    -0.003134    -0.003197      1741187 
   92.000    -0.044640    -0.000355    -0.000359      1725249 
   92.100    -0.962577    -0.007615    -0.007674      1742686 
   92.200    -0.687802    -0.005475    -0.005534      1720546 
   92.300    -0.721787    -0.005757    -0.005794      1708714 
   92.400    -0.716034    -0.005631    -0.005744      1709564 
   92.500    -0.200650    -0.001579    -0.001607      1708624 
   92.600    -0.064146    -0.000510    -0.000518      1695942 
   92.700    -0.364962    -0.002967    -0.002964      1691318 
   92.800    -0.181152    -0.001442    -0.001461      1691222 
   92.900    -0.615936    -0.004816    -0.004885      1719197 
   93.000    -0.226492    -0.001799    -0.001832      1702127 
   93.100    -0.337597    -0.002709    -0.002731      1682686 
   93.200    -0.451210    -0.003548    -0.003629      1706804 
   93.300    -0.837211    -0.006707    -0.006822      1696145 
   93.400    -0.325302    -0.002613    -0.002638      1689652 
   93.500    -0.689326    -0.005476    -0.005585      1695721 
   93.600    -0.750950    -0.006131    -0.006172      1687909 
   93.700    -0.619000    -0.005103    -0.005104      1674672 
   93.800    -0.671858    -0.005497    -0.005534      1652375 
   93.900     0.451867     0.003649     0.003669      1675117 
   94.000     0.317413     0.002578     0.002617      1660151 
   94.100    -0.106838    -0.000874    -0.000880      1659819 
   94.200    -0.077798    -0.000636    -0.000639      1658980 
   94.300    -0.210099    -0.001685    -0.001725      1670994 
   94.400    -0.470775    -0.003872    -0.003914      1650422 
   94.500    -0.316020    -0.002530    -0.002566      1655748 
   94.600     0.307450     0.002478     0.002533      1657498 
   94.700    -0.037246    -0.000302    -0.000304      1644567 
   94.800    -0.552820    -0.004459    -0.004492      1643409 
   94.900    -0.587331    -0.004733    -0.004813      1637606 
   95.000    -1.055230    -0.008478    -0.008572      1657141 
   95.100     0.155171     0.001234     0.001251      1648635 
   95.200     0.760706     0.006129     0.006210      1657576 
   95.300    -0.040645    -0.000332    -0.000338      1630555 
   95.400    -0.338363    -0.002709    -0.002778      1652943 
   95.500    -0.764675    -0.006218    -0.006267      1641277 
   95.600    -0.993375    -0.008073    -0.008148      1636359 
   95.700    -0.502746    -0.004069    -0.004089      1646255 
   95.800    -0.705819    -0.005802    -0.005840      1624692 
   95.900    -1.823613    -0.014614    -0.014886      1642922 
   96.000    -1.378387    -0.011244    -0.011318      1640682 
   96.100    -1.098919    -0.008941    -0.008984      1655676 
   96.200    -0.093541    -0.000758    -0.000767      1637335 
   96.300     0.126138     0.001029     0.001039      1644290 
   96.400     0.052384     0.000425     0.000431      1615857 
   96.500     0.158909     0.001283     0.001299      1646202 
   96.600    -0.017293    -0.000144    -0.000143      1630545 
   96.700    -0.967045    -0.007981    -0.008021      1612579 
   96.800    -0.739804    -0.006147    -0.006135      1604424 
   96.900    -0.790491    -0.006506    -0.006470      1613761 
   97.000    -0.134331    -0.001113    -0.001108      1604983 
   97.100    -0.324853    -0.002650    -0.002678      1613263 
   97.200     0.275906     0.002290     0.002274      1609104 
   97.300    -0.290437    -0.002383    -0.002393      1610524 
   97.400     0.945595     0.007815     0.007830      1605030 
   97.500     0.698643     0.005853     0.005816      1595115 
   97.600     0.496787     0.004211     0.004168      1588614 
   97.700     0.103770     0.000869     0.000868      1592794 
   97.800    -0.186825    -0.001544    -0.001541      1598039 
   97.900    -1.221149    -0.010127    -0.010086      1586629 
   98.000    -0.386759    -0.003113    -0.003142      1589639 
   98.100    -0.168313    -0.001373    -0.001381      1590690 
   98.200    -0.377167    -0.003098    -0.003096      1585592 
   98.300    -0.451559    -0.003721    -0.003725      1598881 
   98.400     0.324710     0.002715     0.002690      1604135 
   98.500    -0.156663    -0.001269    -0.001296      1591591 
   98.600    -1.034833    -0.008666    -0.008786      1553930 
   98.700    -0.782488    -0.006581    -0.006620      1569112 
   98.800    -1.004495    -0.008558    -0.008441      1567347 
   98.900     0.109022     0.000916     0.000918      1548258 
   99.000    -0.080982    -0.000677    -0.000678      1550462 
   99.100    -0.635877    -0.005497    -0.005471      1557674 
   99.200    -0.298918    -0.002576    -0.002565      1552033 
   99.300    -0.965237    -0.008154    -0.008233      1541072 
   99.400     0.011270     0.000096     0.000096      1549605 
   99.500    -0.432116    -0.003706    -0.003714      1558044 
   99.600    -0.959417    -0.008368    -0.008370      1544724 
   99.700    -0.993456    -0.008326    -0.008456      1541698 
   99.800    -1.030509    -0.008602    -0.008713      1549404 
   99.900    -0.522748    -0.004434    -0.004459      1532736 
  100.000     0.817236     0.007006     0.007026      1520887 
