fitting 1 exponentials + affine
seed: 6072110985 
   15.670311 
    0.149 
   15.204744 
    0.349 
   15.088529 
    0.388 
   13.321751 
    0.970 
   13.071102 
    0.966 
   12.656797 
    0.805 
   12.491599 
    0.822 
   12.164806 
    0.856 
   12.063668 
    0.868 
   11.868437 
    0.922 
   11.864029 
    0.899 
   11.853163 
    0.919 
   11.846895 
    0.905 
   11.842245 
    0.908 
   11.841131 
    0.909 
   11.840688 
    0.910 
   11.840666 
    0.911 
   11.840658 
    0.911 
   11.840658 
    0.911 
   11.840658 
    0.911 
   11.840658 
    0.911 
   11.840658 
    0.911 
    0.911 
nagopt ncall: 1  oldvalue:     11.840657960 newvalue:    11.840657960
   11.840658 
    0.910786509 
error sd:     0.003441
halflife:     7.418 
mean (generations):    93.447 
    0.046546427    -0.000275582 
##end of run
