 ##Z-score and correlation:: ../../ancpop.list  binsize:     0.001000
    0.100    32.409121     0.171968     0.171990      5845721 
    0.200    10.847987     0.060501     0.060051      4349047 
    0.300     6.895707     0.037018     0.036946      4337738 
    0.400     6.028894     0.032229     0.032293      4282699 
    0.500     5.429955     0.028930     0.028963      4243582 
    0.600     5.007847     0.026164     0.026520      4225130 
    0.700     4.218232     0.022470     0.022487      4215047 
    0.800     4.176846     0.022479     0.022231      4191965 
    0.900     3.592094     0.019251     0.019162      4189362 
    1.000     3.648414     0.019317     0.019329      4189681 
    1.100     3.788650     0.019979     0.020041      4160954 
    1.200     3.366965     0.017935     0.017836      4179018 
    1.300     2.396216     0.012771     0.012765      4149021 
    1.400     1.998242     0.010707     0.010708      4111830 
    1.500     1.568953     0.008432     0.008406      4113453 
    1.600     1.944482     0.010428     0.010425      4117849 
    1.700     2.020877     0.010841     0.010725      4119602 
    1.800     1.751058     0.009379     0.009342      4109070 
    1.900     0.787246     0.004249     0.004208      4100449 
    2.000     0.653042     0.003520     0.003489      4082814 
    2.100     1.665357     0.008902     0.008874      4086704 
    2.200     1.038744     0.005558     0.005547      4090661 
    2.300     1.403307     0.007455     0.007509      4085597 
    2.400     0.582710     0.003093     0.003097      4073991 
    2.500     0.906606     0.004788     0.004795      4057447 
    2.600     0.714047     0.003816     0.003819      4049518 
    2.700     0.903292     0.004773     0.004793      4022477 
    2.800     1.057383     0.005710     0.005690      4037531 
    2.900     0.972074     0.005240     0.005233      4042025 
    3.000     0.305254     0.001622     0.001629      4036086 
    3.100     0.000538     0.000003     0.000003      4036852 
    3.200     0.481508     0.002612     0.002590      4039899 
    3.300     0.772495     0.004164     0.004174      4027770 
    3.400     0.451539     0.002438     0.002423      4029939 
    3.500     0.003833     0.000021     0.000021      4031106 
    3.600     0.742668     0.003993     0.003983      4022493 
    3.700     0.110189     0.000592     0.000594      4013089 
    3.800     0.431068     0.002320     0.002315      4009236 
    3.900     0.479117     0.002599     0.002587      3986507 
    4.000     0.347739     0.001881     0.001890      3985003 
    4.100     0.403385     0.002194     0.002186      3985777 
    4.200     0.821569     0.004448     0.004449      3980388 
    4.300     0.090371     0.000482     0.000484      3984376 
    4.400    -0.201854    -0.001105    -0.001093      3961354 
    4.500    -1.364649    -0.007433    -0.007368      3979899 
    4.600    -0.499743    -0.002674    -0.002686      3969251 
    4.700    -0.122111    -0.000664    -0.000663      3973878 
    4.800    -0.044585    -0.000244    -0.000243      3980875 
    4.900    -0.244614    -0.001329    -0.001330      3966655 
    5.000    -0.102993    -0.000554    -0.000556      3976229 
    5.100    -0.862263    -0.004646    -0.004641      3956205 
    5.200    -0.561299    -0.003030    -0.003020      3977293 
    5.300    -0.980249    -0.005259    -0.005253      3943555 
    5.400    -1.149184    -0.006251    -0.006201      3975384 
    5.500    -1.085395    -0.005961    -0.005859      3950498 
    5.600    -0.286201    -0.001552    -0.001548      3949675 
    5.700    -0.332001    -0.001786    -0.001799      3922765 
    5.800     0.073984     0.000400     0.000403      3909530 
    5.900     0.543078     0.002931     0.002923      3929087 
    6.000    -0.548934    -0.002986    -0.002970      3944350 
    6.100    -0.247404    -0.001331    -0.001334      3941015 
    6.200     0.656787     0.003549     0.003543      3947263 
    6.300     0.358246     0.001958     0.001927      3952632 
    6.400     0.717842     0.003858     0.003830      3948992 
    6.500    -0.721718    -0.003911    -0.003888      3941074 
    6.600    -0.091012    -0.000486    -0.000486      3939480 
    6.700    -0.554097    -0.002991    -0.002975      3922397 
    6.800    -0.372449    -0.002022    -0.001997      3916533 
    6.900    -0.214268    -0.001154    -0.001146      3914731 
    7.000    -0.369404    -0.002014    -0.001993      3949130 
    7.100    -0.076915    -0.000416    -0.000413      3915023 
    7.200    -0.010876    -0.000058    -0.000058      3962061 
    7.300     0.595225     0.003254     0.003237      3932157 
    7.400     0.106110     0.000578     0.000571      3936374 
    7.500    -0.547125    -0.002939    -0.002933      3939029 
    7.600    -0.006821    -0.000037    -0.000037      3914073 
    7.700    -0.582360    -0.003118    -0.003122      3931378 
    7.800    -0.065622    -0.000358    -0.000355      3922416 
    7.900    -0.511062    -0.002819    -0.002778      3897985 
    8.000    -1.035866    -0.005681    -0.005608      3928080 
    8.100    -0.499957    -0.002729    -0.002718      3907562 
    8.200    -0.287223    -0.001557    -0.001549      3924345 
    8.300    -0.651067    -0.003586    -0.003518      3930981 
    8.400    -0.123693    -0.000677    -0.000670      3946595 
    8.500    -0.491432    -0.002645    -0.002649      3937056 
    8.600    -0.643348    -0.003518    -0.003501      3903191 
    8.700    -0.863054    -0.004703    -0.004686      3908980 
    8.800    -1.319467    -0.007076    -0.007140      3911990 
    8.900    -0.591428    -0.003160    -0.003162      3936557 
    9.000     0.308371     0.001664     0.001671      3915492 
    9.100    -0.724306    -0.003946    -0.003951      3900237 
    9.200     0.848513     0.004609     0.004584      3883142 
    9.300    -0.706948    -0.003826    -0.003831      3898718 
    9.400     0.054657     0.000293     0.000293      3895985 
    9.500     0.173912     0.000935     0.000933      3878646 
    9.600    -0.485879    -0.002653    -0.002620      3892444 
    9.700    -0.483308    -0.002619    -0.002624      3874753 
    9.800     0.285420     0.001565     0.001554      3864594 
    9.900    -0.131749    -0.000717    -0.000718      3886103 
   10.000     0.005797     0.000032     0.000032      3876817 
   10.100    -0.187470    -0.001008    -0.001017      3882786 
   10.200     0.096009     0.000524     0.000522      3886957 
   10.300     0.252789     0.001356     0.001363      3880871 
   10.400    -0.500656    -0.002725    -0.002704      3865468 
   10.500    -0.085454    -0.000464    -0.000464      3852100 
   10.600     0.230367     0.001245     0.001246      3866673 
   10.700    -0.157406    -0.000860    -0.000867      3854747 
   10.800     0.481435     0.002642     0.002658      3860965 
   10.900     0.358380     0.001999     0.001979      3858252 
   11.000     0.263112     0.001459     0.001444      3847733 
   11.100     0.222094     0.001233     0.001218      3841627 
   11.200     0.206527     0.001142     0.001129      3836654 
   11.300     0.168160     0.000928     0.000911      3864090 
   11.400    -0.301684    -0.001670    -0.001644      3870214 
   11.500    -0.594724    -0.003280    -0.003255      3868269 
   11.600     0.703396     0.003846     0.003817      3862688 
   11.700     0.201562     0.001109     0.001105      3823752 
   11.800     0.430576     0.002386     0.002378      3798839 
   11.900     0.444919     0.002437     0.002433      3835870 
   12.000    -0.622003    -0.003428    -0.003393      3828812 
   12.100    -0.704926    -0.003843    -0.003876      3822093 
   12.200    -0.497460    -0.002745    -0.002732      3844128 
   12.300    -0.600570    -0.003274    -0.003291      3825121 
   12.400    -0.110146    -0.000614    -0.000611      3825019 
   12.500     0.380319     0.002092     0.002102      3857925 
   12.600     0.020238     0.000110     0.000111      3859857 
   12.700     0.153048     0.000840     0.000845      3824640 
   12.800     0.216737     0.001186     0.001188      3817200 
   12.900     0.416988     0.002292     0.002290      3826151 
   13.000    -0.197120    -0.001077    -0.001078      3802404 
   13.100    -0.473019    -0.002560    -0.002595      3789036 
   13.200    -0.505680    -0.002791    -0.002797      3789723 
   13.300     0.679521     0.003704     0.003754      3811332 
   13.400     0.795802     0.004441     0.004430      3786374 
   13.500     0.444537     0.002484     0.002479      3782000 
   13.600     0.857694     0.004735     0.004760      3806899 
   13.700     0.661170     0.003615     0.003651      3796515 
   13.800     0.214175     0.001175     0.001181      3808278 
   13.900     0.079774     0.000440     0.000440      3764391 
   14.000    -0.156405    -0.000855    -0.000855      3811283 
   14.100     0.419307     0.002305     0.002324      3792048 
   14.200    -0.389421    -0.002141    -0.002157      3781459 
   14.300    -0.534411    -0.002942    -0.002968      3777982 
   14.400     0.429078     0.002381     0.002387      3775848 
   14.500     0.209064     0.001171     0.001165      3778782 
   14.600     0.205058     0.001139     0.001141      3775214 
   14.700     0.040418     0.000225     0.000225      3756706 
   14.800     0.741534     0.004094     0.004099      3760784 
   14.900     0.598407     0.003291     0.003332      3776631 
   15.000    -0.301089    -0.001683    -0.001676      3747762 
   15.100     0.235201     0.001308     0.001317      3776333 
   15.200     0.233143     0.001294     0.001305      3769458 
   15.300     0.273592     0.001516     0.001515      3769657 
   15.400     0.097266     0.000538     0.000540      3778044 
   15.500    -0.151444    -0.000826    -0.000833      3785486 
   15.600     0.122274     0.000677     0.000670      3774903 
   15.700     0.775451     0.004331     0.004296      3726742 
   15.800    -0.227746    -0.001260    -0.001254      3748209 
   15.900    -0.557496    -0.003050    -0.003061      3751226 
   16.000    -0.585467    -0.003260    -0.003264      3743482 
   16.100     0.594854     0.003326     0.003308      3768607 
   16.200     0.618248     0.003424     0.003417      3753554 
   16.300    -0.164808    -0.000919    -0.000922      3738926 
   16.400    -0.593285    -0.003259    -0.003286      3759897 
   16.500    -0.117570    -0.000646    -0.000646      3751265 
   16.600    -0.659101    -0.003633    -0.003655      3752180 
   16.700    -0.882479    -0.004892    -0.004932      3718097 
   16.800    -0.258753    -0.001418    -0.001433      3741195 
   16.900    -0.858241    -0.004735    -0.004743      3729999 
   17.000     0.313482     0.001738     0.001739      3736669 
   17.100     0.298937     0.001661     0.001656      3768674 
   17.200    -0.085268    -0.000470    -0.000472      3749249 
   17.300    -0.590533    -0.003288    -0.003294      3734550 
   17.400    -0.502234    -0.002760    -0.002765      3746216 
   17.500    -0.113981    -0.000622    -0.000628      3729099 
   17.600    -0.263734    -0.001467    -0.001471      3716393 
   17.700     0.030551     0.000171     0.000171      3739768 
   17.800    -0.854768    -0.004695    -0.004722      3738507 
   17.900    -0.840441    -0.004675    -0.004679      3731721 
   18.000    -0.623270    -0.003453    -0.003444      3728584 
   18.100    -0.239132    -0.001334    -0.001330      3723973 
   18.200    -0.221058    -0.001233    -0.001230      3729891 
   18.300    -1.443243    -0.007892    -0.007906      3736523 
   18.400    -0.584251    -0.003237    -0.003247      3732541 
   18.500    -1.056794    -0.005783    -0.005846      3735366 
   18.600    -0.088375    -0.000494    -0.000493      3705691 
   18.700    -0.702448    -0.003920    -0.003944      3701675 
   18.800    -0.254582    -0.001397    -0.001411      3733961 
   18.900    -0.937792    -0.005205    -0.005226      3726164 
   19.000    -0.527376    -0.002937    -0.002945      3708210 
   19.100    -0.609363    -0.003408    -0.003400      3686836 
   19.200    -1.386721    -0.007750    -0.007751      3687050 
   19.300    -0.399901    -0.002249    -0.002260      3690355 
   19.400    -1.249655    -0.007026    -0.006982      3723163 
   19.500    -0.536804    -0.003024    -0.003001      3722981 
   19.600    -0.947837    -0.005352    -0.005338      3676654 
   19.700    -0.695451    -0.003930    -0.003936      3700569 
   19.800    -0.774397    -0.004386    -0.004331      3716795 
   19.900    -0.546454    -0.003057    -0.003060      3693935 
   20.000    -0.196654    -0.001115    -0.001107      3676486 
   20.100     0.216054     0.001229     0.001222      3673204 
   20.200    -0.420855    -0.002372    -0.002377      3666741 
   20.300    -0.550630    -0.003092    -0.003078      3715512 
   20.400    -0.424476    -0.002390    -0.002367      3701193 
   20.500    -0.123569    -0.000691    -0.000688      3714590 
   20.600    -1.237052    -0.006891    -0.006893      3703341 
   20.700    -1.156696    -0.006482    -0.006435      3693414 
   20.800    -1.245338    -0.006972    -0.006960      3666982 
   20.900    -0.394618    -0.002205    -0.002202      3700381 
   21.000    -0.376791    -0.002104    -0.002098      3697630 
   21.100    -0.292927    -0.001651    -0.001657      3661344 
   21.200    -0.590064    -0.003291    -0.003296      3677858 
   21.300    -0.857932    -0.004853    -0.004855      3652061 
   21.400    -0.696035    -0.003945    -0.003904      3667787 
   21.500    -1.162897    -0.006573    -0.006565      3677357 
   21.600    -0.883355    -0.005031    -0.004994      3670490 
   21.700    -0.436281    -0.002484    -0.002465      3675182 
   21.800    -0.913388    -0.005169    -0.005170      3686538 
   21.900    -0.775628    -0.004444    -0.004428      3677143 
   22.000    -0.347721    -0.001974    -0.001964      3639512 
   22.100     0.020632     0.000119     0.000117      3626018 
   22.200    -0.072767    -0.000412    -0.000413      3627488 
   22.300    -0.355677    -0.002024    -0.002011      3648805 
   22.400    -0.095872    -0.000543    -0.000542      3650163 
   22.500     0.219022     0.001251     0.001234      3667033 
   22.600    -0.259607    -0.001481    -0.001464      3655003 
   22.700    -0.652192    -0.003688    -0.003678      3655138 
   22.800    -0.158754    -0.000895    -0.000895      3640559 
   22.900     0.411334     0.002341     0.002327      3607779 
   23.000     0.270025     0.001539     0.001529      3637443 
   23.100     0.428174     0.002444     0.002418      3634831 
   23.200     0.116451     0.000658     0.000657      3644974 
   23.300     0.173598     0.000984     0.000982      3637883 
   23.400     0.092071     0.000523     0.000517      3643812 
   23.500     0.356460     0.002009     0.002005      3640221 
   23.600    -0.854057    -0.004872    -0.004866      3635798 
   23.700    -0.568784    -0.003260    -0.003242      3620662 
   23.800     0.185998     0.001067     0.001054      3638826 
   23.900    -0.234356    -0.001344    -0.001335      3629575 
   24.000     0.200257     0.001153     0.001147      3604874 
   24.100    -0.206099    -0.001176    -0.001177      3635255 
   24.200    -0.296964    -0.001704    -0.001689      3617646 
   24.300    -0.142312    -0.000823    -0.000812      3614805 
   24.400    -0.695126    -0.003982    -0.003956      3640488 
   24.500     0.130406     0.000743     0.000744      3624823 
   24.600    -0.698579    -0.003955    -0.003944      3629156 
   24.700    -0.032018    -0.000185    -0.000184      3637999 
   24.800    -0.133562    -0.000761    -0.000763      3609221 
   24.900    -0.259121    -0.001479    -0.001471      3605145 
   25.000     0.500421     0.002841     0.002845      3607994 
   25.100    -0.030919    -0.000177    -0.000176      3614706 
   25.200     0.070963     0.000403     0.000404      3604847 
   25.300     0.798617     0.004548     0.004536      3632450 
   25.400     0.831398     0.004710     0.004712      3636279 
   25.500    -0.186464    -0.001075    -0.001058      3611175 
   25.600    -0.849684    -0.004814    -0.004838      3600561 
   25.700     0.067238     0.000384     0.000381      3579832 
   25.800    -0.067784    -0.000382    -0.000383      3582812 
   25.900    -0.190976    -0.001084    -0.001087      3580169 
   26.000     0.208065     0.001176     0.001174      3582431 
   26.100     0.752577     0.004317     0.004315      3565199 
   26.200     0.981283     0.005601     0.005601      3578337 
   26.300    -0.256483    -0.001450    -0.001460      3560727 
   26.400    -0.182621    -0.001036    -0.001042      3574110 
   26.500     0.028918     0.000162     0.000163      3568664 
   26.600    -0.114299    -0.000650    -0.000659      3540031 
   26.700    -0.267341    -0.001528    -0.001532      3556435 
   26.800    -0.227419    -0.001291    -0.001288      3538760 
   26.900    -0.336247    -0.001883    -0.001922      3555314 
   27.000    -0.174374    -0.000992    -0.000995      3538393 
   27.100    -0.556105    -0.003179    -0.003183      3511698 
   27.200    -0.074500    -0.000420    -0.000420      3537702 
   27.300    -0.000985    -0.000006    -0.000006      3501022 
   27.400     0.188717     0.001090     0.001086      3531616 
   27.500     0.704527     0.004018     0.004021      3521347 
   27.600     0.501397     0.002871     0.002889      3515735 
   27.700     0.055479     0.000312     0.000317      3523400 
   27.800    -0.234225    -0.001331    -0.001341      3532331 
   27.900     0.318951     0.001820     0.001828      3543779 
   28.000    -0.155478    -0.000887    -0.000887      3530765 
   28.100    -0.157412    -0.000898    -0.000899      3517557 
   28.200    -0.554450    -0.003176    -0.003197      3520481 
   28.300    -0.336123    -0.001906    -0.001919      3516753 
   28.400     0.642170     0.003658     0.003674      3510459 
   28.500     0.612216     0.003475     0.003497      3493082 
   28.600     0.663093     0.003787     0.003808      3495671 
   28.700    -0.342666    -0.001962    -0.001967      3497066 
   28.800     0.246274     0.001417     0.001412      3532218 
   28.900     0.037680     0.000214     0.000216      3524686 
   29.000    -0.026025    -0.000149    -0.000149      3516517 
   29.100    -0.050707    -0.000287    -0.000290      3509249 
   29.200    -0.266972    -0.001509    -0.001518      3496247 
   29.300    -0.149639    -0.000842    -0.000849      3492510 
   29.400     0.673163     0.003759     0.003801      3511051 
   29.500    -0.122324    -0.000696    -0.000703      3481627 
   29.600    -0.439466    -0.002488    -0.002522      3490791 
   29.700     0.354676     0.002024     0.002035      3464800 
   29.800    -0.489897    -0.002817    -0.002843      3443724 
   29.900     0.182408     0.001023     0.001041      3456512 
   30.000    -0.594576    -0.003369    -0.003410      3469990 
   30.100     0.575966     0.003261     0.003322      3457147 
   30.200     0.335598     0.001888     0.001915      3483510 
   30.300     0.177595     0.001008     0.001015      3509394 
   30.400    -0.522794    -0.003020    -0.003013      3472974 
   30.500    -0.099762    -0.000580    -0.000578      3472758 
   30.600     0.280148     0.001610     0.001618      3479903 
   30.700    -0.741105    -0.004210    -0.004259      3478200 
   30.800    -0.928858    -0.005330    -0.005343      3469037 
   30.900    -0.678016    -0.003806    -0.003886      3444734 
   31.000    -0.635961    -0.003591    -0.003635      3459979 
   31.100    -0.393677    -0.002215    -0.002249      3453319 
   31.200     0.098408     0.000555     0.000560      3469404 
   31.300    -0.572851    -0.003214    -0.003276      3451322 
   31.400     0.075035     0.000429     0.000437      3448755 
   31.500    -0.737156    -0.004209    -0.004271      3422020 
   31.600     0.098076     0.000556     0.000561      3428586 
   31.700    -0.114471    -0.000660    -0.000665      3432554 
   31.800     0.286465     0.001647     0.001666      3411795 
   31.900    -0.139214    -0.000805    -0.000804      3420047 
   32.000    -0.221752    -0.001280    -0.001278      3441273 
   32.100    -1.043736    -0.006024    -0.006007      3463574 
   32.200    -0.776689    -0.004489    -0.004486      3421262 
   32.300    -0.935335    -0.005371    -0.005417      3439008 
   32.400     0.071969     0.000410     0.000415      3439719 
   32.500     0.496244     0.002795     0.002850      3449099 
   32.600    -0.486878    -0.002761    -0.002798      3420028 
   32.700     0.293907     0.001671     0.001677      3414291 
   32.800     0.208057     0.001173     0.001191      3434131 
   32.900    -0.509577    -0.002868    -0.002905      3420352 
   33.000    -0.267810    -0.001526    -0.001548      3414019 
   33.100    -0.340572    -0.001942    -0.001980      3395417 
   33.200     0.308441     0.001739     0.001768      3395694 
   33.300     0.233045     0.001318     0.001339      3374399 
   33.400    -0.211432    -0.001217    -0.001226      3370944 
   33.500    -0.016903    -0.000097    -0.000098      3382549 
   33.600     0.482424     0.002734     0.002767      3401005 
   33.700    -0.395117    -0.002268    -0.002287      3399309 
   33.800    -0.375579    -0.002174    -0.002175      3390825 
   33.900    -0.159184    -0.000915    -0.000925      3391308 
   34.000    -0.471449    -0.002735    -0.002751      3384049 
   34.100    -0.425213    -0.002498    -0.002487      3363548 
   34.200    -0.403416    -0.002357    -0.002348      3369154 
   34.300     0.404764     0.002327     0.002321      3374639 
   34.400     0.037310     0.000213     0.000215      3378310 
   34.500    -0.495161    -0.002903    -0.002873      3354560 
   34.600     0.531593     0.003084     0.003092      3344234 
   34.700     0.474889     0.002780     0.002779      3356851 
   34.800     0.168554     0.000992     0.000984      3369564 
   34.900    -0.535072    -0.003095    -0.003112      3351658 
   35.000    -0.608615    -0.003529    -0.003554      3336664 
   35.100    -0.195351    -0.001131    -0.001135      3341786 
   35.200    -0.014156    -0.000083    -0.000083      3324927 
   35.300     0.044363     0.000264     0.000264      3327994 
   35.400    -0.341546    -0.002034    -0.002049      3327519 
   35.500     0.737568     0.004350     0.004379      3336711 
   35.600     0.332411     0.001957     0.001962      3329153 
   35.700    -0.020813    -0.000122    -0.000123      3307236 
   35.800     0.290870     0.001704     0.001716      3297679 
   35.900    -0.089917    -0.000527    -0.000531      3317689 
   36.000    -0.123065    -0.000727    -0.000724      3341551 
   36.100    -0.188295    -0.001113    -0.001106      3300456 
   36.200    -0.310734    -0.001838    -0.001833      3304839 
   36.300    -0.310872    -0.001815    -0.001816      3309246 
   36.400     0.357041     0.002095     0.002091      3308438 
   36.500    -0.169079    -0.001003    -0.001002      3296475 
   36.600    -0.226436    -0.001342    -0.001349      3271818 
   36.700    -0.131625    -0.000784    -0.000777      3270714 
   36.800    -0.333208    -0.001950    -0.001957      3300504 
   36.900     0.066304     0.000390     0.000391      3293299 
   37.000     0.150689     0.000894     0.000889      3297251 
   37.100     0.202476     0.001194     0.001195      3284746 
   37.200     0.345506     0.002035     0.002042      3269770 
   37.300    -0.134785    -0.000793    -0.000797      3277516 
   37.400    -0.725247    -0.004261    -0.004264      3289261 
   37.500     0.652885     0.003836     0.003865      3261090 
   37.600     0.103096     0.000611     0.000615      3248700 
   37.700     0.368559     0.002137     0.002173      3290031 
   37.800    -0.839753    -0.004899    -0.004951      3283321 
   37.900     0.385247     0.002258     0.002286      3311517 
   38.000    -0.068137    -0.000401    -0.000405      3273290 
   38.100    -0.429449    -0.002553    -0.002551      3276291 
   38.200    -0.305075    -0.001785    -0.001796      3296348 
   38.300    -0.186867    -0.001096    -0.001096      3271043 
   38.400    -0.547571    -0.003246    -0.003246      3260534 
   38.500     0.642273     0.003811     0.003815      3269400 
   38.600     0.611979     0.003622     0.003627      3268972 
   38.700     1.216105     0.007243     0.007176      3272151 
   38.800     1.328206     0.007945     0.007890      3269305 
   38.900     0.445200     0.002652     0.002654      3282735 
   39.000     0.092743     0.000550     0.000550      3280245 
   39.100     0.912564     0.005521     0.005477      3240761 
   39.200     0.625957     0.003714     0.003714      3261572 
   39.300     0.349063     0.002107     0.002091      3258173 
   39.400     0.389399     0.002342     0.002323      3259726 
   39.500    -0.134395    -0.000786    -0.000795      3251081 
   39.600    -0.286212    -0.001702    -0.001700      3250286 
   39.700     0.879718     0.005261     0.005228      3248416 
   39.800     0.044487     0.000265     0.000264      3231775 
   39.900    -0.464647    -0.002794    -0.002777      3217280 
   40.000    -0.083449    -0.000501    -0.000501      3197417 
   40.100     0.290719     0.001746     0.001747      3203471 
   40.200     0.855157     0.005124     0.005132      3213047 
   40.300     0.991228     0.005893     0.005868      3229311 
   40.400     0.635329     0.003782     0.003774      3233883 
   40.500     0.980527     0.005827     0.005846      3220578 
   40.600     0.812816     0.004893     0.004888      3204112 
   40.700     0.776033     0.004708     0.004687      3193792 
   40.800     0.766990     0.004557     0.004560      3219363 
   40.900     0.382903     0.002306     0.002299      3177636 
   41.000     0.035628     0.000216     0.000215      3165747 
   41.100     0.502040     0.003054     0.003039      3164874 
   41.200     0.252657     0.001509     0.001509      3195973 
   41.300     1.007720     0.006159     0.006088      3191546 
   41.400    -0.019011    -0.000115    -0.000115      3190855 
   41.500    -0.399308    -0.002419    -0.002391      3186863 
   41.600    -0.129949    -0.000783    -0.000784      3164210 
   41.700     0.490660     0.002988     0.002968      3168175 
   41.800    -0.281799    -0.001688    -0.001698      3174551 
   41.900    -0.264020    -0.001575    -0.001592      3156800 
   42.000    -0.168743    -0.001015    -0.001028      3140127 
   42.100    -0.048861    -0.000290    -0.000292      3155242 
   42.200    -0.232554    -0.001422    -0.001415      3116296 
   42.300    -0.344037    -0.002107    -0.002083      3118662 
   42.400    -0.069789    -0.000427    -0.000422      3131543 
   42.500    -0.302647    -0.001842    -0.001819      3148623 
   42.600     0.029082     0.000177     0.000176      3128028 
   42.700     0.878334     0.005351     0.005336      3130607 
   42.800     1.093380     0.006656     0.006631      3135199 
   42.900     1.147375     0.006999     0.006912      3129557 
   43.000     0.418676     0.002576     0.002536      3141326 
   43.100     0.359511     0.002207     0.002189      3117374 
   43.200     0.152689     0.000949     0.000929      3100312 
   43.300    -0.125272    -0.000778    -0.000764      3094000 
   43.400     0.238918     0.001470     0.001455      3093978 
   43.500     0.926989     0.005762     0.005696      3097944 
   43.600    -0.264563    -0.001641    -0.001619      3093457 
   43.700    -0.128284    -0.000777    -0.000773      3091323 
   43.800     0.124100     0.000765     0.000764      3083501 
   43.900    -0.293452    -0.001811    -0.001805      3083600 
   44.000    -0.335091    -0.002046    -0.002040      3084166 
   44.100    -0.768678    -0.004728    -0.004716      3074758 
   44.200    -0.369544    -0.002276    -0.002284      3048754 
   44.300    -1.577185    -0.009684    -0.009669      3081920 
   44.400    -0.951103    -0.005731    -0.005728      3086165 
   44.500    -0.272660    -0.001684    -0.001666      3046706 
   44.600    -0.812859    -0.004978    -0.004994      3038680 
   44.700     0.187709     0.001154     0.001161      3026125 
   44.800    -0.433008    -0.002645    -0.002655      3044912 
   44.900    -0.368043    -0.002258    -0.002267      3041054 
   45.000     0.020471     0.000125     0.000126      3029414 
   45.100    -0.730977    -0.004401    -0.004452      3053319 
   45.200    -0.456688    -0.002765    -0.002771      3048130 
   45.300    -0.755585    -0.004624    -0.004647      3025852 
   45.400    -0.150610    -0.000924    -0.000927      3030490 
   45.500     0.216055     0.001334     0.001339      3050175 
   45.600    -0.046467    -0.000286    -0.000288      3016377 
   45.700     0.180200     0.001096     0.001106      3016955 
   45.800    -0.034686    -0.000211    -0.000212      2999407 
   45.900     0.221500     0.001348     0.001358      3033717 
   46.000     0.192997     0.001171     0.001191      3014358 
   46.100     0.069799     0.000429     0.000432      3032010 
   46.200    -0.279176    -0.001734    -0.001720      3015074 
   46.300     0.159216     0.000983     0.000983      3015150 
   46.400    -0.323498    -0.001995    -0.002002      3004207 
   46.500    -0.162435    -0.001003    -0.001003      3001829 
   46.600     0.123417     0.000766     0.000764      2992316 
   46.700     0.128098     0.000781     0.000786      3005388 
   46.800     0.285829     0.001758     0.001748      3003162 
   46.900    -0.457221    -0.002812    -0.002795      2994986 
   47.000    -0.390575    -0.002405    -0.002414      2973216 
   47.100    -0.215487    -0.001322    -0.001330      2994539 
   47.200    -0.276637    -0.001726    -0.001714      2965289 
   47.300     0.025866     0.000162     0.000161      2945231 
   47.400     0.342887     0.002134     0.002132      2968851 
   47.500     0.097236     0.000600     0.000600      2982389 
   47.600    -0.466691    -0.002894    -0.002912      2973166 
   47.700     0.120300     0.000739     0.000738      2969545 
   47.800    -0.060511    -0.000377    -0.000375      2973205 
   47.900     0.236961     0.001483     0.001486      2920406 
   48.000    -0.260003    -0.001632    -0.001628      2940659 
   48.100    -0.381523    -0.002390    -0.002394      2956865 
   48.200    -0.013469    -0.000084    -0.000084      2929184 
   48.300    -0.031372    -0.000194    -0.000194      2944288 
   48.400     0.355957     0.002230     0.002228      2925862 
   48.500     0.515404     0.003197     0.003240      2923251 
   48.600    -0.442532    -0.002794    -0.002802      2929842 
   48.700    -1.047393    -0.006531    -0.006610      2915364 
   48.800    -0.655246    -0.004100    -0.004123      2898595 
   48.900    -0.937944    -0.005819    -0.005860      2916154 
   49.000     0.197652     0.001221     0.001234      2935382 
   49.100    -0.412111    -0.002593    -0.002622      2894057 
   49.200    -0.217552    -0.001366    -0.001365      2910953 
   49.300    -0.341183    -0.002168    -0.002136      2900063 
   49.400    -0.053362    -0.000337    -0.000336      2905983 
   49.500     0.501691     0.003173     0.003155      2915878 
   49.600     0.073766     0.000467     0.000464      2934154 
   49.700    -0.093617    -0.000585    -0.000584      2942724 
   49.800     0.617868     0.003840     0.003856      2904929 
   49.900    -0.169093    -0.001059    -0.001059      2898826 
   50.000    -0.318364    -0.001983    -0.002004      2878245 
   50.100     0.975334     0.006124     0.006198      2855949 
   50.200     0.033900     0.000219     0.000218      2851914 
   50.300     0.376389     0.002389     0.002387      2873801 
   50.400     0.632474     0.004008     0.004030      2823164 
   50.500    -0.031500    -0.000201    -0.000201      2872203 
   50.600     0.106539     0.000681     0.000677      2891804 
   50.700    -0.483749    -0.003116    -0.003105      2883632 
   50.800    -0.382486    -0.002434    -0.002434      2861068 
   50.900    -0.517375    -0.003305    -0.003278      2843687 
   51.000    -0.261936    -0.001679    -0.001668      2840712 
   51.100     0.126054     0.000815     0.000814      2813900 
   51.200     0.820453     0.005236     0.005230      2841632 
   51.300     0.593010     0.003777     0.003754      2846713 
   51.400     0.899369     0.005814     0.005752      2834400 
   51.500     0.014372     0.000091     0.000091      2845002 
   51.600     0.809966     0.005086     0.005108      2838902 
   51.700     0.633662     0.004002     0.004037      2823584 
   51.800     0.257416     0.001641     0.001644      2839006 
   51.900     0.345888     0.002192     0.002199      2826875 
   52.000     0.158621     0.001015     0.001026      2810688 
   52.100     0.069169     0.000441     0.000443      2803569 
   52.200     0.007460     0.000048     0.000048      2798406 
   52.300     1.015032     0.006377     0.006510      2797962 
   52.400    -0.357737    -0.002293    -0.002307      2775742 
   52.500     0.514978     0.003347     0.003345      2791142 
   52.600    -0.629492    -0.004069    -0.004087      2787782 
   52.700    -0.011023    -0.000071    -0.000071      2807265 
   52.800    -0.123268    -0.000783    -0.000788      2793351 
   52.900    -0.510648    -0.003280    -0.003276      2781290 
   53.000    -1.094450    -0.007030    -0.007014      2775355 
   53.100    -1.138206    -0.007299    -0.007342      2797663 
   53.200    -1.210552    -0.007728    -0.007799      2795140 
   53.300     0.140167     0.000894     0.000901      2776002 
   53.400    -1.040770    -0.006549    -0.006634      2778475 
   53.500    -0.244654    -0.001569    -0.001561      2778238 
   53.600    -0.120274    -0.000775    -0.000780      2762976 
   53.700    -0.410648    -0.002684    -0.002687      2765817 
   53.800    -0.181108    -0.001173    -0.001181      2753727 
   53.900    -0.024753    -0.000158    -0.000159      2780763 
   54.000    -0.212909    -0.001385    -0.001390      2739532 
   54.100     0.369594     0.002368     0.002390      2745099 
   54.200     0.467494     0.003013     0.003046      2735788 
   54.300     0.728232     0.004690     0.004725      2712713 
   54.400    -0.083950    -0.000537    -0.000536      2730439 
   54.500     0.085028     0.000548     0.000550      2729069 
   54.600     0.298137     0.001925     0.001935      2724614 
   54.700     0.240269     0.001534     0.001547      2742737 
   54.800    -0.531637    -0.003409    -0.003450      2746355 
   54.900    -0.658966    -0.004293    -0.004327      2722654 
   55.000    -0.600933    -0.003882    -0.003922      2723404 
   55.100    -0.022128    -0.000143    -0.000144      2716512 
   55.200     0.081301     0.000531     0.000529      2714359 
   55.300    -0.540496    -0.003504    -0.003511      2739169 
   55.400    -0.475548    -0.003112    -0.003113      2714303 
   55.500    -0.995953    -0.006380    -0.006429      2717684 
   55.600    -0.148641    -0.000951    -0.000964      2722920 
   55.700    -0.623882    -0.004027    -0.004055      2714510 
   55.800    -0.205896    -0.001346    -0.001357      2690487 
   55.900    -0.476892    -0.003109    -0.003137      2688647 
   56.000    -0.641255    -0.004182    -0.004182      2711327 
   56.100    -0.667427    -0.004362    -0.004398      2687231 
   56.200    -0.624181    -0.004063    -0.004107      2679767 
   56.300    -0.977452    -0.006330    -0.006421      2686695 
   56.400    -0.376145    -0.002507    -0.002480      2689045 
   56.500    -0.127571    -0.000839    -0.000841      2711561 
   56.600     0.025357     0.000165     0.000165      2706099 
   56.700    -0.001294    -0.000008    -0.000008      2694580 
   56.800    -0.637528    -0.004138    -0.004167      2692310 
   56.900    -0.935417    -0.006106    -0.006088      2684079 
   57.000    -0.676736    -0.004386    -0.004434      2661560 
   57.100    -0.714234    -0.004638    -0.004650      2650057 
   57.200    -0.775971    -0.005037    -0.005127      2663570 
   57.300    -1.511825    -0.009827    -0.009912      2667248 
   57.400    -0.351548    -0.002264    -0.002296      2639615 
   57.500    -0.035385    -0.000228    -0.000231      2651192 
   57.600     0.292231     0.001882     0.001918      2638692 
   57.700     0.382560     0.002449     0.002485      2651900 
   57.800    -0.403004    -0.002636    -0.002654      2650456 
   57.900    -0.179987    -0.001171    -0.001192      2619914 
   58.000    -0.189190    -0.001240    -0.001238      2648231 
   58.100     0.314834     0.002057     0.002056      2639321 
   58.200    -1.072553    -0.006982    -0.007114      2633082 
   58.300    -1.364091    -0.009284    -0.009304      2623915 
   58.400    -0.577771    -0.003823    -0.003848      2623237 
   58.500    -0.464701    -0.003065    -0.003073      2625394 
   58.600     1.040614     0.007010     0.006999      2622795 
   58.700    -0.157795    -0.001056    -0.001051      2623644 
   58.800    -0.026258    -0.000172    -0.000173      2632092 
   58.900    -0.132562    -0.000872    -0.000878      2596008 
   59.000     0.104655     0.000697     0.000699      2593844 
   59.100     0.089362     0.000594     0.000596      2576615 
   59.200     0.353954     0.002364     0.002370      2580676 
   59.300     0.314982     0.002034     0.002057      2608652 
   59.400    -0.830329    -0.005630    -0.005594      2602141 
   59.500    -0.017584    -0.000119    -0.000118      2608750 
   59.600    -0.493537    -0.003316    -0.003309      2591458 
   59.700    -0.576626    -0.003902    -0.003899      2572695 
   59.800    -0.737474    -0.004959    -0.004953      2592992 
   59.900     0.166274     0.001124     0.001119      2587926 
   60.000     0.631578     0.004236     0.004211      2581124 
   60.100    -0.543549    -0.003655    -0.003657      2568052 
   60.200    -0.467206    -0.003117    -0.003143      2595686 
   60.300     0.001331     0.000009     0.000009      2555947 
   60.400    -0.771800    -0.005120    -0.005186      2566814 
   60.500    -1.356014    -0.009056    -0.009179      2555734 
   60.600    -0.980544    -0.006622    -0.006613      2562425 
   60.700    -0.363374    -0.002434    -0.002428      2588702 
   60.800    -0.700263    -0.004643    -0.004683      2582481 
   60.900     0.218215     0.001458     0.001458      2555934 
   61.000     0.298022     0.002009     0.002005      2550816 
   61.100    -0.443016    -0.002995    -0.002967      2532997 
   61.200     0.052109     0.000350     0.000349      2521915 
   61.300    -0.922699    -0.006152    -0.006239      2531468 
   61.400    -0.516761    -0.003431    -0.003472      2527843 
   61.500    -0.085373    -0.000569    -0.000571      2555859 
   61.600    -0.086960    -0.000589    -0.000588      2529777 
   61.700     0.667534     0.004554     0.004558      2516461 
   61.800    -0.149122    -0.001011    -0.001015      2511660 
   61.900     0.686371     0.004696     0.004672      2512762 
   62.000     0.389443     0.002640     0.002633      2502367 
   62.100    -0.246941    -0.001657    -0.001667      2500293 
   62.200    -0.122421    -0.000823    -0.000823      2524839 
   62.300    -0.373925    -0.002495    -0.002497      2514619 
   62.400     0.357570     0.002447     0.002428      2496278 
   62.500    -0.263150    -0.001783    -0.001787      2477843 
   62.600    -0.236162    -0.001614    -0.001610      2471404 
   62.700     0.462880     0.003147     0.003164      2499563 
   62.800     0.000157     0.000001     0.000001      2476814 
   62.900    -0.479501    -0.003256    -0.003291      2480676 
   63.000     0.425109     0.002937     0.002950      2469750 
   63.100     0.402049     0.002755     0.002757      2478798 
   63.200     0.363291     0.002473     0.002494      2507414 
   63.300    -0.299620    -0.002046    -0.002038      2496709 
   63.400     0.235272     0.001591     0.001607      2460287 
   63.500     0.033545     0.000230     0.000231      2473463 
   63.600     0.682881     0.004725     0.004678      2487766 
   63.700     0.115500     0.000809     0.000798      2488338 
   63.800     0.301879     0.002047     0.002055      2479032 
   63.900     1.283104     0.008702     0.008721      2468147 
   64.000     0.746313     0.005170     0.005165      2430443 
   64.100     1.083494     0.007482     0.007433      2454188 
   64.200     0.282017     0.001960     0.001943      2460279 
   64.300    -0.024312    -0.000169    -0.000169      2449461 
   64.400     0.229364     0.001586     0.001596      2436824 
   64.500     0.016272     0.000114     0.000114      2431342 
   64.600    -0.609171    -0.004171    -0.004202      2441825 
   64.700    -0.071361    -0.000489    -0.000490      2444858 
   64.800     0.486272     0.003388     0.003377      2427948 
   64.900    -0.234999    -0.001650    -0.001649      2415078 
   65.000    -0.069888    -0.000491    -0.000492      2411025 
   65.100     0.439676     0.002988     0.003022      2431195 
   65.200     0.802402     0.005541     0.005550      2417661 
   65.300    -0.466612    -0.003247    -0.003227      2427199 
   65.400    -0.281294    -0.001942    -0.001952      2416146 
   65.500     0.161719     0.001097     0.001107      2427799 
   65.600     0.535292     0.003674     0.003713      2417873 
   65.700     0.635651     0.004458     0.004477      2408549 
   65.800    -0.138103    -0.000955    -0.000962      2418109 
   65.900    -0.105274    -0.000714    -0.000732      2399673 
   66.000     0.600254     0.004111     0.004213      2399800 
   66.100     0.809175     0.005530     0.005667      2392391 
   66.200     0.438954     0.003049     0.003086      2389689 
   66.300     0.802286     0.005578     0.005596      2384949 
   66.400    -0.034371    -0.000237    -0.000240      2395785 
   66.500     0.659748     0.004631     0.004603      2379243 
   66.600     0.342958     0.002349     0.002369      2380076 
   66.700     0.541621     0.003703     0.003734      2418012 
   66.800     0.578209     0.004022     0.004050      2391373 
   66.900     0.820663     0.005793     0.005736      2393341 
   67.000     0.984798     0.006896     0.006905      2387087 
   67.100     0.596820     0.004173     0.004180      2382766 
   67.200     0.813511     0.005624     0.005602      2375540 
   67.300     0.294255     0.002050     0.002050      2387929 
   67.400    -0.090592    -0.000632    -0.000632      2380140 
   67.500     0.004962     0.000035     0.000035      2385539 
   67.600     0.369643     0.002598     0.002597      2356229 
   67.700     0.142054     0.000985     0.000987      2361463 
   67.800     0.508022     0.003528     0.003548      2357242 
   67.900     0.888718     0.006214     0.006281      2370252 
   68.000     0.399205     0.002760     0.002785      2358031 
   68.100     0.048403     0.000338     0.000339      2354348 
   68.200     0.152466     0.001069     0.001078      2361631 
   68.300    -0.585230    -0.004100    -0.004130      2347303 
   68.400     1.051798     0.007394     0.007388      2338872 
   68.500     0.132242     0.000932     0.000935      2345308 
   68.600     0.261067     0.001817     0.001827      2319269 
   68.700    -0.290450    -0.002038    -0.002022      2338719 
   68.800     0.152283     0.001057     0.001059      2353197 
   68.900     0.535244     0.003673     0.003731      2337432 
   69.000    -0.144966    -0.001020    -0.001018      2326455 
   69.100    -0.759352    -0.005306    -0.005310      2345646 
   69.200    -0.262795    -0.001823    -0.001832      2325014 
   69.300    -0.852795    -0.005974    -0.005971      2312371 
   69.400    -1.254717    -0.008767    -0.008785      2318203 
   69.500    -0.958959    -0.006612    -0.006702      2320140 
   69.600    -0.600190    -0.004165    -0.004188      2310810 
   69.700     0.190132     0.001322     0.001339      2320766 
   69.800    -0.474174    -0.003380    -0.003402      2291008 
   69.900     0.142011     0.001002     0.001020      2289217 
   70.000    -0.316558    -0.002224    -0.002263      2277393 
   70.100     0.782990     0.005530     0.005528      2309107 
   70.200     0.041636     0.000296     0.000296      2301181 
   70.300    -0.146903    -0.001016    -0.001036      2291708 
   70.400    -0.365965    -0.002596    -0.002610      2290700 
   70.500     0.345229     0.002444     0.002448      2283809 
   70.600    -0.960747    -0.006699    -0.006765      2268295 
   70.700    -0.900040    -0.006220    -0.006325      2283408 
   70.800    -0.242963    -0.001676    -0.001696      2281128 
   70.900     0.205014     0.001420     0.001425      2285018 
   71.000    -0.466785    -0.003237    -0.003271      2278711 
   71.100    -0.307815    -0.002158    -0.002176      2279787 
   71.200     0.357114     0.002573     0.002555      2248556 
   71.300     0.261840     0.001817     0.001826      2263379 
   71.400    -0.597672    -0.004060    -0.004178      2281393 
   71.500    -0.663203    -0.004483    -0.004659      2274674 
   71.600    -0.026682    -0.000184    -0.000187      2280704 
   71.700    -0.189390    -0.001335    -0.001341      2275406 
   71.800    -0.662053    -0.004622    -0.004697      2249382 
   71.900    -0.099279    -0.000693    -0.000706      2259157 
   72.000    -0.095838    -0.000667    -0.000675      2287219 
   72.100     0.404495     0.002809     0.002822      2255502 
   72.200    -0.366864    -0.002560    -0.002588      2240526 
   72.300    -0.882315    -0.006196    -0.006280      2253155 
   72.400    -0.829700    -0.005829    -0.005903      2247451 
   72.500    -0.315158    -0.002227    -0.002239      2252687 
   72.600    -0.441361    -0.003066    -0.003101      2256795 
   72.700    -0.142527    -0.001021    -0.001018      2244376 
   72.800    -0.275749    -0.001950    -0.001968      2225823 
   72.900     0.338015     0.002345     0.002398      2259443 
   73.000    -0.202812    -0.001416    -0.001444      2238255 
   73.100    -0.006164    -0.000044    -0.000045      2239945 
   73.200    -1.249773    -0.009003    -0.009038      2210003 
   73.300    -0.422308    -0.003039    -0.003017      2221264 
   73.400    -0.598971    -0.004304    -0.004296      2232503 
   73.500    -1.077215    -0.007791    -0.007745      2206414 
   73.600    -0.380834    -0.002726    -0.002708      2213455 
   73.700    -0.508523    -0.003625    -0.003661      2233600 
   73.800    -0.853612    -0.006058    -0.006171      2227469 
   73.900     0.345930     0.002500     0.002519      2199968 
   74.000    -0.252844    -0.001866    -0.001862      2190883 
   74.100    -0.290193    -0.002116    -0.002127      2200597 
   74.200     0.091633     0.000672     0.000675      2214602 
   74.300    -0.504204    -0.003675    -0.003688      2196958 
   74.400    -0.472950    -0.003416    -0.003434      2183237 
   74.500    -0.117007    -0.000843    -0.000850      2189879 
   74.600    -0.074262    -0.000537    -0.000538      2180168 
   74.700    -0.371642    -0.002709    -0.002709      2161644 
   74.800    -0.033884    -0.000251    -0.000250      2147043 
   74.900    -0.058357    -0.000424    -0.000427      2162093 
   75.000    -0.724804    -0.005312    -0.005278      2143508 
   75.100    -0.105253    -0.000772    -0.000771      2155088 
   75.200    -0.309264    -0.002234    -0.002248      2151179 
   75.300    -0.387487    -0.002776    -0.002799      2165595 
   75.400    -0.440571    -0.003189    -0.003202      2145133 
   75.500     0.229124     0.001681     0.001670      2129214 
   75.600    -0.251673    -0.001837    -0.001834      2150970 
   75.700    -0.328150    -0.002370    -0.002377      2159453 
   75.800     0.004550     0.000033     0.000034      2129239 
   75.900    -0.716109    -0.005225    -0.005251      2124036 
   76.000     0.251731     0.001847     0.001848      2106039 
   76.100    -0.442037    -0.003229    -0.003219      2116595 
   76.200    -0.289996    -0.002174    -0.002138      2131631 
   76.300    -0.624076    -0.004587    -0.004559      2136511 
   76.400    -0.046194    -0.000341    -0.000338      2141411 
   76.500     0.484202     0.003600     0.003608      2112813 
   76.600     0.308643     0.002294     0.002305      2099539 
   76.700     0.474359     0.003494     0.003537      2102430 
   76.800    -0.440881    -0.003306    -0.003313      2093863 
   76.900    -0.562260    -0.004116    -0.004188      2106599 
   77.000    -0.076113    -0.000561    -0.000568      2103656 
   77.100     0.080001     0.000586     0.000593      2100117 
   77.200     0.267591     0.001946     0.001968      2119468 
   77.300     0.199171     0.001473     0.001490      2107685 
   77.400     0.496817     0.003638     0.003669      2105851 
   77.500     0.115571     0.000859     0.000862      2093879 
   77.600     0.798514     0.005963     0.005934      2082941 
   77.700     0.284781     0.002114     0.002117      2088095 
   77.800     0.109742     0.000810     0.000812      2091893 
   77.900    -0.128413    -0.000948    -0.000948      2096505 
   78.000     0.299485     0.002181     0.002200      2094786 
   78.100     0.411121     0.002975     0.003017      2099562 
   78.200     0.631519     0.004633     0.004637      2086465 
   78.300     0.130307     0.000984     0.000969      2062114 
   78.400    -0.130908    -0.000961    -0.000971      2066383 
   78.500     0.715533     0.005352     0.005346      2088911 
   78.600    -0.122602    -0.000897    -0.000908      2076563 
   78.700     0.441302     0.003241     0.003265      2101504 
   78.800     0.065887     0.000487     0.000487      2078264 
   78.900     0.007324     0.000053     0.000054      2076855 
   79.000     0.601366     0.004305     0.004401      2057959 
   79.100     0.242356     0.001760     0.001786      2077610 
   79.200     0.732636     0.005343     0.005372      2052080 
   79.300     0.351892     0.002558     0.002577      2058153 
   79.400    -0.367302    -0.002709    -0.002712      2061669 
   79.500     0.663829     0.004901     0.004959      2038711 
   79.600     0.238184     0.001802     0.001804      2031442 
   79.700     0.944336     0.007104     0.007133      2040054 
   79.800     0.538803     0.004016     0.004058      2041187 
   79.900     0.277203     0.002064     0.002098      2034475 
   80.000     0.916754     0.006819     0.006877      2064677 
   80.100     0.764207     0.005669     0.005728      2042148 
   80.200     0.614078     0.004476     0.004589      2046840 
   80.300     0.879669     0.006577     0.006570      2049007 
   80.400     0.974981     0.007246     0.007296      2044781 
   80.500     1.806830     0.013410     0.013412      2040273 
   80.600     0.572148     0.004365     0.004358      2031323 
   80.700     0.025832     0.000196     0.000196      2010902 
   80.800     0.939369     0.006951     0.006969      2035740 
   80.900     0.743744     0.005526     0.005555      2037266 
   81.000     0.436422     0.003279     0.003276      2023393 
   81.100     0.678551     0.005171     0.005160      2011964 
   81.200    -0.159347    -0.001228    -0.001207      1989371 
   81.300    -0.156021    -0.001161    -0.001161      2001661 
   81.400     0.201072     0.001490     0.001510      1994317 
   81.500     0.911102     0.006940     0.006917      1998283 
   81.600     0.745408     0.005728     0.005742      1980389 
   81.700    -0.407009    -0.003116    -0.003118      1971723 
   81.800    -0.144428    -0.001089    -0.001103      1967839 
   81.900     0.645727     0.004884     0.004944      1978510 
   82.000     0.403604     0.003090     0.003116      1972303 
   82.100     0.935266     0.007018     0.007121      1956996 
   82.200     0.573917     0.004415     0.004376      1948033 
   82.300     0.369408     0.002830     0.002817      1953494 
   82.400     0.677209     0.005240     0.005190      1967352 
   82.500     0.295306     0.002270     0.002265      1964166 
   82.600     0.787533     0.006206     0.006132      1959697 
   82.700    -0.046880    -0.000361    -0.000359      1956310 
   82.800    -0.597062    -0.004588    -0.004583      1941330 
   82.900    -0.232624    -0.001769    -0.001782      1940977 
   83.000     0.295836     0.002259     0.002256      1943893 
   83.100     1.001171     0.007753     0.007750      1940845 
   83.200     0.387018     0.002999     0.002967      1949594 
   83.300    -0.034522    -0.000271    -0.000268      1910854 
   83.400    -0.918989    -0.007176    -0.007103      1936870 
   83.500    -0.909599    -0.006969    -0.007014      1916743 
   83.600    -0.349833    -0.002706    -0.002704      1928646 
   83.700    -0.050017    -0.000385    -0.000385      1940131 
   83.800     0.823930     0.006400     0.006348      1917357 
   83.900     0.682327     0.005156     0.005243      1915976 
   84.000     0.317535     0.002436     0.002451      1916064 
   84.100    -0.411948    -0.003138    -0.003161      1909563 
   84.200    -0.291295    -0.002282    -0.002267      1917254 
   84.300    -0.311449    -0.002365    -0.002382      1913734 
   84.400     0.314113     0.002396     0.002420      1901915 
   84.500     0.039758     0.000306     0.000306      1907382 
   84.600    -0.426706    -0.003305    -0.003267      1899144 
   84.700    -0.373034    -0.002870    -0.002889      1900726 
   84.800     0.018194     0.000143     0.000143      1919394 
   84.900     0.626379     0.004977     0.004967      1908452 
   85.000     0.296175     0.002312     0.002326      1894194 
   85.100     0.667889     0.005185     0.005188      1906754 
   85.200    -0.522236    -0.004022    -0.004025      1915553 
   85.300    -0.137025    -0.001066    -0.001066      1898064 
   85.400    -0.422946    -0.003291    -0.003283      1899190 
   85.500    -0.522410    -0.004022    -0.004067      1897935 
   85.600     0.293670     0.002293     0.002302      1906979 
   85.700    -0.576004    -0.004404    -0.004494      1891354 
   85.800    -0.457341    -0.003570    -0.003622      1889556 
   85.900    -0.382485    -0.002943    -0.002980      1892854 
   86.000    -0.550317    -0.004311    -0.004330      1890274 
   86.100    -0.704106    -0.005516    -0.005527      1892707 
   86.200    -1.068166    -0.008209    -0.008297      1890215 
   86.300    -0.469495    -0.003687    -0.003714      1878526 
   86.400    -0.792157    -0.006148    -0.006232      1892827 
   86.500    -0.352354    -0.002728    -0.002753      1890555 
   86.600    -0.570587    -0.004489    -0.004476      1871524 
   86.700    -0.088426    -0.000680    -0.000679      1881592 
   86.800    -0.350504    -0.002727    -0.002738      1881078 
   86.900    -0.412018    -0.003205    -0.003214      1875035 
   87.000    -0.533332    -0.004173    -0.004233      1851512 
   87.100     0.166119     0.001275     0.001289      1864095 
   87.200    -0.424805    -0.003249    -0.003309      1860668 
   87.300    -0.351747    -0.002711    -0.002765      1855386 
   87.400     0.346960     0.002716     0.002733      1844733 
   87.500     0.429638     0.003448     0.003440      1847384 
   87.600     0.150331     0.001198     0.001206      1857087 
   87.700    -0.035438    -0.000282    -0.000283      1844919 
   87.800     0.270209     0.002128     0.002135      1845636 
   87.900     0.668431     0.005164     0.005202      1842764 
   88.000     0.190555     0.001478     0.001501      1825296 
   88.100     0.792823     0.006198     0.006251      1830711 
   88.200     0.372209     0.002930     0.002951      1823925 
   88.300    -0.317244    -0.002528    -0.002548      1819847 
   88.400    -0.282816    -0.002251    -0.002274      1810244 
   88.500    -0.000026    -0.000000    -0.000000      1813082 
   88.600    -0.491633    -0.003891    -0.003924      1825845 
   88.700     0.364968     0.002908     0.002929      1809930 
   88.800     0.464900     0.003711     0.003752      1817216 
   88.900     1.334324     0.010487     0.010547      1815463 
   89.000     0.432674     0.003416     0.003462      1809918 
   89.100    -0.322887    -0.002539    -0.002571      1786007 
   89.200    -0.757042    -0.005979    -0.006108      1802889 
   89.300    -0.340214    -0.002705    -0.002743      1791473 
   89.400     0.564867     0.004544     0.004596      1808044 
   89.500    -0.074593    -0.000598    -0.000603      1793727 
   89.600    -0.640872    -0.005053    -0.005143      1795970 
   89.700     0.022470     0.000177     0.000181      1797689 
   89.800     0.275453     0.002195     0.002213      1791336 
   89.900    -0.435937    -0.003470    -0.003503      1798251 
   90.000    -0.652182    -0.005173    -0.005234      1789083 
   90.100     0.509099     0.004044     0.004059      1782604 
   90.200     0.952164     0.007511     0.007681      1768428 
   90.300     0.448442     0.003581     0.003634      1765498 
   90.400     0.934395     0.007454     0.007576      1759481 
   90.500     1.035450     0.008247     0.008402      1760562 
   90.600     0.447747     0.003665     0.003649      1755146 
   90.700     1.261250     0.010031     0.010250      1762499 
   90.800     0.449935     0.003627     0.003693      1758598 
   90.900     0.157703     0.001249     0.001281      1766856 
   91.000     0.421418     0.003334     0.003401      1757396 
   91.100     0.905224     0.007214     0.007342      1760939 
   91.200     0.919446     0.007386     0.007510      1748028 
   91.300     1.131185     0.009237     0.009277      1737953 
   91.400     0.773996     0.006420     0.006438      1721849 
   91.500    -0.144615    -0.001180    -0.001192      1744128 
   91.600    -0.010840    -0.000091    -0.000090      1726943 
   91.700     0.333753     0.002753     0.002787      1722002 
   91.800     0.475202     0.003904     0.003938      1747781 
   91.900    -0.009830    -0.000080    -0.000081      1741187 
   92.000     0.528082     0.004332     0.004331      1725249 
   92.100     0.552803     0.004492     0.004565      1742686 
   92.200     0.402737     0.003299     0.003337      1720546 
   92.300     0.706711     0.005760     0.005796      1708714 
   92.400     0.391911     0.003215     0.003244      1709564 
   92.500    -0.596527    -0.004936    -0.004993      1708624 
   92.600    -0.104303    -0.000869    -0.000869      1695942 
   92.700    -0.098788    -0.000826    -0.000829      1691318 
   92.800    -0.309891    -0.002605    -0.002588      1691222 
   92.900     0.053441     0.000445     0.000447      1719197 
   93.000    -0.270799    -0.002203    -0.002232      1702127 
   93.100    -0.058692    -0.000484    -0.000487      1682686 
   93.200    -0.174573    -0.001412    -0.001420      1706804 
   93.300     0.422395     0.003401     0.003467      1696145 
   93.400    -1.147169    -0.009352    -0.009426      1689652 
   93.500    -0.327194    -0.002659    -0.002716      1695721 
   93.600    -0.695751    -0.005744    -0.005781      1687909 
   93.700     0.329390     0.002736     0.002737      1674672 
   93.800     0.202058     0.001650     0.001680      1652375 
   93.900    -0.058842    -0.000482    -0.000491      1675117 
   94.000     0.332799     0.002697     0.002772      1660151 
   94.100    -0.395829    -0.003211    -0.003293      1659819 
   94.200     0.235969     0.001949     0.001984      1658980 
   94.300     0.460164     0.003754     0.003826      1670994 
   94.400     0.233625     0.001867     0.001937      1650422 
   94.500     0.346300     0.002789     0.002860      1655748 
   94.600     0.182863     0.001489     0.001527      1657498 
   94.700     0.753486     0.006134     0.006247      1644567 
   94.800     0.651958     0.005370     0.005415      1643409 
   94.900     0.259199     0.002156     0.002185      1637606 
   95.000     0.462203     0.003803     0.003823      1657141 
   95.100     0.735474     0.006003     0.006133      1648635 
   95.200     0.880439     0.007007     0.007229      1657576 
   95.300     0.761379     0.006274     0.006440      1630555 
   95.400     0.595047     0.004901     0.005007      1652943 
   95.500     0.160988     0.001331     0.001354      1641277 
   95.600    -0.003878    -0.000032    -0.000032      1636359 
   95.700    -0.154724    -0.001264    -0.001290      1646255 
   95.800    -0.249398    -0.002016    -0.002070      1624692 
   95.900     0.109767     0.000884     0.000898      1642922 
   96.000     0.461127     0.003773     0.003868      1640682 
   96.100     0.527628     0.004374     0.004374      1655676 
   96.200     0.272743     0.002223     0.002267      1637335 
   96.300     0.035512     0.000290     0.000296      1644290 
   96.400     0.351766     0.002878     0.002927      1615857 
   96.500     0.065281     0.000521     0.000542      1646202 
   96.600    -0.285934    -0.002350    -0.002406      1630545 
   96.700    -0.235724    -0.001950    -0.002007      1612579 
   96.800    -0.736114    -0.006025    -0.006102      1604424 
   96.900    -0.770406    -0.006222    -0.006373      1613761 
   97.000    -0.297684    -0.002460    -0.002474      1604983 
   97.100    -0.087807    -0.000710    -0.000728      1613263 
   97.200    -0.898686    -0.007313    -0.007444      1609104 
   97.300    -0.500507    -0.004190    -0.004263      1610524 
   97.400     0.144799     0.001214     0.001214      1605030 
   97.500    -0.536183    -0.004529    -0.004548      1595115 
   97.600    -0.511231    -0.004340    -0.004392      1588614 
   97.700     0.362348     0.003071     0.003104      1592794 
   97.800     0.093506     0.000790     0.000795      1598039 
   97.900    -0.137726    -0.001137    -0.001163      1586629 
   98.000    -0.442435    -0.003688    -0.003735      1589639 
   98.100    -0.641288    -0.005291    -0.005460      1590690 
   98.200    -0.601207    -0.005021    -0.005056      1585592 
   98.300    -0.217975    -0.001817    -0.001855      1598881 
   98.400    -0.880717    -0.007301    -0.007445      1604135 
   98.500    -0.827489    -0.006979    -0.007091      1591591 
   98.600     0.679643     0.005766     0.005886      1553930 
   98.700    -0.665936    -0.005578    -0.005691      1569112 
   98.800    -0.411936    -0.003581    -0.003530      1567347 
   98.900     0.226769     0.001985     0.001982      1548258 
   99.000    -0.397461    -0.003407    -0.003423      1550462 
   99.100    -0.239375    -0.002029    -0.002065      1557674 
   99.200    -0.280756    -0.002448    -0.002467      1552033 
   99.300     0.384078     0.003240     0.003324      1541072 
   99.400    -0.441029    -0.003674    -0.003761      1549605 
   99.500    -0.888363    -0.007509    -0.007611      1558044 
   99.600    -0.654756    -0.005554    -0.005631      1544724 
   99.700    -0.055674    -0.000467    -0.000478      1541698 
   99.800    -0.793239    -0.006571    -0.006768      1549404 
   99.900    -0.466454    -0.003953    -0.003947      1532736 
  100.000    -0.086239    -0.000753    -0.000757      1520887 
