fitting 1 exponentials + affine
seed: 6091318825 
   10.887416 
    0.805 
   10.874259 
    0.824 
   10.859300 
    0.850 
   10.850575 
    0.899 
   10.848875 
    0.884 
   10.848831 
    0.888 
   10.848824 
    0.887 
   10.848823 
    0.887 
   10.848821 
    0.887 
   10.848820 
    0.886 
   10.848819 
    0.887 
    0.887 
nagopt ncall: 1  oldvalue:     10.848819492 newvalue:    10.848819492
   10.848819 
    0.886558105 
error sd:     0.003294
halflife:     5.757 
mean (generations):   120.409 
    0.019074653     0.000045860 
##end of run
