 ##Z-score and correlation:: ../../ancpop.list  binsize:     0.001000
    0.100    31.632295     0.166083     0.167675      5845721 
    0.200     7.774234     0.043404     0.043097      4349047 
    0.300     4.421629     0.023809     0.023821      4337738 
    0.400     2.657378     0.014329     0.014334      4282699 
    0.500     1.881094     0.010109     0.010104      4243582 
    0.600     2.226884     0.011998     0.011916      4225130 
    0.700     1.493016     0.007942     0.007953      4215047 
    0.800     1.203531     0.006430     0.006408      4191965 
    0.900     0.914234     0.004859     0.004870      4189362 
    1.000     0.639034     0.003340     0.003352      4189681 
    1.100     1.722304     0.009230     0.009180      4160954 
    1.200     1.736922     0.009221     0.009219      4179018 
    1.300     0.465754     0.002483     0.002496      4149021 
    1.400     0.919091     0.004919     0.004929      4111830 
    1.500    -0.160455    -0.000863    -0.000859      4113453 
    1.600     0.060487     0.000324     0.000322      4117849 
    1.700     0.499342     0.002657     0.002655      4119602 
    1.800     0.235756     0.001245     0.001252      4109070 
    1.900     0.538152     0.002888     0.002891      4100449 
    2.000    -0.233092    -0.001247    -0.001244      4082814 
    2.100     0.950705     0.005072     0.005086      4086704 
    2.200     0.446639     0.002327     0.002351      4090661 
    2.300     0.210743     0.001122     0.001125      4085597 
    2.400    -0.051296    -0.000268    -0.000270      4073991 
    2.500     0.079248     0.000414     0.000417      4057447 
    2.600     0.197777     0.001058     0.001055      4049518 
    2.700     0.188515     0.000999     0.001004      4022477 
    2.800     0.036014     0.000193     0.000193      4037531 
    2.900     0.076520     0.000414     0.000414      4042025 
    3.000     0.218892     0.001159     0.001176      4036086 
    3.100     0.305394     0.001631     0.001640      4036852 
    3.200     0.156177     0.000845     0.000844      4039899 
    3.300     0.113240     0.000616     0.000613      4027770 
    3.400     0.187877     0.001014     0.001007      4029939 
    3.500     0.127934     0.000684     0.000688      4031106 
    3.600    -0.729844    -0.003890    -0.003899      4022493 
    3.700     0.226956     0.001214     0.001224      4013089 
    3.800     0.245902     0.001311     0.001311      4009236 
    3.900     0.269230     0.001436     0.001441      3986507 
    4.000     0.712438     0.003829     0.003844      3985003 
    4.100    -0.089501    -0.000488    -0.000489      3985777 
    4.200     0.468679     0.002539     0.002545      3980388 
    4.300    -0.179517    -0.000964    -0.000969      3984376 
    4.400     0.220178     0.001201     0.001191      3961354 
    4.500     0.342096     0.001853     0.001849      3979899 
    4.600    -0.332877    -0.001785    -0.001792      3969251 
    4.700    -0.019695    -0.000107    -0.000107      3973878 
    4.800    -0.246300    -0.001327    -0.001320      3980875 
    4.900    -0.151235    -0.000817    -0.000814      3966655 
    5.000    -0.220181    -0.001197    -0.001186      3976229 
    5.100     0.403706     0.002189     0.002186      3956205 
    5.200     0.073697     0.000398     0.000397      3977293 
    5.300    -1.027401    -0.005594    -0.005551      3943555 
    5.400    -0.285092    -0.001546    -0.001540      3975384 
    5.500    -0.610895    -0.003333    -0.003303      3950498 
    5.600     0.043795     0.000238     0.000237      3949675 
    5.700     0.407641     0.002230     0.002218      3922765 
    5.800    -0.027547    -0.000148    -0.000149      3909530 
    5.900    -0.490130    -0.002642    -0.002631      3929087 
    6.000    -0.321052    -0.001709    -0.001723      3944350 
    6.100    -0.189618    -0.001039    -0.001038      3941015 
    6.200    -0.369871    -0.002033    -0.002027      3947263 
    6.300     0.290180     0.001599     0.001580      3952632 
    6.400    -0.218101    -0.001180    -0.001175      3948992 
    6.500    -0.406262    -0.002227    -0.002205      3941074 
    6.600    -0.466194    -0.002516    -0.002512      3939480 
    6.700    -0.425356    -0.002292    -0.002291      3922397 
    6.800    -0.563827    -0.003070    -0.003028      3916533 
    6.900    -0.757452    -0.004144    -0.004111      3914731 
    7.000    -0.566605    -0.003057    -0.003053      3949130 
    7.100    -0.206782    -0.001124    -0.001120      3915023 
    7.200     0.173046     0.000928     0.000928      3962061 
    7.300     0.542776     0.002970     0.002946      3932157 
    7.400     0.383439     0.002088     0.002078      3936374 
    7.500     0.035737     0.000193     0.000193      3939029 
    7.600    -0.319031    -0.001734    -0.001719      3914073 
    7.700    -0.282106    -0.001524    -0.001521      3931378 
    7.800    -0.067046    -0.000361    -0.000362      3922416 
    7.900     0.644615     0.003532     0.003532      3897985 
    8.000     0.483056     0.002671     0.002641      3928080 
    8.100     0.495589     0.002700     0.002683      3907562 
    8.200    -0.195631    -0.001069    -0.001060      3924345 
    8.300     0.078321     0.000428     0.000425      3930981 
    8.400     0.364910     0.001994     0.001992      3946595 
    8.500     0.572945     0.003133     0.003107      3937056 
    8.600     0.226407     0.001236     0.001234      3903191 
    8.700     0.652394     0.003562     0.003559      3908980 
    8.800     0.754139     0.004083     0.004095      3911990 
    8.900     0.379712     0.002029     0.002039      3936557 
    9.000    -0.503174    -0.002742    -0.002728      3915492 
    9.100     0.744223     0.004082     0.004056      3900237 
    9.200     0.354343     0.001953     0.001938      3883142 
    9.300     0.435672     0.002384     0.002383      3898718 
    9.400    -0.266562    -0.001475    -0.001461      3895985 
    9.500     0.274313     0.001488     0.001488      3878646 
    9.600     0.875313     0.004740     0.004705      3892444 
    9.700     1.295127     0.007038     0.007010      3874753 
    9.800     0.731935     0.003996     0.004009      3864594 
    9.900     0.297321     0.001615     0.001617      3886103 
   10.000     0.909988     0.004962     0.004938      3876817 
   10.100     0.400077     0.002120     0.002150      3882786 
   10.200     0.528491     0.002888     0.002875      3886957 
   10.300     0.136487     0.000745     0.000737      3880871 
   10.400    -0.398105    -0.002179    -0.002170      3865468 
   10.500    -0.168188    -0.000932    -0.000924      3852100 
   10.600    -0.210900    -0.001165    -0.001149      3866673 
   10.700     0.276585     0.001508     0.001517      3854747 
   10.800     0.346581     0.001920     0.001913      3860965 
   10.900     0.568920     0.003097     0.003104      3858252 
   11.000     0.073318     0.000398     0.000400      3847733 
   11.100     0.552769     0.003015     0.003007      3841627 
   11.200    -0.176122    -0.000970    -0.000964      3836654 
   11.300    -0.119715    -0.000655    -0.000648      3864090 
   11.400    -0.015681    -0.000086    -0.000085      3870214 
   11.500     0.192278     0.001049     0.001047      3868269 
   11.600     0.034757     0.000192     0.000191      3862688 
   11.700    -0.293874    -0.001631    -0.001611      3823752 
   11.800    -0.126078    -0.000697    -0.000695      3798839 
   11.900     0.086381     0.000474     0.000473      3835870 
   12.000     0.396076     0.002133     0.002154      3828812 
   12.100     0.030361     0.000166     0.000167      3822093 
   12.200     0.968256     0.005328     0.005349      3844128 
   12.300     0.726006     0.003956     0.003988      3825121 
   12.400     0.379812     0.002081     0.002078      3825019 
   12.500     0.067082     0.000365     0.000369      3857925 
   12.600    -0.796250    -0.004305    -0.004354      3859857 
   12.700    -0.658355    -0.003550    -0.003589      3824640 
   12.800    -0.521028    -0.002815    -0.002851      3817200 
   12.900    -0.213028    -0.001160    -0.001171      3826151 
   13.000     0.108292     0.000591     0.000594      3802404 
   13.100     0.244178     0.001337     0.001341      3789036 
   13.200     0.347284     0.001907     0.001905      3789723 
   13.300     0.455595     0.002477     0.002502      3811332 
   13.400    -0.281121    -0.001560    -0.001552      3786374 
   13.500     0.472165     0.002612     0.002623      3782000 
   13.600     1.028001     0.005677     0.005662      3806899 
   13.700    -0.478613    -0.002621    -0.002621      3796515 
   13.800    -0.536525    -0.002908    -0.002932      3808278 
   13.900     0.412723     0.002274     0.002287      3764391 
   14.000    -1.318367    -0.007215    -0.007243      3811283 
   14.100    -0.632686    -0.003450    -0.003471      3792048 
   14.200     0.049263     0.000270     0.000272      3781459 
   14.300    -0.262409    -0.001435    -0.001444      3777982 
   14.400    -0.322224    -0.001767    -0.001777      3775848 
   14.500    -0.670485    -0.003647    -0.003694      3778782 
   14.600    -0.759052    -0.004171    -0.004208      3775214 
   14.700    -0.478081    -0.002637    -0.002648      3756706 
   14.800    -0.151128    -0.000826    -0.000832      3760784 
   14.900     0.249883     0.001378     0.001385      3776631 
   15.000    -0.633371    -0.003499    -0.003518      3747762 
   15.100    -0.881993    -0.004888    -0.004917      3776333 
   15.200     0.250122     0.001401     0.001403      3769458 
   15.300    -0.034354    -0.000190    -0.000191      3769657 
   15.400     0.237153     0.001300     0.001314      3778044 
   15.500    -0.157739    -0.000862    -0.000866      3785486 
   15.600     0.528058     0.002875     0.002892      3774903 
   15.700    -0.657632    -0.003698    -0.003690      3726742 
   15.800    -0.254137    -0.001417    -0.001430      3748209 
   15.900    -0.314901    -0.001746    -0.001751      3751226 
   16.000    -0.667325    -0.003751    -0.003722      3743482 
   16.100    -0.467211    -0.002619    -0.002608      3768607 
   16.200     0.710533     0.003912     0.003933      3753554 
   16.300    -0.970977    -0.005369    -0.005386      3738926 
   16.400     0.425921     0.002356     0.002363      3759897 
   16.500     0.419701     0.002295     0.002297      3751265 
   16.600    -0.173697    -0.000959    -0.000963      3752180 
   16.700     0.664851     0.003705     0.003713      3718097 
   16.800     0.273241     0.001495     0.001512      3741195 
   16.900    -0.311628    -0.001736    -0.001732      3729999 
   17.000    -0.551290    -0.003050    -0.003066      3736669 
   17.100    -0.415393    -0.002254    -0.002280      3768674 
   17.200    -0.362626    -0.001985    -0.001992      3749249 
   17.300     0.817666     0.004495     0.004548      3734550 
   17.400    -0.455148    -0.002521    -0.002529      3746216 
   17.500    -1.290336    -0.007148    -0.007186      3729099 
   17.600    -0.626748    -0.003485    -0.003509      3716393 
   17.700    -0.194199    -0.001078    -0.001084      3739768 
   17.800     0.602960     0.003338     0.003351      3738507 
   17.900     0.167017     0.000924     0.000930      3731721 
   18.000     0.859161     0.004800     0.004811      3728584 
   18.100     0.215724     0.001204     0.001202      3723973 
   18.200     0.377309     0.002086     0.002079      3729891 
   18.300     0.519078     0.002858     0.002862      3736523 
   18.400     0.038730     0.000215     0.000214      3732541 
   18.500     0.994147     0.005430     0.005464      3735366 
   18.600     0.276918     0.001551     0.001539      3705691 
   18.700    -0.747702    -0.004142    -0.004165      3701675 
   18.800    -0.158357    -0.000878    -0.000882      3733961 
   18.900    -0.150584    -0.000831    -0.000831      3726164 
   19.000     0.102167     0.000568     0.000569      3708210 
   19.100    -0.033373    -0.000187    -0.000187      3686836 
   19.200     0.633695     0.003516     0.003525      3687050 
   19.300     0.068734     0.000383     0.000385      3690355 
   19.400    -0.206754    -0.001143    -0.001155      3723163 
   19.500     0.461362     0.002539     0.002566      3722981 
   19.600    -0.277045    -0.001546    -0.001541      3676654 
   19.700    -1.009161    -0.005620    -0.005636      3700569 
   19.800    -0.081045    -0.000453    -0.000453      3716795 
   19.900    -0.443006    -0.002488    -0.002487      3693935 
   20.000    -1.320054    -0.007488    -0.007395      3676486 
   20.100    -1.073957    -0.006064    -0.006044      3673204 
   20.200    -0.158091    -0.000883    -0.000878      3666741 
   20.300    -0.416889    -0.002298    -0.002287      3715512 
   20.400    -0.096456    -0.000535    -0.000535      3701193 
   20.500    -0.638692    -0.003518    -0.003543      3714590 
   20.600    -0.613047    -0.003403    -0.003416      3703341 
   20.700     0.208764     0.001163     0.001167      3693414 
   20.800    -0.120961    -0.000677    -0.000682      3666982 
   20.900     0.741515     0.004142     0.004148      3700381 
   21.000    -0.153172    -0.000856    -0.000860      3697630 
   21.100    -0.442772    -0.002452    -0.002464      3661344 
   21.200    -0.824674    -0.004544    -0.004580      3677858 
   21.300    -0.285830    -0.001573    -0.001595      3652061 
   21.400    -0.525973    -0.002930    -0.002936      3667787 
   21.500     0.314002     0.001757     0.001766      3677357 
   21.600     0.739499     0.004198     0.004178      3670490 
   21.700     0.630721     0.003562     0.003552      3675182 
   21.800    -0.050063    -0.000278    -0.000279      3686538 
   21.900     0.394316     0.002218     0.002215      3677143 
   22.000     0.868860     0.004840     0.004849      3639512 
   22.100     0.632076     0.003581     0.003562      3626018 
   22.200    -0.325706    -0.001826    -0.001839      3627488 
   22.300     0.412550     0.002303     0.002320      3648805 
   22.400    -0.100222    -0.000567    -0.000567      3650163 
   22.500    -0.480781    -0.002692    -0.002692      3667033 
   22.600    -0.579872    -0.003251    -0.003243      3655003 
   22.700    -0.179914    -0.001007    -0.001003      3655138 
   22.800     0.991198     0.005554     0.005622      3640559 
   22.900     0.471499     0.002707     0.002688      3607779 
   23.000    -0.322394    -0.001817    -0.001811      3637443 
   23.100    -0.457188    -0.002552    -0.002558      3634831 
   23.200    -0.512283    -0.002853    -0.002874      3644974 
   23.300    -0.494386    -0.002785    -0.002783      3637883 
   23.400    -0.883629    -0.004977    -0.004961      3643812 
   23.500    -0.857049    -0.004765    -0.004785      3640221 
   23.600    -0.186761    -0.001054    -0.001058      3635798 
   23.700     0.405039     0.002289     0.002307      3620662 
   23.800    -0.523765    -0.002973    -0.002977      3638826 
   23.900    -0.796409    -0.004482    -0.004534      3629575 
   24.000    -0.510013    -0.002920    -0.002898      3604874 
   24.100    -0.209638    -0.001177    -0.001182      3635255 
   24.200    -0.517751    -0.002880    -0.002898      3617646 
   24.300    -0.301171    -0.001716    -0.001706      3614805 
   24.400     0.455656     0.002585     0.002577      3640488 
   24.500    -0.456805    -0.002556    -0.002572      3624823 
   24.600    -0.175476    -0.000969    -0.000975      3629156 
   24.700     0.016178     0.000092     0.000092      3637999 
   24.800    -0.482633    -0.002728    -0.002741      3609221 
   24.900    -0.287865    -0.001636    -0.001631      3605145 
   25.000     0.260560     0.001484     0.001479      3607994 
   25.100     0.524118     0.002975     0.002960      3614706 
   25.200    -0.069974    -0.000393    -0.000394      3604847 
   25.300     0.430501     0.002425     0.002439      3632450 
   25.400    -0.123240    -0.000701    -0.000696      3636279 
   25.500    -0.046525    -0.000261    -0.000261      3611175 
   25.600    -0.694418    -0.003865    -0.003899      3600561 
   25.700    -0.406374    -0.002289    -0.002282      3579832 
   25.800    -0.364531    -0.002025    -0.002041      3582812 
   25.900    -0.019376    -0.000108    -0.000109      3580169 
   26.000    -0.086841    -0.000496    -0.000496      3582431 
   26.100    -0.634623    -0.003614    -0.003629      3565199 
   26.200     0.291635     0.001637     0.001652      3578337 
   26.300     0.032663     0.000183     0.000185      3560727 
   26.400     0.131842     0.000751     0.000755      3574110 
   26.500     0.130943     0.000748     0.000749      3568664 
   26.600    -0.017076    -0.000098    -0.000098      3540031 
   26.700     0.425342     0.002431     0.002417      3556435 
   26.800    -0.012355    -0.000071    -0.000070      3538760 
   26.900     0.040399     0.000228     0.000231      3555314 
   27.000    -0.123305    -0.000711    -0.000713      3538393 
   27.100    -0.344838    -0.001997    -0.001989      3511698 
   27.200    -0.322354    -0.001832    -0.001840      3537702 
   27.300    -0.409524    -0.002326    -0.002339      3501022 
   27.400     0.148767     0.000856     0.000856      3531616 
   27.500     0.301547     0.001713     0.001724      3521347 
   27.600     0.247759     0.001418     0.001429      3515735 
   27.700     0.291474     0.001668     0.001672      3523400 
   27.800    -0.009616    -0.000056    -0.000055      3532331 
   27.900     0.224974     0.001282     0.001297      3543779 
   28.000    -0.024755    -0.000144    -0.000143      3530765 
   28.100    -0.527367    -0.003037    -0.003036      3517557 
   28.200     0.322729     0.001872     0.001860      3520481 
   28.300    -0.443872    -0.002570    -0.002553      3516753 
   28.400     0.122169     0.000707     0.000704      3510459 
   28.500    -0.302433    -0.001761    -0.001748      3493082 
   28.600    -0.381025    -0.002203    -0.002222      3495671 
   28.700     0.128725     0.000739     0.000742      3497066 
   28.800    -0.267167    -0.001535    -0.001541      3532218 
   28.900     0.129937     0.000741     0.000747      3524686 
   29.000    -0.208367    -0.001185    -0.001199      3516517 
   29.100    -0.602194    -0.003485    -0.003495      3509249 
   29.200    -0.578060    -0.003306    -0.003327      3496247 
   29.300     0.575678     0.003284     0.003287      3492510 
   29.400    -0.321943    -0.001813    -0.001839      3511051 
   29.500    -0.653394    -0.003729    -0.003767      3481627 
   29.600    -0.132688    -0.000760    -0.000767      3490791 
   29.700     0.000333     0.000002     0.000002      3464800 
   29.800    -0.623722    -0.003577    -0.003595      3443724 
   29.900    -0.747514    -0.004251    -0.004312      3456512 
   30.000    -0.253319    -0.001444    -0.001465      3469990 
   30.100    -0.068016    -0.000384    -0.000392      3457147 
   30.200    -0.400857    -0.002268    -0.002308      3483510 
   30.300     0.277943     0.001579     0.001593      3509394 
   30.400     0.235603     0.001345     0.001361      3472974 
   30.500    -0.789858    -0.004484    -0.004516      3472758 
   30.600     0.169391     0.000954     0.000978      3479903 
   30.700     0.375498     0.002107     0.002148      3478200 
   30.800    -0.131416    -0.000745    -0.000758      3469037 
   30.900     0.076380     0.000430     0.000441      3444734 
   31.000    -0.095802    -0.000536    -0.000551      3459979 
   31.100    -0.685535    -0.003866    -0.003976      3453319 
   31.200    -0.943188    -0.005346    -0.005451      3469404 
   31.300    -0.885891    -0.004979    -0.005093      3451322 
   31.400     0.697969     0.003950     0.003983      3448755 
   31.500     0.961331     0.005535     0.005522      3422020 
   31.600     0.106212     0.000612     0.000614      3428586 
   31.700     0.040030     0.000227     0.000231      3432554 
   31.800     0.825596     0.004772     0.004842      3411795 
   31.900     0.168982     0.000956     0.000971      3420047 
   32.000     0.394234     0.002259     0.002281      3441273 
   32.100     0.940488     0.005405     0.005405      3463574 
   32.200     0.159737     0.000907     0.000917      3421262 
   32.300     0.160263     0.000918     0.000930      3439008 
   32.400    -0.099540    -0.000573    -0.000580      3439719 
   32.500    -0.216444    -0.001225    -0.001246      3449099 
   32.600     0.477583     0.002756     0.002776      3420028 
   32.700    -0.154104    -0.000883    -0.000894      3414291 
   32.800    -0.267047    -0.001533    -0.001545      3434131 
   32.900     0.508056     0.002912     0.002940      3420352 
   33.000    -0.210160    -0.001189    -0.001209      3414019 
   33.100     0.684560     0.003919     0.003972      3395417 
   33.200     0.225021     0.001288     0.001305      3395694 
   33.300    -0.317741    -0.001814    -0.001839      3374399 
   33.400    -0.505580    -0.002907    -0.002943      3370944 
   33.500    -1.089374    -0.006230    -0.006305      3382549 
   33.600    -0.021831    -0.000124    -0.000126      3401005 
   33.700    -0.545729    -0.003117    -0.003163      3399309 
   33.800    -1.098692    -0.006311    -0.006373      3390825 
   33.900    -0.579884    -0.003328    -0.003402      3391308 
   34.000    -0.671529    -0.003899    -0.003946      3384049 
   34.100    -0.267343    -0.001545    -0.001579      3363548 
   34.200     0.259052     0.001504     0.001518      3369154 
   34.300    -0.180303    -0.001052    -0.001052      3374639 
   34.400     0.405412     0.002298     0.002347      3378310 
   34.500     0.305549     0.001765     0.001779      3354560 
   34.600    -0.019757    -0.000114    -0.000116      3344234 
   34.700     0.046867     0.000270     0.000273      3356851 
   34.800    -0.638605    -0.003673    -0.003695      3369564 
   34.900    -0.211507    -0.001228    -0.001239      3351658 
   35.000    -0.745146    -0.004373    -0.004384      3336664 
   35.100    -0.482279    -0.002843    -0.002853      3341786 
   35.200     0.020397     0.000120     0.000122      3324927 
   35.300    -0.183556    -0.001088    -0.001096      3327994 
   35.400     0.244958     0.001435     0.001455      3327519 
   35.500     0.386351     0.002251     0.002273      3336711 
   35.600     0.363165     0.002111     0.002136      3329153 
   35.700    -0.060733    -0.000354    -0.000353      3307236 
   35.800     0.213590     0.001248     0.001259      3297679 
   35.900     0.115376     0.000674     0.000678      3317689 
   36.000    -0.344692    -0.001997    -0.002018      3341551 
   36.100    -0.195505    -0.001152    -0.001156      3300456 
   36.200    -0.124789    -0.000736    -0.000738      3304839 
   36.300    -0.574862    -0.003353    -0.003380      3309246 
   36.400    -0.498733    -0.002900    -0.002953      3308438 
   36.500     0.377448     0.002171     0.002223      3296475 
   36.600    -0.358892    -0.002096    -0.002124      3271818 
   36.700     0.097753     0.000576     0.000577      3270714 
   36.800    -0.110517    -0.000643    -0.000652      3300504 
   36.900    -0.760888    -0.004417    -0.004478      3293299 
   37.000     0.501915     0.002917     0.002929      3297251 
   37.100     0.850798     0.004953     0.004985      3284746 
   37.200     0.399744     0.002343     0.002352      3269770 
   37.300     0.943273     0.005466     0.005524      3277516 
   37.400     0.253768     0.001489     0.001498      3289261 
   37.500     0.348443     0.002014     0.002036      3261090 
   37.600     0.196486     0.001133     0.001162      3248700 
   37.700    -0.037513    -0.000214    -0.000219      3290031 
   37.800    -0.003864    -0.000023    -0.000023      3283321 
   37.900    -0.519898    -0.003018    -0.003044      3311517 
   38.000    -0.019874    -0.000115    -0.000117      3273290 
   38.100    -0.804440    -0.004737    -0.004772      3276291 
   38.200    -0.793456    -0.004625    -0.004679      3296348 
   38.300    -0.422575    -0.002479    -0.002495      3271043 
   38.400    -0.330644    -0.001923    -0.001946      3260534 
   38.500    -0.385313    -0.002262    -0.002277      3269400 
   38.600     0.172726     0.001013     0.001023      3268972 
   38.700    -0.190969    -0.001127    -0.001124      3272151 
   38.800    -0.047792    -0.000277    -0.000280      3269305 
   38.900     0.220224     0.001290     0.001298      3282735 
   39.000     0.113309     0.000665     0.000673      3280245 
   39.100     0.284353     0.001676     0.001687      3240761 
   39.200     0.065389     0.000384     0.000385      3261572 
   39.300     0.677519     0.003955     0.003987      3258173 
   39.400     0.439590     0.002575     0.002596      3259726 
   39.500     0.430745     0.002533     0.002544      3251081 
   39.600     0.426740     0.002482     0.002515      3250286 
   39.700    -0.005463    -0.000032    -0.000032      3248416 
   39.800    -0.045858    -0.000272    -0.000272      3231775 
   39.900     0.599913     0.003530     0.003582      3217280 
   40.000     0.917463     0.005435     0.005510      3197417 
   40.100     0.638588     0.003775     0.003805      3203471 
   40.200     0.067145     0.000397     0.000401      3213047 
   40.300    -0.621907    -0.003676    -0.003697      3229311 
   40.400    -0.455197    -0.002664    -0.002669      3233883 
   40.500     0.197089     0.001170     0.001173      3220578 
   40.600     0.721374     0.004388     0.004319      3204112 
   40.700     0.842734     0.005056     0.005062      3193792 
   40.800     0.516742     0.003086     0.003080      3219363 
   40.900    -0.428477    -0.002607    -0.002583      3177636 
   41.000     0.043294     0.000261     0.000262      3165747 
   41.100     1.261636     0.007631     0.007637      3164874 
   41.200     0.654729     0.003919     0.003909      3195973 
   41.300    -0.112515    -0.000676    -0.000680      3191546 
   41.400     0.563820     0.003406     0.003394      3190855 
   41.500    -0.074664    -0.000442    -0.000448      3186863 
   41.600     0.746956     0.004519     0.004517      3164210 
   41.700    -0.118142    -0.000717    -0.000717      3168175 
   41.800    -0.051484    -0.000308    -0.000310      3174551 
   41.900    -0.353537    -0.002109    -0.002150      3156800 
   42.000     0.125433     0.000746     0.000763      3140127 
   42.100     0.628768     0.003741     0.003796      3155242 
   42.200     0.135813     0.000817     0.000828      3116296 
   42.300    -0.321719    -0.001935    -0.001954      3118662 
   42.400     0.140245     0.000843     0.000849      3131543 
   42.500     0.777496     0.004699     0.004681      3148623 
   42.600     0.323474     0.001919     0.001964      3128028 
   42.700     0.016996     0.000101     0.000103      3130607 
   42.800    -0.168158    -0.001000    -0.001015      3135199 
   42.900     0.093653     0.000559     0.000566      3129557 
   43.000     0.093188     0.000546     0.000559      3141326 
   43.100    -0.266443    -0.001598    -0.001617      3117374 
   43.200     0.514872     0.003095     0.003120      3100312 
   43.300    -0.237360    -0.001437    -0.001438      3094000 
   43.400    -0.387380    -0.002352    -0.002363      3093978 
   43.500     0.132730     0.000807     0.000811      3097944 
   43.600     0.643003     0.003957     0.003943      3093457 
   43.700     0.204854     0.001260     0.001260      3091323 
   43.800     0.190437     0.001172     0.001181      3083501 
   43.900     0.270374     0.001641     0.001666      3083600 
   44.000    -0.636579    -0.003795    -0.003880      3084166 
   44.100    -0.095134    -0.000570    -0.000579      3074758 
   44.200    -0.167549    -0.001010    -0.001027      3048754 
   44.300     0.123948     0.000751     0.000759      3081920 
   44.400    -0.883419    -0.005303    -0.005406      3086165 
   44.500     0.024982     0.000153     0.000154      3046706 
   44.600     0.088710     0.000548     0.000551      3038680 
   44.700     0.378001     0.002327     0.002340      3026125 
   44.800     0.101826     0.000620     0.000626      3044912 
   44.900     0.307922     0.001843     0.001873      3041054 
   45.000     0.261698     0.001564     0.001595      3029414 
   45.100    -0.248534    -0.001477    -0.001505      3053319 
   45.200    -0.994089    -0.006083    -0.006105      3048130 
   45.300    -0.141890    -0.000863    -0.000871      3025852 
   45.400    -0.220902    -0.001343    -0.001357      3030490 
   45.500     0.026488     0.000159     0.000162      3050175 
   45.600     0.337024     0.002031     0.002065      3016377 
   45.700     0.524379     0.003173     0.003218      3016955 
   45.800     0.694098     0.004203     0.004211      2999407 
   45.900    -0.265263    -0.001627    -0.001634      3033717 
   46.000    -0.402176    -0.002412    -0.002458      3014358 
   46.100     0.168728     0.001022     0.001028      3032010 
   46.200    -0.744412    -0.004527    -0.004570      3015074 
   46.300    -0.157555    -0.000958    -0.000966      3015150 
   46.400     0.471670     0.002880     0.002934      3004207 
   46.500    -0.021241    -0.000130    -0.000132      3001829 
   46.600    -0.188457    -0.001155    -0.001172      2992316 
   46.700    -0.694903    -0.004233    -0.004269      3005388 
   46.800     0.369001     0.002253     0.002287      3003162 
   46.900     0.080322     0.000494     0.000496      2994986 
   47.000    -1.197949    -0.007320    -0.007401      2973216 
   47.100    -0.387383    -0.002357    -0.002390      2994539 
   47.200    -0.351827    -0.002161    -0.002173      2965289 
   47.300    -0.163230    -0.001017    -0.001021      2945231 
   47.400    -0.466273    -0.002902    -0.002919      2968851 
   47.500    -0.350008    -0.002192    -0.002181      2982389 
   47.600    -0.945699    -0.005892    -0.005890      2973166 
   47.700     0.072971     0.000450     0.000451      2969545 
   47.800     0.273660     0.001698     0.001702      2973205 
   47.900    -0.017604    -0.000110    -0.000111      2920406 
   48.000    -0.014086    -0.000088    -0.000087      2940659 
   48.100    -0.064808    -0.000404    -0.000408      2956865 
   48.200    -0.067164    -0.000422    -0.000422      2929184 
   48.300    -0.018912    -0.000118    -0.000117      2944288 
   48.400     0.781467     0.004867     0.004872      2925862 
   48.500     0.669272     0.004122     0.004161      2923251 
   48.600     0.062923     0.000387     0.000388      2929842 
   48.700     0.309748     0.001919     0.001937      2915364 
   48.800     0.371635     0.002322     0.002336      2898595 
   48.900    -0.400487    -0.002496    -0.002502      2916154 
   49.000    -0.363885    -0.002225    -0.002268      2935382 
   49.100    -0.097207    -0.000601    -0.000606      2894057 
   49.200     0.885710     0.005424     0.005474      2910953 
   49.300     0.866601     0.005278     0.005328      2900063 
   49.400     0.524492     0.003268     0.003299      2905983 
   49.500    -0.341109    -0.002130    -0.002125      2915878 
   49.600    -0.043766    -0.000273    -0.000272      2934154 
   49.700     0.346245     0.002131     0.002140      2942724 
   49.800    -0.162078    -0.000997    -0.001008      2904929 
   49.900     0.596732     0.003722     0.003732      2898826 
   50.000     0.600960     0.003781     0.003795      2878245 
   50.100     0.298458     0.001887     0.001896      2855949 
   50.200    -0.195558    -0.001234    -0.001237      2851914 
   50.300     0.585620     0.003732     0.003722      2873801 
   50.400    -0.508236    -0.003197    -0.003249      2823164 
   50.500     0.356529     0.002243     0.002256      2872203 
   50.600     0.063391     0.000400     0.000401      2891804 
   50.700     0.098299     0.000616     0.000617      2883632 
   50.800     0.337358     0.002110     0.002115      2861068 
   50.900    -0.438195    -0.002744    -0.002757      2843687 
   51.000    -0.281015    -0.001766    -0.001784      2840712 
   51.100    -0.317951    -0.002026    -0.002026      2813900 
   51.200     0.432986     0.002745     0.002759      2841632 
   51.300    -0.111351    -0.000708    -0.000708      2846713 
   51.400    -0.295265    -0.001867    -0.001873      2834400 
   51.500    -0.773730    -0.004901    -0.004941      2845002 
   51.600     0.256956     0.001611     0.001633      2838902 
   51.700     0.436097     0.002729     0.002768      2823584 
   51.800     0.376893     0.002356     0.002390      2839006 
   51.900    -0.393200    -0.002515    -0.002514      2826875 
   52.000    -0.917665    -0.005827    -0.005854      2810688 
   52.100    -0.237866    -0.001517    -0.001527      2803569 
   52.200    -0.823040    -0.005154    -0.005246      2798406 
   52.300    -0.985900    -0.006208    -0.006294      2797962 
   52.400    -0.013821    -0.000087    -0.000089      2775742 
   52.500    -0.704362    -0.004414    -0.004458      2791142 
   52.600    -0.007078    -0.000045    -0.000045      2787782 
   52.700     0.839544     0.005249     0.005297      2807265 
   52.800     0.142019     0.000895     0.000910      2793351 
   52.900    -0.493611    -0.003125    -0.003163      2781290 
   53.000    -0.445476    -0.002801    -0.002831      2775355 
   53.100    -0.139804    -0.000886    -0.000891      2797663 
   53.200    -0.027498    -0.000175    -0.000175      2795140 
   53.300    -0.124273    -0.000794    -0.000797      2776002 
   53.400     0.056006     0.000349     0.000354      2778475 
   53.500     0.049510     0.000310     0.000314      2778238 
   53.600     0.118822     0.000754     0.000754      2762976 
   53.700    -0.465370    -0.003004    -0.003014      2765817 
   53.800     0.060115     0.000381     0.000384      2753727 
   53.900     0.284047     0.001795     0.001806      2780763 
   54.000     0.347438     0.002166     0.002237      2739532 
   54.100     0.174569     0.001097     0.001118      2745099 
   54.200     0.603548     0.003818     0.003852      2735788 
   54.300    -0.034829    -0.000221    -0.000223      2712713 
   54.400     1.055355     0.006755     0.006792      2730439 
   54.500     0.476420     0.003026     0.003077      2729069 
   54.600    -0.186884    -0.001221    -0.001237      2724614 
   54.700    -0.277187    -0.001797    -0.001816      2742737 
   54.800     0.996708     0.006294     0.006469      2746355 
   54.900    -0.339092    -0.002159    -0.002195      2722654 
   55.000    -0.021433    -0.000139    -0.000140      2723404 
   55.100     0.435901     0.002791     0.002846      2716512 
   55.200    -0.290861    -0.001904    -0.001910      2714359 
   55.300    -0.144270    -0.000936    -0.000941      2739169 
   55.400     0.091318     0.000589     0.000592      2714303 
   55.500     0.246421     0.001566     0.001597      2717684 
   55.600     1.270699     0.008044     0.008206      2722920 
   55.700     0.425866     0.002731     0.002745      2714510 
   55.800    -0.520040    -0.003329    -0.003366      2690487 
   55.900     0.345144     0.002241     0.002266      2688647 
   56.000    -0.078868    -0.000517    -0.000517      2711327 
   56.100    -0.040348    -0.000260    -0.000264      2687231 
   56.200     0.499009     0.003233     0.003256      2679767 
   56.300     0.194028     0.001232     0.001251      2686695 
   56.400    -0.041746    -0.000269    -0.000272      2689045 
   56.500     0.038946     0.000253     0.000253      2711561 
   56.600    -0.614150    -0.003917    -0.003965      2706099 
   56.700    -0.182501    -0.001170    -0.001182      2694580 
   56.800    -0.072592    -0.000465    -0.000475      2692310 
   56.900    -0.498911    -0.003210    -0.003249      2684079 
   57.000    -0.480787    -0.003135    -0.003184      2661560 
   57.100    -0.489791    -0.003204    -0.003218      2650057 
   57.200    -0.205572    -0.001343    -0.001349      2663570 
   57.300     0.694911     0.004470     0.004502      2667248 
   57.400     0.102468     0.000666     0.000672      2639615 
   57.500     0.172967     0.001127     0.001134      2651192 
   57.600    -0.858393    -0.005561    -0.005638      2638692 
   57.700     0.188789     0.001219     0.001239      2651900 
   57.800     0.775484     0.004936     0.005057      2650456 
   57.900     0.744670     0.004842     0.004919      2619914 
   58.000    -0.256857    -0.001684    -0.001696      2648231 
   58.100    -0.310633    -0.002027    -0.002037      2639321 
   58.200    -0.295170    -0.001923    -0.001957      2633082 
   58.300     0.561416     0.003702     0.003768      2623915 
   58.400     0.652890     0.004241     0.004307      2623237 
   58.500     0.903979     0.005857     0.005925      2625394 
   58.600    -0.614919    -0.004036    -0.004080      2622795 
   58.700     0.252547     0.001667     0.001664      2623644 
   58.800     0.997844     0.006555     0.006576      2632092 
   58.900     1.478413     0.009542     0.009769      2596008 
   59.000     0.623557     0.004092     0.004148      2593844 
   59.100    -0.304948    -0.001998    -0.002034      2576615 
   59.200    -0.244524    -0.001611    -0.001634      2580676 
   59.300    -0.084316    -0.000546    -0.000551      2608652 
   59.400    -0.384961    -0.002503    -0.002524      2602141 
   59.500    -0.997898    -0.006445    -0.006493      2608750 
   59.600     1.065245     0.006888     0.007003      2591458 
   59.700     0.818149     0.005328     0.005444      2572695 
   59.800     0.191087     0.001243     0.001267      2592992 
   59.900     0.466136     0.003120     0.003129      2587926 
   60.000    -0.076436    -0.000514    -0.000514      2581124 
   60.100     1.012686     0.006633     0.006800      2568052 
   60.200     0.488878     0.003220     0.003250      2595686 
   60.300     0.199022     0.001310     0.001333      2555947 
   60.400    -0.238921    -0.001568    -0.001593      2566814 
   60.500     0.075468     0.000496     0.000505      2555734 
   60.600     0.351434     0.002333     0.002361      2562425 
   60.700     0.166918     0.001098     0.001104      2588702 
   60.800     0.757716     0.004947     0.004969      2582481 
   60.900     0.333030     0.002197     0.002213      2555934 
   61.000     0.514525     0.003415     0.003419      2550816 
   61.100    -0.256689    -0.001689    -0.001692      2532997 
   61.200    -0.638634    -0.004152    -0.004239      2521915 
   61.300    -0.242124    -0.001591    -0.001613      2531468 
   61.400     0.720468     0.004780     0.004805      2527843 
   61.500     0.052659     0.000348     0.000351      2555859 
   61.600    -0.150687    -0.001009    -0.001014      2529777 
   61.700    -0.633728    -0.004237    -0.004304      2516461 
   61.800    -0.987204    -0.006561    -0.006723      2511660 
   61.900    -0.361835    -0.002434    -0.002464      2512762 
   62.000    -0.256056    -0.001707    -0.001722      2502367 
   62.100    -0.484662    -0.003210    -0.003263      2500293 
   62.200    -0.296164    -0.001984    -0.002010      2524839 
   62.300     0.779085     0.005251     0.005270      2514619 
   62.400     1.540299     0.010234     0.010316      2496278 
   62.500    -0.432367    -0.002870    -0.002925      2477843 
   62.600     0.069854     0.000472     0.000474      2471404 
   62.700     0.320757     0.002145     0.002170      2499563 
   62.800     0.766970     0.005082     0.005213      2476814 
   62.900     0.500437     0.003301     0.003420      2480676 
   63.000     0.474354     0.003269     0.003284      2469750 
   63.100     0.449716     0.003028     0.003034      2478798 
   63.200     0.092009     0.000617     0.000624      2507414 
   63.300     0.361394     0.002462     0.002473      2496709 
   63.400     0.810264     0.005454     0.005484      2460287 
   63.500    -0.097801    -0.000655    -0.000664      2473463 
   63.600    -0.148772    -0.001014    -0.001010      2487766 
   63.700     0.516453     0.003498     0.003481      2488338 
   63.800     0.945331     0.006280     0.006356      2479032 
   63.900     0.444624     0.002937     0.002994      2468147 
   64.000     0.220396     0.001479     0.001508      2430443 
   64.100     0.362565     0.002449     0.002459      2454188 
   64.200     0.105926     0.000705     0.000719      2460279 
   64.300    -0.364437    -0.002453    -0.002478      2449461 
   64.400    -0.273297    -0.001850    -0.001860      2436824 
   64.500     0.637966     0.004285     0.004345      2431342 
   64.600     0.454957     0.003051     0.003117      2441825 
   64.700     0.351138     0.002368     0.002408      2444858 
   64.800    -0.070054    -0.000464    -0.000474      2427948 
   64.900    -0.266395    -0.001815    -0.001817      2415078 
   65.000    -0.216376    -0.001475    -0.001478      2411025 
   65.100     0.301955     0.002024     0.002058      2431195 
   65.200     0.579090     0.003900     0.003975      2417661 
   65.300     0.009060     0.000061     0.000062      2427199 
   65.400     0.253749     0.001728     0.001744      2416146 
   65.500    -0.192061    -0.001309    -0.001326      2427799 
   65.600    -0.200778    -0.001375    -0.001387      2417873 
   65.700    -0.033227    -0.000228    -0.000228      2408549 
   65.800     0.905123     0.006238     0.006270      2418109 
   65.900     0.460645     0.003084     0.003194      2399673 
   66.000     0.549619     0.003711     0.003797      2399800 
   66.100    -0.160069    -0.001091    -0.001110      2392391 
   66.200     0.278471     0.001900     0.001920      2389689 
   66.300     0.393250     0.002708     0.002719      2384949 
   66.400     0.063531     0.000437     0.000442      2395785 
   66.500     0.491711     0.003341     0.003388      2379243 
   66.600    -0.266031    -0.001813    -0.001854      2380076 
   66.700    -0.172703    -0.001159    -0.001180      2418012 
   66.800    -0.351351    -0.002345    -0.002407      2391373 
   66.900     0.983176     0.006717     0.006741      2393341 
   67.000     0.270993     0.001839     0.001858      2387087 
   67.100     0.984322     0.006704     0.006729      2382766 
   67.200    -0.115660    -0.000794    -0.000794      2375540 
   67.300     0.185722     0.001282     0.001292      2387929 
   67.400    -0.168838    -0.001168    -0.001181      2380140 
   67.500     0.717225     0.004907     0.004967      2385539 
   67.600     0.505854     0.003506     0.003521      2356229 
   67.700     0.408495     0.002819     0.002856      2361463 
   67.800     0.257494     0.001768     0.001790      2357242 
   67.900    -0.215676    -0.001479    -0.001498      2370252 
   68.000     0.475081     0.003214     0.003321      2358031 
   68.100    -0.494600    -0.003411    -0.003432      2354348 
   68.200     0.115037     0.000789     0.000800      2361631 
   68.300     0.476135     0.003306     0.003357      2347303 
   68.400     0.719544     0.005054     0.005046      2338872 
   68.500     0.593246     0.004077     0.004145      2345308 
   68.600     0.012913     0.000088     0.000089      2319269 
   68.700     0.584596     0.003996     0.004021      2338719 
   68.800     0.195228     0.001322     0.001348      2353197 
   68.900     0.433138     0.002973     0.003010      2337432 
   69.000     0.098280     0.000682     0.000692      2326455 
   69.100    -0.399665    -0.002760    -0.002799      2345646 
   69.200     0.010155     0.000069     0.000071      2325014 
   69.300     0.881000     0.006033     0.006122      2312371 
   69.400    -0.303961    -0.002117    -0.002119      2318203 
   69.500    -0.413797    -0.002893    -0.002906      2320140 
   69.600    -0.647014    -0.004540    -0.004589      2310810 
   69.700     0.384278     0.002666     0.002739      2320766 
   69.800    -0.471727    -0.003300    -0.003355      2291008 
   69.900    -0.024281    -0.000171    -0.000174      2289217 
   70.000     0.372556     0.002634     0.002684      2277393 
   70.100     0.466173     0.003300     0.003317      2309107 
   70.200     0.277803     0.001933     0.001967      2301181 
   70.300     0.352207     0.002436     0.002490      2291708 
   70.400     0.869342     0.006013     0.006146      2290700 
   70.500    -0.012522    -0.000089    -0.000090      2283809 
   70.600    -0.901714    -0.006168    -0.006363      2268295 
   70.700    -0.465286    -0.003193    -0.003279      2283408 
   70.800     0.199334     0.001370     0.001392      2281128 
   70.900     0.314396     0.002182     0.002230      2285018 
   71.000     0.108308     0.000751     0.000764      2278711 
   71.100    -0.010949    -0.000076    -0.000077      2279787 
   71.200     0.123858     0.000871     0.000883      2248556 
   71.300    -0.022527    -0.000159    -0.000160      2263379 
   71.400     0.636984     0.004413     0.004541      2281393 
   71.500     0.038354     0.000263     0.000270      2274674 
   71.600    -0.138758    -0.000955    -0.000978      2280704 
   71.700    -0.373341    -0.002643    -0.002674      2275406 
   71.800    -0.269811    -0.001855    -0.001904      2249382 
   71.900     0.214993     0.001467     0.001514      2259157 
   72.000     0.022893     0.000159     0.000161      2287219 
   72.100    -0.461550    -0.003202    -0.003249      2255502 
   72.200    -0.516251    -0.003611    -0.003676      2240526 
   72.300     0.392706     0.002761     0.002785      2253155 
   72.400    -0.913808    -0.006455    -0.006534      2247451 
   72.500    -0.315426    -0.002239    -0.002254      2252687 
   72.600    -0.058421    -0.000409    -0.000417      2256795 
   72.700    -0.505960    -0.003580    -0.003598      2244376 
   72.800    -0.113938    -0.000812    -0.000818      2225823 
   72.900     0.240422     0.001668     0.001716      2259443 
   73.000    -0.232350    -0.001621    -0.001663      2238255 
   73.100     0.198859     0.001407     0.001428      2239945 
   73.200    -0.468470    -0.003307    -0.003370      2210003 
   73.300    -0.434322    -0.003039    -0.003079      2221264 
   73.400    -0.185756    -0.001306    -0.001325      2232503 
   73.500    -0.573668    -0.004078    -0.004128      2206414 
   73.600    -0.396052    -0.002755    -0.002793      2213455 
   73.700    -0.125721    -0.000888    -0.000904      2233600 
   73.800    -0.440442    -0.003151    -0.003214      2227469 
   73.900     0.329760     0.002361     0.002387      2199968 
   74.000    -0.253363    -0.001809    -0.001841      2190883 
   74.100    -0.627325    -0.004515    -0.004590      2200597 
   74.200    -0.176216    -0.001264    -0.001269      2214602 
   74.300    -0.179830    -0.001260    -0.001292      2196958 
   74.400     0.257263     0.001797     0.001851      2183237 
   74.500    -0.486135    -0.003438    -0.003506      2189879 
   74.600    -0.452030    -0.003230    -0.003300      2180168 
   74.700     0.194998     0.001395     0.001424      2161644 
   74.800    -0.166176    -0.001177    -0.001206      2147043 
   74.900    -0.290703    -0.002060    -0.002115      2162093 
   75.000    -0.145711    -0.001051    -0.001059      2143508 
   75.100     0.357841     0.002567     0.002601      2155088 
   75.200     0.501534     0.003547     0.003606      2151179 
   75.300    -0.131704    -0.000924    -0.000947      2165595 
   75.400    -0.186870    -0.001329    -0.001355      2145133 
   75.500    -0.666010    -0.004775    -0.004855      2129214 
   75.600    -0.597562    -0.004310    -0.004365      2150970 
   75.700     0.331277     0.002359     0.002391      2159453 
   75.800    -0.505785    -0.003650    -0.003671      2129239 
   75.900    -0.723667    -0.005043    -0.005216      2124036 
   76.000     0.253868     0.001836     0.001851      2106039 
   76.100     0.021930     0.000155     0.000159      2116595 
   76.200    -0.570209    -0.004099    -0.004133      2131631 
   76.300    -0.425771    -0.003024    -0.003061      2136511 
   76.400    -0.984785    -0.007053    -0.007099      2141411 
   76.500     0.101705     0.000745     0.000748      2112813 
   76.600    -0.178632    -0.001304    -0.001327      2099539 
   76.700    -0.200356    -0.001424    -0.001472      2102430 
   76.800    -0.256619    -0.001825    -0.001884      2093863 
   76.900    -0.467857    -0.003268    -0.003412      2106599 
   77.000    -0.331093    -0.002340    -0.002403      2103656 
   77.100     0.197270     0.001392     0.001429      2100117 
   77.200     0.243808     0.001750     0.001778      2119468 
   77.300    -0.242806    -0.001747    -0.001769      2107685 
   77.400    -0.092507    -0.000663    -0.000678      2105851 
   77.500    -0.501734    -0.003597    -0.003655      2093879 
   77.600    -0.025088    -0.000185    -0.000187      2082941 
   77.700     0.164556     0.001193     0.001214      2088095 
   77.800     0.370702     0.002691     0.002732      2091893 
   77.900    -0.228991    -0.001657    -0.001697      2096505 
   78.000    -0.540377    -0.003879    -0.004005      2094786 
   78.100     0.485911     0.003449     0.003541      2099562 
   78.200    -0.345256    -0.002501    -0.002519      2086465 
   78.300     0.065793     0.000481     0.000485      2062114 
   78.400    -0.082855    -0.000603    -0.000611      2066383 
   78.500     0.064710     0.000473     0.000480      2088911 
   78.600    -0.116029    -0.000849    -0.000863      2076563 
   78.700    -0.065143    -0.000469    -0.000474      2101504 
   78.800     0.074325     0.000541     0.000546      2078264 
   78.900    -1.008033    -0.007216    -0.007340      2076855 
   79.000    -0.111712    -0.000815    -0.000828      2057959 
   79.100     0.179425     0.001275     0.001302      2077610 
   79.200     0.663536     0.004858     0.004901      2052080 
   79.300     0.457011     0.003333     0.003400      2058153 
   79.400     1.075181     0.007833     0.007923      2061669 
   79.500     0.755105     0.005515     0.005653      2038711 
   79.600    -0.391219    -0.002842    -0.002892      2031442 
   79.700    -1.021625    -0.007335    -0.007540      2040054 
   79.800    -0.830001    -0.006006    -0.006170      2041187 
   79.900    -0.502765    -0.003722    -0.003757      2034475 
   80.000     0.177861     0.001300     0.001307      2064677 
   80.100     1.136734     0.008449     0.008531      2042148 
   80.200     0.663764     0.004953     0.004966      2046840 
   80.300     0.328836     0.002395     0.002420      2049007 
   80.400     0.320254     0.002399     0.002415      2044781 
   80.500    -0.033838    -0.000252    -0.000254      2040273 
   80.600     1.108747     0.008301     0.008328      2031323 
   80.700    -0.366162    -0.002805    -0.002797      2010902 
   80.800    -0.286823    -0.002171    -0.002145      2035740 
   80.900    -0.665347    -0.005047    -0.004963      2037266 
   81.000     0.194675     0.001470     0.001460      2023393 
   81.100     0.548399     0.004078     0.004126      2011964 
   81.200     0.296939     0.002254     0.002255      1989371 
   81.300     0.135171     0.001031     0.001032      2001661 
   81.400     0.026301     0.000195     0.000199      1994317 
   81.500     0.354131     0.002651     0.002675      1998283 
   81.600     0.542618     0.004097     0.004149      1980389 
   81.700     0.592270     0.004445     0.004530      1971723 
   81.800     0.070883     0.000533     0.000540      1967839 
   81.900     0.125733     0.000925     0.000956      1978510 
   82.000     0.019947     0.000151     0.000153      1972303 
   82.100    -0.494474    -0.003730    -0.003758      1956996 
   82.200    -0.298156    -0.002288    -0.002273      1948033 
   82.300     1.241646     0.009620     0.009562      1953494 
   82.400     0.407288     0.003117     0.003096      1967352 
   82.500    -0.070328    -0.000530    -0.000533      1964166 
   82.600     0.289702     0.002211     0.002219      1959697 
   82.700    -0.855772    -0.006480    -0.006503      1956310 
   82.800    -0.794041    -0.005828    -0.005941      1941330 
   82.900    -1.140098    -0.008414    -0.008547      1940977 
   83.000    -1.107307    -0.008367    -0.008489      1943893 
   83.100    -0.510295    -0.003936    -0.003939      1940845 
   83.200     0.249376     0.001876     0.001888      1949594 
   83.300     0.050603     0.000394     0.000391      1910854 
   83.400    -0.021161    -0.000162    -0.000160      1936870 
   83.500     0.597625     0.004603     0.004566      1916743 
   83.600    -0.234856    -0.001791    -0.001804      1928646 
   83.700    -0.245729    -0.001881    -0.001870      1940131 
   83.800     0.085722     0.000669     0.000659      1917357 
   83.900    -0.058365    -0.000449    -0.000445      1915976 
   84.000     0.133177     0.000987     0.001008      1916064 
   84.100    -0.268760    -0.002026    -0.002053      1909563 
   84.200     0.253744     0.001918     0.001935      1917254 
   84.300    -0.051880    -0.000390    -0.000394      1913734 
   84.400    -0.286343    -0.002147    -0.002195      1901915 
   84.500     0.216023     0.001654     0.001660      1907382 
   84.600    -0.055906    -0.000424    -0.000425      1899144 
   84.700    -0.832593    -0.006421    -0.006451      1900726 
   84.800     0.046510     0.000362     0.000359      1919394 
   84.900     0.358405     0.002813     0.002825      1908452 
   85.000     0.169544     0.001327     0.001339      1894194 
   85.100    -0.003827    -0.000029    -0.000029      1906754 
   85.200     0.058120     0.000442     0.000444      1915553 
   85.300     0.658021     0.005156     0.005137      1898064 
   85.400     0.151937     0.001185     0.001196      1899190 
   85.500     0.239036     0.001823     0.001857      1897935 
   85.600     1.127181     0.008723     0.008762      1906979 
   85.700     0.654545     0.005015     0.005043      1891354 
   85.800     0.789211     0.006027     0.006165      1889556 
   85.900     0.057523     0.000432     0.000444      1892854 
   86.000    -0.611802    -0.004628    -0.004731      1890274 
   86.100     0.642372     0.004881     0.004936      1892707 
   86.200     0.478786     0.003597     0.003662      1890215 
   86.300     0.665655     0.005081     0.005165      1878526 
   86.400     0.146082     0.001107     0.001126      1892827 
   86.500     0.100033     0.000753     0.000775      1890555 
   86.600     0.039599     0.000304     0.000309      1871524 
   86.700    -0.866567    -0.006582    -0.006656      1881592 
   86.800    -0.636249    -0.004846    -0.004944      1881078 
   86.900    -0.055954    -0.000425    -0.000433      1875035 
   87.000    -0.151245    -0.001161    -0.001190      1851512 
   87.100    -1.221855    -0.009222    -0.009362      1864095 
   87.200    -0.841241    -0.006342    -0.006449      1860668 
   87.300    -0.204761    -0.001559    -0.001596      1855386 
   87.400     0.162157     0.001248     0.001257      1844733 
   87.500     0.062407     0.000488     0.000490      1847384 
   87.600    -0.542377    -0.004256    -0.004261      1857087 
   87.700    -0.544459    -0.004221    -0.004234      1844919 
   87.800    -0.433671    -0.003336    -0.003378      1845636 
   87.900     0.009012     0.000070     0.000069      1842764 
   88.000     0.250249     0.001942     0.001966      1825296 
   88.100     0.180426     0.001403     0.001428      1830711 
   88.200    -0.019671    -0.000155    -0.000156      1823925 
   88.300     0.014632     0.000115     0.000116      1819847 
   88.400    -0.117522    -0.000924    -0.000928      1810244 
   88.500    -0.162296    -0.001284    -0.001291      1813082 
   88.600     0.343259     0.002710     0.002725      1825845 
   88.700     0.029894     0.000236     0.000237      1809930 
   88.800     0.236857     0.001856     0.001864      1817216 
   88.900     0.169081     0.001296     0.001312      1815463 
   89.000    -0.083876    -0.000650    -0.000661      1809918 
   89.100    -0.103238    -0.000829    -0.000834      1786007 
   89.200     0.071653     0.000561     0.000574      1802889 
   89.300    -0.677671    -0.005183    -0.005382      1791473 
   89.400    -0.931025    -0.007218    -0.007456      1808044 
   89.500     0.048163     0.000385     0.000390      1793727 
   89.600     0.043978     0.000339     0.000350      1795970 
   89.700    -0.217212    -0.001694    -0.001716      1797689 
   89.800    -0.215743    -0.001682    -0.001698      1791336 
   89.900     0.607298     0.004736     0.004789      1798251 
   90.000     0.657902     0.005241     0.005266      1789083 
   90.100     0.612009     0.004975     0.004973      1782604 
   90.200     1.232914     0.009995     0.010007      1768428 
   90.300     0.597697     0.004831     0.004788      1765498 
   90.400     0.433945     0.003482     0.003493      1759481 
   90.500     0.113543     0.000903     0.000909      1760562 
   90.600    -0.861732    -0.006954    -0.006952      1755146 
   90.700    -0.576211    -0.004561    -0.004618      1762499 
   90.800    -0.091155    -0.000737    -0.000742      1758598 
   90.900    -0.178070    -0.001400    -0.001426      1766856 
   91.000    -0.708221    -0.005569    -0.005640      1757396 
   91.100     0.092712     0.000745     0.000757      1760939 
   91.200     0.029229     0.000232     0.000235      1748028 
   91.300     0.207056     0.001654     0.001667      1737953 
   91.400     0.173985     0.001391     0.001406      1721849 
   91.500    -0.163813    -0.001318    -0.001326      1744128 
   91.600    -0.016363    -0.000133    -0.000133      1726943 
   91.700     0.403466     0.003223     0.003294      1722002 
   91.800    -0.073901    -0.000597    -0.000602      1747781 
   91.900     0.276674     0.002231     0.002234      1741187 
   92.000     0.102611     0.000830     0.000825      1725249 
   92.100     0.412968     0.003284     0.003311      1742686 
   92.200     0.498752     0.003998     0.004065      1720546 
   92.300    -0.435111    -0.003514    -0.003534      1708714 
   92.400     0.656014     0.005369     0.005385      1709564 
   92.500    -0.138005    -0.001108    -0.001118      1708624 
   92.600     1.028520     0.008278     0.008366      1695942 
   92.700     1.257440     0.010086     0.010195      1691318 
   92.800    -0.190045    -0.001521    -0.001531      1691222 
   92.900    -0.994781    -0.007931    -0.008009      1719197 
   93.000    -0.506601    -0.004222    -0.004202      1702127 
   93.100    -0.691203    -0.005636    -0.005688      1682686 
   93.200     0.267405     0.002141     0.002196      1706804 
   93.300     0.672086     0.005526     0.005593      1696145 
   93.400     0.616234     0.005006     0.005057      1689652 
   93.500    -0.364145    -0.002958    -0.003024      1695721 
   93.600     0.060416     0.000499     0.000503      1687909 
   93.700    -0.044182    -0.000371    -0.000368      1674672 
   93.800     0.110840     0.000928     0.000939      1652375 
   93.900    -0.292160    -0.002443    -0.002468      1675117 
   94.000     0.094709     0.000794     0.000798      1660151 
   94.100    -0.325355    -0.002679    -0.002704      1659819 
   94.200     0.065272     0.000528     0.000540      1658980 
   94.300     0.196656     0.001597     0.001622      1670994 
   94.400    -0.276240    -0.002277    -0.002309      1650422 
   94.500     0.048035     0.000388     0.000396      1655748 
   94.600     0.896827     0.007056     0.007398      1657498 
   94.700     0.309736     0.002524     0.002570      1644567 
   94.800     0.353130     0.002957     0.002971      1643409 
   94.900     0.092215     0.000744     0.000768      1637606 
   95.000     0.342671     0.002789     0.002864      1657141 
   95.100     0.569499     0.004633     0.004774      1648635 
   95.200     0.710096     0.005692     0.005832      1657576 
   95.300     0.865126     0.007035     0.007180      1630555 
   95.400     1.242866     0.010058     0.010216      1652943 
   95.500     1.359870     0.011189     0.011347      1641277 
   95.600     0.491272     0.004041     0.004035      1636359 
   95.700     0.801428     0.006677     0.006701      1646255 
   95.800     0.546584     0.004520     0.004553      1624692 
   95.900     0.505758     0.004115     0.004184      1642922 
   96.000     1.084985     0.009001     0.009126      1640682 
   96.100     0.357569     0.002945     0.002980      1655676 
   96.200     0.209001     0.001767     0.001774      1637335 
   96.300     0.956696     0.007978     0.007991      1644290 
   96.400     0.916408     0.007665     0.007659      1615857 
   96.500     0.465720     0.003788     0.003870      1646202 
   96.600    -0.305259    -0.002592    -0.002578      1630545 
   96.700     0.006217     0.000053     0.000052      1612579 
   96.800    -0.628803    -0.005180    -0.005252      1604424 
   96.900    -0.981469    -0.008106    -0.008128      1613761 
   97.000    -0.551072    -0.004687    -0.004601      1604983 
   97.100    -0.900537    -0.007591    -0.007502      1613263 
   97.200    -0.414721    -0.003417    -0.003443      1609104 
   97.300    -1.199307    -0.009977    -0.010042      1610524 
   97.400    -1.093712    -0.009135    -0.009191      1605030 
   97.500    -0.025209    -0.000216    -0.000213      1595115 
   97.600    -0.682776    -0.005772    -0.005785      1588614 
   97.700     0.363274     0.003003     0.003049      1592794 
   97.800    -0.878506    -0.007394    -0.007349      1598039 
   97.900    -1.222688    -0.010289    -0.010262      1586629 
   98.000    -0.636670    -0.005285    -0.005301      1589639 
   98.100     0.181361     0.001508     0.001510      1590690 
   98.200    -0.625696    -0.005218    -0.005201      1585592 
   98.300    -0.541542    -0.004407    -0.004452      1598881 
   98.400    -0.349629    -0.002912    -0.002940      1604135 
   98.500     0.086989     0.000731     0.000744      1591591 
   98.600     0.540478     0.004516     0.004631      1553930 
   98.700     0.250338     0.002138     0.002155      1569112 
   98.800     0.186016     0.001594     0.001591      1567347 
   98.900    -0.482771    -0.004176    -0.004191      1548258 
   99.000    -0.998970    -0.008561    -0.008616      1550462 
   99.100    -0.654597    -0.005468    -0.005581      1557674 
   99.200    -1.353703    -0.011149    -0.011528      1552033 
   99.300    -1.029754    -0.008743    -0.008912      1541072 
   99.400    -0.960104    -0.008069    -0.008281      1549605 
   99.500    -1.030778    -0.008692    -0.008884      1558044 
   99.600     0.033913     0.000289     0.000295      1544724 
   99.700    -0.475523    -0.003941    -0.004086      1541698 
   99.800    -0.168905    -0.001379    -0.001434      1549404 
   99.900     0.123123     0.001034     0.001057      1532736 
  100.000    -0.622365    -0.005351    -0.005473      1520887 
