fitting 1 exponentials + affine
seed: 6149571077 
   15.825326 
    0.573 
   14.261548 
    0.792 
   13.917965 
    0.819 
   13.769004 
    0.829 
   11.851078 
    0.928 
   11.475988 
    0.957 
   11.475832 
    0.954 
   11.475405 
    0.954 
   11.473967 
    0.955 
   11.473964 
    0.956 
   11.473962 
    0.955 
   11.473962 
    0.955 
   11.473962 
    0.955 
   11.473962 
    0.955 
   11.473962 
    0.955 
   11.473962 
    0.955 
   11.473962 
    0.955 
    0.955 
nagopt ncall: 1  oldvalue:     11.473961542 newvalue:    11.473961542
   11.473962 
    0.955462211 
error sd:     0.003387
halflife:    15.214 
mean (generations):    45.560 
    0.029424620     0.000090461 
##end of run
