 ##Z-score and correlation:: ../../ancpop.list  binsize:     0.001000
    0.100    32.495369     0.171959     0.172496      5845721 
    0.200     9.313944     0.051717     0.051203      4349047 
    0.300     6.215399     0.033600     0.033522      4337738 
    0.400     5.402695     0.028705     0.028795      4282699 
    0.500     4.094765     0.021765     0.021707      4243582 
    0.600     4.875957     0.025713     0.025767      4225130 
    0.700     3.718572     0.019677     0.019649      4215047 
    0.800     3.238115     0.017243     0.017172      4191965 
    0.900     3.730332     0.019782     0.019719      4189362 
    1.000     3.391221     0.017621     0.017719      4189681 
    1.100     4.148201     0.021416     0.021663      4160954 
    1.200     3.478224     0.018164     0.018249      4179018 
    1.300     2.472898     0.012873     0.013054      4149021 
    1.400     3.104242     0.016478     0.016542      4111830 
    1.500     2.455527     0.013095     0.013135      4113453 
    1.600     2.610281     0.013789     0.013903      4117849 
    1.700     2.410516     0.012835     0.012821      4119602 
    1.800     2.276007     0.012047     0.012108      4109070 
    1.900     2.634037     0.013931     0.014008      4100449 
    2.000     2.499252     0.013283     0.013290      4082814 
    2.100     1.714483     0.009116     0.009092      4086704 
    2.200     2.154425     0.011273     0.011401      4090661 
    2.300     2.789553     0.014739     0.014855      4085597 
    2.400     1.590063     0.008469     0.008499      4073991 
    2.500     1.669760     0.008813     0.008808      4057447 
    2.600     0.893694     0.004775     0.004755      4049518 
    2.700     1.505417     0.007976     0.008014      4022477 
    2.800     1.800139     0.009632     0.009640      4037531 
    2.900     1.583517     0.008474     0.008499      4042025 
    3.000     1.549078     0.008227     0.008251      4036086 
    3.100     0.999254     0.005364     0.005373      4036852 
    3.200     1.237847     0.006616     0.006642      4039899 
    3.300     0.922658     0.004966     0.004945      4027770 
    3.400     1.383873     0.007389     0.007378      4029939 
    3.500     1.137288     0.006036     0.006089      4031106 
    3.600     1.912620     0.010268     0.010231      4022493 
    3.700     1.482674     0.008034     0.007987      4013089 
    3.800     0.865624     0.004658     0.004613      4009236 
    3.900     1.144217     0.006107     0.006151      3986507 
    4.000     1.233563     0.006633     0.006644      3985003 
    4.100     1.354490     0.007327     0.007322      3985777 
    4.200     0.651246     0.003504     0.003520      3980388 
    4.300     0.251044     0.001349     0.001352      3984376 
    4.400     0.711267     0.003822     0.003789      3961354 
    4.500     0.585187     0.003117     0.003126      3979899 
    4.600     1.038674     0.005545     0.005565      3969251 
    4.700     1.357791     0.007315     0.007305      3973878 
    4.800     1.143893     0.006200     0.006182      3980875 
    4.900     1.209133     0.006497     0.006501      3966655 
    5.000     0.496323     0.002641     0.002643      3976229 
    5.100    -0.300699    -0.001606    -0.001608      3956205 
    5.200    -0.091884    -0.000487    -0.000489      3977293 
    5.300     0.635340     0.003375     0.003407      3943555 
    5.400     0.932907     0.005004     0.004989      3975384 
    5.500    -0.086928    -0.000467    -0.000465      3950498 
    5.600     0.602547     0.003236     0.003243      3949675 
    5.700     0.624780     0.003358     0.003380      3922765 
    5.800     0.395893     0.002111     0.002131      3909530 
    5.900     0.160539     0.000869     0.000863      3929087 
    6.000    -0.277110    -0.001500    -0.001505      3944350 
    6.100    -0.119913    -0.000649    -0.000650      3941015 
    6.200     0.144243     0.000777     0.000776      3947263 
    6.300     0.460679     0.002476     0.002462      3952632 
    6.400     0.342207     0.001821     0.001832      3948992 
    6.500    -0.042937    -0.000230    -0.000232      3941074 
    6.600    -0.263445    -0.001400    -0.001397      3939480 
    6.700    -0.061106    -0.000326    -0.000328      3922397 
    6.800     0.137268     0.000738     0.000734      3916533 
    6.900     0.432907     0.002331     0.002334      3914731 
    7.000     0.765028     0.004137     0.004149      3949130 
    7.100    -0.123689    -0.000669    -0.000670      3915023 
    7.200     0.006386     0.000034     0.000034      3962061 
    7.300    -0.555030    -0.002990    -0.002987      3932157 
    7.400     0.286799     0.001550     0.001530      3936374 
    7.500     0.180559     0.000973     0.000972      3939029 
    7.600     0.493218     0.002655     0.002645      3914073 
    7.700     0.683955     0.003695     0.003661      3931378 
    7.800     0.818657     0.004477     0.004417      3922416 
    7.900    -0.231854    -0.001263    -0.001257      3897985 
    8.000    -0.322466    -0.001752    -0.001741      3928080 
    8.100    -0.149765    -0.000802    -0.000801      3907562 
    8.200     0.062240     0.000337     0.000334      3924345 
    8.300    -0.015615    -0.000085    -0.000084      3930981 
    8.400     0.121211     0.000661     0.000660      3946595 
    8.500     0.833402     0.004557     0.004532      3937056 
    8.600     0.593271     0.003228     0.003215      3903191 
    8.700     0.109742     0.000599     0.000596      3908980 
    8.800    -0.699611    -0.003758    -0.003773      3911990 
    8.900    -0.014958    -0.000080    -0.000080      3936557 
    9.000     0.596794     0.003202     0.003190      3915492 
    9.100     0.591484     0.003249     0.003214      3900237 
    9.200     0.428446     0.002355     0.002329      3883142 
    9.300    -0.342900    -0.001838    -0.001840      3898718 
    9.400     0.004202     0.000023     0.000023      3895985 
    9.500     0.827975     0.004500     0.004498      3878646 
    9.600     0.838119     0.004592     0.004521      3892444 
    9.700     0.572566     0.003099     0.003091      3874753 
    9.800    -0.324723    -0.001767    -0.001757      3864594 
    9.900    -0.690188    -0.003787    -0.003751      3886103 
   10.000    -0.766363    -0.004198    -0.004147      3876817 
   10.100    -0.580325    -0.003122    -0.003136      3882786 
   10.200    -0.127263    -0.000694    -0.000688      3886957 
   10.300    -0.699710    -0.003828    -0.003785      3880871 
   10.400    -0.049892    -0.000270    -0.000271      3865468 
   10.500    -0.426815    -0.002320    -0.002311      3852100 
   10.600    -0.578001    -0.003139    -0.003142      3866673 
   10.700    -0.630260    -0.003447    -0.003459      3854747 
   10.800    -0.170306    -0.000929    -0.000933      3860965 
   10.900     0.168386     0.000921     0.000922      3858252 
   11.000     0.176621     0.000966     0.000962      3847733 
   11.100     0.698908     0.003843     0.003810      3841627 
   11.200     0.386467     0.002132     0.002121      3836654 
   11.300     0.045961     0.000253     0.000251      3864090 
   11.400     0.074967     0.000411     0.000406      3870214 
   11.500    -0.194709    -0.001060    -0.001057      3868269 
   11.600    -0.447137    -0.002451    -0.002457      3862688 
   11.700    -0.500300    -0.002760    -0.002739      3823752 
   11.800    -0.177607    -0.000983    -0.000980      3798839 
   11.900     0.341848     0.001861     0.001869      3835870 
   12.000    -0.390306    -0.002144    -0.002130      3828812 
   12.100    -0.152501    -0.000829    -0.000830      3822093 
   12.200    -0.699161    -0.003802    -0.003820      3844128 
   12.300    -0.551230    -0.003000    -0.003004      3825121 
   12.400    -0.182754    -0.000999    -0.000999      3825019 
   12.500     0.251079     0.001364     0.001378      3857925 
   12.600    -0.275015    -0.001492    -0.001500      3859857 
   12.700    -0.377132    -0.002070    -0.002060      3824640 
   12.800     0.082115     0.000446     0.000446      3817200 
   12.900    -0.218284    -0.001188    -0.001187      3826151 
   13.000    -0.224769    -0.001238    -0.001234      3802404 
   13.100     0.306586     0.001690     0.001690      3789036 
   13.200     0.016613     0.000091     0.000091      3789723 
   13.300    -0.447804    -0.002434    -0.002450      3811332 
   13.400     0.423923     0.002335     0.002332      3786374 
   13.500    -0.059647    -0.000329    -0.000329      3782000 
   13.600    -0.342187    -0.001868    -0.001885      3806899 
   13.700    -0.158499    -0.000857    -0.000864      3796515 
   13.800    -0.135826    -0.000742    -0.000742      3808278 
   13.900    -0.606685    -0.003369    -0.003358      3764391 
   14.000    -0.228206    -0.001246    -0.001254      3811283 
   14.100    -0.499465    -0.002748    -0.002753      3792048 
   14.200     0.131598     0.000726     0.000727      3781459 
   14.300    -0.569745    -0.003103    -0.003105      3777982 
   14.400    -0.569274    -0.003144    -0.003127      3775848 
   14.500    -0.218927    -0.001214    -0.001199      3778782 
   14.600    -0.027613    -0.000153    -0.000154      3775214 
   14.700    -0.049535    -0.000277    -0.000274      3756706 
   14.800     0.147155     0.000813     0.000810      3760784 
   14.900    -0.177268    -0.000977    -0.000977      3776631 
   15.000     0.474492     0.002662     0.002652      3747762 
   15.100    -0.220973    -0.001223    -0.001234      3776333 
   15.200     1.222406     0.006727     0.006749      3769458 
   15.300     1.338393     0.007356     0.007330      3769657 
   15.400     0.424600     0.002318     0.002332      3778044 
   15.500     0.698611     0.003798     0.003814      3785486 
   15.600     0.754847     0.004158     0.004139      3774903 
   15.700     0.984667     0.005459     0.005454      3726742 
   15.800     0.980187     0.005442     0.005414      3748209 
   15.900     0.714626     0.003906     0.003929      3751226 
   16.000    -0.428757    -0.002377    -0.002384      3743482 
   16.100     0.544055     0.002992     0.002998      3768607 
   16.200     0.807862     0.004459     0.004439      3753554 
   16.300     0.590361     0.003251     0.003263      3738926 
   16.400     0.312060     0.001713     0.001720      3759897 
   16.500     0.457602     0.002497     0.002515      3751265 
   16.600     1.083473     0.005977     0.005966      3752180 
   16.700     0.724424     0.004017     0.004023      3718097 
   16.800     0.246699     0.001341     0.001357      3741195 
   16.900    -0.281495    -0.001543    -0.001551      3729999 
   17.000     0.357083     0.001974     0.001977      3736669 
   17.100     0.464264     0.002556     0.002546      3768674 
   17.200     0.381631     0.002093     0.002096      3749249 
   17.300     0.555523     0.003059     0.003074      3734550 
   17.400     0.407499     0.002234     0.002247      3746216 
   17.500    -0.019695    -0.000108    -0.000109      3729099 
   17.600    -0.019235    -0.000107    -0.000107      3716393 
   17.700     0.674936     0.003736     0.003745      3739768 
   17.800     0.531565     0.002949     0.002956      3738507 
   17.900     0.147645     0.000821     0.000827      3731721 
   18.000     0.295057     0.001636     0.001635      3728584 
   18.100     0.635279     0.003506     0.003507      3723973 
   18.200     0.697749     0.003911     0.003873      3729891 
   18.300    -0.426079    -0.002340    -0.002347      3736523 
   18.400     0.184958     0.001029     0.001030      3732541 
   18.500     0.360640     0.001956     0.001977      3735366 
   18.600     0.372336     0.002062     0.002064      3705691 
   18.700     0.118622     0.000657     0.000660      3701675 
   18.800     0.715473     0.003942     0.003976      3733961 
   18.900     0.205969     0.001128     0.001132      3726164 
   19.000    -0.426273    -0.002320    -0.002347      3708210 
   19.100    -0.344265    -0.001892    -0.001904      3686836 
   19.200    -0.003661    -0.000020    -0.000020      3687050 
   19.300     0.642164     0.003576     0.003590      3690355 
   19.400     0.241429     0.001338     0.001335      3723163 
   19.500     0.036634     0.000202     0.000203      3722981 
   19.600     0.056708     0.000316     0.000316      3676654 
   19.700     0.422393     0.002388     0.002370      3700569 
   19.800     0.048572     0.000272     0.000270      3716795 
   19.900    -0.223034    -0.001249    -0.001243      3693935 
   20.000     0.430610     0.002441     0.002410      3676486 
   20.100     0.729565     0.004055     0.004060      3673204 
   20.200     0.371653     0.002079     0.002097      3666741 
   20.300    -0.459263    -0.002554    -0.002548      3715512 
   20.400    -0.368489    -0.002047    -0.002040      3701193 
   20.500    -0.082075    -0.000453    -0.000454      3714590 
   20.600    -0.540027    -0.003000    -0.003001      3703341 
   20.700    -0.404240    -0.002242    -0.002254      3693414 
   20.800     0.536469     0.002998     0.003015      3666982 
   20.900    -0.448762    -0.002488    -0.002505      3700381 
   21.000    -0.655050    -0.003604    -0.003648      3697630 
   21.100    -0.315217    -0.001770    -0.001779      3661344 
   21.200    -0.136248    -0.000745    -0.000755      3677858 
   21.300     0.505435     0.002803     0.002845      3652061 
   21.400     0.995555     0.005659     0.005602      3667787 
   21.500     0.414044     0.002336     0.002320      3677357 
   21.600    -0.349074    -0.001962    -0.001954      3670490 
   21.700    -0.480410    -0.002687    -0.002685      3675182 
   21.800    -0.593718    -0.003281    -0.003299      3686538 
   21.900    -0.040391    -0.000228    -0.000227      3677143 
   22.000     0.670108     0.003746     0.003753      3639512 
   22.100     0.355883     0.002004     0.002005      3626018 
   22.200    -0.698498    -0.003912    -0.003920      3627488 
   22.300    -0.128346    -0.000720    -0.000718      3648805 
   22.400     0.084035     0.000465     0.000467      3650163 
   22.500     0.369857     0.002086     0.002068      3667033 
   22.600     0.620439     0.003477     0.003449      3655003 
   22.700    -0.111710    -0.000625    -0.000621      3655138 
   22.800    -0.866355    -0.004843    -0.004844      3640559 
   22.900    -1.475723    -0.008330    -0.008320      3607779 
   23.000    -0.927273    -0.005144    -0.005172      3637443 
   23.100    -0.049638    -0.000278    -0.000277      3634831 
   23.200    -0.007152    -0.000040    -0.000040      3644974 
   23.300    -0.191931    -0.001072    -0.001075      3637883 
   23.400    -0.196682    -0.001105    -0.001100      3643812 
   23.500    -0.070460    -0.000389    -0.000391      3640221 
   23.600    -0.342548    -0.001917    -0.001923      3635798 
   23.700    -0.461993    -0.002608    -0.002601      3620662 
   23.800    -0.950609    -0.005280    -0.005298      3638826 
   23.900    -0.563198    -0.003162    -0.003175      3629575 
   24.000    -1.337095    -0.007577    -0.007556      3604874 
   24.100    -1.087808    -0.006114    -0.006130      3635255 
   24.200    -0.453656    -0.002563    -0.002560      3617646 
   24.300     0.414465     0.002353     0.002334      3614805 
   24.400     0.450508     0.002517     0.002513      3640488 
   24.500    -0.312351    -0.001739    -0.001753      3624823 
   24.600     0.070234     0.000387     0.000391      3629156 
   24.700    -0.334871    -0.001868    -0.001888      3637999 
   24.800     0.927954     0.005180     0.005247      3609221 
   24.900    -0.297165    -0.001666    -0.001665      3605145 
   25.000    -0.459129    -0.002586    -0.002586      3607994 
   25.100    -0.317258    -0.001795    -0.001793      3614706 
   25.200    -0.555159    -0.003112    -0.003137      3604847 
   25.300    -0.598453    -0.003349    -0.003369      3632450 
   25.400    -0.727786    -0.004092    -0.004081      3636279 
   25.500    -0.549671    -0.003085    -0.003076      3611175 
   25.600    -0.696873    -0.003925    -0.003939      3600561 
   25.700    -0.694816    -0.003979    -0.003942      3579832 
   25.800    -0.535963    -0.002986    -0.003012      3582812 
   25.900    -0.753572    -0.004291    -0.004272      3580169 
   26.000     0.053929     0.000303     0.000306      3582431 
   26.100     0.277881     0.001582     0.001590      3565199 
   26.200    -0.117182    -0.000659    -0.000663      3578337 
   26.300     0.088747     0.000504     0.000505      3560727 
   26.400    -0.017524    -0.000098    -0.000099      3574110 
   26.500    -0.100475    -0.000558    -0.000566      3568664 
   26.600    -0.115223    -0.000655    -0.000661      3540031 
   26.700     0.372617     0.002101     0.002124      3556435 
   26.800    -0.467432    -0.002645    -0.002665      3538760 
   26.900    -0.652572    -0.003696    -0.003739      3555314 
   27.000    -0.237306    -0.001349    -0.001357      3538393 
   27.100    -0.146781    -0.000852    -0.000844      3511698 
   27.200     0.741384     0.004213     0.004209      3537702 
   27.300     0.139718     0.000790     0.000796      3501022 
   27.400    -0.018279    -0.000105    -0.000105      3531616 
   27.500     0.303273     0.001722     0.001734      3521347 
   27.600    -0.583948    -0.003315    -0.003359      3515735 
   27.700    -0.710771    -0.004063    -0.004088      3523400 
   27.800    -0.825223    -0.004735    -0.004719      3532331 
   27.900    -0.364385    -0.002102    -0.002102      3543779 
   28.000    -0.796379    -0.004548    -0.004561      3530765 
   28.100    -0.138947    -0.000805    -0.000802      3517557 
   28.200    -0.054659    -0.000314    -0.000313      3520481 
   28.300    -0.639142    -0.003637    -0.003656      3516753 
   28.400    -1.105536    -0.006274    -0.006295      3510459 
   28.500    -1.046731    -0.006038    -0.006035      3493082 
   28.600    -1.057613    -0.006048    -0.006089      3495671 
   28.700    -0.515420    -0.002988    -0.002997      3497066 
   28.800    -0.372694    -0.002159    -0.002140      3532218 
   28.900     0.049831     0.000285     0.000286      3524686 
   29.000    -0.036054    -0.000207    -0.000206      3516517 
   29.100    -0.680141    -0.003876    -0.003911      3509249 
   29.200     0.556332     0.003180     0.003183      3496247 
   29.300     0.412288     0.002328     0.002342      3492510 
   29.400     0.041226     0.000235     0.000237      3511051 
   29.500    -0.187157    -0.001067    -0.001074      3481627 
   29.600     0.563262     0.003157     0.003211      3490791 
   29.700     0.040184     0.000229     0.000230      3464800 
   29.800    -0.177759    -0.001014    -0.001025      3443724 
   29.900    -0.234846    -0.001331    -0.001345      3456512 
   30.000    -0.762527    -0.004381    -0.004415      3469990 
   30.100    -0.360852    -0.002046    -0.002085      3457147 
   30.200     0.052946     0.000301     0.000304      3483510 
   30.300     0.021700     0.000124     0.000125      3509394 
   30.400     0.738397     0.004195     0.004245      3472974 
   30.500     0.159312     0.000915     0.000920      3472758 
   30.600    -0.014315    -0.000081    -0.000083      3479903 
   30.700     0.289511     0.001632     0.001664      3478200 
   30.800     1.000225     0.005635     0.005728      3469037 
   30.900     0.959116     0.005434     0.005529      3444734 
   31.000     0.354610     0.001998     0.002037      3459979 
   31.100     0.727468     0.004105     0.004191      3453319 
   31.200     0.832513     0.004667     0.004769      3469404 
   31.300     0.703264     0.003955     0.004023      3451322 
   31.400     0.089945     0.000507     0.000517      3448755 
   31.500    -0.618626    -0.003571    -0.003575      3422020 
   31.600    -0.803328    -0.004565    -0.004663      3428586 
   31.700    -0.973146    -0.005515    -0.005573      3432554 
   31.800    -0.020487    -0.000118    -0.000118      3411795 
   31.900     0.378664     0.002167     0.002173      3420047 
   32.000     1.291596     0.007445     0.007465      3441273 
   32.100     0.639976     0.003671     0.003681      3463574 
   32.200    -0.383353    -0.002178    -0.002189      3421262 
   32.300    -0.147780    -0.000842    -0.000846      3439008 
   32.400    -0.340382    -0.001939    -0.001956      3439719 
   32.500     0.001969     0.000011     0.000011      3449099 
   32.600    -0.053806    -0.000307    -0.000309      3420028 
   32.700    -0.388058    -0.002199    -0.002210      3414291 
   32.800    -0.657768    -0.003756    -0.003762      3434131 
   32.900    -0.901966    -0.005140    -0.005178      3420352 
   33.000    -0.244769    -0.001387    -0.001403      3414019 
   33.100     0.347452     0.001946     0.001993      3395417 
   33.200     0.125204     0.000709     0.000719      3395694 
   33.300    -0.538609    -0.003083    -0.003109      3374399 
   33.400    -0.378228    -0.002156    -0.002185      3370944 
   33.500    -0.505990    -0.002868    -0.002903      3382549 
   33.600    -0.067644    -0.000381    -0.000389      3401005 
   33.700     0.407940     0.002297     0.002332      3399309 
   33.800     0.057634     0.000328     0.000330      3390825 
   33.900     0.053265     0.000308     0.000311      3391308 
   34.000     0.032443     0.000188     0.000190      3384049 
   34.100     0.078028     0.000458     0.000459      3363548 
   34.200     0.254988     0.001495     0.001496      3369154 
   34.300     0.649279     0.003817     0.003793      3374639 
   34.400    -0.363702    -0.002059    -0.002088      3378310 
   34.500    -0.405618    -0.002339    -0.002348      3354560 
   34.600    -0.261685    -0.001523    -0.001529      3344234 
   34.700     0.451247     0.002605     0.002633      3356851 
   34.800     0.526829     0.003060     0.003067      3369564 
   34.900     0.327909     0.001885     0.001906      3351658 
   35.000     0.005014     0.000029     0.000030      3336664 
   35.100     0.443952     0.002570     0.002586      3341786 
   35.200     0.977760     0.005709     0.005742      3324927 
   35.300     0.463346     0.002724     0.002736      3327994 
   35.400    -0.502868    -0.002960    -0.002987      3327519 
   35.500    -0.213704    -0.001244    -0.001264      3336711 
   35.600    -0.282173    -0.001651    -0.001657      3329153 
   35.700    -0.844267    -0.004921    -0.004961      3307236 
   35.800     0.224779     0.001288     0.001310      3297679 
   35.900     0.012370     0.000072     0.000072      3317689 
   36.000    -0.118070    -0.000693    -0.000695      3341551 
   36.100     0.012402     0.000073     0.000073      3300456 
   36.200     0.394956     0.002302     0.002314      3304839 
   36.300    -0.285606    -0.001665    -0.001675      3309246 
   36.400    -0.254273    -0.001486    -0.001491      3308438 
   36.500     0.404786     0.002372     0.002390      3296475 
   36.600    -0.109558    -0.000639    -0.000648      3271818 
   36.700    -0.548999    -0.003193    -0.003235      3270714 
   36.800     0.070429     0.000409     0.000415      3300504 
   36.900     0.069157     0.000403     0.000407      3293299 
   37.000     0.195850     0.001156     0.001156      3297251 
   37.100    -0.837451    -0.004939    -0.004970      3284746 
   37.200    -0.880171    -0.005181    -0.005181      3269770 
   37.300    -0.647901    -0.003777    -0.003811      3277516 
   37.400    -0.435147    -0.002536    -0.002561      3289261 
   37.500    -0.223437    -0.001305    -0.001322      3261090 
   37.600     0.248465     0.001459     0.001479      3248700 
   37.700     0.056985     0.000331     0.000336      3290031 
   37.800     0.305517     0.001789     0.001811      3283321 
   37.900    -0.371728    -0.002178    -0.002208      3311517 
   38.000    -0.611756    -0.003602    -0.003637      3273290 
   38.100     0.285820     0.001706     0.001706      3276291 
   38.200     1.139205     0.006752     0.006762      3296348 
   38.300     0.912688     0.005324     0.005358      3271043 
   38.400    -0.658484    -0.003866    -0.003880      3260534 
   38.500    -0.163135    -0.000968    -0.000968      3269400 
   38.600    -0.814088    -0.004826    -0.004836      3268972 
   38.700     0.556985     0.003268     0.003283      3272151 
   38.800     1.286996     0.007570     0.007618      3269305 
   38.900     0.598757     0.003526     0.003526      3282735 
   39.000     0.588386     0.003481     0.003500      3280245 
   39.100     0.357545     0.002119     0.002155      3240761 
   39.200     0.600044     0.003601     0.003606      3261572 
   39.300     0.528689     0.003147     0.003152      3258173 
   39.400     0.139079     0.000824     0.000822      3259726 
   39.500    -0.526409    -0.003089    -0.003118      3251081 
   39.600    -0.446086    -0.002618    -0.002625      3250286 
   39.700    -0.441308    -0.002612    -0.002603      3248416 
   39.800    -0.491248    -0.002914    -0.002903      3231775 
   39.900    -0.421847    -0.002522    -0.002509      3217280 
   40.000     0.732642     0.004447     0.004409      3197417 
   40.100    -0.508951    -0.003045    -0.003056      3203471 
   40.200    -0.591339    -0.003553    -0.003563      3213047 
   40.300    -0.798546    -0.004775    -0.004766      3229311 
   40.400    -0.231216    -0.001360    -0.001371      3233883 
   40.500    -0.280708    -0.001679    -0.001672      3220578 
   40.600    -0.816480    -0.004940    -0.004891      3204112 
   40.700    -0.519435    -0.003146    -0.003131      3193792 
   40.800    -0.350069    -0.002092    -0.002105      3219363 
   40.900    -0.400805    -0.002425    -0.002426      3177636 
   41.000    -0.344577    -0.002082    -0.002086      3165747 
   41.100     0.353591     0.002161     0.002159      3164874 
   41.200    -0.312650    -0.001877    -0.001875      3195973 
   41.300    -1.248890    -0.007605    -0.007544      3191546 
   41.400    -0.586921    -0.003592    -0.003580      3190855 
   41.500    -0.844710    -0.005122    -0.005092      3186863 
   41.600    -0.218411    -0.001321    -0.001321      3164210 
   41.700    -0.763114    -0.004628    -0.004618      3168175 
   41.800    -0.566219    -0.003385    -0.003388      3174551 
   41.900    -1.024000    -0.006224    -0.006234      3156800 
   42.000    -0.902642    -0.005454    -0.005502      3140127 
   42.100    -0.703735    -0.004211    -0.004231      3155242 
   42.200    -0.485762    -0.002945    -0.002952      3116296 
   42.300    -0.288982    -0.001766    -0.001759      3118662 
   42.400    -0.765140    -0.004714    -0.004696      3131543 
   42.500    -0.344412    -0.002092    -0.002078      3148623 
   42.600    -0.712153    -0.004330    -0.004310      3128028 
   42.700    -0.623486    -0.003744    -0.003797      3130607 
   42.800     0.254773     0.001542     0.001544      3135199 
   42.900     0.037409     0.000225     0.000225      3129557 
   43.000    -0.080650    -0.000491    -0.000489      3141326 
   43.100     0.000284     0.000002     0.000002      3117374 
   43.200     0.369439     0.002229     0.002236      3100312 
   43.300     0.266360     0.001646     0.001636      3094000 
   43.400    -0.034783    -0.000214    -0.000214      3093978 
   43.500    -0.439621    -0.002691    -0.002680      3097944 
   43.600    -0.524040    -0.003233    -0.003194      3093457 
   43.700    -0.358027    -0.002180    -0.002184      3091323 
   43.800    -0.285991    -0.001744    -0.001756      3083501 
   43.900     0.092269     0.000573     0.000570      3083600 
   44.000    -0.807462    -0.005028    -0.005008      3084166 
   44.100    -0.632830    -0.003893    -0.003899      3074758 
   44.200    -0.296945    -0.001810    -0.001823      3048754 
   44.300    -0.859230    -0.005211    -0.005212      3081920 
   44.400    -0.388828    -0.002363    -0.002375      3086165 
   44.500    -0.385751    -0.002393    -0.002391      3046706 
   44.600    -1.179260    -0.007315    -0.007352      3038680 
   44.700    -0.687067    -0.004229    -0.004271      3026125 
   44.800    -0.580376    -0.003545    -0.003569      3044912 
   44.900    -0.476353    -0.002890    -0.002928      3041054 
   45.000    -1.105575    -0.006758    -0.006833      3029414 
   45.100    -0.744434    -0.004507    -0.004510      3053319 
   45.200    -0.758406    -0.004606    -0.004604      3048130 
   45.300    -0.714416    -0.004320    -0.004388      3025852 
   45.400     0.289078     0.001763     0.001785      3030490 
   45.500    -0.778315    -0.004791    -0.004845      3050175 
   45.600    -0.652723    -0.003999    -0.004058      3016377 
   45.700    -0.300256    -0.001824    -0.001842      3016955 
   45.800     0.068893     0.000430     0.000430      2999407 
   45.900     0.022819     0.000140     0.000141      3033717 
   46.000     0.019524     0.000118     0.000121      3014358 
   46.100     0.302265     0.001847     0.001859      3032010 
   46.200    -0.869036    -0.005325    -0.005356      3015074 
   46.300    -1.235001    -0.007632    -0.007644      3015150 
   46.400    -0.442568    -0.002728    -0.002743      3004207 
   46.500    -0.693097    -0.004271    -0.004292      3001829 
   46.600    -0.751347    -0.004709    -0.004681      2992316 
   46.700    -0.015283    -0.000094    -0.000094      3005388 
   46.800     0.232429     0.001424     0.001422      3003162 
   46.900    -0.180784    -0.001111    -0.001104      2994986 
   47.000    -0.580137    -0.003539    -0.003569      2973216 
   47.100    -0.645174    -0.003940    -0.003969      2994539 
   47.200    -0.577340    -0.003577    -0.003548      2965289 
   47.300    -0.089176    -0.000560    -0.000556      2945231 
   47.400    -0.881847    -0.005491    -0.005467      2968851 
   47.500    -0.488209    -0.003074    -0.003047      2982389 
   47.600    -0.856384    -0.005339    -0.005336      2973166 
   47.700     0.161003     0.000992     0.000993      2969545 
   47.800     0.273832     0.001702     0.001693      2973205 
   47.900    -0.045915    -0.000289    -0.000287      2920406 
   48.000     0.244643     0.001535     0.001530      2940659 
   48.100     0.200088     0.001281     0.001263      2956865 
   48.200    -0.009368    -0.000059    -0.000059      2929184 
   48.300    -0.189371    -0.001181    -0.001170      2944288 
   48.400    -0.374032    -0.002344    -0.002323      2925862 
   48.500    -0.041246    -0.000259    -0.000260      2923251 
   48.600    -0.350280    -0.002214    -0.002198      2929842 
   48.700    -0.356678    -0.002284    -0.002280      2915364 
   48.800    -0.733064    -0.004597    -0.004622      2898595 
   48.900    -0.413935    -0.002606    -0.002597      2916154 
   49.000     0.075262     0.000474     0.000475      2935382 
   49.100    -0.060467    -0.000381    -0.000384      2894057 
   49.200     0.171147     0.001076     0.001078      2910953 
   49.300    -0.409731    -0.002585    -0.002566      2900063 
   49.400    -0.610675    -0.003848    -0.003840      2905983 
   49.500    -0.434570    -0.002745    -0.002718      2915878 
   49.600    -0.250496    -0.001570    -0.001575      2934154 
   49.700    -0.173557    -0.001074    -0.001080      2942724 
   49.800    -0.962879    -0.006050    -0.006051      2904929 
   49.900    -0.768155    -0.004837    -0.004817      2898826 
   50.000    -0.565072    -0.003551    -0.003569      2878245 
   50.100    -1.544551    -0.009734    -0.009753      2855949 
   50.200    -0.572732    -0.003673    -0.003632      2851914 
   50.300    -0.958201    -0.006134    -0.006115      2873801 
   50.400    -0.348168    -0.002227    -0.002234      2823164 
   50.500    -0.279438    -0.001767    -0.001760      2872203 
   50.600     0.301630     0.001925     0.001912      2891804 
   50.700    -0.250114    -0.001622    -0.001597      2883632 
   50.800     0.581455     0.003696     0.003720      2861068 
   50.900    -0.407191    -0.002602    -0.002585      2843687 
   51.000    -0.122326    -0.000788    -0.000783      2840712 
   51.100    -0.239491    -0.001560    -0.001553      2813900 
   51.200     0.314574     0.002022     0.002010      2841632 
   51.300    -0.923513    -0.005989    -0.005959      2846713 
   51.400     0.325925     0.002106     0.002090      2834400 
   51.500    -0.777418    -0.004911    -0.004931      2845002 
   51.600    -0.405426    -0.002577    -0.002578      2838902 
   51.700    -0.799382    -0.005090    -0.005135      2823584 
   51.800    -0.411762    -0.002635    -0.002634      2839006 
   51.900     0.396871     0.002509     0.002526      2826875 
   52.000     0.517801     0.003298     0.003331      2810688 
   52.100     0.348638     0.002241     0.002245      2803569 
   52.200    -0.676995    -0.004289    -0.004343      2798406 
   52.300    -0.363471    -0.002303    -0.002328      2797962 
   52.400     0.304490     0.001952     0.001971      2775742 
   52.500     0.349674     0.002256     0.002251      2791142 
   52.600    -0.193478    -0.001238    -0.001233      2787782 
   52.700    -0.287565    -0.001834    -0.001825      2807265 
   52.800    -0.214257    -0.001361    -0.001379      2793351 
   52.900    -0.426786    -0.002762    -0.002750      2781290 
   53.000     0.102037     0.000659     0.000662      2775355 
   53.100     0.101907     0.000647     0.000650      2797663 
   53.200    -0.921625    -0.005845    -0.005872      2795140 
   53.300    -0.450197    -0.002875    -0.002877      2776002 
   53.400     0.028554     0.000183     0.000182      2778475 
   53.500    -0.151159    -0.000957    -0.000953      2778238 
   53.600     0.405332     0.002591     0.002575      2762976 
   53.700    -0.509133    -0.003252    -0.003252      2765817 
   53.800    -0.558565    -0.003550    -0.003574      2753727 
   53.900     0.137125     0.000870     0.000874      2780763 
   54.000     0.003829     0.000025     0.000025      2739532 
   54.100    -0.321974    -0.002053    -0.002076      2745099 
   54.200    -0.476460    -0.003043    -0.003080      2735788 
   54.300    -0.592119    -0.003786    -0.003804      2712713 
   54.400    -0.212631    -0.001387    -0.001377      2730439 
   54.500     0.153913     0.000995     0.000999      2729069 
   54.600     0.307129     0.001990     0.001987      2724614 
   54.700    -0.448810    -0.002903    -0.002914      2742737 
   54.800     0.096200     0.000604     0.000616      2746355 
   54.900    -0.203917    -0.001299    -0.001320      2722654 
   55.000    -0.132512    -0.000842    -0.000858      2723404 
   55.100    -0.048707    -0.000310    -0.000315      2716512 
   55.200    -0.506282    -0.003268    -0.003279      2714359 
   55.300    -0.235860    -0.001524    -0.001517      2739169 
   55.400     0.409799     0.002680     0.002677      2714303 
   55.500     0.488832     0.003187     0.003201      2717684 
   55.600     1.149876     0.007260     0.007392      2722920 
   55.700     0.383700     0.002427     0.002452      2714510 
   55.800     0.468497     0.003005     0.003021      2690487 
   55.900     0.398013     0.002559     0.002583      2688647 
   56.000     0.546447     0.003489     0.003522      2711327 
   56.100    -0.071994    -0.000464    -0.000469      2687231 
   56.200     0.176827     0.001138     0.001151      2679767 
   56.300     0.417878     0.002703     0.002733      2686695 
   56.400    -0.126900    -0.000835    -0.000833      2689045 
   56.500    -0.235028    -0.001531    -0.001530      2711561 
   56.600     0.024016     0.000154     0.000155      2706099 
   56.700    -0.477259    -0.003027    -0.003070      2694580 
   56.800    -1.021299    -0.006565    -0.006623      2692310 
   56.900    -0.027172    -0.000180    -0.000178      2684079 
   57.000     0.601410     0.003919     0.003914      2661560 
   57.100    -0.388262    -0.002484    -0.002521      2650057 
   57.200    -0.314798    -0.002072    -0.002086      2663570 
   57.300     0.078911     0.000512     0.000516      2667248 
   57.400     0.303751     0.001983     0.001992      2639615 
   57.500     0.231976     0.001512     0.001519      2651192 
   57.600     0.405496     0.002677     0.002676      2638692 
   57.700     0.598539     0.003869     0.003901      2651900 
   57.800     1.266299     0.008050     0.008200      2650456 
   57.900     0.161956     0.001050     0.001070      2619914 
   58.000    -0.203204    -0.001317    -0.001335      2648231 
   58.100     0.004690     0.000031     0.000031      2639321 
   58.200     0.298789     0.001952     0.001961      2633082 
   58.300     0.310466     0.002053     0.002046      2623915 
   58.400     0.101910     0.000678     0.000672      2623237 
   58.500    -0.434630    -0.002878    -0.002848      2625394 
   58.600    -0.629234    -0.004165    -0.004158      2622795 
   58.700    -0.884561    -0.005827    -0.005797      2623644 
   58.800    -0.359687    -0.002363    -0.002361      2632092 
   58.900    -0.275476    -0.001824    -0.001828      2596008 
   59.000     0.757092     0.005028     0.005052      2593844 
   59.100     0.509828     0.003377     0.003393      2576615 
   59.200     0.156483     0.001046     0.001053      2580676 
   59.300    -0.005099    -0.000034    -0.000034      2608652 
   59.400     0.154439     0.001023     0.001032      2602141 
   59.500     0.372300     0.002490     0.002481      2608750 
   59.600     0.397716     0.002656     0.002657      2591458 
   59.700     0.125334     0.000835     0.000841      2572695 
   59.800     0.181465     0.001213     0.001229      2592992 
   59.900    -0.177951    -0.001217    -0.001208      2587926 
   60.000     0.624430     0.004111     0.004134      2581124 
   60.100     0.025766     0.000169     0.000171      2568052 
   60.200     0.620363     0.004030     0.004091      2595686 
   60.300     0.969384     0.006316     0.006441      2555947 
   60.400     0.214743     0.001409     0.001425      2566814 
   60.500     0.567423     0.003747     0.003791      2555734 
   60.600     0.479907     0.003154     0.003190      2562425 
   60.700     0.036469     0.000238     0.000241      2588702 
   60.800    -0.193405    -0.001263    -0.001287      2582481 
   60.900     0.686731     0.004505     0.004566      2555934 
   61.000     0.504465     0.003332     0.003351      2550816 
   61.100     0.636052     0.004220     0.004228      2532997 
   61.200     0.904916     0.006049     0.006050      2521915 
   61.300     0.563874     0.003709     0.003745      2531468 
   61.400     0.529455     0.003546     0.003553      2527843 
   61.500     0.837653     0.005566     0.005551      2555859 
   61.600     0.853898     0.005687     0.005778      2529777 
   61.700     0.675143     0.004554     0.004617      2516461 
   61.800     0.690553     0.004618     0.004694      2511660 
   61.900     0.008456     0.000057     0.000057      2512762 
   62.000     0.145713     0.000977     0.000978      2502367 
   62.100     0.810700     0.005340     0.005447      2500293 
   62.200     0.398555     0.002644     0.002693      2524839 
   62.300     0.505194     0.003411     0.003414      2514619 
   62.400    -0.268266    -0.001812    -0.001823      2496278 
   62.500     0.074827     0.000512     0.000512      2477843 
   62.600     0.303522     0.002064     0.002069      2471404 
   62.700    -0.350406    -0.002359    -0.002388      2499563 
   62.800     0.065908     0.000444     0.000451      2476814 
   62.900     0.375553     0.002540     0.002559      2480676 
   63.000     1.203500     0.008210     0.008273      2469750 
   63.100     0.832282     0.005617     0.005684      2478798 
   63.200    -0.105106    -0.000706    -0.000711      2507414 
   63.300     0.458565     0.003146     0.003120      2496709 
   63.400     0.472510     0.003212     0.003212      2460287 
   63.500    -0.092407    -0.000636    -0.000631      2473463 
   63.600    -0.346329    -0.002372    -0.002361      2487766 
   63.700     0.096143     0.000655     0.000656      2488338 
   63.800     0.197769     0.001313     0.001339      2479032 
   63.900     0.523222     0.003478     0.003544      2468147 
   64.000     0.015265     0.000104     0.000105      2430443 
   64.100     0.480162     0.003282     0.003277      2454188 
   64.200     0.896168     0.006058     0.006085      2460279 
   64.300     0.357996     0.002411     0.002455      2449461 
   64.400     0.191445     0.001308     0.001324      2436824 
   64.500    -0.043103    -0.000295    -0.000298      2431342 
   64.600    -0.164397    -0.001117    -0.001129      2441825 
   64.700     0.141985     0.000958     0.000973      2444858 
   64.800     0.293727     0.001998     0.002003      2427948 
   64.900    -0.352827    -0.002480    -0.002465      2415078 
   65.000    -0.097103    -0.000679    -0.000682      2411025 
   65.100     0.522072     0.003580     0.003609      2431195 
   65.200     0.726932     0.004968     0.004987      2417661 
   65.300     0.264013     0.001853     0.001835      2427199 
   65.400     0.248225     0.001732     0.001734      2416146 
   65.500     0.158879     0.001096     0.001107      2427799 
   65.600    -0.565037    -0.003880    -0.003931      2417873 
   65.700    -0.484327    -0.003349    -0.003355      2408549 
   65.800    -0.416890    -0.002889    -0.002879      2418109 
   65.900    -0.929444    -0.006369    -0.006480      2399673 
   66.000    -0.327560    -0.002251    -0.002264      2399800 
   66.100     0.002503     0.000017     0.000017      2392391 
   66.200     0.476869     0.003337     0.003325      2389689 
   66.300    -0.712483    -0.004987    -0.005008      2384949 
   66.400    -0.023182    -0.000161    -0.000163      2395785 
   66.500     0.949036     0.006512     0.006593      2379243 
   66.600     0.389772     0.002707     0.002715      2380076 
   66.700     0.464872     0.003184     0.003195      2418012 
   66.800     0.028966     0.000199     0.000202      2391373 
   66.900     0.016555     0.000115     0.000115      2393341 
   67.000     0.232319     0.001620     0.001628      2387087 
   67.100    -0.248616    -0.001701    -0.001711      2382766 
   67.200     0.851523     0.005898     0.005886      2375540 
   67.300     0.926913     0.006326     0.006412      2387929 
   67.400     0.544136     0.003716     0.003757      2380140 
   67.500     0.200261     0.001375     0.001386      2385539 
   67.600    -0.607875    -0.004222    -0.004223      2356229 
   67.700     0.265585     0.001857     0.001857      2361463 
   67.800     0.151713     0.001061     0.001074      2357242 
   67.900     0.043687     0.000304     0.000307      2370252 
   68.000     0.246354     0.001720     0.001737      2358031 
   68.100     0.011183     0.000079     0.000079      2354348 
   68.200    -0.002143    -0.000015    -0.000015      2361631 
   68.300     0.211498     0.001466     0.001476      2347303 
   68.400     0.676643     0.004688     0.004713      2338872 
   68.500     0.040541     0.000279     0.000281      2345308 
   68.600     0.297399     0.002033     0.002073      2319269 
   68.700     0.351608     0.002419     0.002435      2338719 
   68.800    -0.331942    -0.002278    -0.002296      2353197 
   68.900     0.671710     0.004599     0.004634      2337432 
   69.000    -0.107258    -0.000742    -0.000746      2326455 
   69.100    -0.893668    -0.006177    -0.006226      2345646 
   69.200    -0.609267    -0.004193    -0.004245      2325014 
   69.300    -0.810991    -0.005649    -0.005718      2312371 
   69.400    -0.113077    -0.000793    -0.000797      2318203 
   69.500     0.204530     0.001420     0.001436      2320140 
   69.600    -0.401673    -0.002813    -0.002816      2310810 
   69.700    -0.750554    -0.005297    -0.005300      2320766 
   69.800    -0.829393    -0.005881    -0.005888      2291008 
   69.900     0.138185     0.000973     0.000982      2289217 
   70.000     0.449037     0.003141     0.003190      2277393 
   70.100     0.538530     0.003776     0.003794      2309107 
   70.200     0.244567     0.001676     0.001701      2301181 
   70.300     0.129738     0.000895     0.000912      2291708 
   70.400    -0.209446    -0.001479    -0.001487      2290700 
   70.500     0.183432     0.001302     0.001308      2283809 
   70.600     0.157589     0.001103     0.001116      2268295 
   70.700    -0.270487    -0.001859    -0.001905      2283408 
   70.800    -0.078768    -0.000550    -0.000551      2281128 
   70.900    -0.588772    -0.004057    -0.004112      2285018 
   71.000    -0.342160    -0.002361    -0.002376      2278711 
   71.100     0.336477     0.002293     0.002335      2279787 
   71.200     0.509435     0.003572     0.003608      2248556 
   71.300     0.674122     0.004753     0.004809      2263379 
   71.400     0.727553     0.004940     0.005091      2281393 
   71.500     0.308035     0.002126     0.002173      2274674 
   71.600    -0.430836    -0.002992    -0.003034      2280704 
   71.700    -0.406487    -0.002846    -0.002858      2275406 
   71.800     0.420754     0.002939     0.002983      2249382 
   71.900     0.486009     0.003379     0.003409      2259157 
   72.000     0.677578     0.004764     0.004779      2287219 
   72.100     0.496759     0.003460     0.003490      2255502 
   72.200     0.131505     0.000922     0.000934      2240526 
   72.300    -0.024643    -0.000173    -0.000174      2253155 
   72.400     0.367219     0.002598     0.002601      2247451 
   72.500    -0.009802    -0.000070    -0.000069      2252687 
   72.600     0.287313     0.002033     0.002029      2256795 
   72.700    -0.014490    -0.000103    -0.000104      2244376 
   72.800     0.160877     0.001133     0.001144      2225823 
   72.900     0.133041     0.000918     0.000937      2259443 
   73.000     0.391994     0.002778     0.002797      2238255 
   73.100    -0.225825    -0.001616    -0.001622      2239945 
   73.200    -0.296913    -0.002132    -0.002144      2210003 
   73.300     0.175615     0.001264     0.001262      2221264 
   73.400    -0.247269    -0.001757    -0.001783      2232503 
   73.500     0.084917     0.000614     0.000609      2206414 
   73.600     0.308082     0.002197     0.002189      2213455 
   73.700    -0.058628    -0.000414    -0.000420      2233600 
   73.800     0.611458     0.004354     0.004410      2227469 
   73.900    -0.556231    -0.004000    -0.004001      2199968 
   74.000     0.349395     0.002516     0.002531      2190883 
   74.100     0.533796     0.003805     0.003837      2200597 
   74.200     0.319584     0.002282     0.002306      2214602 
   74.300     0.162229     0.001168     0.001173      2196958 
   74.400    -0.298748    -0.002156    -0.002169      2183237 
   74.500    -0.087336    -0.000630    -0.000633      2189879 
   74.600     0.130473     0.000954     0.000953      2180168 
   74.700    -0.278850    -0.002022    -0.002012      2161644 
   74.800    -0.696180    -0.005128    -0.005101      2147043 
   74.900     0.026341     0.000191     0.000191      2162093 
   75.000     0.243592     0.001767     0.001764      2143508 
   75.100     1.124424     0.008141     0.008144      2155088 
   75.200     0.585478     0.004190     0.004210      2151179 
   75.300    -0.369774    -0.002656    -0.002665      2165595 
   75.400     0.424424     0.003098     0.003078      2145133 
   75.500     0.032128     0.000231     0.000232      2129214 
   75.600    -0.326918    -0.002421    -0.002393      2150970 
   75.700     0.396390     0.002813     0.002860      2159453 
   75.800    -0.123689    -0.000901    -0.000905      2129239 
   75.900    -1.205007    -0.008656    -0.008744      2124036 
   76.000    -0.010827    -0.000079    -0.000080      2106039 
   76.100     0.590389     0.004281     0.004268      2116595 
   76.200    -0.022327    -0.000161    -0.000162      2131631 
   76.300     1.196354     0.008519     0.008656      2136511 
   76.400     0.312844     0.002262     0.002277      2141411 
   76.500     0.844992     0.006279     0.006253      2112813 
   76.600     0.632869     0.004685     0.004711      2099539 
   76.700     0.611930     0.004445     0.004501      2102430 
   76.800     0.476393     0.003514     0.003525      2093863 
   76.900    -0.141438    -0.001011    -0.001031      2106599 
   77.000    -0.354248    -0.002602    -0.002629      2103656 
   77.100     0.259985     0.001891     0.001906      2100117 
   77.200    -0.030126    -0.000213    -0.000217      2119468 
   77.300     0.201224     0.001458     0.001480      2107685 
   77.400     0.319574     0.002305     0.002330      2105851 
   77.500    -0.225325    -0.001651    -0.001677      2093879 
   77.600     0.432577     0.003200     0.003225      2082941 
   77.700     0.399984     0.002994     0.002999      2088095 
   77.800     0.566451     0.004150     0.004197      2091893 
   77.900     0.023641     0.000174     0.000175      2096505 
   78.000     0.273120     0.002028     0.002035      2094786 
   78.100    -0.198352    -0.001452    -0.001464      2099562 
   78.200    -0.555066    -0.004054    -0.004074      2086465 
   78.300    -0.176059    -0.001289    -0.001295      2062114 
   78.400     0.007527     0.000055     0.000055      2066383 
   78.500    -0.328794    -0.002418    -0.002429      2088911 
   78.600     0.147654     0.001092     0.001096      2076563 
   78.700     0.272167     0.002047     0.002021      2101504 
   78.800    -0.133562    -0.001002    -0.000986      2078264 
   78.900     0.124357     0.000915     0.000918      2076855 
   79.000     0.247205     0.001780     0.001811      2057959 
   79.100     1.510691     0.010866     0.011027      2077610 
   79.200     0.607018     0.004480     0.004437      2052080 
   79.300     0.213552     0.001538     0.001567      2058153 
   79.400    -0.017692    -0.000130    -0.000132      2061669 
   79.500    -0.302193    -0.002245    -0.002252      2038711 
   79.600     0.004129     0.000031     0.000031      2031442 
   79.700    -0.264612    -0.001969    -0.001991      2040054 
   79.800     0.049075     0.000357     0.000364      2041187 
   79.900     0.850930     0.006304     0.006333      2034475 
   80.000    -0.245876    -0.001803    -0.001827      2064677 
   80.100    -0.128824    -0.000955    -0.000962      2042148 
   80.200    -0.660818    -0.004855    -0.004911      2046840 
   80.300     0.768940     0.005680     0.005681      2049007 
   80.400     0.485399     0.003646     0.003656      2044781 
   80.500    -0.170882    -0.001284    -0.001283      2040273 
   80.600    -0.624070    -0.004708    -0.004704      2031323 
   80.700    -0.151840    -0.001161    -0.001152      2010902 
   80.800     0.401961     0.003029     0.002999      2035740 
   80.900     0.033276     0.000252     0.000251      2037266 
   81.000     0.417431     0.003119     0.003107      2023393 
   81.100     0.360988     0.002679     0.002719      2011964 
   81.200    -0.240290    -0.001838    -0.001825      1989371 
   81.300    -0.487271    -0.003686    -0.003671      2001661 
   81.400     0.717077     0.005374     0.005423      1994317 
   81.500     0.346095     0.002641     0.002635      1998283 
   81.600     0.271892     0.002050     0.002061      1980389 
   81.700     0.128753     0.000983     0.000975      1971723 
   81.800    -0.647995    -0.004810    -0.004888      1967839 
   81.900    -0.108550    -0.000816    -0.000826      1978510 
   82.000    -0.177385    -0.001366    -0.001365      1972303 
   82.100     0.317884     0.002398     0.002421      1956996 
   82.200     0.639735     0.004889     0.004884      1948033 
   82.300     1.318577     0.010221     0.010146      1953494 
   82.400     0.837381     0.006514     0.006476      1967352 
   82.500     1.207781     0.009127     0.009209      1964166 
   82.600     1.691501     0.012914     0.012950      1959697 
   82.700     1.100740     0.008615     0.008523      1956310 
   82.800     0.307912     0.002372     0.002368      1941330 
   82.900     0.560031     0.004230     0.004276      1940977 
   83.000     0.238758     0.001815     0.001825      1943893 
   83.100     0.123747     0.000957     0.000952      1940845 
   83.200     0.291195     0.002243     0.002209      1949594 
   83.300     0.314091     0.002475     0.002413      1910854 
   83.400    -0.202876    -0.001570    -0.001562      1936870 
   83.500    -0.049170    -0.000379    -0.000380      1916743 
   83.600    -0.004206    -0.000033    -0.000032      1928646 
   83.700    -0.436011    -0.003399    -0.003382      1940131 
   83.800    -0.532051    -0.004166    -0.004161      1917357 
   83.900    -0.530604    -0.003996    -0.004048      1915976 
   84.000    -0.344485    -0.002604    -0.002638      1916064 
   84.100    -0.365274    -0.002801    -0.002809      1909563 
   84.200     0.066206     0.000516     0.000512      1917254 
   84.300     0.456649     0.003558     0.003506      1913734 
   84.400    -0.552907    -0.004231    -0.004233      1901915 
   84.500    -0.120595    -0.000923    -0.000924      1907382 
   84.600     0.531956     0.004158     0.004131      1899144 
   84.700     0.101842     0.000796     0.000790      1900726 
   84.800     0.029109     0.000229     0.000226      1919394 
   84.900    -0.408531    -0.003241    -0.003193      1908452 
   85.000    -0.090286    -0.000716    -0.000711      1894194 
   85.100    -0.252356    -0.001939    -0.001951      1906754 
   85.200    -1.055084    -0.008186    -0.008146      1915553 
   85.300     0.253860     0.001971     0.001966      1898064 
   85.400    -0.049198    -0.000383    -0.000384      1899190 
   85.500     0.453175     0.003499     0.003512      1897935 
   85.600     0.195350     0.001505     0.001515      1906979 
   85.700    -0.464755    -0.003625    -0.003647      1891354 
   85.800     0.617706     0.004868     0.004878      1889556 
   85.900     0.398098     0.003086     0.003105      1892854 
   86.000    -0.288189    -0.002250    -0.002273      1890274 
   86.100    -0.848895    -0.006747    -0.006697      1892707 
   86.200    -0.530445    -0.004102    -0.004129      1890215 
   86.300    -0.733783    -0.005853    -0.005828      1878526 
   86.400    -0.226806    -0.001782    -0.001767      1892827 
   86.500     0.886534     0.006979     0.006990      1890555 
   86.600     1.219158     0.009552     0.009533      1871524 
   86.700     0.540111     0.004133     0.004161      1881592 
   86.800     0.857149     0.006715     0.006645      1881078 
   86.900     1.160780     0.009121     0.009059      1875035 
   87.000     0.795517     0.006160     0.006271      1851512 
   87.100     0.967402     0.007340     0.007507      1864095 
   87.200     1.547946     0.011768     0.012087      1860668 
   87.300     0.318581     0.002459     0.002503      1855386 
   87.400     0.751930     0.005934     0.005922      1844733 
   87.500     1.031849     0.008261     0.008252      1847384 
   87.600     0.642524     0.005086     0.005087      1857087 
   87.700     0.111288     0.000900     0.000893      1844919 
   87.800     0.396532     0.003114     0.003129      1845636 
   87.900     0.535189     0.004269     0.004217      1842764 
   88.000    -0.015533    -0.000123    -0.000124      1825296 
   88.100     0.092200     0.000720     0.000729      1830711 
   88.200     0.034360     0.000270     0.000270      1823925 
   88.300    -0.055827    -0.000443    -0.000445      1819847 
   88.400     1.274721     0.009993     0.010131      1810244 
   88.500     0.342992     0.002731     0.002736      1813082 
   88.600     0.540854     0.004248     0.004252      1825845 
   88.700     0.526338     0.004178     0.004140      1809930 
   88.800    -0.079113    -0.000622    -0.000621      1817216 
   88.900     0.433658     0.003483     0.003469      1815463 
   89.000     1.076278     0.008548     0.008550      1809918 
   89.100     0.544339     0.004297     0.004344      1786007 
   89.200     0.213954     0.001687     0.001715      1802889 
   89.300    -0.149940    -0.001173    -0.001193      1791473 
   89.400    -0.248824    -0.001993    -0.001996      1808044 
   89.500     0.355916     0.002866     0.002865      1793727 
   89.600     1.415322     0.011312     0.011351      1795970 
   89.700     0.575335     0.004602     0.004621      1797689 
   89.800     0.446592     0.003590     0.003568      1791336 
   89.900     0.193102     0.001544     0.001544      1798251 
   90.000     0.638681     0.005092     0.005097      1789083 
   90.100     0.274231     0.002211     0.002209      1782604 
   90.200     0.092645     0.000738     0.000746      1768428 
   90.300     0.394884     0.003179     0.003201      1765498 
   90.400     0.216844     0.001725     0.001742      1759481 
   90.500     0.294684     0.002312     0.002351      1760562 
   90.600     1.421817     0.011391     0.011438      1755146 
   90.700     0.803718     0.006406     0.006466      1762499 
   90.800     0.661346     0.005380     0.005378      1758598 
   90.900     0.161741     0.001285     0.001308      1766856 
   91.000     0.808196     0.006414     0.006540      1757396 
   91.100     0.812264     0.006505     0.006544      1760939 
   91.200     0.295170     0.002355     0.002368      1748028 
   91.300    -0.316383    -0.002618    -0.002557      1737953 
   91.400     0.181187     0.001478     0.001477      1721849 
   91.500    -0.501704    -0.003974    -0.004023      1744128 
   91.600     0.368408     0.002994     0.003034      1726943 
   91.700     0.448145     0.003682     0.003721      1722002 
   91.800     0.240053     0.001936     0.001960      1747781 
   91.900     0.978871     0.007799     0.007938      1741187 
   92.000     0.224842     0.001825     0.001838      1725249 
   92.100     0.442863     0.003559     0.003591      1742686 
   92.200     0.174300     0.001421     0.001428      1720546 
   92.300     0.320766     0.002605     0.002611      1708714 
   92.400     0.675368     0.005507     0.005525      1709564 
   92.500     0.271148     0.002174     0.002192      1708624 
   92.600    -0.517156    -0.004144    -0.004221      1695942 
   92.700     0.248003     0.002011     0.002033      1691318 
   92.800     0.187255     0.001527     0.001540      1691222 
   92.900    -0.242433    -0.001955    -0.001979      1719197 
   93.000    -0.231441    -0.001889    -0.001903      1702127 
   93.100    -0.358967    -0.002930    -0.002941      1682686 
   93.200    -0.152098    -0.001223    -0.001249      1706804 
   93.300     0.293456     0.002386     0.002422      1696145 
   93.400     0.431668     0.003544     0.003563      1689652 
   93.500     0.590187     0.004812     0.004877      1695721 
   93.600     0.455854     0.003728     0.003760      1687909 
   93.700     0.305101     0.002539     0.002533      1674672 
   93.800     0.198269     0.001655     0.001661      1652375 
   93.900     0.214908     0.001799     0.001793      1675117 
   94.000    -0.547589    -0.004518    -0.004597      1660151 
   94.100    -0.028617    -0.000232    -0.000236      1659819 
   94.200     0.264401     0.002172     0.002202      1658980 
   94.300     0.802201     0.006375     0.006590      1670994 
   94.400     0.642181     0.005231     0.005306      1650422 
   94.500     0.040156     0.000320     0.000324      1655748 
   94.600    -0.615681    -0.004983    -0.005064      1657498 
   94.700    -0.544322    -0.004413    -0.004452      1644567 
   94.800    -0.437728    -0.003618    -0.003654      1643409 
   94.900    -1.082865    -0.009034    -0.008997      1637606 
   95.000    -0.218600    -0.001775    -0.001804      1657141 
   95.100    -0.566983    -0.004470    -0.004559      1648635 
   95.200    -0.229018    -0.001832    -0.001873      1657576 
   95.300     0.292045     0.002419     0.002455      1630555 
   95.400    -0.164592    -0.001338    -0.001373      1652943 
   95.500    -0.206288    -0.001676    -0.001708      1641277 
   95.600    -0.123308    -0.001027    -0.001031      1636359 
   95.700    -0.441365    -0.003660    -0.003685      1646255 
   95.800    -0.070439    -0.000592    -0.000595      1624692 
   95.900    -0.131823    -0.001074    -0.001085      1642922 
   96.000     0.417374     0.003429     0.003491      1640682 
   96.100    -0.393396    -0.003239    -0.003245      1655676 
   96.200    -0.770480    -0.006284    -0.006321      1637335 
   96.300    -0.472647    -0.003905    -0.003924      1644290 
   96.400     0.261684     0.002193     0.002193      1615857 
   96.500    -0.611448    -0.004986    -0.005027      1646202 
   96.600    -0.339064    -0.002823    -0.002815      1630545 
   96.700    -0.061787    -0.000513    -0.000519      1612579 
   96.800     0.746002     0.006150     0.006247      1604424 
   96.900     0.429479     0.003493     0.003534      1613761 
   97.000     0.516018     0.004366     0.004343      1604983 
   97.100    -0.147557    -0.001247    -0.001247      1613263 
   97.200    -1.139204    -0.009472    -0.009479      1609104 
   97.300    -0.705549    -0.005867    -0.005895      1610524 
   97.400    -0.171765    -0.001427    -0.001433      1605030 
   97.500     0.298860     0.002498     0.002512      1595115 
   97.600    -0.088207    -0.000749    -0.000747      1588614 
   97.700     0.049425     0.000417     0.000416      1592794 
   97.800     0.384786     0.003204     0.003216      1598039 
   97.900     0.148205     0.001244     0.001237      1586629 
   98.000     0.506032     0.004245     0.004234      1589639 
   98.100     0.076194     0.000629     0.000634      1590690 
   98.200     0.303412     0.002502     0.002513      1585592 
   98.300    -0.931143    -0.007752    -0.007748      1598881 
   98.400    -0.365611    -0.003063    -0.003081      1604135 
   98.500    -0.767780    -0.006464    -0.006521      1591591 
   98.600    -0.020061    -0.000169    -0.000172      1553930 
   98.700     0.137323     0.001167     0.001163      1569112 
   98.800    -0.824841    -0.006967    -0.006996      1567347 
   98.900    -0.280446    -0.002383    -0.002409      1548258 
   99.000    -0.018771    -0.000162    -0.000162      1550462 
   99.100     0.130058     0.001093     0.001100      1557674 
   99.200    -0.533450    -0.004538    -0.004593      1552033 
   99.300    -0.079643    -0.000669    -0.000675      1541072 
   99.400    -0.105183    -0.000899    -0.000901      1549605 
   99.500    -0.054838    -0.000466    -0.000472      1558044 
   99.600     0.244988     0.002100     0.002100      1544724 
   99.700    -1.055439    -0.008720    -0.008865      1541698 
   99.800    -1.586814    -0.013297    -0.013460      1549404 
   99.900    -0.716843    -0.006183    -0.006115      1532736 
  100.000    -0.420235    -0.003638    -0.003638      1520887 
